2025-10-02 12:19:24,980 - CIFAR-10_Training - INFO - Logger initialized. Log file: C:\Users\krish\Documents\Krishnakanth\Learnings\Learnings\MNIST_Model\Reference\ERAS7\Model_Evolution\FineTune\logs\20251002_121924_cifar10_training.log
2025-10-02 12:19:24,980 - CIFAR-10_Training - INFO - Updated Configuration (from main()):
2025-10-02 12:19:24,980 - CIFAR-10_Training - INFO -   - Epochs: 200
2025-10-02 12:19:24,980 - CIFAR-10_Training - INFO -   - Learning Rate: 0.05
2025-10-02 12:19:24,980 - CIFAR-10_Training - INFO -   - Optimizer: SGD
2025-10-02 12:19:24,980 - CIFAR-10_Training - INFO -   - Weight Decay: 0.0
2025-10-02 12:19:24,980 - CIFAR-10_Training - INFO -   - Momentum: 0.9
2025-10-02 12:19:24,980 - CIFAR-10_Training - INFO -   - Scheduler: ReduceLROnPlateau
2025-10-02 12:19:24,980 - CIFAR-10_Training - INFO -   - Mode: min
2025-10-02 12:19:24,980 - CIFAR-10_Training - INFO -   - Factor: 0.5
2025-10-02 12:19:24,980 - CIFAR-10_Training - INFO -   - Patience: 5
2025-10-02 12:19:24,980 - CIFAR-10_Training - INFO -   - Threshold: 0.0001
2025-10-02 12:19:24,980 - CIFAR-10_Training - INFO -   - Batch Size: 128
2025-10-02 12:19:24,980 - CIFAR-10_Training - INFO -   - Num Workers: 4
2025-10-02 12:19:24,980 - CIFAR-10_Training - INFO -   - Pin Memory: True
2025-10-02 12:19:24,980 - CIFAR-10_Training - INFO -   - Shuffle: True
2025-10-02 12:19:24,980 - CIFAR-10_Training - INFO -   - Dropout Rate: 0.05
2025-10-02 12:19:24,980 - CIFAR-10_Training - INFO -   - Device: CUDA
2025-10-02 12:19:24,980 - CIFAR-10_Training - INFO -   - Log Directory: C:\Users\krish\Documents\Krishnakanth\Learnings\Learnings\MNIST_Model\Reference\ERAS7\Model_Evolution\FineTune\logs
2025-10-02 12:19:24,980 - CIFAR-10_Training - INFO -   - Model Save Directory: C:\Users\krish\Documents\Krishnakanth\Learnings\Learnings\MNIST_Model\Reference\ERAS7\Model_Evolution\FineTune\models
2025-10-02 12:19:24,980 - CIFAR-10_Training - INFO -   - Save Model: True
2025-10-02 12:19:24,980 - CIFAR-10_Training - INFO -   - Log Level: DEBUG
2025-10-02 12:19:24,980 - CIFAR-10_Training - INFO - ==================================================
2025-10-02 12:19:24,980 - CIFAR-10_Training - INFO - ==================================================
2025-10-02 12:19:24,980 - CIFAR-10_Training - INFO - CIFAR-10 TRAINING EXPERIMENT STARTED
2025-10-02 12:19:24,980 - CIFAR-10_Training - INFO - ==================================================
2025-10-02 12:19:24,980 - CIFAR-10_Training - INFO - Data Config: DataConfig(data_dir='./data', batch_size=128, num_workers=4, pin_memory=True, shuffle=True, mean=(0.1307,), std=(0.3081,), cifar10_mean=(0.4914, 0.4822, 0.4465), cifar10_std=(0.247, 0.2435, 0.2616), rotation_range=(-7.0, 7.0), fill_value=1)
2025-10-02 12:19:24,980 - CIFAR-10_Training - INFO - Model Config: ModelConfig(input_channels=1, input_size=(28, 28), num_classes=10, dropout_rate=0.05)
2025-10-02 12:19:24,980 - CIFAR-10_Training - INFO - Training Config: TrainingConfig(epochs=200, learning_rate=0.05, momentum=0.9, weight_decay=0.0, scheduler_step_size=30, scheduler_gamma=0.1, seed=1, optimizer_type='SGD', adam_betas=(0.9, 0.999), adam_eps=1e-08, rmsprop_alpha=0.99, scheduler_type='ReduceLROnPlateau', cosine_t_max=20, exponential_gamma=0.95, plateau_mode='min', plateau_factor=0.5, plateau_patience=5, plateau_threshold=0.0001)
2025-10-02 12:19:24,980 - CIFAR-10_Training - INFO - ==================================================
2025-10-02 12:19:24,980 - CIFAR-10_Training - INFO - Setting up data...
2025-10-02 12:19:24,980 - CIFAR-10_Training - INFO - Using Albumentations for data augmentation
2025-10-02 12:19:24,992 - CIFAR-10_Training - INFO - Loading CIFAR-10 dataset...
2025-10-02 12:19:26,358 - CIFAR-10_Training - INFO - CIFAR-10 dataset loaded successfully!
2025-10-02 12:19:26,358 - CIFAR-10_Training - INFO - Train samples: 50000
2025-10-02 12:19:26,358 - CIFAR-10_Training - INFO - Test samples: 10000
2025-10-02 12:19:26,358 - CIFAR-10_Training - INFO - Augmentation library: Albumentations
2025-10-02 12:19:26,358 - CIFAR-10_Training - INFO - Computing CIFAR-10 data statistics...
2025-10-02 12:19:28,328 - CIFAR-10_Training - INFO - CIFAR-10 Data Statistics:
2025-10-02 12:19:28,328 - CIFAR-10_Training - INFO -   - Shape: (50000, 32, 32, 3)
2025-10-02 12:19:28,328 - CIFAR-10_Training - INFO -   - Size: 153,600,000
2025-10-02 12:19:28,328 - CIFAR-10_Training - INFO -   - Min: 0.0000
2025-10-02 12:19:28,328 - CIFAR-10_Training - INFO -   - Max: 1.0000
2025-10-02 12:19:28,328 - CIFAR-10_Training - INFO -   - Mean: 0.4734
2025-10-02 12:19:28,328 - CIFAR-10_Training - INFO -   - Std: 0.2516
2025-10-02 12:19:28,328 - CIFAR-10_Training - INFO -   - Variance: 0.0633
2025-10-02 12:19:28,328 - CIFAR-10_Training - INFO - Channel-wise Statistics:
2025-10-02 12:19:28,328 - CIFAR-10_Training - INFO -   Red Channel:
2025-10-02 12:19:28,328 - CIFAR-10_Training - INFO -     - Mean: 0.4914
2025-10-02 12:19:28,328 - CIFAR-10_Training - INFO -     - Std: 0.2470
2025-10-02 12:19:28,328 - CIFAR-10_Training - INFO -     - Min: 0.0000
2025-10-02 12:19:28,328 - CIFAR-10_Training - INFO -     - Max: 1.0000
2025-10-02 12:19:28,328 - CIFAR-10_Training - INFO -   Green Channel:
2025-10-02 12:19:28,328 - CIFAR-10_Training - INFO -     - Mean: 0.4822
2025-10-02 12:19:28,328 - CIFAR-10_Training - INFO -     - Std: 0.2435
2025-10-02 12:19:28,328 - CIFAR-10_Training - INFO -     - Min: 0.0000
2025-10-02 12:19:28,328 - CIFAR-10_Training - INFO -     - Max: 1.0000
2025-10-02 12:19:28,328 - CIFAR-10_Training - INFO -   Blue Channel:
2025-10-02 12:19:28,328 - CIFAR-10_Training - INFO -     - Mean: 0.4465
2025-10-02 12:19:28,328 - CIFAR-10_Training - INFO -     - Std: 0.2616
2025-10-02 12:19:28,328 - CIFAR-10_Training - INFO -     - Min: 0.0000
2025-10-02 12:19:28,328 - CIFAR-10_Training - INFO -     - Max: 1.0000
2025-10-02 12:19:47,791 - CIFAR-10_Training - INFO - CIFAR-10 Batch Information:
2025-10-02 12:19:47,793 - CIFAR-10_Training - INFO -   - Batch size: 128
2025-10-02 12:19:47,795 - CIFAR-10_Training - INFO -   - Image shape: torch.Size([3, 32, 32])
2025-10-02 12:19:47,798 - CIFAR-10_Training - INFO -   - Label shape: torch.Size([128])
2025-10-02 12:19:47,799 - CIFAR-10_Training - INFO -   - Data type: torch.float32
2025-10-02 12:19:47,800 - CIFAR-10_Training - INFO -   - Number of classes: 10
2025-10-02 12:19:49,270 - CIFAR-10_Training - INFO - Getting input size from CIFAR-10 data loader...
2025-10-02 12:20:09,192 - CIFAR-10_Training - INFO - CIFAR-10 input size from data loader: (3, 32, 32)
2025-10-02 12:20:10,697 - CIFAR-10_Training - INFO - Setting up model...
2025-10-02 12:20:10,838 - CIFAR-10_Training - INFO - Generating model summary...
2025-10-02 12:20:11,919 - CIFAR-10_Training - INFO - Model Architecture Summary:
2025-10-02 12:20:11,920 - CIFAR-10_Training - INFO -   - Total Parameters: 144,426
2025-10-02 12:20:11,920 - CIFAR-10_Training - INFO -   - Batch Normalization: Yes
2025-10-02 12:20:11,920 - CIFAR-10_Training - INFO -   - Dropout: No
2025-10-02 12:20:11,921 - CIFAR-10_Training - INFO -   - GAP Layers: Yes
2025-10-02 12:20:11,921 - CIFAR-10_Training - INFO -   - FC Layers: Yes
2025-10-02 12:20:11,922 - CIFAR-10_Training - INFO - ==================================================
2025-10-02 12:20:11,923 - CIFAR-10_Training - INFO - DETAILED MODEL ARCHITECTURE SUMMARY
2025-10-02 12:20:11,923 - CIFAR-10_Training - INFO - ==================================================
2025-10-02 12:20:11,923 - CIFAR-10_Training - INFO - ----------------------------------------------------------------
2025-10-02 12:20:11,924 - CIFAR-10_Training - INFO -         Layer (type)               Output Shape         Param #
2025-10-02 12:20:11,924 - CIFAR-10_Training - INFO - ================================================================
2025-10-02 12:20:11,924 - CIFAR-10_Training - INFO -             Conv2d-1           [-1, 32, 32, 32]             864
2025-10-02 12:20:11,924 - CIFAR-10_Training - INFO -        BatchNorm2d-2           [-1, 32, 32, 32]              64
2025-10-02 12:20:11,924 - CIFAR-10_Training - INFO -               ReLU-3           [-1, 32, 32, 32]               0
2025-10-02 12:20:11,925 - CIFAR-10_Training - INFO -          Dropout2d-4           [-1, 32, 32, 32]               0
2025-10-02 12:20:11,925 - CIFAR-10_Training - INFO -             Conv2d-5           [-1, 32, 32, 32]           9,216
2025-10-02 12:20:11,925 - CIFAR-10_Training - INFO -        BatchNorm2d-6           [-1, 32, 32, 32]              64
2025-10-02 12:20:11,926 - CIFAR-10_Training - INFO -               ReLU-7           [-1, 32, 32, 32]               0
2025-10-02 12:20:11,926 - CIFAR-10_Training - INFO -          Dropout2d-8           [-1, 32, 32, 32]               0
2025-10-02 12:20:11,926 - CIFAR-10_Training - INFO -             Conv2d-9           [-1, 32, 32, 32]           9,216
2025-10-02 12:20:11,927 - CIFAR-10_Training - INFO -       BatchNorm2d-10           [-1, 32, 32, 32]              64
2025-10-02 12:20:11,927 - CIFAR-10_Training - INFO -              ReLU-11           [-1, 32, 32, 32]               0
2025-10-02 12:20:11,927 - CIFAR-10_Training - INFO -         Dropout2d-12           [-1, 32, 32, 32]               0
2025-10-02 12:20:11,928 - CIFAR-10_Training - INFO -            Conv2d-13           [-1, 32, 16, 16]           9,248
2025-10-02 12:20:11,928 - CIFAR-10_Training - INFO -       BatchNorm2d-14           [-1, 32, 16, 16]              64
2025-10-02 12:20:11,929 - CIFAR-10_Training - INFO -            Conv2d-15           [-1, 32, 16, 16]           9,216
2025-10-02 12:20:11,930 - CIFAR-10_Training - INFO -       BatchNorm2d-16           [-1, 32, 16, 16]              64
2025-10-02 12:20:11,930 - CIFAR-10_Training - INFO -              ReLU-17           [-1, 32, 16, 16]               0
2025-10-02 12:20:11,930 - CIFAR-10_Training - INFO -         Dropout2d-18           [-1, 32, 16, 16]               0
2025-10-02 12:20:11,931 - CIFAR-10_Training - INFO -            Conv2d-19           [-1, 32, 16, 16]           9,216
2025-10-02 12:20:11,932 - CIFAR-10_Training - INFO -       BatchNorm2d-20           [-1, 32, 16, 16]              64
2025-10-02 12:20:11,932 - CIFAR-10_Training - INFO -              ReLU-21           [-1, 32, 16, 16]               0
2025-10-02 12:20:11,932 - CIFAR-10_Training - INFO -         Dropout2d-22           [-1, 32, 16, 16]               0
2025-10-02 12:20:11,933 - CIFAR-10_Training - INFO -            Conv2d-23           [-1, 32, 16, 16]           9,216
2025-10-02 12:20:11,933 - CIFAR-10_Training - INFO -       BatchNorm2d-24           [-1, 32, 16, 16]              64
2025-10-02 12:20:11,933 - CIFAR-10_Training - INFO -              ReLU-25           [-1, 32, 16, 16]               0
2025-10-02 12:20:11,933 - CIFAR-10_Training - INFO -         Dropout2d-26           [-1, 32, 16, 16]               0
2025-10-02 12:20:11,933 - CIFAR-10_Training - INFO -            Conv2d-27             [-1, 32, 8, 8]           9,248
2025-10-02 12:20:11,935 - CIFAR-10_Training - INFO -       BatchNorm2d-28             [-1, 32, 8, 8]              64
2025-10-02 12:20:11,935 - CIFAR-10_Training - INFO -            Conv2d-29             [-1, 32, 8, 8]             320
2025-10-02 12:20:11,935 - CIFAR-10_Training - INFO -            Conv2d-30             [-1, 32, 8, 8]           1,056
2025-10-02 12:20:11,936 - CIFAR-10_Training - INFO - depthwise_separable_conv-31             [-1, 32, 8, 8]               0
2025-10-02 12:20:11,936 - CIFAR-10_Training - INFO -       BatchNorm2d-32             [-1, 32, 8, 8]              64
2025-10-02 12:20:11,937 - CIFAR-10_Training - INFO -              ReLU-33             [-1, 32, 8, 8]               0
2025-10-02 12:20:11,937 - CIFAR-10_Training - INFO -         Dropout2d-34             [-1, 32, 8, 8]               0
2025-10-02 12:20:11,938 - CIFAR-10_Training - INFO -            Conv2d-35             [-1, 32, 8, 8]           9,216
2025-10-02 12:20:11,938 - CIFAR-10_Training - INFO -       BatchNorm2d-36             [-1, 32, 8, 8]              64
2025-10-02 12:20:11,939 - CIFAR-10_Training - INFO -              ReLU-37             [-1, 32, 8, 8]               0
2025-10-02 12:20:11,939 - CIFAR-10_Training - INFO -         Dropout2d-38             [-1, 32, 8, 8]               0
2025-10-02 12:20:11,939 - CIFAR-10_Training - INFO -            Conv2d-39             [-1, 32, 8, 8]           9,216
2025-10-02 12:20:11,940 - CIFAR-10_Training - INFO -       BatchNorm2d-40             [-1, 32, 8, 8]              64
2025-10-02 12:20:11,940 - CIFAR-10_Training - INFO -              ReLU-41             [-1, 32, 8, 8]               0
2025-10-02 12:20:11,941 - CIFAR-10_Training - INFO -         Dropout2d-42             [-1, 32, 8, 8]               0
2025-10-02 12:20:11,942 - CIFAR-10_Training - INFO -            Conv2d-43             [-1, 32, 4, 4]           9,248
2025-10-02 12:20:11,942 - CIFAR-10_Training - INFO -       BatchNorm2d-44             [-1, 32, 4, 4]              64
2025-10-02 12:20:11,943 - CIFAR-10_Training - INFO -            Conv2d-45             [-1, 32, 4, 4]             320
2025-10-02 12:20:11,944 - CIFAR-10_Training - INFO -            Conv2d-46             [-1, 64, 4, 4]           2,112
2025-10-02 12:20:11,944 - CIFAR-10_Training - INFO - depthwise_separable_conv-47             [-1, 64, 4, 4]               0
2025-10-02 12:20:11,945 - CIFAR-10_Training - INFO -       BatchNorm2d-48             [-1, 64, 4, 4]             128
2025-10-02 12:20:11,945 - CIFAR-10_Training - INFO -              ReLU-49             [-1, 64, 4, 4]               0
2025-10-02 12:20:11,946 - CIFAR-10_Training - INFO -         Dropout2d-50             [-1, 64, 4, 4]               0
2025-10-02 12:20:11,948 - CIFAR-10_Training - INFO -            Conv2d-51             [-1, 64, 4, 4]          36,864
2025-10-02 12:20:11,949 - CIFAR-10_Training - INFO -       BatchNorm2d-52             [-1, 64, 4, 4]             128
2025-10-02 12:20:11,949 - CIFAR-10_Training - INFO -              ReLU-53             [-1, 64, 4, 4]               0
2025-10-02 12:20:11,949 - CIFAR-10_Training - INFO -         Dropout2d-54             [-1, 64, 4, 4]               0
2025-10-02 12:20:11,950 - CIFAR-10_Training - INFO -         AvgPool2d-55             [-1, 64, 1, 1]               0
2025-10-02 12:20:11,950 - CIFAR-10_Training - INFO -            Linear-56                  [-1, 128]           8,320
2025-10-02 12:20:11,952 - CIFAR-10_Training - INFO -            Linear-57                   [-1, 10]           1,290
2025-10-02 12:20:11,952 - CIFAR-10_Training - INFO - ================================================================
2025-10-02 12:20:11,953 - CIFAR-10_Training - INFO - Total params: 144,426
2025-10-02 12:20:11,954 - CIFAR-10_Training - INFO - Trainable params: 144,426
2025-10-02 12:20:11,955 - CIFAR-10_Training - INFO - Non-trainable params: 0
2025-10-02 12:20:11,955 - CIFAR-10_Training - INFO - ----------------------------------------------------------------
2025-10-02 12:20:11,956 - CIFAR-10_Training - INFO - Input size (MB): 0.01
2025-10-02 12:20:11,958 - CIFAR-10_Training - INFO - Forward/backward pass size (MB): 4.21
2025-10-02 12:20:11,958 - CIFAR-10_Training - INFO - Params size (MB): 0.55
2025-10-02 12:20:11,959 - CIFAR-10_Training - INFO - Estimated Total Size (MB): 4.77
2025-10-02 12:20:11,959 - CIFAR-10_Training - INFO - ----------------------------------------------------------------
2025-10-02 12:20:11,960 - CIFAR-10_Training - INFO - ==================================================
2025-10-02 12:20:11,961 - CIFAR-10_Training - INFO - Setting up trainer...
2025-10-02 12:20:11,996 - CIFAR-10_Training - INFO - Using device: cuda
2025-10-02 12:20:12,000 - CIFAR-10_Training - INFO - Early stopping: Stop if train_acc - test_acc > 15.0% for 10 epochs
2025-10-02 12:20:12,000 - CIFAR-10_Training - INFO - Starting training process...
2025-10-02 12:20:12,002 - CIFAR-10_Training - INFO - Starting training process...
2025-10-02 12:20:12,010 - CIFAR-10_Training - INFO - Using optimizer: SGD
2025-10-02 12:20:12,017 - CIFAR-10_Training - INFO - Using scheduler: ReduceLROnPlateau
2025-10-02 12:20:12,018 - CIFAR-10_Training - INFO - Optimizer Configuration:
2025-10-02 12:20:12,019 - CIFAR-10_Training - INFO -   - Learning Rate: 0.05
2025-10-02 12:20:12,024 - CIFAR-10_Training - INFO -   - Momentum: 0.9
2025-10-02 12:20:12,025 - CIFAR-10_Training - INFO -   - Weight Decay: 0.0
2025-10-02 12:20:12,026 - CIFAR-10_Training - INFO - Scheduler Configuration:
2025-10-02 12:20:12,026 - CIFAR-10_Training - INFO -   - Mode: min
2025-10-02 12:20:12,028 - CIFAR-10_Training - INFO -   - Factor: 0.5
2025-10-02 12:20:12,028 - CIFAR-10_Training - INFO -   - Patience: 5
2025-10-02 12:20:12,029 - CIFAR-10_Training - INFO -   - Threshold: 0.0001
2025-10-02 12:20:12,029 - CIFAR-10_Training - INFO - Starting Epoch 1/200
2025-10-02 12:21:09,787 - CIFAR-10_Training - INFO - Epoch  1: Train Loss: 1.8569, Train Acc: 28.97%, Test Loss: 1.6359, Test Acc: 36.33%, Acc Diff: -7.36%, LR: 0.050000
2025-10-02 12:21:09,787 - CIFAR-10_Training - INFO - Starting Epoch 2/200
2025-10-02 12:22:05,355 - CIFAR-10_Training - INFO - Epoch  2: Train Loss: 1.6079, Train Acc: 40.37%, Test Loss: 1.3361, Test Acc: 50.24%, Acc Diff: -9.87%, LR: 0.050000
2025-10-02 12:22:05,355 - CIFAR-10_Training - INFO - Starting Epoch 3/200
2025-10-02 12:23:00,795 - CIFAR-10_Training - INFO - Epoch  3: Train Loss: 1.4709, Train Acc: 46.23%, Test Loss: 1.2286, Test Acc: 55.27%, Acc Diff: -9.04%, LR: 0.050000
2025-10-02 12:23:00,795 - CIFAR-10_Training - INFO - Starting Epoch 4/200
2025-10-02 12:23:57,391 - CIFAR-10_Training - INFO - Epoch  4: Train Loss: 1.3677, Train Acc: 50.57%, Test Loss: 1.1558, Test Acc: 58.07%, Acc Diff: -7.50%, LR: 0.050000
2025-10-02 12:23:57,391 - CIFAR-10_Training - INFO - Starting Epoch 5/200
2025-10-02 12:24:51,326 - CIFAR-10_Training - INFO - Epoch  5: Train Loss: 1.3007, Train Acc: 53.43%, Test Loss: 1.0686, Test Acc: 62.12%, Acc Diff: -8.69%, LR: 0.050000
2025-10-02 12:24:51,326 - CIFAR-10_Training - INFO - Starting Epoch 6/200
2025-10-02 12:25:32,456 - CIFAR-10_Training - INFO - Epoch  6: Train Loss: 1.2414, Train Acc: 56.03%, Test Loss: 1.0523, Test Acc: 62.12%, Acc Diff: -6.09%, LR: 0.050000
2025-10-02 12:25:32,456 - CIFAR-10_Training - INFO - Starting Epoch 7/200
2025-10-02 12:26:10,576 - CIFAR-10_Training - INFO - Epoch  7: Train Loss: 1.1933, Train Acc: 57.82%, Test Loss: 1.0336, Test Acc: 63.49%, Acc Diff: -5.67%, LR: 0.050000
2025-10-02 12:26:10,576 - CIFAR-10_Training - INFO - Starting Epoch 8/200
2025-10-02 12:27:00,177 - CIFAR-10_Training - INFO - Epoch  8: Train Loss: 1.1545, Train Acc: 59.43%, Test Loss: 0.9554, Test Acc: 65.79%, Acc Diff: -6.36%, LR: 0.050000
2025-10-02 12:27:00,179 - CIFAR-10_Training - INFO - Starting Epoch 9/200
2025-10-02 12:27:56,342 - CIFAR-10_Training - INFO - Epoch  9: Train Loss: 1.1215, Train Acc: 60.72%, Test Loss: 0.9188, Test Acc: 67.55%, Acc Diff: -6.83%, LR: 0.050000
2025-10-02 12:27:56,342 - CIFAR-10_Training - INFO - Starting Epoch 10/200
2025-10-02 12:28:52,674 - CIFAR-10_Training - INFO - Epoch 10: Train Loss: 1.0970, Train Acc: 61.36%, Test Loss: 0.8954, Test Acc: 68.32%, Acc Diff: -6.96%, LR: 0.050000
2025-10-02 12:28:52,674 - CIFAR-10_Training - INFO - Starting Epoch 11/200
2025-10-02 12:29:49,813 - CIFAR-10_Training - INFO - Epoch 11: Train Loss: 1.0791, Train Acc: 62.25%, Test Loss: 0.8921, Test Acc: 68.22%, Acc Diff: -5.97%, LR: 0.050000
2025-10-02 12:29:49,818 - CIFAR-10_Training - INFO - Starting Epoch 12/200
2025-10-02 12:30:47,148 - CIFAR-10_Training - INFO - Epoch 12: Train Loss: 1.0468, Train Acc: 63.66%, Test Loss: 0.8617, Test Acc: 69.88%, Acc Diff: -6.22%, LR: 0.050000
2025-10-02 12:30:47,148 - CIFAR-10_Training - INFO - Starting Epoch 13/200
2025-10-02 12:31:45,060 - CIFAR-10_Training - INFO - Epoch 13: Train Loss: 1.0405, Train Acc: 63.85%, Test Loss: 0.8553, Test Acc: 69.94%, Acc Diff: -6.09%, LR: 0.050000
2025-10-02 12:31:45,060 - CIFAR-10_Training - INFO - Starting Epoch 14/200
2025-10-02 12:32:28,831 - CIFAR-10_Training - INFO - Epoch 14: Train Loss: 1.0133, Train Acc: 64.71%, Test Loss: 0.8279, Test Acc: 71.02%, Acc Diff: -6.31%, LR: 0.050000
2025-10-02 12:32:28,831 - CIFAR-10_Training - INFO - Starting Epoch 15/200
2025-10-02 12:33:15,322 - CIFAR-10_Training - INFO - Epoch 15: Train Loss: 0.9982, Train Acc: 65.40%, Test Loss: 0.8020, Test Acc: 71.94%, Acc Diff: -6.54%, LR: 0.050000
2025-10-02 12:33:15,322 - CIFAR-10_Training - INFO - Starting Epoch 16/200
2025-10-02 12:34:10,099 - CIFAR-10_Training - INFO - Epoch 16: Train Loss: 0.9875, Train Acc: 65.68%, Test Loss: 0.7992, Test Acc: 72.12%, Acc Diff: -6.44%, LR: 0.050000
2025-10-02 12:34:10,100 - CIFAR-10_Training - INFO - Starting Epoch 17/200
2025-10-02 12:35:05,966 - CIFAR-10_Training - INFO - Epoch 17: Train Loss: 0.9731, Train Acc: 66.07%, Test Loss: 0.8218, Test Acc: 71.32%, Acc Diff: -5.25%, LR: 0.050000
2025-10-02 12:35:05,966 - CIFAR-10_Training - INFO - Starting Epoch 18/200
2025-10-02 12:36:01,981 - CIFAR-10_Training - INFO - Epoch 18: Train Loss: 0.9634, Train Acc: 66.65%, Test Loss: 0.7536, Test Acc: 74.17%, Acc Diff: -7.52%, LR: 0.050000
2025-10-02 12:36:01,981 - CIFAR-10_Training - INFO - Starting Epoch 19/200
2025-10-02 12:36:40,603 - CIFAR-10_Training - INFO - Epoch 19: Train Loss: 0.9504, Train Acc: 67.03%, Test Loss: 0.7749, Test Acc: 73.39%, Acc Diff: -6.36%, LR: 0.050000
2025-10-02 12:36:40,603 - CIFAR-10_Training - INFO - Starting Epoch 20/200
2025-10-02 12:37:21,640 - CIFAR-10_Training - INFO - Epoch 20: Train Loss: 0.9392, Train Acc: 67.46%, Test Loss: 0.7531, Test Acc: 73.64%, Acc Diff: -6.18%, LR: 0.050000
2025-10-02 12:37:21,640 - CIFAR-10_Training - INFO - Starting Epoch 21/200
2025-10-02 12:38:04,901 - CIFAR-10_Training - INFO - Epoch 21: Train Loss: 0.9348, Train Acc: 67.55%, Test Loss: 0.7481, Test Acc: 73.86%, Acc Diff: -6.31%, LR: 0.050000
2025-10-02 12:38:04,901 - CIFAR-10_Training - INFO - Starting Epoch 22/200
2025-10-02 12:38:44,024 - CIFAR-10_Training - INFO - Epoch 22: Train Loss: 0.9270, Train Acc: 68.07%, Test Loss: 0.7383, Test Acc: 74.70%, Acc Diff: -6.63%, LR: 0.050000
2025-10-02 12:38:44,026 - CIFAR-10_Training - INFO - Starting Epoch 23/200
2025-10-02 12:39:22,776 - CIFAR-10_Training - INFO - Epoch 23: Train Loss: 0.9138, Train Acc: 68.46%, Test Loss: 0.7404, Test Acc: 74.38%, Acc Diff: -5.92%, LR: 0.050000
2025-10-02 12:39:22,776 - CIFAR-10_Training - INFO - Starting Epoch 24/200
2025-10-02 12:40:08,889 - CIFAR-10_Training - INFO - Epoch 24: Train Loss: 0.9160, Train Acc: 68.25%, Test Loss: 0.7071, Test Acc: 75.59%, Acc Diff: -7.34%, LR: 0.050000
2025-10-02 12:40:08,889 - CIFAR-10_Training - INFO - Starting Epoch 25/200
2025-10-02 12:41:04,721 - CIFAR-10_Training - INFO - Epoch 25: Train Loss: 0.8917, Train Acc: 69.42%, Test Loss: 0.7130, Test Acc: 75.43%, Acc Diff: -6.01%, LR: 0.050000
2025-10-02 12:41:04,721 - CIFAR-10_Training - INFO - Starting Epoch 26/200
2025-10-02 12:42:02,594 - CIFAR-10_Training - INFO - Epoch 26: Train Loss: 0.8951, Train Acc: 69.30%, Test Loss: 0.7080, Test Acc: 75.69%, Acc Diff: -6.39%, LR: 0.050000
2025-10-02 12:42:02,594 - CIFAR-10_Training - INFO - Starting Epoch 27/200
2025-10-02 12:43:00,821 - CIFAR-10_Training - INFO - Epoch 27: Train Loss: 0.8834, Train Acc: 69.66%, Test Loss: 0.7137, Test Acc: 75.75%, Acc Diff: -6.09%, LR: 0.050000
2025-10-02 12:43:00,824 - CIFAR-10_Training - INFO - Starting Epoch 28/200
2025-10-02 12:43:56,138 - CIFAR-10_Training - INFO - Epoch 28: Train Loss: 0.8828, Train Acc: 69.12%, Test Loss: 0.6981, Test Acc: 75.61%, Acc Diff: -6.49%, LR: 0.050000
2025-10-02 12:43:56,138 - CIFAR-10_Training - INFO - Starting Epoch 29/200
2025-10-02 12:44:52,707 - CIFAR-10_Training - INFO - Epoch 29: Train Loss: 0.8725, Train Acc: 69.96%, Test Loss: 0.6988, Test Acc: 75.67%, Acc Diff: -5.71%, LR: 0.050000
2025-10-02 12:44:52,707 - CIFAR-10_Training - INFO - Starting Epoch 30/200
2025-10-02 12:45:48,379 - CIFAR-10_Training - INFO - Epoch 30: Train Loss: 0.8687, Train Acc: 70.06%, Test Loss: 0.6873, Test Acc: 76.40%, Acc Diff: -6.34%, LR: 0.050000
2025-10-02 12:45:48,393 - CIFAR-10_Training - INFO - Starting Epoch 31/200
2025-10-02 12:46:46,135 - CIFAR-10_Training - INFO - Epoch 31: Train Loss: 0.8627, Train Acc: 70.35%, Test Loss: 0.6754, Test Acc: 76.87%, Acc Diff: -6.52%, LR: 0.050000
2025-10-02 12:46:46,135 - CIFAR-10_Training - INFO - Starting Epoch 32/200
2025-10-02 12:47:39,235 - CIFAR-10_Training - INFO - Epoch 32: Train Loss: 0.8575, Train Acc: 70.46%, Test Loss: 0.6763, Test Acc: 76.56%, Acc Diff: -6.10%, LR: 0.050000
2025-10-02 12:47:39,235 - CIFAR-10_Training - INFO - Starting Epoch 33/200
2025-10-02 12:48:36,702 - CIFAR-10_Training - INFO - Epoch 33: Train Loss: 0.8574, Train Acc: 70.37%, Test Loss: 0.6743, Test Acc: 76.35%, Acc Diff: -5.98%, LR: 0.050000
2025-10-02 12:48:36,702 - CIFAR-10_Training - INFO - Starting Epoch 34/200
2025-10-02 12:49:36,258 - CIFAR-10_Training - INFO - Epoch 34: Train Loss: 0.8464, Train Acc: 70.88%, Test Loss: 0.6709, Test Acc: 76.85%, Acc Diff: -5.97%, LR: 0.050000
2025-10-02 12:49:36,258 - CIFAR-10_Training - INFO - Starting Epoch 35/200
2025-10-02 12:50:33,866 - CIFAR-10_Training - INFO - Epoch 35: Train Loss: 0.8405, Train Acc: 71.01%, Test Loss: 0.6735, Test Acc: 76.90%, Acc Diff: -5.89%, LR: 0.050000
2025-10-02 12:50:33,866 - CIFAR-10_Training - INFO - Starting Epoch 36/200
2025-10-02 12:51:30,956 - CIFAR-10_Training - INFO - Epoch 36: Train Loss: 0.8336, Train Acc: 71.24%, Test Loss: 0.6485, Test Acc: 77.70%, Acc Diff: -6.46%, LR: 0.050000
2025-10-02 12:51:30,956 - CIFAR-10_Training - INFO - Starting Epoch 37/200
2025-10-02 12:52:27,164 - CIFAR-10_Training - INFO - Epoch 37: Train Loss: 0.8328, Train Acc: 71.21%, Test Loss: 0.6560, Test Acc: 77.41%, Acc Diff: -6.20%, LR: 0.050000
2025-10-02 12:52:27,164 - CIFAR-10_Training - INFO - Starting Epoch 38/200
2025-10-02 12:53:22,528 - CIFAR-10_Training - INFO - Epoch 38: Train Loss: 0.8298, Train Acc: 71.36%, Test Loss: 0.6507, Test Acc: 77.44%, Acc Diff: -6.08%, LR: 0.050000
2025-10-02 12:53:22,528 - CIFAR-10_Training - INFO - Starting Epoch 39/200
2025-10-02 12:54:15,715 - CIFAR-10_Training - INFO - Epoch 39: Train Loss: 0.8320, Train Acc: 71.36%, Test Loss: 0.6513, Test Acc: 77.43%, Acc Diff: -6.07%, LR: 0.050000
2025-10-02 12:54:15,715 - CIFAR-10_Training - INFO - Starting Epoch 40/200
2025-10-02 12:55:11,043 - CIFAR-10_Training - INFO - Epoch 40: Train Loss: 0.8250, Train Acc: 71.53%, Test Loss: 0.6762, Test Acc: 76.62%, Acc Diff: -5.09%, LR: 0.050000
2025-10-02 12:55:11,043 - CIFAR-10_Training - INFO - Starting Epoch 41/200
2025-10-02 12:56:06,879 - CIFAR-10_Training - INFO - Epoch 41: Train Loss: 0.8174, Train Acc: 71.62%, Test Loss: 0.6625, Test Acc: 77.19%, Acc Diff: -5.57%, LR: 0.050000
2025-10-02 12:56:06,879 - CIFAR-10_Training - INFO - Starting Epoch 42/200
2025-10-02 12:57:03,065 - CIFAR-10_Training - INFO - Epoch 42: Train Loss: 0.8117, Train Acc: 72.23%, Test Loss: 0.6468, Test Acc: 77.62%, Acc Diff: -5.39%, LR: 0.050000
2025-10-02 12:57:03,081 - CIFAR-10_Training - INFO - Starting Epoch 43/200
2025-10-02 12:57:59,149 - CIFAR-10_Training - INFO - Epoch 43: Train Loss: 0.8138, Train Acc: 72.17%, Test Loss: 0.6424, Test Acc: 77.86%, Acc Diff: -5.69%, LR: 0.050000
2025-10-02 12:57:59,151 - CIFAR-10_Training - INFO - Starting Epoch 44/200
2025-10-02 12:58:54,285 - CIFAR-10_Training - INFO - Epoch 44: Train Loss: 0.8096, Train Acc: 71.91%, Test Loss: 0.6360, Test Acc: 78.33%, Acc Diff: -6.42%, LR: 0.050000
2025-10-02 12:58:54,285 - CIFAR-10_Training - INFO - Starting Epoch 45/200
2025-10-02 13:00:16,329 - CIFAR-10_Training - INFO - Epoch 45: Train Loss: 0.8032, Train Acc: 72.26%, Test Loss: 0.6377, Test Acc: 78.29%, Acc Diff: -6.03%, LR: 0.050000
2025-10-02 13:00:16,329 - CIFAR-10_Training - INFO - Starting Epoch 46/200
2025-10-02 13:01:17,496 - CIFAR-10_Training - INFO - Epoch 46: Train Loss: 0.8011, Train Acc: 72.45%, Test Loss: 0.6329, Test Acc: 78.32%, Acc Diff: -5.87%, LR: 0.050000
2025-10-02 13:01:17,496 - CIFAR-10_Training - INFO - Starting Epoch 47/200
2025-10-02 13:02:15,353 - CIFAR-10_Training - INFO - Epoch 47: Train Loss: 0.8056, Train Acc: 72.21%, Test Loss: 0.6191, Test Acc: 78.79%, Acc Diff: -6.58%, LR: 0.050000
2025-10-02 13:02:15,353 - CIFAR-10_Training - INFO - Starting Epoch 48/200
2025-10-02 13:03:12,390 - CIFAR-10_Training - INFO - Epoch 48: Train Loss: 0.7964, Train Acc: 72.65%, Test Loss: 0.6020, Test Acc: 79.70%, Acc Diff: -7.05%, LR: 0.050000
2025-10-02 13:03:12,390 - CIFAR-10_Training - INFO - Starting Epoch 49/200
2025-10-02 13:04:07,876 - CIFAR-10_Training - INFO - Epoch 49: Train Loss: 0.7976, Train Acc: 72.48%, Test Loss: 0.6268, Test Acc: 78.74%, Acc Diff: -6.26%, LR: 0.050000
2025-10-02 13:04:07,876 - CIFAR-10_Training - INFO - Starting Epoch 50/200
2025-10-02 13:05:04,090 - CIFAR-10_Training - INFO - Epoch 50: Train Loss: 0.7893, Train Acc: 72.89%, Test Loss: 0.6143, Test Acc: 79.04%, Acc Diff: -6.15%, LR: 0.050000
2025-10-02 13:05:04,090 - CIFAR-10_Training - INFO - Starting Epoch 51/200
2025-10-02 13:06:00,056 - CIFAR-10_Training - INFO - Epoch 51: Train Loss: 0.7832, Train Acc: 73.00%, Test Loss: 0.6260, Test Acc: 79.00%, Acc Diff: -6.00%, LR: 0.050000
2025-10-02 13:06:00,056 - CIFAR-10_Training - INFO - Starting Epoch 52/200
2025-10-02 13:06:49,848 - CIFAR-10_Training - INFO - Epoch 52: Train Loss: 0.7842, Train Acc: 72.84%, Test Loss: 0.6160, Test Acc: 78.86%, Acc Diff: -6.02%, LR: 0.050000
2025-10-02 13:06:49,848 - CIFAR-10_Training - INFO - Starting Epoch 53/200
2025-10-02 13:07:46,646 - CIFAR-10_Training - INFO - Epoch 53: Train Loss: 0.7765, Train Acc: 73.18%, Test Loss: 0.6228, Test Acc: 78.87%, Acc Diff: -5.69%, LR: 0.050000
2025-10-02 13:07:46,646 - CIFAR-10_Training - INFO - Starting Epoch 54/200
2025-10-02 13:08:41,751 - CIFAR-10_Training - INFO - Epoch 54: Train Loss: 0.7821, Train Acc: 73.11%, Test Loss: 0.6006, Test Acc: 79.87%, Acc Diff: -6.76%, LR: 0.050000
2025-10-02 13:08:41,751 - CIFAR-10_Training - INFO - Starting Epoch 55/200
2025-10-02 13:09:39,164 - CIFAR-10_Training - INFO - Epoch 55: Train Loss: 0.7714, Train Acc: 73.43%, Test Loss: 0.6080, Test Acc: 78.87%, Acc Diff: -5.44%, LR: 0.050000
2025-10-02 13:09:39,165 - CIFAR-10_Training - INFO - Starting Epoch 56/200
2025-10-02 13:10:34,161 - CIFAR-10_Training - INFO - Epoch 56: Train Loss: 0.7785, Train Acc: 73.26%, Test Loss: 0.6140, Test Acc: 78.93%, Acc Diff: -5.67%, LR: 0.050000
2025-10-02 13:10:34,163 - CIFAR-10_Training - INFO - Starting Epoch 57/200
2025-10-02 13:11:30,826 - CIFAR-10_Training - INFO - Epoch 57: Train Loss: 0.7737, Train Acc: 73.30%, Test Loss: 0.6038, Test Acc: 79.41%, Acc Diff: -6.11%, LR: 0.050000
2025-10-02 13:11:30,827 - CIFAR-10_Training - INFO - Starting Epoch 58/200
2025-10-02 13:12:26,793 - CIFAR-10_Training - INFO - Epoch 58: Train Loss: 0.7696, Train Acc: 73.49%, Test Loss: 0.5928, Test Acc: 79.71%, Acc Diff: -6.22%, LR: 0.050000
2025-10-02 13:12:26,793 - CIFAR-10_Training - INFO - Starting Epoch 59/200
2025-10-02 13:13:21,972 - CIFAR-10_Training - INFO - Epoch 59: Train Loss: 0.7658, Train Acc: 73.86%, Test Loss: 0.5887, Test Acc: 79.97%, Acc Diff: -6.11%, LR: 0.050000
2025-10-02 13:13:21,974 - CIFAR-10_Training - INFO - Starting Epoch 60/200
2025-10-02 13:14:17,402 - CIFAR-10_Training - INFO - Epoch 60: Train Loss: 0.7666, Train Acc: 73.42%, Test Loss: 0.5871, Test Acc: 79.80%, Acc Diff: -6.38%, LR: 0.050000
2025-10-02 13:14:17,402 - CIFAR-10_Training - INFO - Starting Epoch 61/200
2025-10-02 13:15:13,711 - CIFAR-10_Training - INFO - Epoch 61: Train Loss: 0.7671, Train Acc: 73.64%, Test Loss: 0.6068, Test Acc: 79.24%, Acc Diff: -5.60%, LR: 0.050000
2025-10-02 13:15:13,711 - CIFAR-10_Training - INFO - Starting Epoch 62/200
2025-10-02 13:16:10,899 - CIFAR-10_Training - INFO - Epoch 62: Train Loss: 0.7663, Train Acc: 73.75%, Test Loss: 0.6061, Test Acc: 79.30%, Acc Diff: -5.55%, LR: 0.050000
2025-10-02 13:16:10,901 - CIFAR-10_Training - INFO - Starting Epoch 63/200
2025-10-02 13:17:15,229 - CIFAR-10_Training - INFO - Epoch 63: Train Loss: 0.7561, Train Acc: 74.03%, Test Loss: 0.5888, Test Acc: 79.82%, Acc Diff: -5.79%, LR: 0.050000
2025-10-02 13:17:15,244 - CIFAR-10_Training - INFO - Starting Epoch 64/200
2025-10-02 13:18:15,189 - CIFAR-10_Training - INFO - Epoch 64: Train Loss: 0.7583, Train Acc: 73.92%, Test Loss: 0.5910, Test Acc: 79.63%, Acc Diff: -5.71%, LR: 0.050000
2025-10-02 13:18:15,190 - CIFAR-10_Training - INFO - Starting Epoch 65/200
2025-10-02 13:19:10,116 - CIFAR-10_Training - INFO - Epoch 65: Train Loss: 0.7547, Train Acc: 73.82%, Test Loss: 0.5754, Test Acc: 79.97%, Acc Diff: -6.15%, LR: 0.050000
2025-10-02 13:19:10,116 - CIFAR-10_Training - INFO - Starting Epoch 66/200
2025-10-02 13:20:04,967 - CIFAR-10_Training - INFO - Epoch 66: Train Loss: 0.7536, Train Acc: 73.95%, Test Loss: 0.5774, Test Acc: 80.34%, Acc Diff: -6.39%, LR: 0.050000
2025-10-02 13:20:04,968 - CIFAR-10_Training - INFO - Starting Epoch 67/200
2025-10-02 13:21:01,032 - CIFAR-10_Training - INFO - Epoch 67: Train Loss: 0.7528, Train Acc: 74.11%, Test Loss: 0.5821, Test Acc: 79.80%, Acc Diff: -5.69%, LR: 0.050000
2025-10-02 13:21:01,032 - CIFAR-10_Training - INFO - Starting Epoch 68/200
2025-10-02 13:21:57,621 - CIFAR-10_Training - INFO - Epoch 68: Train Loss: 0.7502, Train Acc: 74.29%, Test Loss: 0.5961, Test Acc: 79.68%, Acc Diff: -5.39%, LR: 0.050000
2025-10-02 13:21:57,621 - CIFAR-10_Training - INFO - Starting Epoch 69/200
2025-10-02 13:22:51,926 - CIFAR-10_Training - INFO - Epoch 69: Train Loss: 0.7544, Train Acc: 74.14%, Test Loss: 0.5893, Test Acc: 79.63%, Acc Diff: -5.49%, LR: 0.050000
2025-10-02 13:22:51,928 - CIFAR-10_Training - INFO - Starting Epoch 70/200
2025-10-02 13:23:46,704 - CIFAR-10_Training - INFO - Epoch 70: Train Loss: 0.7534, Train Acc: 73.91%, Test Loss: 0.5919, Test Acc: 79.58%, Acc Diff: -5.67%, LR: 0.050000
2025-10-02 13:23:46,705 - CIFAR-10_Training - INFO - Starting Epoch 71/200
2025-10-02 13:24:43,703 - CIFAR-10_Training - INFO - Epoch 71: Train Loss: 0.7409, Train Acc: 74.55%, Test Loss: 0.5913, Test Acc: 79.85%, Acc Diff: -5.30%, LR: 0.025000
2025-10-02 13:24:43,704 - CIFAR-10_Training - INFO - Starting Epoch 72/200
2025-10-02 13:25:40,197 - CIFAR-10_Training - INFO - Epoch 72: Train Loss: 0.7217, Train Acc: 75.34%, Test Loss: 0.5515, Test Acc: 81.31%, Acc Diff: -5.97%, LR: 0.025000
2025-10-02 13:25:40,197 - CIFAR-10_Training - INFO - Starting Epoch 73/200
2025-10-02 13:26:36,781 - CIFAR-10_Training - INFO - Epoch 73: Train Loss: 0.7115, Train Acc: 75.26%, Test Loss: 0.5576, Test Acc: 81.10%, Acc Diff: -5.84%, LR: 0.025000
2025-10-02 13:26:36,781 - CIFAR-10_Training - INFO - Starting Epoch 74/200
2025-10-02 13:27:17,769 - CIFAR-10_Training - INFO - Epoch 74: Train Loss: 0.7028, Train Acc: 75.82%, Test Loss: 0.5537, Test Acc: 81.10%, Acc Diff: -5.28%, LR: 0.025000
2025-10-02 13:27:17,770 - CIFAR-10_Training - INFO - Starting Epoch 75/200
2025-10-02 13:27:59,997 - CIFAR-10_Training - INFO - Epoch 75: Train Loss: 0.7070, Train Acc: 75.66%, Test Loss: 0.5500, Test Acc: 80.95%, Acc Diff: -5.29%, LR: 0.025000
2025-10-02 13:27:59,997 - CIFAR-10_Training - INFO - Starting Epoch 76/200
2025-10-02 13:28:39,395 - CIFAR-10_Training - INFO - Epoch 76: Train Loss: 0.7024, Train Acc: 75.74%, Test Loss: 0.5575, Test Acc: 80.81%, Acc Diff: -5.07%, LR: 0.025000
2025-10-02 13:28:39,395 - CIFAR-10_Training - INFO - Starting Epoch 77/200
2025-10-02 13:29:18,583 - CIFAR-10_Training - INFO - Epoch 77: Train Loss: 0.7031, Train Acc: 75.86%, Test Loss: 0.5439, Test Acc: 81.22%, Acc Diff: -5.36%, LR: 0.025000
2025-10-02 13:29:18,583 - CIFAR-10_Training - INFO - Starting Epoch 78/200
2025-10-02 13:29:59,011 - CIFAR-10_Training - INFO - Epoch 78: Train Loss: 0.7013, Train Acc: 75.90%, Test Loss: 0.5434, Test Acc: 81.24%, Acc Diff: -5.34%, LR: 0.025000
2025-10-02 13:29:59,011 - CIFAR-10_Training - INFO - Starting Epoch 79/200
2025-10-02 13:30:38,743 - CIFAR-10_Training - INFO - Epoch 79: Train Loss: 0.7016, Train Acc: 75.80%, Test Loss: 0.5511, Test Acc: 81.26%, Acc Diff: -5.46%, LR: 0.025000
2025-10-02 13:30:38,743 - CIFAR-10_Training - INFO - Starting Epoch 80/200
2025-10-02 13:31:18,399 - CIFAR-10_Training - INFO - Epoch 80: Train Loss: 0.6961, Train Acc: 76.06%, Test Loss: 0.5459, Test Acc: 81.22%, Acc Diff: -5.16%, LR: 0.025000
2025-10-02 13:31:18,399 - CIFAR-10_Training - INFO - Starting Epoch 81/200
2025-10-02 13:31:58,189 - CIFAR-10_Training - INFO - Epoch 81: Train Loss: 0.7009, Train Acc: 75.68%, Test Loss: 0.5564, Test Acc: 81.26%, Acc Diff: -5.58%, LR: 0.025000
2025-10-02 13:31:58,189 - CIFAR-10_Training - INFO - Starting Epoch 82/200
2025-10-02 13:32:37,568 - CIFAR-10_Training - INFO - Epoch 82: Train Loss: 0.6959, Train Acc: 76.06%, Test Loss: 0.5511, Test Acc: 81.20%, Acc Diff: -5.14%, LR: 0.025000
2025-10-02 13:32:37,568 - CIFAR-10_Training - INFO - Starting Epoch 83/200
2025-10-02 13:33:17,584 - CIFAR-10_Training - INFO - Epoch 83: Train Loss: 0.6987, Train Acc: 76.08%, Test Loss: 0.5410, Test Acc: 81.44%, Acc Diff: -5.36%, LR: 0.025000
2025-10-02 13:33:17,584 - CIFAR-10_Training - INFO - Starting Epoch 84/200
2025-10-02 13:33:56,918 - CIFAR-10_Training - INFO - Epoch 84: Train Loss: 0.6882, Train Acc: 76.19%, Test Loss: 0.5446, Test Acc: 81.42%, Acc Diff: -5.23%, LR: 0.025000
2025-10-02 13:33:56,918 - CIFAR-10_Training - INFO - Starting Epoch 85/200
2025-10-02 13:34:51,269 - CIFAR-10_Training - INFO - Epoch 85: Train Loss: 0.6940, Train Acc: 76.04%, Test Loss: 0.5496, Test Acc: 81.28%, Acc Diff: -5.24%, LR: 0.025000
2025-10-02 13:34:51,269 - CIFAR-10_Training - INFO - Starting Epoch 86/200
2025-10-02 13:35:46,885 - CIFAR-10_Training - INFO - Epoch 86: Train Loss: 0.6921, Train Acc: 75.91%, Test Loss: 0.5435, Test Acc: 81.16%, Acc Diff: -5.25%, LR: 0.025000
2025-10-02 13:35:46,885 - CIFAR-10_Training - INFO - Starting Epoch 87/200
2025-10-02 13:36:43,028 - CIFAR-10_Training - INFO - Epoch 87: Train Loss: 0.6908, Train Acc: 76.14%, Test Loss: 0.5401, Test Acc: 81.62%, Acc Diff: -5.48%, LR: 0.025000
2025-10-02 13:36:43,028 - CIFAR-10_Training - INFO - Starting Epoch 88/200
2025-10-02 13:37:34,965 - CIFAR-10_Training - INFO - Epoch 88: Train Loss: 0.6921, Train Acc: 75.91%, Test Loss: 0.5422, Test Acc: 81.68%, Acc Diff: -5.77%, LR: 0.025000
2025-10-02 13:37:34,965 - CIFAR-10_Training - INFO - Starting Epoch 89/200
2025-10-02 13:38:31,417 - CIFAR-10_Training - INFO - Epoch 89: Train Loss: 0.6954, Train Acc: 75.95%, Test Loss: 0.5414, Test Acc: 81.43%, Acc Diff: -5.48%, LR: 0.025000
2025-10-02 13:38:31,417 - CIFAR-10_Training - INFO - Starting Epoch 90/200
2025-10-02 13:39:27,515 - CIFAR-10_Training - INFO - Epoch 90: Train Loss: 0.6907, Train Acc: 76.26%, Test Loss: 0.5414, Test Acc: 81.61%, Acc Diff: -5.35%, LR: 0.025000
2025-10-02 13:39:27,515 - CIFAR-10_Training - INFO - Starting Epoch 91/200
2025-10-02 13:40:22,999 - CIFAR-10_Training - INFO - Epoch 91: Train Loss: 0.6873, Train Acc: 76.31%, Test Loss: 0.5443, Test Acc: 81.55%, Acc Diff: -5.24%, LR: 0.025000
2025-10-02 13:40:22,999 - CIFAR-10_Training - INFO - Starting Epoch 92/200
2025-10-02 13:41:18,803 - CIFAR-10_Training - INFO - Epoch 92: Train Loss: 0.6855, Train Acc: 76.28%, Test Loss: 0.5424, Test Acc: 81.64%, Acc Diff: -5.36%, LR: 0.025000
2025-10-02 13:41:18,803 - CIFAR-10_Training - INFO - Starting Epoch 93/200
2025-10-02 13:42:15,191 - CIFAR-10_Training - INFO - Epoch 93: Train Loss: 0.6876, Train Acc: 76.42%, Test Loss: 0.5416, Test Acc: 81.40%, Acc Diff: -4.98%, LR: 0.012500
2025-10-02 13:42:15,191 - CIFAR-10_Training - INFO - Starting Epoch 94/200
2025-10-02 13:43:09,836 - CIFAR-10_Training - INFO - Epoch 94: Train Loss: 0.6702, Train Acc: 76.90%, Test Loss: 0.5299, Test Acc: 81.81%, Acc Diff: -4.91%, LR: 0.012500
2025-10-02 13:43:09,838 - CIFAR-10_Training - INFO - Starting Epoch 95/200
2025-10-02 13:44:04,001 - CIFAR-10_Training - INFO - Epoch 95: Train Loss: 0.6699, Train Acc: 77.00%, Test Loss: 0.5303, Test Acc: 81.93%, Acc Diff: -4.93%, LR: 0.012500
2025-10-02 13:44:04,001 - CIFAR-10_Training - INFO - Starting Epoch 96/200
2025-10-02 13:44:58,390 - CIFAR-10_Training - INFO - Epoch 96: Train Loss: 0.6675, Train Acc: 76.94%, Test Loss: 0.5323, Test Acc: 81.77%, Acc Diff: -4.83%, LR: 0.012500
2025-10-02 13:44:58,406 - CIFAR-10_Training - INFO - Starting Epoch 97/200
2025-10-02 13:45:53,249 - CIFAR-10_Training - INFO - Epoch 97: Train Loss: 0.6663, Train Acc: 76.92%, Test Loss: 0.5284, Test Acc: 81.83%, Acc Diff: -4.91%, LR: 0.012500
2025-10-02 13:45:53,249 - CIFAR-10_Training - INFO - Starting Epoch 98/200
2025-10-02 13:46:49,213 - CIFAR-10_Training - INFO - Epoch 98: Train Loss: 0.6673, Train Acc: 76.91%, Test Loss: 0.5281, Test Acc: 82.02%, Acc Diff: -5.11%, LR: 0.012500
2025-10-02 13:46:49,213 - CIFAR-10_Training - INFO - Starting Epoch 99/200
2025-10-02 13:47:45,395 - CIFAR-10_Training - INFO - Epoch 99: Train Loss: 0.6706, Train Acc: 77.01%, Test Loss: 0.5289, Test Acc: 82.13%, Acc Diff: -5.12%, LR: 0.012500
2025-10-02 13:47:45,400 - CIFAR-10_Training - INFO - Starting Epoch 100/200
2025-10-02 13:48:37,642 - CIFAR-10_Training - INFO - Epoch 100: Train Loss: 0.6636, Train Acc: 77.15%, Test Loss: 0.5250, Test Acc: 81.97%, Acc Diff: -4.82%, LR: 0.012500
2025-10-02 13:48:37,642 - CIFAR-10_Training - INFO - Starting Epoch 101/200
2025-10-02 13:49:18,249 - CIFAR-10_Training - INFO - Epoch 101: Train Loss: 0.6679, Train Acc: 76.80%, Test Loss: 0.5247, Test Acc: 82.17%, Acc Diff: -5.37%, LR: 0.012500
2025-10-02 13:49:18,249 - CIFAR-10_Training - INFO - Starting Epoch 102/200
2025-10-02 13:49:58,991 - CIFAR-10_Training - INFO - Epoch 102: Train Loss: 0.6642, Train Acc: 77.04%, Test Loss: 0.5258, Test Acc: 81.89%, Acc Diff: -4.85%, LR: 0.012500
2025-10-02 13:49:58,991 - CIFAR-10_Training - INFO - Starting Epoch 103/200
2025-10-02 13:50:40,346 - CIFAR-10_Training - INFO - Epoch 103: Train Loss: 0.6620, Train Acc: 77.13%, Test Loss: 0.5245, Test Acc: 82.07%, Acc Diff: -4.94%, LR: 0.012500
2025-10-02 13:50:40,346 - CIFAR-10_Training - INFO - Starting Epoch 104/200
2025-10-02 13:51:19,948 - CIFAR-10_Training - INFO - Epoch 104: Train Loss: 0.6646, Train Acc: 77.12%, Test Loss: 0.5191, Test Acc: 82.15%, Acc Diff: -5.03%, LR: 0.012500
2025-10-02 13:51:19,948 - CIFAR-10_Training - INFO - Starting Epoch 105/200
2025-10-02 13:52:00,056 - CIFAR-10_Training - INFO - Epoch 105: Train Loss: 0.6608, Train Acc: 77.24%, Test Loss: 0.5220, Test Acc: 82.05%, Acc Diff: -4.81%, LR: 0.012500
2025-10-02 13:52:00,056 - CIFAR-10_Training - INFO - Starting Epoch 106/200
2025-10-02 13:52:42,164 - CIFAR-10_Training - INFO - Epoch 106: Train Loss: 0.6633, Train Acc: 77.11%, Test Loss: 0.5215, Test Acc: 81.90%, Acc Diff: -4.79%, LR: 0.012500
2025-10-02 13:52:42,165 - CIFAR-10_Training - INFO - Starting Epoch 107/200
2025-10-02 13:53:23,620 - CIFAR-10_Training - INFO - Epoch 107: Train Loss: 0.6622, Train Acc: 77.00%, Test Loss: 0.5256, Test Acc: 81.89%, Acc Diff: -4.89%, LR: 0.012500
2025-10-02 13:53:23,620 - CIFAR-10_Training - INFO - Starting Epoch 108/200
2025-10-02 13:54:06,401 - CIFAR-10_Training - INFO - Epoch 108: Train Loss: 0.6615, Train Acc: 77.11%, Test Loss: 0.5258, Test Acc: 81.68%, Acc Diff: -4.57%, LR: 0.012500
2025-10-02 13:54:06,401 - CIFAR-10_Training - INFO - Starting Epoch 109/200
2025-10-02 13:54:52,989 - CIFAR-10_Training - INFO - Epoch 109: Train Loss: 0.6640, Train Acc: 77.15%, Test Loss: 0.5284, Test Acc: 81.78%, Acc Diff: -4.63%, LR: 0.012500
2025-10-02 13:54:52,989 - CIFAR-10_Training - INFO - Starting Epoch 110/200
2025-10-02 13:55:43,920 - CIFAR-10_Training - INFO - Epoch 110: Train Loss: 0.6608, Train Acc: 77.30%, Test Loss: 0.5279, Test Acc: 81.86%, Acc Diff: -4.56%, LR: 0.006250
2025-10-02 13:55:43,920 - CIFAR-10_Training - INFO - Starting Epoch 111/200
2025-10-02 13:56:41,380 - CIFAR-10_Training - INFO - Epoch 111: Train Loss: 0.6559, Train Acc: 77.39%, Test Loss: 0.5153, Test Acc: 82.15%, Acc Diff: -4.76%, LR: 0.006250
2025-10-02 13:56:41,380 - CIFAR-10_Training - INFO - Starting Epoch 112/200
2025-10-02 13:57:38,883 - CIFAR-10_Training - INFO - Epoch 112: Train Loss: 0.6485, Train Acc: 77.56%, Test Loss: 0.5187, Test Acc: 81.93%, Acc Diff: -4.37%, LR: 0.006250
2025-10-02 13:57:38,898 - CIFAR-10_Training - INFO - Starting Epoch 113/200
2025-10-02 13:58:35,209 - CIFAR-10_Training - INFO - Epoch 113: Train Loss: 0.6531, Train Acc: 77.22%, Test Loss: 0.5117, Test Acc: 82.33%, Acc Diff: -5.11%, LR: 0.006250
2025-10-02 13:58:35,209 - CIFAR-10_Training - INFO - Starting Epoch 114/200
2025-10-02 13:59:32,061 - CIFAR-10_Training - INFO - Epoch 114: Train Loss: 0.6491, Train Acc: 77.46%, Test Loss: 0.5160, Test Acc: 82.21%, Acc Diff: -4.75%, LR: 0.006250
2025-10-02 13:59:32,062 - CIFAR-10_Training - INFO - Starting Epoch 115/200
2025-10-02 14:00:28,951 - CIFAR-10_Training - INFO - Epoch 115: Train Loss: 0.6536, Train Acc: 77.11%, Test Loss: 0.5198, Test Acc: 82.09%, Acc Diff: -4.98%, LR: 0.006250
2025-10-02 14:00:28,951 - CIFAR-10_Training - INFO - Starting Epoch 116/200
2025-10-02 14:01:25,860 - CIFAR-10_Training - INFO - Epoch 116: Train Loss: 0.6473, Train Acc: 77.57%, Test Loss: 0.5163, Test Acc: 82.07%, Acc Diff: -4.50%, LR: 0.006250
2025-10-02 14:01:25,860 - CIFAR-10_Training - INFO - Starting Epoch 117/200
2025-10-02 14:02:22,696 - CIFAR-10_Training - INFO - Epoch 117: Train Loss: 0.6462, Train Acc: 77.67%, Test Loss: 0.5151, Test Acc: 82.22%, Acc Diff: -4.55%, LR: 0.006250
2025-10-02 14:02:22,696 - CIFAR-10_Training - INFO - Starting Epoch 118/200
2025-10-02 14:03:18,353 - CIFAR-10_Training - INFO - Epoch 118: Train Loss: 0.6465, Train Acc: 77.55%, Test Loss: 0.5201, Test Acc: 82.02%, Acc Diff: -4.47%, LR: 0.006250
2025-10-02 14:03:18,353 - CIFAR-10_Training - INFO - Starting Epoch 119/200
2025-10-02 14:04:14,010 - CIFAR-10_Training - INFO - Epoch 119: Train Loss: 0.6425, Train Acc: 77.85%, Test Loss: 0.5161, Test Acc: 82.24%, Acc Diff: -4.39%, LR: 0.003125
2025-10-02 14:04:14,011 - CIFAR-10_Training - INFO - Starting Epoch 120/200
2025-10-02 14:05:09,307 - CIFAR-10_Training - INFO - Epoch 120: Train Loss: 0.6434, Train Acc: 77.86%, Test Loss: 0.5130, Test Acc: 82.30%, Acc Diff: -4.44%, LR: 0.003125
2025-10-02 14:05:09,308 - CIFAR-10_Training - INFO - Starting Epoch 121/200
2025-10-02 14:06:05,898 - CIFAR-10_Training - INFO - Epoch 121: Train Loss: 0.6436, Train Acc: 77.62%, Test Loss: 0.5130, Test Acc: 82.13%, Acc Diff: -4.51%, LR: 0.003125
2025-10-02 14:06:05,898 - CIFAR-10_Training - INFO - Starting Epoch 122/200
2025-10-02 14:07:02,115 - CIFAR-10_Training - INFO - Epoch 122: Train Loss: 0.6356, Train Acc: 77.83%, Test Loss: 0.5129, Test Acc: 82.26%, Acc Diff: -4.43%, LR: 0.003125
2025-10-02 14:07:02,115 - CIFAR-10_Training - INFO - Starting Epoch 123/200
2025-10-02 14:07:57,585 - CIFAR-10_Training - INFO - Epoch 123: Train Loss: 0.6408, Train Acc: 77.79%, Test Loss: 0.5164, Test Acc: 82.05%, Acc Diff: -4.26%, LR: 0.003125
2025-10-02 14:07:57,585 - CIFAR-10_Training - INFO - Starting Epoch 124/200
2025-10-02 14:08:53,022 - CIFAR-10_Training - INFO - Epoch 124: Train Loss: 0.6506, Train Acc: 77.46%, Test Loss: 0.5109, Test Acc: 82.16%, Acc Diff: -4.70%, LR: 0.003125
2025-10-02 14:08:53,038 - CIFAR-10_Training - INFO - Starting Epoch 125/200
2025-10-02 14:09:49,092 - CIFAR-10_Training - INFO - Epoch 125: Train Loss: 0.6403, Train Acc: 77.67%, Test Loss: 0.5096, Test Acc: 82.27%, Acc Diff: -4.60%, LR: 0.003125
2025-10-02 14:09:49,092 - CIFAR-10_Training - INFO - Starting Epoch 126/200
2025-10-02 14:10:44,903 - CIFAR-10_Training - INFO - Epoch 126: Train Loss: 0.6410, Train Acc: 77.81%, Test Loss: 0.5111, Test Acc: 82.33%, Acc Diff: -4.52%, LR: 0.003125
2025-10-02 14:10:44,903 - CIFAR-10_Training - INFO - Starting Epoch 127/200
2025-10-02 14:11:41,194 - CIFAR-10_Training - INFO - Epoch 127: Train Loss: 0.6406, Train Acc: 77.81%, Test Loss: 0.5121, Test Acc: 82.27%, Acc Diff: -4.46%, LR: 0.003125
2025-10-02 14:11:41,194 - CIFAR-10_Training - INFO - Starting Epoch 128/200
2025-10-02 14:12:37,676 - CIFAR-10_Training - INFO - Epoch 128: Train Loss: 0.6412, Train Acc: 77.88%, Test Loss: 0.5111, Test Acc: 82.51%, Acc Diff: -4.63%, LR: 0.003125
2025-10-02 14:12:37,676 - CIFAR-10_Training - INFO - Starting Epoch 129/200
2025-10-02 14:13:24,850 - CIFAR-10_Training - INFO - Epoch 129: Train Loss: 0.6402, Train Acc: 77.81%, Test Loss: 0.5111, Test Acc: 82.26%, Acc Diff: -4.45%, LR: 0.003125
2025-10-02 14:13:24,850 - CIFAR-10_Training - INFO - Starting Epoch 130/200
2025-10-02 14:14:03,662 - CIFAR-10_Training - INFO - Epoch 130: Train Loss: 0.6438, Train Acc: 77.82%, Test Loss: 0.5080, Test Acc: 82.40%, Acc Diff: -4.58%, LR: 0.003125
2025-10-02 14:14:03,662 - CIFAR-10_Training - INFO - Starting Epoch 131/200
2025-10-02 14:14:42,704 - CIFAR-10_Training - INFO - Epoch 131: Train Loss: 0.6395, Train Acc: 78.01%, Test Loss: 0.5116, Test Acc: 82.32%, Acc Diff: -4.31%, LR: 0.003125
2025-10-02 14:14:42,704 - CIFAR-10_Training - INFO - Starting Epoch 132/200
2025-10-02 14:15:21,241 - CIFAR-10_Training - INFO - Epoch 132: Train Loss: 0.6415, Train Acc: 77.87%, Test Loss: 0.5171, Test Acc: 82.24%, Acc Diff: -4.37%, LR: 0.003125
2025-10-02 14:15:21,241 - CIFAR-10_Training - INFO - Starting Epoch 133/200
2025-10-02 14:16:01,391 - CIFAR-10_Training - INFO - Epoch 133: Train Loss: 0.6411, Train Acc: 77.70%, Test Loss: 0.5090, Test Acc: 82.40%, Acc Diff: -4.70%, LR: 0.003125
2025-10-02 14:16:01,391 - CIFAR-10_Training - INFO - Starting Epoch 134/200
2025-10-02 14:16:40,536 - CIFAR-10_Training - INFO - Epoch 134: Train Loss: 0.6402, Train Acc: 77.83%, Test Loss: 0.5128, Test Acc: 82.11%, Acc Diff: -4.28%, LR: 0.003125
2025-10-02 14:16:40,536 - CIFAR-10_Training - INFO - Starting Epoch 135/200
2025-10-02 14:17:20,415 - CIFAR-10_Training - INFO - Epoch 135: Train Loss: 0.6386, Train Acc: 77.88%, Test Loss: 0.5071, Test Acc: 82.34%, Acc Diff: -4.46%, LR: 0.003125
2025-10-02 14:17:20,415 - CIFAR-10_Training - INFO - Starting Epoch 136/200
2025-10-02 14:18:01,240 - CIFAR-10_Training - INFO - Epoch 136: Train Loss: 0.6444, Train Acc: 77.60%, Test Loss: 0.5107, Test Acc: 82.32%, Acc Diff: -4.72%, LR: 0.003125
2025-10-02 14:18:01,240 - CIFAR-10_Training - INFO - Starting Epoch 137/200
2025-10-02 14:18:43,416 - CIFAR-10_Training - INFO - Epoch 137: Train Loss: 0.6414, Train Acc: 78.02%, Test Loss: 0.5078, Test Acc: 82.37%, Acc Diff: -4.35%, LR: 0.003125
2025-10-02 14:18:43,416 - CIFAR-10_Training - INFO - Starting Epoch 138/200
2025-10-02 14:19:24,062 - CIFAR-10_Training - INFO - Epoch 138: Train Loss: 0.6406, Train Acc: 77.58%, Test Loss: 0.5084, Test Acc: 82.24%, Acc Diff: -4.66%, LR: 0.003125
2025-10-02 14:19:24,062 - CIFAR-10_Training - INFO - Starting Epoch 139/200
2025-10-02 14:20:04,053 - CIFAR-10_Training - INFO - Epoch 139: Train Loss: 0.6405, Train Acc: 77.85%, Test Loss: 0.5110, Test Acc: 82.35%, Acc Diff: -4.50%, LR: 0.003125
2025-10-02 14:20:04,053 - CIFAR-10_Training - INFO - Starting Epoch 140/200
2025-10-02 14:20:44,498 - CIFAR-10_Training - INFO - Epoch 140: Train Loss: 0.6403, Train Acc: 77.82%, Test Loss: 0.5104, Test Acc: 82.41%, Acc Diff: -4.59%, LR: 0.003125
2025-10-02 14:20:44,498 - CIFAR-10_Training - INFO - Starting Epoch 141/200
2025-10-02 14:21:26,599 - CIFAR-10_Training - INFO - Epoch 141: Train Loss: 0.6363, Train Acc: 77.92%, Test Loss: 0.5063, Test Acc: 82.38%, Acc Diff: -4.46%, LR: 0.003125
2025-10-02 14:21:26,600 - CIFAR-10_Training - INFO - Starting Epoch 142/200
2025-10-02 14:22:07,970 - CIFAR-10_Training - INFO - Epoch 142: Train Loss: 0.6386, Train Acc: 77.93%, Test Loss: 0.5094, Test Acc: 82.34%, Acc Diff: -4.41%, LR: 0.003125
2025-10-02 14:22:07,970 - CIFAR-10_Training - INFO - Starting Epoch 143/200
2025-10-02 14:22:47,043 - CIFAR-10_Training - INFO - Epoch 143: Train Loss: 0.6350, Train Acc: 78.05%, Test Loss: 0.5071, Test Acc: 82.53%, Acc Diff: -4.48%, LR: 0.003125
2025-10-02 14:22:47,043 - CIFAR-10_Training - INFO - Starting Epoch 144/200
2025-10-02 14:23:27,367 - CIFAR-10_Training - INFO - Epoch 144: Train Loss: 0.6392, Train Acc: 77.75%, Test Loss: 0.5070, Test Acc: 82.70%, Acc Diff: -4.95%, LR: 0.003125
2025-10-02 14:23:27,367 - CIFAR-10_Training - INFO - Starting Epoch 145/200
2025-10-02 14:24:05,619 - CIFAR-10_Training - INFO - Epoch 145: Train Loss: 0.6387, Train Acc: 78.10%, Test Loss: 0.5091, Test Acc: 82.45%, Acc Diff: -4.35%, LR: 0.003125
2025-10-02 14:24:05,619 - CIFAR-10_Training - INFO - Starting Epoch 146/200
2025-10-02 14:24:44,137 - CIFAR-10_Training - INFO - Epoch 146: Train Loss: 0.6363, Train Acc: 77.98%, Test Loss: 0.5091, Test Acc: 82.38%, Acc Diff: -4.40%, LR: 0.003125
2025-10-02 14:24:44,137 - CIFAR-10_Training - INFO - Starting Epoch 147/200
2025-10-02 14:25:22,604 - CIFAR-10_Training - INFO - Epoch 147: Train Loss: 0.6366, Train Acc: 77.87%, Test Loss: 0.5110, Test Acc: 82.49%, Acc Diff: -4.62%, LR: 0.001563
2025-10-02 14:25:22,604 - CIFAR-10_Training - INFO - Starting Epoch 148/200
2025-10-02 14:26:00,588 - CIFAR-10_Training - INFO - Epoch 148: Train Loss: 0.6355, Train Acc: 78.12%, Test Loss: 0.5075, Test Acc: 82.49%, Acc Diff: -4.37%, LR: 0.001563
2025-10-02 14:26:00,588 - CIFAR-10_Training - INFO - Starting Epoch 149/200
2025-10-02 14:26:38,806 - CIFAR-10_Training - INFO - Epoch 149: Train Loss: 0.6378, Train Acc: 77.84%, Test Loss: 0.5066, Test Acc: 82.43%, Acc Diff: -4.59%, LR: 0.001563
2025-10-02 14:26:38,806 - CIFAR-10_Training - INFO - Starting Epoch 150/200
2025-10-02 14:27:17,145 - CIFAR-10_Training - INFO - Epoch 150: Train Loss: 0.6399, Train Acc: 77.70%, Test Loss: 0.5056, Test Acc: 82.74%, Acc Diff: -5.04%, LR: 0.001563
2025-10-02 14:27:17,145 - CIFAR-10_Training - INFO - Starting Epoch 151/200
2025-10-02 14:27:55,226 - CIFAR-10_Training - INFO - Epoch 151: Train Loss: 0.6374, Train Acc: 77.97%, Test Loss: 0.5096, Test Acc: 82.29%, Acc Diff: -4.32%, LR: 0.001563
2025-10-02 14:27:55,226 - CIFAR-10_Training - INFO - Starting Epoch 152/200
2025-10-02 14:28:35,244 - CIFAR-10_Training - INFO - Epoch 152: Train Loss: 0.6323, Train Acc: 78.14%, Test Loss: 0.5081, Test Acc: 82.56%, Acc Diff: -4.42%, LR: 0.001563
2025-10-02 14:28:35,244 - CIFAR-10_Training - INFO - Starting Epoch 153/200
2025-10-02 14:29:16,475 - CIFAR-10_Training - INFO - Epoch 153: Train Loss: 0.6302, Train Acc: 78.19%, Test Loss: 0.5101, Test Acc: 82.54%, Acc Diff: -4.35%, LR: 0.001563
2025-10-02 14:29:16,475 - CIFAR-10_Training - INFO - Starting Epoch 154/200
2025-10-02 14:29:57,127 - CIFAR-10_Training - INFO - Epoch 154: Train Loss: 0.6330, Train Acc: 78.14%, Test Loss: 0.5057, Test Acc: 82.66%, Acc Diff: -4.52%, LR: 0.001563
2025-10-02 14:29:57,127 - CIFAR-10_Training - INFO - Starting Epoch 155/200
2025-10-02 14:30:37,842 - CIFAR-10_Training - INFO - Epoch 155: Train Loss: 0.6302, Train Acc: 78.30%, Test Loss: 0.5105, Test Acc: 82.23%, Acc Diff: -3.93%, LR: 0.001563
2025-10-02 14:30:37,842 - CIFAR-10_Training - INFO - Starting Epoch 156/200
2025-10-02 14:31:18,881 - CIFAR-10_Training - INFO - Epoch 156: Train Loss: 0.6366, Train Acc: 77.97%, Test Loss: 0.5062, Test Acc: 82.65%, Acc Diff: -4.68%, LR: 0.000781
2025-10-02 14:31:18,881 - CIFAR-10_Training - INFO - Starting Epoch 157/200
2025-10-02 14:31:59,839 - CIFAR-10_Training - INFO - Epoch 157: Train Loss: 0.6364, Train Acc: 78.00%, Test Loss: 0.5058, Test Acc: 82.59%, Acc Diff: -4.59%, LR: 0.000781
2025-10-02 14:31:59,839 - CIFAR-10_Training - INFO - Starting Epoch 158/200
2025-10-02 14:32:40,944 - CIFAR-10_Training - INFO - Epoch 158: Train Loss: 0.6338, Train Acc: 77.97%, Test Loss: 0.5048, Test Acc: 82.57%, Acc Diff: -4.60%, LR: 0.000781
2025-10-02 14:32:40,950 - CIFAR-10_Training - INFO - Starting Epoch 159/200
2025-10-02 14:33:22,031 - CIFAR-10_Training - INFO - Epoch 159: Train Loss: 0.6332, Train Acc: 78.08%, Test Loss: 0.5065, Test Acc: 82.52%, Acc Diff: -4.44%, LR: 0.000781
2025-10-02 14:33:22,031 - CIFAR-10_Training - INFO - Starting Epoch 160/200
2025-10-02 14:34:03,495 - CIFAR-10_Training - INFO - Epoch 160: Train Loss: 0.6353, Train Acc: 77.97%, Test Loss: 0.5059, Test Acc: 82.66%, Acc Diff: -4.69%, LR: 0.000781
2025-10-02 14:34:03,495 - CIFAR-10_Training - INFO - Starting Epoch 161/200
2025-10-02 14:34:44,993 - CIFAR-10_Training - INFO - Epoch 161: Train Loss: 0.6366, Train Acc: 77.97%, Test Loss: 0.5072, Test Acc: 82.61%, Acc Diff: -4.64%, LR: 0.000781
2025-10-02 14:34:44,993 - CIFAR-10_Training - INFO - Starting Epoch 162/200
2025-10-02 14:35:23,345 - CIFAR-10_Training - INFO - Epoch 162: Train Loss: 0.6357, Train Acc: 78.00%, Test Loss: 0.5059, Test Acc: 82.56%, Acc Diff: -4.56%, LR: 0.000781
2025-10-02 14:35:23,345 - CIFAR-10_Training - INFO - Starting Epoch 163/200
2025-10-02 14:36:01,963 - CIFAR-10_Training - INFO - Epoch 163: Train Loss: 0.6323, Train Acc: 78.05%, Test Loss: 0.5071, Test Acc: 82.54%, Acc Diff: -4.49%, LR: 0.000781
2025-10-02 14:36:01,963 - CIFAR-10_Training - INFO - Starting Epoch 164/200
2025-10-02 14:36:41,060 - CIFAR-10_Training - INFO - Epoch 164: Train Loss: 0.6356, Train Acc: 78.00%, Test Loss: 0.5069, Test Acc: 82.55%, Acc Diff: -4.55%, LR: 0.000391
2025-10-02 14:36:41,060 - CIFAR-10_Training - INFO - Starting Epoch 165/200
2025-10-02 14:37:29,042 - CIFAR-10_Training - INFO - Epoch 165: Train Loss: 0.6292, Train Acc: 78.02%, Test Loss: 0.5049, Test Acc: 82.66%, Acc Diff: -4.64%, LR: 0.000391
2025-10-02 14:37:29,043 - CIFAR-10_Training - INFO - Starting Epoch 166/200
2025-10-02 14:38:19,304 - CIFAR-10_Training - INFO - Epoch 166: Train Loss: 0.6350, Train Acc: 78.12%, Test Loss: 0.5050, Test Acc: 82.42%, Acc Diff: -4.30%, LR: 0.000391
2025-10-02 14:38:19,304 - CIFAR-10_Training - INFO - Starting Epoch 167/200
2025-10-02 14:39:12,542 - CIFAR-10_Training - INFO - Epoch 167: Train Loss: 0.6363, Train Acc: 78.04%, Test Loss: 0.5056, Test Acc: 82.55%, Acc Diff: -4.51%, LR: 0.000391
2025-10-02 14:39:12,542 - CIFAR-10_Training - INFO - Starting Epoch 168/200
2025-10-02 14:40:06,615 - CIFAR-10_Training - INFO - Epoch 168: Train Loss: 0.6352, Train Acc: 78.01%, Test Loss: 0.5082, Test Acc: 82.41%, Acc Diff: -4.40%, LR: 0.000391
2025-10-02 14:40:06,615 - CIFAR-10_Training - INFO - Starting Epoch 169/200
2025-10-02 14:41:00,900 - CIFAR-10_Training - INFO - Epoch 169: Train Loss: 0.6348, Train Acc: 78.03%, Test Loss: 0.5070, Test Acc: 82.41%, Acc Diff: -4.38%, LR: 0.000391
2025-10-02 14:41:00,900 - CIFAR-10_Training - INFO - Starting Epoch 170/200
2025-10-02 14:41:55,358 - CIFAR-10_Training - INFO - Epoch 170: Train Loss: 0.6265, Train Acc: 78.40%, Test Loss: 0.5060, Test Acc: 82.54%, Acc Diff: -4.14%, LR: 0.000195
2025-10-02 14:41:55,358 - CIFAR-10_Training - INFO - Starting Epoch 171/200
2025-10-02 14:42:49,108 - CIFAR-10_Training - INFO - Epoch 171: Train Loss: 0.6309, Train Acc: 78.20%, Test Loss: 0.5081, Test Acc: 82.40%, Acc Diff: -4.20%, LR: 0.000195
2025-10-02 14:42:49,112 - CIFAR-10_Training - INFO - Starting Epoch 172/200
2025-10-02 14:43:43,253 - CIFAR-10_Training - INFO - Epoch 172: Train Loss: 0.6338, Train Acc: 78.10%, Test Loss: 0.5069, Test Acc: 82.47%, Acc Diff: -4.37%, LR: 0.000195
2025-10-02 14:43:43,253 - CIFAR-10_Training - INFO - Starting Epoch 173/200
2025-10-02 14:44:36,967 - CIFAR-10_Training - INFO - Epoch 173: Train Loss: 0.6296, Train Acc: 78.33%, Test Loss: 0.5057, Test Acc: 82.47%, Acc Diff: -4.14%, LR: 0.000195
2025-10-02 14:44:36,968 - CIFAR-10_Training - INFO - Starting Epoch 174/200
2025-10-02 14:45:30,727 - CIFAR-10_Training - INFO - Epoch 174: Train Loss: 0.6321, Train Acc: 78.17%, Test Loss: 0.5038, Test Acc: 82.60%, Acc Diff: -4.43%, LR: 0.000195
2025-10-02 14:45:30,742 - CIFAR-10_Training - INFO - Starting Epoch 175/200
2025-10-02 14:46:25,119 - CIFAR-10_Training - INFO - Epoch 175: Train Loss: 0.6353, Train Acc: 77.95%, Test Loss: 0.5053, Test Acc: 82.51%, Acc Diff: -4.56%, LR: 0.000195
2025-10-02 14:46:25,135 - CIFAR-10_Training - INFO - Starting Epoch 176/200
2025-10-02 14:47:17,786 - CIFAR-10_Training - INFO - Epoch 176: Train Loss: 0.6328, Train Acc: 77.96%, Test Loss: 0.5078, Test Acc: 82.47%, Acc Diff: -4.51%, LR: 0.000195
2025-10-02 14:47:17,786 - CIFAR-10_Training - INFO - Starting Epoch 177/200
2025-10-02 14:48:10,815 - CIFAR-10_Training - INFO - Epoch 177: Train Loss: 0.6292, Train Acc: 78.25%, Test Loss: 0.5065, Test Acc: 82.50%, Acc Diff: -4.25%, LR: 0.000195
2025-10-02 14:48:10,815 - CIFAR-10_Training - INFO - Starting Epoch 178/200
2025-10-02 14:49:03,306 - CIFAR-10_Training - INFO - Epoch 178: Train Loss: 0.6311, Train Acc: 78.13%, Test Loss: 0.5066, Test Acc: 82.49%, Acc Diff: -4.36%, LR: 0.000195
2025-10-02 14:49:03,306 - CIFAR-10_Training - INFO - Starting Epoch 179/200
2025-10-02 14:49:56,219 - CIFAR-10_Training - INFO - Epoch 179: Train Loss: 0.6290, Train Acc: 78.13%, Test Loss: 0.5050, Test Acc: 82.53%, Acc Diff: -4.40%, LR: 0.000195
2025-10-02 14:49:56,219 - CIFAR-10_Training - INFO - Starting Epoch 180/200
2025-10-02 14:50:50,200 - CIFAR-10_Training - INFO - Epoch 180: Train Loss: 0.6296, Train Acc: 78.20%, Test Loss: 0.5072, Test Acc: 82.51%, Acc Diff: -4.31%, LR: 0.000098
2025-10-02 14:50:50,200 - CIFAR-10_Training - INFO - Starting Epoch 181/200
2025-10-02 14:51:44,346 - CIFAR-10_Training - INFO - Epoch 181: Train Loss: 0.6327, Train Acc: 78.15%, Test Loss: 0.5072, Test Acc: 82.64%, Acc Diff: -4.49%, LR: 0.000098
2025-10-02 14:51:44,346 - CIFAR-10_Training - INFO - Starting Epoch 182/200
2025-10-02 14:52:38,880 - CIFAR-10_Training - INFO - Epoch 182: Train Loss: 0.6316, Train Acc: 78.19%, Test Loss: 0.5045, Test Acc: 82.67%, Acc Diff: -4.48%, LR: 0.000098
2025-10-02 14:52:38,880 - CIFAR-10_Training - INFO - Starting Epoch 183/200
2025-10-02 14:53:33,868 - CIFAR-10_Training - INFO - Epoch 183: Train Loss: 0.6361, Train Acc: 77.98%, Test Loss: 0.5048, Test Acc: 82.53%, Acc Diff: -4.55%, LR: 0.000098
2025-10-02 14:53:33,868 - CIFAR-10_Training - INFO - Starting Epoch 184/200
2025-10-02 14:54:26,803 - CIFAR-10_Training - INFO - Epoch 184: Train Loss: 0.6279, Train Acc: 78.10%, Test Loss: 0.5055, Test Acc: 82.48%, Acc Diff: -4.38%, LR: 0.000098
2025-10-02 14:54:26,803 - CIFAR-10_Training - INFO - Starting Epoch 185/200
2025-10-02 14:55:20,949 - CIFAR-10_Training - INFO - Epoch 185: Train Loss: 0.6283, Train Acc: 78.26%, Test Loss: 0.5045, Test Acc: 82.56%, Acc Diff: -4.30%, LR: 0.000098
2025-10-02 14:55:20,949 - CIFAR-10_Training - INFO - Starting Epoch 186/200
2025-10-02 14:56:14,496 - CIFAR-10_Training - INFO - Epoch 186: Train Loss: 0.6269, Train Acc: 78.35%, Test Loss: 0.5065, Test Acc: 82.59%, Acc Diff: -4.24%, LR: 0.000049
2025-10-02 14:56:14,496 - CIFAR-10_Training - INFO - Starting Epoch 187/200
2025-10-02 14:57:07,536 - CIFAR-10_Training - INFO - Epoch 187: Train Loss: 0.6297, Train Acc: 78.21%, Test Loss: 0.5066, Test Acc: 82.55%, Acc Diff: -4.34%, LR: 0.000049
2025-10-02 14:57:07,536 - CIFAR-10_Training - INFO - Starting Epoch 188/200
2025-10-02 14:58:01,121 - CIFAR-10_Training - INFO - Epoch 188: Train Loss: 0.6358, Train Acc: 78.01%, Test Loss: 0.5052, Test Acc: 82.63%, Acc Diff: -4.62%, LR: 0.000049
2025-10-02 14:58:01,122 - CIFAR-10_Training - INFO - Starting Epoch 189/200
2025-10-02 14:58:54,458 - CIFAR-10_Training - INFO - Epoch 189: Train Loss: 0.6294, Train Acc: 78.16%, Test Loss: 0.5053, Test Acc: 82.62%, Acc Diff: -4.46%, LR: 0.000049
2025-10-02 14:58:54,458 - CIFAR-10_Training - INFO - Starting Epoch 190/200
2025-10-02 14:59:47,827 - CIFAR-10_Training - INFO - Epoch 190: Train Loss: 0.6343, Train Acc: 77.93%, Test Loss: 0.5045, Test Acc: 82.53%, Acc Diff: -4.60%, LR: 0.000049
2025-10-02 14:59:47,827 - CIFAR-10_Training - INFO - Starting Epoch 191/200
2025-10-02 15:00:43,496 - CIFAR-10_Training - INFO - Epoch 191: Train Loss: 0.6312, Train Acc: 78.03%, Test Loss: 0.5046, Test Acc: 82.53%, Acc Diff: -4.50%, LR: 0.000049
2025-10-02 15:00:43,496 - CIFAR-10_Training - INFO - Starting Epoch 192/200
2025-10-02 15:01:37,339 - CIFAR-10_Training - INFO - Epoch 192: Train Loss: 0.6324, Train Acc: 78.16%, Test Loss: 0.5086, Test Acc: 82.60%, Acc Diff: -4.44%, LR: 0.000024
2025-10-02 15:01:37,355 - CIFAR-10_Training - INFO - Starting Epoch 193/200
2025-10-02 15:02:30,997 - CIFAR-10_Training - INFO - Epoch 193: Train Loss: 0.6305, Train Acc: 78.00%, Test Loss: 0.5059, Test Acc: 82.57%, Acc Diff: -4.57%, LR: 0.000024
2025-10-02 15:02:30,997 - CIFAR-10_Training - INFO - Starting Epoch 194/200
2025-10-02 15:03:24,856 - CIFAR-10_Training - INFO - Epoch 194: Train Loss: 0.6303, Train Acc: 78.23%, Test Loss: 0.5065, Test Acc: 82.62%, Acc Diff: -4.39%, LR: 0.000024
2025-10-02 15:03:24,856 - CIFAR-10_Training - INFO - Starting Epoch 195/200
2025-10-02 15:04:18,339 - CIFAR-10_Training - INFO - Epoch 195: Train Loss: 0.6362, Train Acc: 77.92%, Test Loss: 0.5068, Test Acc: 82.46%, Acc Diff: -4.54%, LR: 0.000024
2025-10-02 15:04:18,339 - CIFAR-10_Training - INFO - Starting Epoch 196/200
2025-10-02 15:05:11,664 - CIFAR-10_Training - INFO - Epoch 196: Train Loss: 0.6307, Train Acc: 78.22%, Test Loss: 0.5076, Test Acc: 82.41%, Acc Diff: -4.19%, LR: 0.000024
2025-10-02 15:05:11,665 - CIFAR-10_Training - INFO - Starting Epoch 197/200
2025-10-02 15:06:03,839 - CIFAR-10_Training - INFO - Epoch 197: Train Loss: 0.6311, Train Acc: 78.07%, Test Loss: 0.5068, Test Acc: 82.51%, Acc Diff: -4.44%, LR: 0.000024
2025-10-02 15:06:03,839 - CIFAR-10_Training - INFO - Starting Epoch 198/200
2025-10-02 15:06:57,174 - CIFAR-10_Training - INFO - Epoch 198: Train Loss: 0.6323, Train Acc: 78.16%, Test Loss: 0.5060, Test Acc: 82.43%, Acc Diff: -4.27%, LR: 0.000012
2025-10-02 15:06:57,174 - CIFAR-10_Training - INFO - Starting Epoch 199/200
2025-10-02 15:07:51,243 - CIFAR-10_Training - INFO - Epoch 199: Train Loss: 0.6283, Train Acc: 78.38%, Test Loss: 0.5085, Test Acc: 82.52%, Acc Diff: -4.14%, LR: 0.000012
2025-10-02 15:07:51,244 - CIFAR-10_Training - INFO - Starting Epoch 200/200
2025-10-02 15:08:44,673 - CIFAR-10_Training - INFO - Epoch 200: Train Loss: 0.6324, Train Acc: 78.00%, Test Loss: 0.5040, Test Acc: 82.57%, Acc Diff: -4.57%, LR: 0.000012
2025-10-02 15:08:44,689 - CIFAR-10_Training - INFO - Training completed!
2025-10-02 15:08:44,689 - CIFAR-10_Training - INFO - Final Results: {'final_train_loss': 0.632432305751859, 'final_test_loss': 0.5039973167419434, 'final_train_accuracy': 77.996, 'final_test_accuracy': 82.57, 'best_test_accuracy': 82.74, 'final_accuracy_difference': -4.573999999999998, 'max_accuracy_difference': -3.932000000000002, 'avg_accuracy_difference': -5.24774, 'overfitting_epochs': 0, 'stopped_due_to_overfitting': False}
2025-10-02 15:08:44,689 - CIFAR-10_Training - INFO - ==================================================
2025-10-02 15:08:44,689 - CIFAR-10_Training - INFO - OVERFITTING ANALYSIS
2025-10-02 15:08:44,689 - CIFAR-10_Training - INFO - ==================================================
2025-10-02 15:08:44,689 - CIFAR-10_Training - INFO - Final accuracy difference: -4.57%
2025-10-02 15:08:44,689 - CIFAR-10_Training - INFO - Maximum accuracy difference: -3.93%
2025-10-02 15:08:44,689 - CIFAR-10_Training - INFO - Average accuracy difference: -5.25%
2025-10-02 15:08:44,689 - CIFAR-10_Training - INFO - Consecutive overfitting epochs: 0
2025-10-02 15:08:44,689 - CIFAR-10_Training - INFO - Stopped due to overfitting: False
2025-10-02 15:08:44,689 - CIFAR-10_Training - INFO - ==================================================
2025-10-02 15:08:48,924 - CIFAR-10_Training - INFO - Training curves saved to: C:\Users\krish\Documents\Krishnakanth\Learnings\Learnings\MNIST_Model\Reference\ERAS7\Model_Evolution\FineTune\logs\training_curves_20251002_150844.png
2025-10-02 15:08:58,315 - CIFAR-10_Training - INFO - Model saved to: C:\Users\krish\Documents\Krishnakanth\Learnings\Learnings\MNIST_Model\Reference\ERAS7\Model_Evolution\FineTune\models\cifar10_model_20251002_150858.pth
2025-10-02 15:08:58,315 - CIFAR-10_Training - INFO - ==================================================
2025-10-02 15:08:58,316 - CIFAR-10_Training - INFO - TRAINING PIPELINE COMPLETED SUCCESSFULLY
2025-10-02 15:08:58,316 - CIFAR-10_Training - INFO - ==================================================
2025-10-02 15:08:58,316 - CIFAR-10_Training - INFO - Final Metrics: {'final_train_loss': 0.632432305751859, 'final_test_loss': 0.5039973167419434, 'final_train_accuracy': 77.996, 'final_test_accuracy': 82.57, 'best_test_accuracy': 82.74, 'final_accuracy_difference': -4.573999999999998, 'max_accuracy_difference': -3.932000000000002, 'avg_accuracy_difference': -5.24774, 'overfitting_epochs': 0, 'stopped_due_to_overfitting': False}
