2025-10-01 20:33:46,604 - CIFAR-10_Training - INFO - Logger initialized. Log file: C:\Users\krish\Documents\Krishnakanth\Learnings\Learnings\MNIST_Model\Reference\ERAS7\Model_Evolution\FineTune\logs\20251001_203346_cifar10_training.log
2025-10-01 20:33:46,604 - CIFAR-10_Training - INFO - Updated Configuration (from main()):
2025-10-01 20:33:46,604 - CIFAR-10_Training - INFO -   - Epochs: 100
2025-10-01 20:33:46,604 - CIFAR-10_Training - INFO -   - Learning Rate: 0.05
2025-10-01 20:33:46,604 - CIFAR-10_Training - INFO -   - Optimizer: SGD
2025-10-01 20:33:46,604 - CIFAR-10_Training - INFO -   - Weight Decay: 0.0
2025-10-01 20:33:46,604 - CIFAR-10_Training - INFO -   - Momentum: 0.9
2025-10-01 20:33:46,604 - CIFAR-10_Training - INFO -   - Scheduler: ReduceLROnPlateau
2025-10-01 20:33:46,604 - CIFAR-10_Training - INFO -   - Mode: min
2025-10-01 20:33:46,604 - CIFAR-10_Training - INFO -   - Factor: 0.5
2025-10-01 20:33:46,604 - CIFAR-10_Training - INFO -   - Patience: 5
2025-10-01 20:33:46,604 - CIFAR-10_Training - INFO -   - Threshold: 0.0001
2025-10-01 20:33:46,604 - CIFAR-10_Training - INFO -   - Batch Size: 128
2025-10-01 20:33:46,604 - CIFAR-10_Training - INFO -   - Num Workers: 4
2025-10-01 20:33:46,604 - CIFAR-10_Training - INFO -   - Pin Memory: True
2025-10-01 20:33:46,604 - CIFAR-10_Training - INFO -   - Shuffle: True
2025-10-01 20:33:46,604 - CIFAR-10_Training - INFO -   - Dropout Rate: 0.05
2025-10-01 20:33:46,604 - CIFAR-10_Training - INFO -   - Device: CUDA
2025-10-01 20:33:46,604 - CIFAR-10_Training - INFO -   - Log Directory: C:\Users\krish\Documents\Krishnakanth\Learnings\Learnings\MNIST_Model\Reference\ERAS7\Model_Evolution\FineTune\logs
2025-10-01 20:33:46,613 - CIFAR-10_Training - INFO -   - Model Save Directory: C:\Users\krish\Documents\Krishnakanth\Learnings\Learnings\MNIST_Model\Reference\ERAS7\Model_Evolution\FineTune\models
2025-10-01 20:33:46,613 - CIFAR-10_Training - INFO -   - Save Model: True
2025-10-01 20:33:46,613 - CIFAR-10_Training - INFO -   - Log Level: DEBUG
2025-10-01 20:33:46,613 - CIFAR-10_Training - INFO - ==================================================
2025-10-01 20:33:46,613 - CIFAR-10_Training - INFO - ==================================================
2025-10-01 20:33:46,613 - CIFAR-10_Training - INFO - CIFAR-10 TRAINING EXPERIMENT STARTED
2025-10-01 20:33:46,613 - CIFAR-10_Training - INFO - ==================================================
2025-10-01 20:33:46,613 - CIFAR-10_Training - INFO - Data Config: DataConfig(data_dir='./data', batch_size=128, num_workers=4, pin_memory=True, shuffle=True, mean=(0.1307,), std=(0.3081,), cifar10_mean=(0.4914, 0.4822, 0.4465), cifar10_std=(0.247, 0.2435, 0.2616), rotation_range=(-7.0, 7.0), fill_value=1)
2025-10-01 20:33:46,613 - CIFAR-10_Training - INFO - Model Config: ModelConfig(input_channels=1, input_size=(28, 28), num_classes=10, dropout_rate=0.05)
2025-10-01 20:33:46,613 - CIFAR-10_Training - INFO - Training Config: TrainingConfig(epochs=100, learning_rate=0.05, momentum=0.9, weight_decay=0.0, scheduler_step_size=30, scheduler_gamma=0.1, seed=1, optimizer_type='SGD', adam_betas=(0.9, 0.999), adam_eps=1e-08, rmsprop_alpha=0.99, scheduler_type='ReduceLROnPlateau', cosine_t_max=20, exponential_gamma=0.95, plateau_mode='min', plateau_factor=0.5, plateau_patience=5, plateau_threshold=0.0001)
2025-10-01 20:33:46,613 - CIFAR-10_Training - INFO - ==================================================
2025-10-01 20:33:46,613 - CIFAR-10_Training - INFO - Setting up data...
2025-10-01 20:33:46,613 - CIFAR-10_Training - INFO - Using Albumentations for data augmentation
2025-10-01 20:33:46,616 - CIFAR-10_Training - INFO - Loading CIFAR-10 dataset...
2025-10-01 20:33:47,936 - CIFAR-10_Training - INFO - CIFAR-10 dataset loaded successfully!
2025-10-01 20:33:47,936 - CIFAR-10_Training - INFO - Train samples: 50000
2025-10-01 20:33:47,936 - CIFAR-10_Training - INFO - Test samples: 10000
2025-10-01 20:33:47,936 - CIFAR-10_Training - INFO - Augmentation library: Albumentations
2025-10-01 20:33:47,936 - CIFAR-10_Training - INFO - Computing CIFAR-10 data statistics...
2025-10-01 20:33:49,872 - CIFAR-10_Training - INFO - CIFAR-10 Data Statistics:
2025-10-01 20:33:49,874 - CIFAR-10_Training - INFO -   - Shape: (50000, 32, 32, 3)
2025-10-01 20:33:49,874 - CIFAR-10_Training - INFO -   - Size: 153,600,000
2025-10-01 20:33:49,874 - CIFAR-10_Training - INFO -   - Min: 0.0000
2025-10-01 20:33:49,874 - CIFAR-10_Training - INFO -   - Max: 1.0000
2025-10-01 20:33:49,874 - CIFAR-10_Training - INFO -   - Mean: 0.4734
2025-10-01 20:33:49,874 - CIFAR-10_Training - INFO -   - Std: 0.2516
2025-10-01 20:33:49,874 - CIFAR-10_Training - INFO -   - Variance: 0.0633
2025-10-01 20:33:49,874 - CIFAR-10_Training - INFO - Channel-wise Statistics:
2025-10-01 20:33:49,874 - CIFAR-10_Training - INFO -   Red Channel:
2025-10-01 20:33:49,874 - CIFAR-10_Training - INFO -     - Mean: 0.4914
2025-10-01 20:33:49,874 - CIFAR-10_Training - INFO -     - Std: 0.2470
2025-10-01 20:33:49,874 - CIFAR-10_Training - INFO -     - Min: 0.0000
2025-10-01 20:33:49,874 - CIFAR-10_Training - INFO -     - Max: 1.0000
2025-10-01 20:33:49,874 - CIFAR-10_Training - INFO -   Green Channel:
2025-10-01 20:33:49,874 - CIFAR-10_Training - INFO -     - Mean: 0.4822
2025-10-01 20:33:49,876 - CIFAR-10_Training - INFO -     - Std: 0.2435
2025-10-01 20:33:49,876 - CIFAR-10_Training - INFO -     - Min: 0.0000
2025-10-01 20:33:49,876 - CIFAR-10_Training - INFO -     - Max: 1.0000
2025-10-01 20:33:49,876 - CIFAR-10_Training - INFO -   Blue Channel:
2025-10-01 20:33:49,876 - CIFAR-10_Training - INFO -     - Mean: 0.4465
2025-10-01 20:33:49,876 - CIFAR-10_Training - INFO -     - Std: 0.2616
2025-10-01 20:33:49,876 - CIFAR-10_Training - INFO -     - Min: 0.0000
2025-10-01 20:33:49,876 - CIFAR-10_Training - INFO -     - Max: 1.0000
2025-10-01 20:34:04,744 - CIFAR-10_Training - INFO - CIFAR-10 Batch Information:
2025-10-01 20:34:04,744 - CIFAR-10_Training - INFO -   - Batch size: 128
2025-10-01 20:34:04,744 - CIFAR-10_Training - INFO -   - Image shape: torch.Size([3, 32, 32])
2025-10-01 20:34:04,750 - CIFAR-10_Training - INFO -   - Label shape: torch.Size([128])
2025-10-01 20:34:04,750 - CIFAR-10_Training - INFO -   - Data type: torch.float32
2025-10-01 20:34:04,750 - CIFAR-10_Training - INFO -   - Number of classes: 10
2025-10-01 20:34:05,823 - CIFAR-10_Training - INFO - Getting input size from CIFAR-10 data loader...
2025-10-01 20:34:18,062 - CIFAR-10_Training - INFO - CIFAR-10 input size from data loader: (3, 32, 32)
2025-10-01 20:34:18,946 - CIFAR-10_Training - INFO - Setting up model...
2025-10-01 20:34:18,946 - CIFAR-10_Training - INFO - Generating model summary...
2025-10-01 20:34:19,249 - CIFAR-10_Training - INFO - Model Architecture Summary:
2025-10-01 20:34:19,249 - CIFAR-10_Training - INFO -   - Total Parameters: 179,318
2025-10-01 20:34:19,249 - CIFAR-10_Training - INFO -   - Batch Normalization: Yes
2025-10-01 20:34:19,249 - CIFAR-10_Training - INFO -   - Dropout: No
2025-10-01 20:34:19,249 - CIFAR-10_Training - INFO -   - GAP Layers: Yes
2025-10-01 20:34:19,249 - CIFAR-10_Training - INFO -   - FC Layers: Yes
2025-10-01 20:34:19,249 - CIFAR-10_Training - INFO - ==================================================
2025-10-01 20:34:19,249 - CIFAR-10_Training - INFO - DETAILED MODEL ARCHITECTURE SUMMARY
2025-10-01 20:34:19,249 - CIFAR-10_Training - INFO - ==================================================
2025-10-01 20:34:19,249 - CIFAR-10_Training - INFO - ----------------------------------------------------------------
2025-10-01 20:34:19,249 - CIFAR-10_Training - INFO -         Layer (type)               Output Shape         Param #
2025-10-01 20:34:19,249 - CIFAR-10_Training - INFO - ================================================================
2025-10-01 20:34:19,249 - CIFAR-10_Training - INFO -             Conv2d-1           [-1, 32, 32, 32]             864
2025-10-01 20:34:19,249 - CIFAR-10_Training - INFO -        BatchNorm2d-2           [-1, 32, 32, 32]              64
2025-10-01 20:34:19,249 - CIFAR-10_Training - INFO -               ReLU-3           [-1, 32, 32, 32]               0
2025-10-01 20:34:19,249 - CIFAR-10_Training - INFO -          Dropout2d-4           [-1, 32, 32, 32]               0
2025-10-01 20:34:19,249 - CIFAR-10_Training - INFO -             Conv2d-5           [-1, 32, 32, 32]           9,216
2025-10-01 20:34:19,249 - CIFAR-10_Training - INFO -        BatchNorm2d-6           [-1, 32, 32, 32]              64
2025-10-01 20:34:19,249 - CIFAR-10_Training - INFO -               ReLU-7           [-1, 32, 32, 32]               0
2025-10-01 20:34:19,249 - CIFAR-10_Training - INFO -          Dropout2d-8           [-1, 32, 32, 32]               0
2025-10-01 20:34:19,249 - CIFAR-10_Training - INFO -             Conv2d-9           [-1, 32, 32, 32]           9,216
2025-10-01 20:34:19,249 - CIFAR-10_Training - INFO -       BatchNorm2d-10           [-1, 32, 32, 32]              64
2025-10-01 20:34:19,249 - CIFAR-10_Training - INFO -              ReLU-11           [-1, 32, 32, 32]               0
2025-10-01 20:34:19,249 - CIFAR-10_Training - INFO -         Dropout2d-12           [-1, 32, 32, 32]               0
2025-10-01 20:34:19,249 - CIFAR-10_Training - INFO -            Conv2d-13           [-1, 32, 32, 32]           9,216
2025-10-01 20:34:19,249 - CIFAR-10_Training - INFO -       BatchNorm2d-14           [-1, 32, 32, 32]              64
2025-10-01 20:34:19,249 - CIFAR-10_Training - INFO -              ReLU-15           [-1, 32, 32, 32]               0
2025-10-01 20:34:19,249 - CIFAR-10_Training - INFO -         Dropout2d-16           [-1, 32, 32, 32]               0
2025-10-01 20:34:19,249 - CIFAR-10_Training - INFO -            Conv2d-17           [-1, 32, 16, 16]           9,248
2025-10-01 20:34:19,249 - CIFAR-10_Training - INFO -       BatchNorm2d-18           [-1, 32, 16, 16]              64
2025-10-01 20:34:19,249 - CIFAR-10_Training - INFO -            Conv2d-19           [-1, 32, 16, 16]           9,216
2025-10-01 20:34:19,249 - CIFAR-10_Training - INFO -       BatchNorm2d-20           [-1, 32, 16, 16]              64
2025-10-01 20:34:19,249 - CIFAR-10_Training - INFO -              ReLU-21           [-1, 32, 16, 16]               0
2025-10-01 20:34:19,249 - CIFAR-10_Training - INFO -         Dropout2d-22           [-1, 32, 16, 16]               0
2025-10-01 20:34:19,249 - CIFAR-10_Training - INFO -            Conv2d-23           [-1, 32, 16, 16]           9,216
2025-10-01 20:34:19,249 - CIFAR-10_Training - INFO -       BatchNorm2d-24           [-1, 32, 16, 16]              64
2025-10-01 20:34:19,249 - CIFAR-10_Training - INFO -              ReLU-25           [-1, 32, 16, 16]               0
2025-10-01 20:34:19,249 - CIFAR-10_Training - INFO -         Dropout2d-26           [-1, 32, 16, 16]               0
2025-10-01 20:34:19,249 - CIFAR-10_Training - INFO -            Conv2d-27           [-1, 32, 16, 16]           9,216
2025-10-01 20:34:19,249 - CIFAR-10_Training - INFO -       BatchNorm2d-28           [-1, 32, 16, 16]              64
2025-10-01 20:34:19,249 - CIFAR-10_Training - INFO -              ReLU-29           [-1, 32, 16, 16]               0
2025-10-01 20:34:19,249 - CIFAR-10_Training - INFO -         Dropout2d-30           [-1, 32, 16, 16]               0
2025-10-01 20:34:19,249 - CIFAR-10_Training - INFO -            Conv2d-31             [-1, 32, 8, 8]           9,248
2025-10-01 20:34:19,249 - CIFAR-10_Training - INFO -       BatchNorm2d-32             [-1, 32, 8, 8]              64
2025-10-01 20:34:19,249 - CIFAR-10_Training - INFO -            Conv2d-33             [-1, 32, 8, 8]             320
2025-10-01 20:34:19,249 - CIFAR-10_Training - INFO -            Conv2d-34             [-1, 32, 8, 8]           1,056
2025-10-01 20:34:19,249 - CIFAR-10_Training - INFO - depthwise_separable_conv-35             [-1, 32, 8, 8]               0
2025-10-01 20:34:19,249 - CIFAR-10_Training - INFO -       BatchNorm2d-36             [-1, 32, 8, 8]              64
2025-10-01 20:34:19,249 - CIFAR-10_Training - INFO -              ReLU-37             [-1, 32, 8, 8]               0
2025-10-01 20:34:19,249 - CIFAR-10_Training - INFO -         Dropout2d-38             [-1, 32, 8, 8]               0
2025-10-01 20:34:19,249 - CIFAR-10_Training - INFO -            Conv2d-39             [-1, 32, 8, 8]           9,216
2025-10-01 20:34:19,249 - CIFAR-10_Training - INFO -       BatchNorm2d-40             [-1, 32, 8, 8]              64
2025-10-01 20:34:19,249 - CIFAR-10_Training - INFO -              ReLU-41             [-1, 32, 8, 8]               0
2025-10-01 20:34:19,249 - CIFAR-10_Training - INFO -         Dropout2d-42             [-1, 32, 8, 8]               0
2025-10-01 20:34:19,249 - CIFAR-10_Training - INFO -            Conv2d-43             [-1, 32, 4, 4]           9,248
2025-10-01 20:34:19,249 - CIFAR-10_Training - INFO -       BatchNorm2d-44             [-1, 32, 4, 4]              64
2025-10-01 20:34:19,265 - CIFAR-10_Training - INFO -            Conv2d-45             [-1, 32, 4, 4]             320
2025-10-01 20:34:19,265 - CIFAR-10_Training - INFO -            Conv2d-46             [-1, 64, 4, 4]           2,112
2025-10-01 20:34:19,265 - CIFAR-10_Training - INFO - depthwise_separable_conv-47             [-1, 64, 4, 4]               0
2025-10-01 20:34:19,265 - CIFAR-10_Training - INFO -       BatchNorm2d-48             [-1, 64, 4, 4]             128
2025-10-01 20:34:19,265 - CIFAR-10_Training - INFO -              ReLU-49             [-1, 64, 4, 4]               0
2025-10-01 20:34:19,265 - CIFAR-10_Training - INFO -         Dropout2d-50             [-1, 64, 4, 4]               0
2025-10-01 20:34:19,265 - CIFAR-10_Training - INFO -            Conv2d-51             [-1, 64, 4, 4]          36,864
2025-10-01 20:34:19,265 - CIFAR-10_Training - INFO -       BatchNorm2d-52             [-1, 64, 4, 4]             128
2025-10-01 20:34:19,265 - CIFAR-10_Training - INFO -              ReLU-53             [-1, 64, 4, 4]               0
2025-10-01 20:34:19,265 - CIFAR-10_Training - INFO -         Dropout2d-54             [-1, 64, 4, 4]               0
2025-10-01 20:34:19,265 - CIFAR-10_Training - INFO -            Conv2d-55             [-1, 64, 4, 4]          36,864
2025-10-01 20:34:19,265 - CIFAR-10_Training - INFO -       BatchNorm2d-56             [-1, 64, 4, 4]             128
2025-10-01 20:34:19,265 - CIFAR-10_Training - INFO -              ReLU-57             [-1, 64, 4, 4]               0
2025-10-01 20:34:19,265 - CIFAR-10_Training - INFO -         Dropout2d-58             [-1, 64, 4, 4]               0
2025-10-01 20:34:19,265 - CIFAR-10_Training - INFO -         AvgPool2d-59             [-1, 64, 1, 1]               0
2025-10-01 20:34:19,265 - CIFAR-10_Training - INFO -            Linear-60                  [-1, 100]           6,500
2025-10-01 20:34:19,265 - CIFAR-10_Training - INFO -            Linear-61                   [-1, 10]           1,010
2025-10-01 20:34:19,267 - CIFAR-10_Training - INFO - ================================================================
2025-10-01 20:34:19,267 - CIFAR-10_Training - INFO - Total params: 179,318
2025-10-01 20:34:19,267 - CIFAR-10_Training - INFO - Trainable params: 179,318
2025-10-01 20:34:19,267 - CIFAR-10_Training - INFO - Non-trainable params: 0
2025-10-01 20:34:19,267 - CIFAR-10_Training - INFO - ----------------------------------------------------------------
2025-10-01 20:34:19,267 - CIFAR-10_Training - INFO - Input size (MB): 0.01
2025-10-01 20:34:19,267 - CIFAR-10_Training - INFO - Forward/backward pass size (MB): 5.18
2025-10-01 20:34:19,267 - CIFAR-10_Training - INFO - Params size (MB): 0.68
2025-10-01 20:34:19,267 - CIFAR-10_Training - INFO - Estimated Total Size (MB): 5.87
2025-10-01 20:34:19,267 - CIFAR-10_Training - INFO - ----------------------------------------------------------------
2025-10-01 20:34:19,267 - CIFAR-10_Training - INFO - ==================================================
2025-10-01 20:34:19,267 - CIFAR-10_Training - INFO - Setting up trainer...
2025-10-01 20:34:19,271 - CIFAR-10_Training - INFO - Using device: cuda
2025-10-01 20:34:19,271 - CIFAR-10_Training - INFO - Early stopping: Stop if train_acc - test_acc > 15.0% for 10 epochs
2025-10-01 20:34:19,271 - CIFAR-10_Training - INFO - Starting training process...
2025-10-01 20:34:19,271 - CIFAR-10_Training - INFO - Starting training process...
2025-10-01 20:34:19,273 - CIFAR-10_Training - INFO - Using optimizer: SGD
2025-10-01 20:34:19,273 - CIFAR-10_Training - INFO - Using scheduler: ReduceLROnPlateau
2025-10-01 20:34:19,273 - CIFAR-10_Training - INFO - Optimizer Configuration:
2025-10-01 20:34:19,273 - CIFAR-10_Training - INFO -   - Learning Rate: 0.05
2025-10-01 20:34:19,273 - CIFAR-10_Training - INFO -   - Momentum: 0.9
2025-10-01 20:34:19,273 - CIFAR-10_Training - INFO -   - Weight Decay: 0.0
2025-10-01 20:34:19,273 - CIFAR-10_Training - INFO - Scheduler Configuration:
2025-10-01 20:34:19,273 - CIFAR-10_Training - INFO -   - Mode: min
2025-10-01 20:34:19,275 - CIFAR-10_Training - INFO -   - Factor: 0.5
2025-10-01 20:34:19,275 - CIFAR-10_Training - INFO -   - Patience: 5
2025-10-01 20:34:19,275 - CIFAR-10_Training - INFO -   - Threshold: 0.0001
2025-10-01 20:34:19,275 - CIFAR-10_Training - INFO - Starting Epoch 1/100
2025-10-01 20:35:02,140 - CIFAR-10_Training - INFO - Epoch  1: Train Loss: 1.8222, Train Acc: 29.86%, Test Loss: 1.5406, Test Acc: 42.51%, Acc Diff: -12.65%, LR: 0.050000
2025-10-01 20:35:02,140 - CIFAR-10_Training - INFO - Starting Epoch 2/100
2025-10-01 20:35:47,726 - CIFAR-10_Training - INFO - Epoch  2: Train Loss: 1.5679, Train Acc: 41.71%, Test Loss: 1.3115, Test Acc: 51.28%, Acc Diff: -9.57%, LR: 0.050000
2025-10-01 20:35:47,726 - CIFAR-10_Training - INFO - Starting Epoch 3/100
2025-10-01 20:36:30,497 - CIFAR-10_Training - INFO - Epoch  3: Train Loss: 1.4262, Train Acc: 48.02%, Test Loss: 1.2030, Test Acc: 57.14%, Acc Diff: -9.12%, LR: 0.050000
2025-10-01 20:36:30,497 - CIFAR-10_Training - INFO - Starting Epoch 4/100
2025-10-01 20:37:12,180 - CIFAR-10_Training - INFO - Epoch  4: Train Loss: 1.3288, Train Acc: 52.29%, Test Loss: 1.1210, Test Acc: 59.15%, Acc Diff: -6.86%, LR: 0.050000
2025-10-01 20:37:12,180 - CIFAR-10_Training - INFO - Starting Epoch 5/100
2025-10-01 20:37:54,129 - CIFAR-10_Training - INFO - Epoch  5: Train Loss: 1.2505, Train Acc: 55.23%, Test Loss: 1.0536, Test Acc: 61.95%, Acc Diff: -6.72%, LR: 0.050000
2025-10-01 20:37:54,129 - CIFAR-10_Training - INFO - Starting Epoch 6/100
2025-10-01 20:38:35,734 - CIFAR-10_Training - INFO - Epoch  6: Train Loss: 1.1950, Train Acc: 57.60%, Test Loss: 0.9710, Test Acc: 65.36%, Acc Diff: -7.76%, LR: 0.050000
2025-10-01 20:38:35,734 - CIFAR-10_Training - INFO - Starting Epoch 7/100
2025-10-01 20:39:17,469 - CIFAR-10_Training - INFO - Epoch  7: Train Loss: 1.1525, Train Acc: 59.04%, Test Loss: 0.9374, Test Acc: 66.76%, Acc Diff: -7.72%, LR: 0.050000
2025-10-01 20:39:17,469 - CIFAR-10_Training - INFO - Starting Epoch 8/100
2025-10-01 20:39:59,184 - CIFAR-10_Training - INFO - Epoch  8: Train Loss: 1.1146, Train Acc: 60.62%, Test Loss: 0.9191, Test Acc: 67.06%, Acc Diff: -6.44%, LR: 0.050000
2025-10-01 20:39:59,184 - CIFAR-10_Training - INFO - Starting Epoch 9/100
2025-10-01 20:40:41,107 - CIFAR-10_Training - INFO - Epoch  9: Train Loss: 1.0797, Train Acc: 61.88%, Test Loss: 0.8781, Test Acc: 68.57%, Acc Diff: -6.69%, LR: 0.050000
2025-10-01 20:40:41,107 - CIFAR-10_Training - INFO - Starting Epoch 10/100
2025-10-01 20:41:22,941 - CIFAR-10_Training - INFO - Epoch 10: Train Loss: 1.0551, Train Acc: 62.97%, Test Loss: 0.8847, Test Acc: 69.38%, Acc Diff: -6.41%, LR: 0.050000
2025-10-01 20:41:22,941 - CIFAR-10_Training - INFO - Starting Epoch 11/100
2025-10-01 20:42:08,718 - CIFAR-10_Training - INFO - Epoch 11: Train Loss: 1.0323, Train Acc: 63.70%, Test Loss: 0.8265, Test Acc: 70.53%, Acc Diff: -6.83%, LR: 0.050000
2025-10-01 20:42:08,718 - CIFAR-10_Training - INFO - Starting Epoch 12/100
2025-10-01 20:42:58,770 - CIFAR-10_Training - INFO - Epoch 12: Train Loss: 1.0169, Train Acc: 64.37%, Test Loss: 0.8595, Test Acc: 69.77%, Acc Diff: -5.40%, LR: 0.050000
2025-10-01 20:42:58,770 - CIFAR-10_Training - INFO - Starting Epoch 13/100
2025-10-01 20:43:41,562 - CIFAR-10_Training - INFO - Epoch 13: Train Loss: 1.0007, Train Acc: 64.76%, Test Loss: 0.8123, Test Acc: 71.45%, Acc Diff: -6.69%, LR: 0.050000
2025-10-01 20:43:41,562 - CIFAR-10_Training - INFO - Starting Epoch 14/100
2025-10-01 20:44:25,308 - CIFAR-10_Training - INFO - Epoch 14: Train Loss: 0.9752, Train Acc: 65.81%, Test Loss: 0.7881, Test Acc: 72.82%, Acc Diff: -7.01%, LR: 0.050000
2025-10-01 20:44:25,308 - CIFAR-10_Training - INFO - Starting Epoch 15/100
2025-10-01 20:45:08,708 - CIFAR-10_Training - INFO - Epoch 15: Train Loss: 0.9652, Train Acc: 66.35%, Test Loss: 0.7698, Test Acc: 73.18%, Acc Diff: -6.83%, LR: 0.050000
2025-10-01 20:45:08,708 - CIFAR-10_Training - INFO - Starting Epoch 16/100
2025-10-01 20:45:52,037 - CIFAR-10_Training - INFO - Epoch 16: Train Loss: 0.9527, Train Acc: 66.72%, Test Loss: 0.7530, Test Acc: 73.75%, Acc Diff: -7.03%, LR: 0.050000
2025-10-01 20:45:52,037 - CIFAR-10_Training - INFO - Starting Epoch 17/100
2025-10-01 20:46:35,344 - CIFAR-10_Training - INFO - Epoch 17: Train Loss: 0.9423, Train Acc: 67.18%, Test Loss: 0.7434, Test Acc: 74.55%, Acc Diff: -7.37%, LR: 0.050000
2025-10-01 20:46:35,344 - CIFAR-10_Training - INFO - Starting Epoch 18/100
2025-10-01 20:47:18,341 - CIFAR-10_Training - INFO - Epoch 18: Train Loss: 0.9265, Train Acc: 67.92%, Test Loss: 0.7466, Test Acc: 74.08%, Acc Diff: -6.16%, LR: 0.050000
2025-10-01 20:47:18,341 - CIFAR-10_Training - INFO - Starting Epoch 19/100
2025-10-01 20:48:01,609 - CIFAR-10_Training - INFO - Epoch 19: Train Loss: 0.9172, Train Acc: 68.32%, Test Loss: 0.7248, Test Acc: 75.38%, Acc Diff: -7.06%, LR: 0.050000
2025-10-01 20:48:01,609 - CIFAR-10_Training - INFO - Starting Epoch 20/100
2025-10-01 20:48:44,620 - CIFAR-10_Training - INFO - Epoch 20: Train Loss: 0.9062, Train Acc: 68.60%, Test Loss: 0.7472, Test Acc: 73.90%, Acc Diff: -5.30%, LR: 0.050000
2025-10-01 20:48:44,620 - CIFAR-10_Training - INFO - Starting Epoch 21/100
2025-10-01 20:49:27,465 - CIFAR-10_Training - INFO - Epoch 21: Train Loss: 0.8960, Train Acc: 68.93%, Test Loss: 0.7307, Test Acc: 74.50%, Acc Diff: -5.57%, LR: 0.050000
2025-10-01 20:49:27,465 - CIFAR-10_Training - INFO - Starting Epoch 22/100
2025-10-01 20:50:09,830 - CIFAR-10_Training - INFO - Epoch 22: Train Loss: 0.8830, Train Acc: 69.44%, Test Loss: 0.6808, Test Acc: 76.47%, Acc Diff: -7.03%, LR: 0.050000
2025-10-01 20:50:09,830 - CIFAR-10_Training - INFO - Starting Epoch 23/100
2025-10-01 20:50:52,901 - CIFAR-10_Training - INFO - Epoch 23: Train Loss: 0.8764, Train Acc: 69.69%, Test Loss: 0.7051, Test Acc: 75.51%, Acc Diff: -5.82%, LR: 0.050000
2025-10-01 20:50:52,901 - CIFAR-10_Training - INFO - Starting Epoch 24/100
2025-10-01 20:51:35,850 - CIFAR-10_Training - INFO - Epoch 24: Train Loss: 0.8759, Train Acc: 69.85%, Test Loss: 0.6713, Test Acc: 76.81%, Acc Diff: -6.96%, LR: 0.050000
2025-10-01 20:51:35,850 - CIFAR-10_Training - INFO - Starting Epoch 25/100
2025-10-01 20:52:18,808 - CIFAR-10_Training - INFO - Epoch 25: Train Loss: 0.8653, Train Acc: 69.85%, Test Loss: 0.6691, Test Acc: 76.62%, Acc Diff: -6.77%, LR: 0.050000
2025-10-01 20:52:18,808 - CIFAR-10_Training - INFO - Starting Epoch 26/100
2025-10-01 20:53:01,564 - CIFAR-10_Training - INFO - Epoch 26: Train Loss: 0.8671, Train Acc: 70.12%, Test Loss: 0.6684, Test Acc: 76.93%, Acc Diff: -6.81%, LR: 0.050000
2025-10-01 20:53:01,564 - CIFAR-10_Training - INFO - Starting Epoch 27/100
2025-10-01 20:53:44,195 - CIFAR-10_Training - INFO - Epoch 27: Train Loss: 0.8475, Train Acc: 70.87%, Test Loss: 0.6748, Test Acc: 77.07%, Acc Diff: -6.20%, LR: 0.050000
2025-10-01 20:53:44,195 - CIFAR-10_Training - INFO - Starting Epoch 28/100
2025-10-01 20:54:26,913 - CIFAR-10_Training - INFO - Epoch 28: Train Loss: 0.8490, Train Acc: 70.42%, Test Loss: 0.6627, Test Acc: 76.96%, Acc Diff: -6.54%, LR: 0.050000
2025-10-01 20:54:26,913 - CIFAR-10_Training - INFO - Starting Epoch 29/100
2025-10-01 20:55:09,806 - CIFAR-10_Training - INFO - Epoch 29: Train Loss: 0.8378, Train Acc: 71.03%, Test Loss: 0.6659, Test Acc: 76.98%, Acc Diff: -5.95%, LR: 0.050000
2025-10-01 20:55:09,806 - CIFAR-10_Training - INFO - Starting Epoch 30/100
2025-10-01 20:55:52,714 - CIFAR-10_Training - INFO - Epoch 30: Train Loss: 0.8309, Train Acc: 71.11%, Test Loss: 0.6509, Test Acc: 77.32%, Acc Diff: -6.21%, LR: 0.050000
2025-10-01 20:55:52,715 - CIFAR-10_Training - INFO - Starting Epoch 31/100
2025-10-01 20:56:35,955 - CIFAR-10_Training - INFO - Epoch 31: Train Loss: 0.8306, Train Acc: 71.06%, Test Loss: 0.6396, Test Acc: 77.98%, Acc Diff: -6.92%, LR: 0.050000
2025-10-01 20:56:35,955 - CIFAR-10_Training - INFO - Starting Epoch 32/100
2025-10-01 20:57:18,597 - CIFAR-10_Training - INFO - Epoch 32: Train Loss: 0.8233, Train Acc: 71.46%, Test Loss: 0.6460, Test Acc: 78.13%, Acc Diff: -6.67%, LR: 0.050000
2025-10-01 20:57:18,597 - CIFAR-10_Training - INFO - Starting Epoch 33/100
2025-10-01 20:58:01,341 - CIFAR-10_Training - INFO - Epoch 33: Train Loss: 0.8237, Train Acc: 71.71%, Test Loss: 0.6350, Test Acc: 78.29%, Acc Diff: -6.58%, LR: 0.050000
2025-10-01 20:58:01,341 - CIFAR-10_Training - INFO - Starting Epoch 34/100
2025-10-01 20:58:43,948 - CIFAR-10_Training - INFO - Epoch 34: Train Loss: 0.8148, Train Acc: 71.72%, Test Loss: 0.6364, Test Acc: 78.32%, Acc Diff: -6.60%, LR: 0.050000
2025-10-01 20:58:43,948 - CIFAR-10_Training - INFO - Starting Epoch 35/100
2025-10-01 20:59:26,713 - CIFAR-10_Training - INFO - Epoch 35: Train Loss: 0.8068, Train Acc: 72.28%, Test Loss: 0.6365, Test Acc: 78.57%, Acc Diff: -6.29%, LR: 0.050000
2025-10-01 20:59:26,714 - CIFAR-10_Training - INFO - Starting Epoch 36/100
2025-10-01 21:00:10,028 - CIFAR-10_Training - INFO - Epoch 36: Train Loss: 0.8076, Train Acc: 72.19%, Test Loss: 0.6117, Test Acc: 79.20%, Acc Diff: -7.01%, LR: 0.050000
2025-10-01 21:00:10,028 - CIFAR-10_Training - INFO - Starting Epoch 37/100
2025-10-01 21:00:53,169 - CIFAR-10_Training - INFO - Epoch 37: Train Loss: 0.7972, Train Acc: 72.36%, Test Loss: 0.6018, Test Acc: 79.24%, Acc Diff: -6.88%, LR: 0.050000
2025-10-01 21:00:53,169 - CIFAR-10_Training - INFO - Starting Epoch 38/100
2025-10-01 21:01:36,145 - CIFAR-10_Training - INFO - Epoch 38: Train Loss: 0.7990, Train Acc: 72.33%, Test Loss: 0.6190, Test Acc: 78.53%, Acc Diff: -6.20%, LR: 0.050000
2025-10-01 21:01:36,147 - CIFAR-10_Training - INFO - Starting Epoch 39/100
2025-10-01 21:02:18,928 - CIFAR-10_Training - INFO - Epoch 39: Train Loss: 0.7951, Train Acc: 72.62%, Test Loss: 0.6132, Test Acc: 79.01%, Acc Diff: -6.39%, LR: 0.050000
2025-10-01 21:02:18,928 - CIFAR-10_Training - INFO - Starting Epoch 40/100
2025-10-01 21:03:01,775 - CIFAR-10_Training - INFO - Epoch 40: Train Loss: 0.7882, Train Acc: 72.99%, Test Loss: 0.6542, Test Acc: 77.13%, Acc Diff: -4.14%, LR: 0.050000
2025-10-01 21:03:01,775 - CIFAR-10_Training - INFO - Starting Epoch 41/100
2025-10-01 21:03:45,525 - CIFAR-10_Training - INFO - Epoch 41: Train Loss: 0.7830, Train Acc: 73.17%, Test Loss: 0.6112, Test Acc: 78.86%, Acc Diff: -5.69%, LR: 0.050000
2025-10-01 21:03:45,525 - CIFAR-10_Training - INFO - Starting Epoch 42/100
2025-10-01 21:04:27,780 - CIFAR-10_Training - INFO - Epoch 42: Train Loss: 0.7764, Train Acc: 73.34%, Test Loss: 0.6116, Test Acc: 79.06%, Acc Diff: -5.72%, LR: 0.050000
2025-10-01 21:04:27,783 - CIFAR-10_Training - INFO - Starting Epoch 43/100
2025-10-01 21:05:11,055 - CIFAR-10_Training - INFO - Epoch 43: Train Loss: 0.7759, Train Acc: 73.32%, Test Loss: 0.5961, Test Acc: 79.81%, Acc Diff: -6.49%, LR: 0.050000
2025-10-01 21:05:11,056 - CIFAR-10_Training - INFO - Starting Epoch 44/100
2025-10-01 21:05:54,076 - CIFAR-10_Training - INFO - Epoch 44: Train Loss: 0.7721, Train Acc: 73.48%, Test Loss: 0.6007, Test Acc: 79.48%, Acc Diff: -6.00%, LR: 0.050000
2025-10-01 21:05:54,077 - CIFAR-10_Training - INFO - Starting Epoch 45/100
2025-10-01 21:06:36,889 - CIFAR-10_Training - INFO - Epoch 45: Train Loss: 0.7700, Train Acc: 73.45%, Test Loss: 0.5877, Test Acc: 80.04%, Acc Diff: -6.59%, LR: 0.050000
2025-10-01 21:06:36,889 - CIFAR-10_Training - INFO - Starting Epoch 46/100
2025-10-01 21:07:19,722 - CIFAR-10_Training - INFO - Epoch 46: Train Loss: 0.7674, Train Acc: 73.78%, Test Loss: 0.5838, Test Acc: 80.12%, Acc Diff: -6.34%, LR: 0.050000
2025-10-01 21:07:19,723 - CIFAR-10_Training - INFO - Starting Epoch 47/100
2025-10-01 21:08:02,625 - CIFAR-10_Training - INFO - Epoch 47: Train Loss: 0.7657, Train Acc: 73.90%, Test Loss: 0.5863, Test Acc: 79.89%, Acc Diff: -5.99%, LR: 0.050000
2025-10-01 21:08:02,625 - CIFAR-10_Training - INFO - Starting Epoch 48/100
2025-10-01 21:08:45,589 - CIFAR-10_Training - INFO - Epoch 48: Train Loss: 0.7567, Train Acc: 73.86%, Test Loss: 0.5872, Test Acc: 80.01%, Acc Diff: -6.15%, LR: 0.050000
2025-10-01 21:08:45,589 - CIFAR-10_Training - INFO - Starting Epoch 49/100
2025-10-01 21:09:27,947 - CIFAR-10_Training - INFO - Epoch 49: Train Loss: 0.7556, Train Acc: 74.08%, Test Loss: 0.5895, Test Acc: 79.72%, Acc Diff: -5.64%, LR: 0.050000
2025-10-01 21:09:27,947 - CIFAR-10_Training - INFO - Starting Epoch 50/100
2025-10-01 21:10:10,139 - CIFAR-10_Training - INFO - Epoch 50: Train Loss: 0.7571, Train Acc: 74.04%, Test Loss: 0.5720, Test Acc: 80.49%, Acc Diff: -6.45%, LR: 0.050000
2025-10-01 21:10:10,140 - CIFAR-10_Training - INFO - Starting Epoch 51/100
2025-10-01 21:10:53,269 - CIFAR-10_Training - INFO - Epoch 51: Train Loss: 0.7473, Train Acc: 74.25%, Test Loss: 0.6282, Test Acc: 78.66%, Acc Diff: -4.41%, LR: 0.050000
2025-10-01 21:10:53,269 - CIFAR-10_Training - INFO - Starting Epoch 52/100
2025-10-01 21:11:36,058 - CIFAR-10_Training - INFO - Epoch 52: Train Loss: 0.7505, Train Acc: 74.30%, Test Loss: 0.6013, Test Acc: 79.50%, Acc Diff: -5.20%, LR: 0.050000
2025-10-01 21:11:36,059 - CIFAR-10_Training - INFO - Starting Epoch 53/100
2025-10-01 21:12:19,185 - CIFAR-10_Training - INFO - Epoch 53: Train Loss: 0.7437, Train Acc: 74.28%, Test Loss: 0.5722, Test Acc: 80.70%, Acc Diff: -6.42%, LR: 0.050000
2025-10-01 21:12:19,185 - CIFAR-10_Training - INFO - Starting Epoch 54/100
2025-10-01 21:13:01,978 - CIFAR-10_Training - INFO - Epoch 54: Train Loss: 0.7417, Train Acc: 74.61%, Test Loss: 0.5668, Test Acc: 80.52%, Acc Diff: -5.91%, LR: 0.050000
2025-10-01 21:13:01,978 - CIFAR-10_Training - INFO - Starting Epoch 55/100
2025-10-01 21:13:44,606 - CIFAR-10_Training - INFO - Epoch 55: Train Loss: 0.7378, Train Acc: 74.70%, Test Loss: 0.5626, Test Acc: 80.89%, Acc Diff: -6.19%, LR: 0.050000
2025-10-01 21:13:44,606 - CIFAR-10_Training - INFO - Starting Epoch 56/100
2025-10-01 21:14:27,333 - CIFAR-10_Training - INFO - Epoch 56: Train Loss: 0.7393, Train Acc: 74.55%, Test Loss: 0.5539, Test Acc: 80.64%, Acc Diff: -6.09%, LR: 0.050000
2025-10-01 21:14:27,333 - CIFAR-10_Training - INFO - Starting Epoch 57/100
2025-10-01 21:15:10,037 - CIFAR-10_Training - INFO - Epoch 57: Train Loss: 0.7316, Train Acc: 74.89%, Test Loss: 0.5645, Test Acc: 80.91%, Acc Diff: -6.02%, LR: 0.050000
2025-10-01 21:15:10,037 - CIFAR-10_Training - INFO - Starting Epoch 58/100
2025-10-01 21:15:53,162 - CIFAR-10_Training - INFO - Epoch 58: Train Loss: 0.7316, Train Acc: 74.66%, Test Loss: 0.5675, Test Acc: 80.84%, Acc Diff: -6.18%, LR: 0.050000
2025-10-01 21:15:53,162 - CIFAR-10_Training - INFO - Starting Epoch 59/100
2025-10-01 21:16:36,257 - CIFAR-10_Training - INFO - Epoch 59: Train Loss: 0.7249, Train Acc: 74.86%, Test Loss: 0.5620, Test Acc: 80.90%, Acc Diff: -6.04%, LR: 0.050000
2025-10-01 21:16:36,257 - CIFAR-10_Training - INFO - Starting Epoch 60/100
2025-10-01 21:17:20,014 - CIFAR-10_Training - INFO - Epoch 60: Train Loss: 0.7243, Train Acc: 75.05%, Test Loss: 0.5647, Test Acc: 80.59%, Acc Diff: -5.54%, LR: 0.050000
2025-10-01 21:17:20,014 - CIFAR-10_Training - INFO - Starting Epoch 61/100
2025-10-01 21:18:03,783 - CIFAR-10_Training - INFO - Epoch 61: Train Loss: 0.7276, Train Acc: 74.87%, Test Loss: 0.5792, Test Acc: 80.16%, Acc Diff: -5.29%, LR: 0.050000
2025-10-01 21:18:03,783 - CIFAR-10_Training - INFO - Starting Epoch 62/100
2025-10-01 21:18:50,236 - CIFAR-10_Training - INFO - Epoch 62: Train Loss: 0.7184, Train Acc: 75.39%, Test Loss: 0.5385, Test Acc: 81.63%, Acc Diff: -6.24%, LR: 0.050000
2025-10-01 21:18:50,236 - CIFAR-10_Training - INFO - Starting Epoch 63/100
2025-10-01 21:19:54,655 - CIFAR-10_Training - INFO - Epoch 63: Train Loss: 0.7166, Train Acc: 75.35%, Test Loss: 0.5545, Test Acc: 80.99%, Acc Diff: -5.64%, LR: 0.050000
2025-10-01 21:19:54,656 - CIFAR-10_Training - INFO - Starting Epoch 64/100
2025-10-01 21:20:59,214 - CIFAR-10_Training - INFO - Epoch 64: Train Loss: 0.7188, Train Acc: 75.22%, Test Loss: 0.5579, Test Acc: 80.99%, Acc Diff: -5.77%, LR: 0.050000
2025-10-01 21:20:59,215 - CIFAR-10_Training - INFO - Starting Epoch 65/100
2025-10-01 21:22:06,125 - CIFAR-10_Training - INFO - Epoch 65: Train Loss: 0.7142, Train Acc: 75.30%, Test Loss: 0.5485, Test Acc: 81.25%, Acc Diff: -5.95%, LR: 0.050000
2025-10-01 21:22:06,125 - CIFAR-10_Training - INFO - Starting Epoch 66/100
2025-10-01 21:23:11,443 - CIFAR-10_Training - INFO - Epoch 66: Train Loss: 0.7160, Train Acc: 75.39%, Test Loss: 0.5482, Test Acc: 81.10%, Acc Diff: -5.71%, LR: 0.050000
2025-10-01 21:23:11,445 - CIFAR-10_Training - INFO - Starting Epoch 67/100
2025-10-01 21:24:19,698 - CIFAR-10_Training - INFO - Epoch 67: Train Loss: 0.7091, Train Acc: 75.82%, Test Loss: 0.5535, Test Acc: 81.02%, Acc Diff: -5.20%, LR: 0.050000
2025-10-01 21:24:19,699 - CIFAR-10_Training - INFO - Starting Epoch 68/100
2025-10-01 21:25:25,361 - CIFAR-10_Training - INFO - Epoch 68: Train Loss: 0.7089, Train Acc: 75.50%, Test Loss: 0.5576, Test Acc: 81.10%, Acc Diff: -5.60%, LR: 0.025000
2025-10-01 21:25:25,363 - CIFAR-10_Training - INFO - Starting Epoch 69/100
2025-10-01 21:26:30,298 - CIFAR-10_Training - INFO - Epoch 69: Train Loss: 0.6850, Train Acc: 76.25%, Test Loss: 0.5192, Test Acc: 82.23%, Acc Diff: -5.98%, LR: 0.025000
2025-10-01 21:26:30,298 - CIFAR-10_Training - INFO - Starting Epoch 70/100
2025-10-01 21:27:13,174 - CIFAR-10_Training - INFO - Epoch 70: Train Loss: 0.6760, Train Acc: 76.80%, Test Loss: 0.5225, Test Acc: 82.11%, Acc Diff: -5.31%, LR: 0.025000
2025-10-01 21:27:13,174 - CIFAR-10_Training - INFO - Starting Epoch 71/100
2025-10-01 21:27:55,297 - CIFAR-10_Training - INFO - Epoch 71: Train Loss: 0.6668, Train Acc: 77.00%, Test Loss: 0.5231, Test Acc: 81.92%, Acc Diff: -4.92%, LR: 0.025000
2025-10-01 21:27:55,297 - CIFAR-10_Training - INFO - Starting Epoch 72/100
2025-10-01 21:28:37,926 - CIFAR-10_Training - INFO - Epoch 72: Train Loss: 0.6673, Train Acc: 76.97%, Test Loss: 0.5111, Test Acc: 82.40%, Acc Diff: -5.43%, LR: 0.025000
2025-10-01 21:28:37,926 - CIFAR-10_Training - INFO - Starting Epoch 73/100
2025-10-01 21:29:24,459 - CIFAR-10_Training - INFO - Epoch 73: Train Loss: 0.6619, Train Acc: 77.36%, Test Loss: 0.5192, Test Acc: 82.33%, Acc Diff: -4.97%, LR: 0.025000
2025-10-01 21:29:24,459 - CIFAR-10_Training - INFO - Starting Epoch 74/100
2025-10-01 21:30:06,403 - CIFAR-10_Training - INFO - Epoch 74: Train Loss: 0.6677, Train Acc: 77.07%, Test Loss: 0.5121, Test Acc: 82.37%, Acc Diff: -5.30%, LR: 0.025000
2025-10-01 21:30:06,403 - CIFAR-10_Training - INFO - Starting Epoch 75/100
2025-10-01 21:30:48,611 - CIFAR-10_Training - INFO - Epoch 75: Train Loss: 0.6634, Train Acc: 77.16%, Test Loss: 0.5157, Test Acc: 82.20%, Acc Diff: -5.04%, LR: 0.025000
2025-10-01 21:30:48,611 - CIFAR-10_Training - INFO - Starting Epoch 76/100
2025-10-01 21:31:31,676 - CIFAR-10_Training - INFO - Epoch 76: Train Loss: 0.6596, Train Acc: 77.44%, Test Loss: 0.5225, Test Acc: 82.22%, Acc Diff: -4.78%, LR: 0.025000
2025-10-01 21:31:31,676 - CIFAR-10_Training - INFO - Starting Epoch 77/100
2025-10-01 21:32:14,708 - CIFAR-10_Training - INFO - Epoch 77: Train Loss: 0.6637, Train Acc: 77.09%, Test Loss: 0.5137, Test Acc: 82.29%, Acc Diff: -5.20%, LR: 0.025000
2025-10-01 21:32:14,708 - CIFAR-10_Training - INFO - Starting Epoch 78/100
2025-10-01 21:32:56,748 - CIFAR-10_Training - INFO - Epoch 78: Train Loss: 0.6601, Train Acc: 77.25%, Test Loss: 0.5157, Test Acc: 82.29%, Acc Diff: -5.04%, LR: 0.012500
2025-10-01 21:32:56,748 - CIFAR-10_Training - INFO - Starting Epoch 79/100
2025-10-01 21:33:38,517 - CIFAR-10_Training - INFO - Epoch 79: Train Loss: 0.6464, Train Acc: 77.52%, Test Loss: 0.5100, Test Acc: 82.65%, Acc Diff: -5.13%, LR: 0.012500
2025-10-01 21:33:38,517 - CIFAR-10_Training - INFO - Starting Epoch 80/100
2025-10-01 21:34:20,328 - CIFAR-10_Training - INFO - Epoch 80: Train Loss: 0.6399, Train Acc: 78.04%, Test Loss: 0.5034, Test Acc: 82.88%, Acc Diff: -4.84%, LR: 0.012500
2025-10-01 21:34:20,328 - CIFAR-10_Training - INFO - Starting Epoch 81/100
2025-10-01 21:35:02,352 - CIFAR-10_Training - INFO - Epoch 81: Train Loss: 0.6375, Train Acc: 77.72%, Test Loss: 0.5007, Test Acc: 82.78%, Acc Diff: -5.06%, LR: 0.012500
2025-10-01 21:35:02,352 - CIFAR-10_Training - INFO - Starting Epoch 82/100
2025-10-01 21:35:44,483 - CIFAR-10_Training - INFO - Epoch 82: Train Loss: 0.6348, Train Acc: 77.96%, Test Loss: 0.5070, Test Acc: 82.84%, Acc Diff: -4.88%, LR: 0.012500
2025-10-01 21:35:44,483 - CIFAR-10_Training - INFO - Starting Epoch 83/100
2025-10-01 21:36:26,883 - CIFAR-10_Training - INFO - Epoch 83: Train Loss: 0.6347, Train Acc: 77.97%, Test Loss: 0.5002, Test Acc: 82.73%, Acc Diff: -4.76%, LR: 0.012500
2025-10-01 21:36:26,883 - CIFAR-10_Training - INFO - Starting Epoch 84/100
2025-10-01 21:37:08,854 - CIFAR-10_Training - INFO - Epoch 84: Train Loss: 0.6350, Train Acc: 78.04%, Test Loss: 0.4961, Test Acc: 83.07%, Acc Diff: -5.03%, LR: 0.012500
2025-10-01 21:37:08,854 - CIFAR-10_Training - INFO - Starting Epoch 85/100
2025-10-01 21:37:50,852 - CIFAR-10_Training - INFO - Epoch 85: Train Loss: 0.6313, Train Acc: 78.05%, Test Loss: 0.4989, Test Acc: 82.70%, Acc Diff: -4.65%, LR: 0.012500
2025-10-01 21:37:50,852 - CIFAR-10_Training - INFO - Starting Epoch 86/100
2025-10-01 21:38:37,715 - CIFAR-10_Training - INFO - Epoch 86: Train Loss: 0.6353, Train Acc: 78.06%, Test Loss: 0.5036, Test Acc: 82.77%, Acc Diff: -4.71%, LR: 0.012500
2025-10-01 21:38:37,715 - CIFAR-10_Training - INFO - Starting Epoch 87/100
2025-10-01 21:39:42,268 - CIFAR-10_Training - INFO - Epoch 87: Train Loss: 0.6361, Train Acc: 77.87%, Test Loss: 0.4999, Test Acc: 82.81%, Acc Diff: -4.94%, LR: 0.012500
2025-10-01 21:39:42,268 - CIFAR-10_Training - INFO - Starting Epoch 88/100
2025-10-01 21:40:46,924 - CIFAR-10_Training - INFO - Epoch 88: Train Loss: 0.6341, Train Acc: 78.16%, Test Loss: 0.4966, Test Acc: 83.23%, Acc Diff: -5.07%, LR: 0.012500
2025-10-01 21:40:46,924 - CIFAR-10_Training - INFO - Starting Epoch 89/100
2025-10-01 21:41:51,620 - CIFAR-10_Training - INFO - Epoch 89: Train Loss: 0.6341, Train Acc: 77.93%, Test Loss: 0.4940, Test Acc: 83.16%, Acc Diff: -5.23%, LR: 0.012500
2025-10-01 21:41:51,620 - CIFAR-10_Training - INFO - Starting Epoch 90/100
2025-10-01 21:42:50,658 - CIFAR-10_Training - INFO - Epoch 90: Train Loss: 0.6323, Train Acc: 78.19%, Test Loss: 0.5015, Test Acc: 82.82%, Acc Diff: -4.63%, LR: 0.012500
2025-10-01 21:42:50,658 - CIFAR-10_Training - INFO - Starting Epoch 91/100
2025-10-01 21:43:49,450 - CIFAR-10_Training - INFO - Epoch 91: Train Loss: 0.6382, Train Acc: 77.91%, Test Loss: 0.4998, Test Acc: 82.91%, Acc Diff: -5.00%, LR: 0.012500
2025-10-01 21:43:49,450 - CIFAR-10_Training - INFO - Starting Epoch 92/100
2025-10-01 21:44:48,038 - CIFAR-10_Training - INFO - Epoch 92: Train Loss: 0.6316, Train Acc: 77.98%, Test Loss: 0.5046, Test Acc: 82.67%, Acc Diff: -4.69%, LR: 0.012500
2025-10-01 21:44:48,038 - CIFAR-10_Training - INFO - Starting Epoch 93/100
2025-10-01 21:45:34,920 - CIFAR-10_Training - INFO - Epoch 93: Train Loss: 0.6337, Train Acc: 78.12%, Test Loss: 0.4996, Test Acc: 82.66%, Acc Diff: -4.54%, LR: 0.012500
2025-10-01 21:45:34,920 - CIFAR-10_Training - INFO - Starting Epoch 94/100
2025-10-01 21:46:20,337 - CIFAR-10_Training - INFO - Epoch 94: Train Loss: 0.6336, Train Acc: 78.24%, Test Loss: 0.4995, Test Acc: 82.77%, Acc Diff: -4.53%, LR: 0.012500
2025-10-01 21:46:20,337 - CIFAR-10_Training - INFO - Starting Epoch 95/100
2025-10-01 21:47:05,313 - CIFAR-10_Training - INFO - Epoch 95: Train Loss: 0.6266, Train Acc: 78.25%, Test Loss: 0.4930, Test Acc: 82.96%, Acc Diff: -4.71%, LR: 0.012500
2025-10-01 21:47:05,313 - CIFAR-10_Training - INFO - Starting Epoch 96/100
2025-10-01 21:47:49,716 - CIFAR-10_Training - INFO - Epoch 96: Train Loss: 0.6283, Train Acc: 78.32%, Test Loss: 0.4976, Test Acc: 82.98%, Acc Diff: -4.66%, LR: 0.012500
2025-10-01 21:47:49,716 - CIFAR-10_Training - INFO - Starting Epoch 97/100
2025-10-01 21:48:34,200 - CIFAR-10_Training - INFO - Epoch 97: Train Loss: 0.6346, Train Acc: 78.05%, Test Loss: 0.4955, Test Acc: 82.77%, Acc Diff: -4.72%, LR: 0.012500
2025-10-01 21:48:34,200 - CIFAR-10_Training - INFO - Starting Epoch 98/100
2025-10-01 21:49:18,911 - CIFAR-10_Training - INFO - Epoch 98: Train Loss: 0.6258, Train Acc: 78.57%, Test Loss: 0.4997, Test Acc: 82.94%, Acc Diff: -4.37%, LR: 0.012500
2025-10-01 21:49:18,911 - CIFAR-10_Training - INFO - Starting Epoch 99/100
2025-10-01 21:50:04,907 - CIFAR-10_Training - INFO - Epoch 99: Train Loss: 0.6333, Train Acc: 78.02%, Test Loss: 0.4957, Test Acc: 82.92%, Acc Diff: -4.90%, LR: 0.012500
2025-10-01 21:50:04,907 - CIFAR-10_Training - INFO - Starting Epoch 100/100
2025-10-01 21:50:54,545 - CIFAR-10_Training - INFO - Epoch 100: Train Loss: 0.6243, Train Acc: 78.34%, Test Loss: 0.5049, Test Acc: 82.84%, Acc Diff: -4.50%, LR: 0.012500
2025-10-01 21:50:54,545 - CIFAR-10_Training - INFO - Training completed!
2025-10-01 21:50:54,545 - CIFAR-10_Training - INFO - Final Results: {'final_train_loss': 0.6243114046123631, 'final_test_loss': 0.5049400572776794, 'final_train_accuracy': 78.338, 'final_test_accuracy': 82.84, 'best_test_accuracy': 83.23, 'final_accuracy_difference': -4.5020000000000095, 'max_accuracy_difference': -4.140000000000001, 'avg_accuracy_difference': -5.95106, 'overfitting_epochs': 0, 'stopped_due_to_overfitting': False}
2025-10-01 21:50:54,545 - CIFAR-10_Training - INFO - ==================================================
2025-10-01 21:50:54,545 - CIFAR-10_Training - INFO - OVERFITTING ANALYSIS
2025-10-01 21:50:54,545 - CIFAR-10_Training - INFO - ==================================================
2025-10-01 21:50:54,545 - CIFAR-10_Training - INFO - Final accuracy difference: -4.50%
2025-10-01 21:50:54,545 - CIFAR-10_Training - INFO - Maximum accuracy difference: -4.14%
2025-10-01 21:50:54,545 - CIFAR-10_Training - INFO - Average accuracy difference: -5.95%
2025-10-01 21:50:54,545 - CIFAR-10_Training - INFO - Consecutive overfitting epochs: 0
2025-10-01 21:50:54,545 - CIFAR-10_Training - INFO - Stopped due to overfitting: False
2025-10-01 21:50:54,545 - CIFAR-10_Training - INFO - ==================================================
2025-10-01 21:50:55,671 - CIFAR-10_Training - INFO - Training curves saved to: C:\Users\krish\Documents\Krishnakanth\Learnings\Learnings\MNIST_Model\Reference\ERAS7\Model_Evolution\FineTune\logs\training_curves_20251001_215054.png
2025-10-01 21:51:05,898 - CIFAR-10_Training - INFO - Model saved to: C:\Users\krish\Documents\Krishnakanth\Learnings\Learnings\MNIST_Model\Reference\ERAS7\Model_Evolution\FineTune\models\cifar10_model_20251001_215105.pth
2025-10-01 21:51:05,898 - CIFAR-10_Training - INFO - ==================================================
2025-10-01 21:51:05,898 - CIFAR-10_Training - INFO - TRAINING PIPELINE COMPLETED SUCCESSFULLY
2025-10-01 21:51:05,898 - CIFAR-10_Training - INFO - ==================================================
2025-10-01 21:51:05,898 - CIFAR-10_Training - INFO - Final Metrics: {'final_train_loss': 0.6243114046123631, 'final_test_loss': 0.5049400572776794, 'final_train_accuracy': 78.338, 'final_test_accuracy': 82.84, 'best_test_accuracy': 83.23, 'final_accuracy_difference': -4.5020000000000095, 'max_accuracy_difference': -4.140000000000001, 'avg_accuracy_difference': -5.95106, 'overfitting_epochs': 0, 'stopped_due_to_overfitting': False}
