2025-10-04 10:30:10,168 - CIFAR-10_Training - INFO - Logger initialized. Log file: C:\Users\krish\Documents\Krishnakanth\Learnings\Learnings\MNIST_Model\Reference\ERAS7\Model_Evolution\FineTune\logs\20251004_103010_cifar10_training.log
2025-10-04 10:30:10,168 - CIFAR-10_Training - INFO - Updated Configuration (from main()):
2025-10-04 10:30:10,168 - CIFAR-10_Training - INFO -   - Epochs: 200
2025-10-04 10:30:10,168 - CIFAR-10_Training - INFO -   - Learning Rate: 0.05
2025-10-04 10:30:10,168 - CIFAR-10_Training - INFO -   - Optimizer: SGD
2025-10-04 10:30:10,168 - CIFAR-10_Training - INFO -   - Weight Decay: 0.0
2025-10-04 10:30:10,168 - CIFAR-10_Training - INFO -   - Momentum: 0.9
2025-10-04 10:30:10,168 - CIFAR-10_Training - INFO -   - Scheduler: ReduceLROnPlateau
2025-10-04 10:30:10,168 - CIFAR-10_Training - INFO -   - Mode: min
2025-10-04 10:30:10,168 - CIFAR-10_Training - INFO -   - Factor: 0.5
2025-10-04 10:30:10,168 - CIFAR-10_Training - INFO -   - Patience: 5
2025-10-04 10:30:10,168 - CIFAR-10_Training - INFO -   - Threshold: 0.0001
2025-10-04 10:30:10,172 - CIFAR-10_Training - INFO -   - Batch Size: 128
2025-10-04 10:30:10,172 - CIFAR-10_Training - INFO -   - Num Workers: 4
2025-10-04 10:30:10,172 - CIFAR-10_Training - INFO -   - Pin Memory: True
2025-10-04 10:30:10,172 - CIFAR-10_Training - INFO -   - Shuffle: True
2025-10-04 10:30:10,172 - CIFAR-10_Training - INFO -   - Dropout Rate: 0.05
2025-10-04 10:30:10,172 - CIFAR-10_Training - INFO -   - Device: CUDA
2025-10-04 10:30:10,172 - CIFAR-10_Training - INFO -   - Log Directory: C:\Users\krish\Documents\Krishnakanth\Learnings\Learnings\MNIST_Model\Reference\ERAS7\Model_Evolution\FineTune\logs
2025-10-04 10:30:10,172 - CIFAR-10_Training - INFO -   - Model Save Directory: C:\Users\krish\Documents\Krishnakanth\Learnings\Learnings\MNIST_Model\Reference\ERAS7\Model_Evolution\FineTune\models
2025-10-04 10:30:10,172 - CIFAR-10_Training - INFO -   - Save Model: True
2025-10-04 10:30:10,172 - CIFAR-10_Training - INFO -   - Log Level: DEBUG
2025-10-04 10:30:10,172 - CIFAR-10_Training - INFO - ==================================================
2025-10-04 10:30:10,172 - CIFAR-10_Training - INFO - ==================================================
2025-10-04 10:30:10,173 - CIFAR-10_Training - INFO - CIFAR-10 TRAINING EXPERIMENT STARTED
2025-10-04 10:30:10,173 - CIFAR-10_Training - INFO - ==================================================
2025-10-04 10:30:10,173 - CIFAR-10_Training - INFO - Data Config: DataConfig(data_dir='./data', batch_size=128, num_workers=4, pin_memory=True, shuffle=True, mean=(0.1307,), std=(0.3081,), cifar10_mean=(0.4914, 0.4822, 0.4465), cifar10_std=(0.247, 0.2435, 0.2616), rotation_range=(-7.0, 7.0), fill_value=1)
2025-10-04 10:30:10,173 - CIFAR-10_Training - INFO - Model Config: ModelConfig(input_channels=1, input_size=(32, 32), num_classes=10, dropout_rate=0.05)
2025-10-04 10:30:10,173 - CIFAR-10_Training - INFO - Training Config: TrainingConfig(epochs=200, learning_rate=0.05, momentum=0.9, weight_decay=0.0, scheduler_step_size=30, scheduler_gamma=0.1, seed=1, optimizer_type='SGD', adam_betas=(0.9, 0.999), adam_eps=1e-08, rmsprop_alpha=0.99, scheduler_type='ReduceLROnPlateau', cosine_t_max=20, exponential_gamma=0.95, plateau_mode='min', plateau_factor=0.5, plateau_patience=5, plateau_threshold=0.0001)
2025-10-04 10:30:10,173 - CIFAR-10_Training - INFO - ==================================================
2025-10-04 10:30:10,173 - CIFAR-10_Training - INFO - Setting up data...
2025-10-04 10:30:10,173 - CIFAR-10_Training - INFO - Using Albumentations for data augmentation
2025-10-04 10:30:10,176 - CIFAR-10_Training - INFO - Loading CIFAR-10 dataset...
2025-10-04 10:30:11,526 - CIFAR-10_Training - INFO - CIFAR-10 dataset loaded successfully!
2025-10-04 10:30:11,526 - CIFAR-10_Training - INFO - Train samples: 50000
2025-10-04 10:30:11,526 - CIFAR-10_Training - INFO - Test samples: 10000
2025-10-04 10:30:11,526 - CIFAR-10_Training - INFO - Augmentation library: Albumentations
2025-10-04 10:30:11,526 - CIFAR-10_Training - INFO - Computing CIFAR-10 data statistics...
2025-10-04 10:30:13,425 - CIFAR-10_Training - INFO - CIFAR-10 Data Statistics:
2025-10-04 10:30:13,425 - CIFAR-10_Training - INFO -   - Shape: (50000, 32, 32, 3)
2025-10-04 10:30:13,425 - CIFAR-10_Training - INFO -   - Size: 153,600,000
2025-10-04 10:30:13,426 - CIFAR-10_Training - INFO -   - Min: 0.0000
2025-10-04 10:30:13,426 - CIFAR-10_Training - INFO -   - Max: 1.0000
2025-10-04 10:30:13,426 - CIFAR-10_Training - INFO -   - Mean: 0.4734
2025-10-04 10:30:13,426 - CIFAR-10_Training - INFO -   - Std: 0.2516
2025-10-04 10:30:13,426 - CIFAR-10_Training - INFO -   - Variance: 0.0633
2025-10-04 10:30:13,426 - CIFAR-10_Training - INFO - Channel-wise Statistics:
2025-10-04 10:30:13,428 - CIFAR-10_Training - INFO -   Red Channel:
2025-10-04 10:30:13,428 - CIFAR-10_Training - INFO -     - Mean: 0.4914
2025-10-04 10:30:13,428 - CIFAR-10_Training - INFO -     - Std: 0.2470
2025-10-04 10:30:13,428 - CIFAR-10_Training - INFO -     - Min: 0.0000
2025-10-04 10:30:13,429 - CIFAR-10_Training - INFO -     - Max: 1.0000
2025-10-04 10:30:13,429 - CIFAR-10_Training - INFO -   Green Channel:
2025-10-04 10:30:13,429 - CIFAR-10_Training - INFO -     - Mean: 0.4822
2025-10-04 10:30:13,429 - CIFAR-10_Training - INFO -     - Std: 0.2435
2025-10-04 10:30:13,429 - CIFAR-10_Training - INFO -     - Min: 0.0000
2025-10-04 10:30:13,429 - CIFAR-10_Training - INFO -     - Max: 1.0000
2025-10-04 10:30:13,429 - CIFAR-10_Training - INFO -   Blue Channel:
2025-10-04 10:30:13,429 - CIFAR-10_Training - INFO -     - Mean: 0.4465
2025-10-04 10:30:13,430 - CIFAR-10_Training - INFO -     - Std: 0.2616
2025-10-04 10:30:13,430 - CIFAR-10_Training - INFO -     - Min: 0.0000
2025-10-04 10:30:13,430 - CIFAR-10_Training - INFO -     - Max: 1.0000
2025-10-04 10:30:32,944 - CIFAR-10_Training - INFO - CIFAR-10 Batch Information:
2025-10-04 10:30:32,947 - CIFAR-10_Training - INFO -   - Batch size: 128
2025-10-04 10:30:32,948 - CIFAR-10_Training - INFO -   - Image shape: torch.Size([3, 32, 32])
2025-10-04 10:30:32,948 - CIFAR-10_Training - INFO -   - Label shape: torch.Size([128])
2025-10-04 10:30:32,948 - CIFAR-10_Training - INFO -   - Data type: torch.float32
2025-10-04 10:30:32,948 - CIFAR-10_Training - INFO -   - Number of classes: 10
2025-10-04 10:30:34,458 - CIFAR-10_Training - INFO - Getting input size from CIFAR-10 data loader...
2025-10-04 10:30:53,837 - CIFAR-10_Training - INFO - CIFAR-10 input size from data loader: (3, 32, 32)
2025-10-04 10:30:55,417 - CIFAR-10_Training - INFO - Setting up model...
2025-10-04 10:30:55,464 - CIFAR-10_Training - INFO - Generating model summary...
2025-10-04 10:30:56,221 - CIFAR-10_Training - INFO - Model Architecture Summary:
2025-10-04 10:30:56,221 - CIFAR-10_Training - INFO -   - Total Parameters: 144,426
2025-10-04 10:30:56,223 - CIFAR-10_Training - INFO -   - Batch Normalization: Yes
2025-10-04 10:30:56,223 - CIFAR-10_Training - INFO -   - Dropout: Yes
2025-10-04 10:30:56,223 - CIFAR-10_Training - INFO -   - FC Layers: Yes
2025-10-04 10:30:56,224 - CIFAR-10_Training - INFO -   - GAP Layers: Yes
2025-10-04 10:30:56,224 - CIFAR-10_Training - INFO - ==================================================
2025-10-04 10:30:56,225 - CIFAR-10_Training - INFO - DETAILED MODEL ARCHITECTURE SUMMARY
2025-10-04 10:30:56,225 - CIFAR-10_Training - INFO - ==================================================
2025-10-04 10:30:56,225 - CIFAR-10_Training - INFO - ----------------------------------------------------------------
2025-10-04 10:30:56,225 - CIFAR-10_Training - INFO -         Layer (type)               Output Shape         Param #
2025-10-04 10:30:56,225 - CIFAR-10_Training - INFO - ================================================================
2025-10-04 10:30:56,225 - CIFAR-10_Training - INFO -             Conv2d-1           [-1, 32, 32, 32]             864
2025-10-04 10:30:56,225 - CIFAR-10_Training - INFO -        BatchNorm2d-2           [-1, 32, 32, 32]              64
2025-10-04 10:30:56,225 - CIFAR-10_Training - INFO -               ReLU-3           [-1, 32, 32, 32]               0
2025-10-04 10:30:56,225 - CIFAR-10_Training - INFO -             Conv2d-4           [-1, 32, 32, 32]           9,216
2025-10-04 10:30:56,225 - CIFAR-10_Training - INFO -        BatchNorm2d-5           [-1, 32, 32, 32]              64
2025-10-04 10:30:56,226 - CIFAR-10_Training - INFO -               ReLU-6           [-1, 32, 32, 32]               0
2025-10-04 10:30:56,226 - CIFAR-10_Training - INFO -             Conv2d-7           [-1, 32, 32, 32]           9,216
2025-10-04 10:30:56,226 - CIFAR-10_Training - INFO -        BatchNorm2d-8           [-1, 32, 32, 32]              64
2025-10-04 10:30:56,226 - CIFAR-10_Training - INFO -               ReLU-9           [-1, 32, 32, 32]               0
2025-10-04 10:30:56,226 - CIFAR-10_Training - INFO -            Conv2d-10           [-1, 32, 16, 16]           9,248
2025-10-04 10:30:56,226 - CIFAR-10_Training - INFO -       BatchNorm2d-11           [-1, 32, 16, 16]              64
2025-10-04 10:30:56,227 - CIFAR-10_Training - INFO -         Dropout2d-12           [-1, 32, 16, 16]               0
2025-10-04 10:30:56,227 - CIFAR-10_Training - INFO -            Conv2d-13           [-1, 32, 16, 16]           9,216
2025-10-04 10:30:56,227 - CIFAR-10_Training - INFO -       BatchNorm2d-14           [-1, 32, 16, 16]              64
2025-10-04 10:30:56,227 - CIFAR-10_Training - INFO -              ReLU-15           [-1, 32, 16, 16]               0
2025-10-04 10:30:56,227 - CIFAR-10_Training - INFO -            Conv2d-16           [-1, 32, 16, 16]           9,216
2025-10-04 10:30:56,227 - CIFAR-10_Training - INFO -       BatchNorm2d-17           [-1, 32, 16, 16]              64
2025-10-04 10:30:56,227 - CIFAR-10_Training - INFO -              ReLU-18           [-1, 32, 16, 16]               0
2025-10-04 10:30:56,228 - CIFAR-10_Training - INFO -            Conv2d-19           [-1, 32, 16, 16]           9,216
2025-10-04 10:30:56,228 - CIFAR-10_Training - INFO -       BatchNorm2d-20           [-1, 32, 16, 16]              64
2025-10-04 10:30:56,228 - CIFAR-10_Training - INFO -              ReLU-21           [-1, 32, 16, 16]               0
2025-10-04 10:30:56,228 - CIFAR-10_Training - INFO -            Conv2d-22             [-1, 32, 8, 8]           9,248
2025-10-04 10:30:56,228 - CIFAR-10_Training - INFO -       BatchNorm2d-23             [-1, 32, 8, 8]              64
2025-10-04 10:30:56,228 - CIFAR-10_Training - INFO -         Dropout2d-24             [-1, 32, 8, 8]               0
2025-10-04 10:30:56,228 - CIFAR-10_Training - INFO -            Conv2d-25             [-1, 32, 8, 8]             320
2025-10-04 10:30:56,229 - CIFAR-10_Training - INFO -            Conv2d-26             [-1, 32, 8, 8]           1,056
2025-10-04 10:30:56,229 - CIFAR-10_Training - INFO - depthwise_separable_conv-27             [-1, 32, 8, 8]               0
2025-10-04 10:30:56,229 - CIFAR-10_Training - INFO -       BatchNorm2d-28             [-1, 32, 8, 8]              64
2025-10-04 10:30:56,229 - CIFAR-10_Training - INFO -              ReLU-29             [-1, 32, 8, 8]               0
2025-10-04 10:30:56,229 - CIFAR-10_Training - INFO -            Conv2d-30             [-1, 32, 8, 8]           9,216
2025-10-04 10:30:56,229 - CIFAR-10_Training - INFO -       BatchNorm2d-31             [-1, 32, 8, 8]              64
2025-10-04 10:30:56,229 - CIFAR-10_Training - INFO -              ReLU-32             [-1, 32, 8, 8]               0
2025-10-04 10:30:56,229 - CIFAR-10_Training - INFO -            Conv2d-33             [-1, 32, 8, 8]           9,216
2025-10-04 10:30:56,230 - CIFAR-10_Training - INFO -       BatchNorm2d-34             [-1, 32, 8, 8]              64
2025-10-04 10:30:56,230 - CIFAR-10_Training - INFO -              ReLU-35             [-1, 32, 8, 8]               0
2025-10-04 10:30:56,230 - CIFAR-10_Training - INFO -            Conv2d-36             [-1, 32, 4, 4]           9,248
2025-10-04 10:30:56,230 - CIFAR-10_Training - INFO -       BatchNorm2d-37             [-1, 32, 4, 4]              64
2025-10-04 10:30:56,230 - CIFAR-10_Training - INFO -         Dropout2d-38             [-1, 32, 4, 4]               0
2025-10-04 10:30:56,231 - CIFAR-10_Training - INFO -            Conv2d-39             [-1, 32, 4, 4]             320
2025-10-04 10:30:56,231 - CIFAR-10_Training - INFO -            Conv2d-40             [-1, 64, 4, 4]           2,112
2025-10-04 10:30:56,232 - CIFAR-10_Training - INFO - depthwise_separable_conv-41             [-1, 64, 4, 4]               0
2025-10-04 10:30:56,232 - CIFAR-10_Training - INFO -       BatchNorm2d-42             [-1, 64, 4, 4]             128
2025-10-04 10:30:56,232 - CIFAR-10_Training - INFO -              ReLU-43             [-1, 64, 4, 4]               0
2025-10-04 10:30:56,232 - CIFAR-10_Training - INFO -            Conv2d-44             [-1, 64, 4, 4]          36,864
2025-10-04 10:30:56,234 - CIFAR-10_Training - INFO -       BatchNorm2d-45             [-1, 64, 4, 4]             128
2025-10-04 10:30:56,234 - CIFAR-10_Training - INFO -              ReLU-46             [-1, 64, 4, 4]               0
2025-10-04 10:30:56,234 - CIFAR-10_Training - INFO -         Dropout2d-47             [-1, 64, 4, 4]               0
2025-10-04 10:30:56,234 - CIFAR-10_Training - INFO -         AvgPool2d-48             [-1, 64, 1, 1]               0
2025-10-04 10:30:56,234 - CIFAR-10_Training - INFO -            Linear-49                  [-1, 128]           8,320
2025-10-04 10:30:56,235 - CIFAR-10_Training - INFO -         Dropout2d-50                  [-1, 128]               0
2025-10-04 10:30:56,235 - CIFAR-10_Training - INFO -            Linear-51                   [-1, 10]           1,290
2025-10-04 10:30:56,235 - CIFAR-10_Training - INFO - ================================================================
2025-10-04 10:30:56,235 - CIFAR-10_Training - INFO - Total params: 144,426
2025-10-04 10:30:56,235 - CIFAR-10_Training - INFO - Trainable params: 144,426
2025-10-04 10:30:56,235 - CIFAR-10_Training - INFO - Non-trainable params: 0
2025-10-04 10:30:56,235 - CIFAR-10_Training - INFO - ----------------------------------------------------------------
2025-10-04 10:30:56,235 - CIFAR-10_Training - INFO - Input size (MB): 0.01
2025-10-04 10:30:56,235 - CIFAR-10_Training - INFO - Forward/backward pass size (MB): 3.30
2025-10-04 10:30:56,237 - CIFAR-10_Training - INFO - Params size (MB): 0.55
2025-10-04 10:30:56,237 - CIFAR-10_Training - INFO - Estimated Total Size (MB): 3.86
2025-10-04 10:30:56,238 - CIFAR-10_Training - INFO - ----------------------------------------------------------------
2025-10-04 10:30:56,238 - CIFAR-10_Training - INFO - ==================================================
2025-10-04 10:30:56,239 - CIFAR-10_Training - INFO - Setting up trainer...
2025-10-04 10:30:56,243 - CIFAR-10_Training - INFO - Using device: cuda
2025-10-04 10:30:56,243 - CIFAR-10_Training - INFO - Early stopping: Stop if train_acc - test_acc > 15.0% for 10 epochs
2025-10-04 10:30:56,244 - CIFAR-10_Training - INFO - Starting training process...
2025-10-04 10:30:56,244 - CIFAR-10_Training - INFO - Starting training process...
2025-10-04 10:30:56,245 - CIFAR-10_Training - INFO - Using optimizer: SGD
2025-10-04 10:30:56,247 - CIFAR-10_Training - INFO - Using scheduler: ReduceLROnPlateau
2025-10-04 10:30:56,247 - CIFAR-10_Training - INFO - Optimizer Configuration:
2025-10-04 10:30:56,247 - CIFAR-10_Training - INFO -   - Learning Rate: 0.05
2025-10-04 10:30:56,247 - CIFAR-10_Training - INFO -   - Momentum: 0.9
2025-10-04 10:30:56,247 - CIFAR-10_Training - INFO -   - Weight Decay: 0.0
2025-10-04 10:30:56,247 - CIFAR-10_Training - INFO - Scheduler Configuration:
2025-10-04 10:30:56,247 - CIFAR-10_Training - INFO -   - Mode: min
2025-10-04 10:30:56,248 - CIFAR-10_Training - INFO -   - Factor: 0.5
2025-10-04 10:30:56,248 - CIFAR-10_Training - INFO -   - Patience: 5
2025-10-04 10:30:56,249 - CIFAR-10_Training - INFO -   - Threshold: 0.0001
2025-10-04 10:30:56,249 - CIFAR-10_Training - INFO - Starting Epoch 1/200
2025-10-04 10:31:37,336 - CIFAR-10_Training - INFO - Epoch  1: Train Loss: 1.7759, Train Acc: 31.64%, Test Loss: 1.6971, Test Acc: 39.06%, Acc Diff: -7.42%, LR: 0.050000
2025-10-04 10:31:37,336 - CIFAR-10_Training - INFO - Starting Epoch 2/200
2025-10-04 10:32:37,336 - CIFAR-10_Training - INFO - Epoch  2: Train Loss: 1.4579, Train Acc: 45.95%, Test Loss: 1.2599, Test Acc: 54.14%, Acc Diff: -8.19%, LR: 0.050000
2025-10-04 10:32:37,336 - CIFAR-10_Training - INFO - Starting Epoch 3/200
2025-10-04 10:33:36,567 - CIFAR-10_Training - INFO - Epoch  3: Train Loss: 1.2960, Train Acc: 53.47%, Test Loss: 1.1071, Test Acc: 61.64%, Acc Diff: -8.17%, LR: 0.050000
2025-10-04 10:33:36,568 - CIFAR-10_Training - INFO - Starting Epoch 4/200
2025-10-04 10:34:36,586 - CIFAR-10_Training - INFO - Epoch  4: Train Loss: 1.1738, Train Acc: 58.36%, Test Loss: 1.0855, Test Acc: 62.02%, Acc Diff: -3.66%, LR: 0.050000
2025-10-04 10:34:36,587 - CIFAR-10_Training - INFO - Starting Epoch 5/200
2025-10-04 10:35:36,466 - CIFAR-10_Training - INFO - Epoch  5: Train Loss: 1.0927, Train Acc: 61.42%, Test Loss: 1.1196, Test Acc: 62.81%, Acc Diff: -1.39%, LR: 0.050000
2025-10-04 10:35:36,467 - CIFAR-10_Training - INFO - Starting Epoch 6/200
2025-10-04 10:36:36,046 - CIFAR-10_Training - INFO - Epoch  6: Train Loss: 1.0375, Train Acc: 63.83%, Test Loss: 0.9197, Test Acc: 68.18%, Acc Diff: -4.35%, LR: 0.050000
2025-10-04 10:36:36,046 - CIFAR-10_Training - INFO - Starting Epoch 7/200
2025-10-04 10:37:36,174 - CIFAR-10_Training - INFO - Epoch  7: Train Loss: 0.9956, Train Acc: 65.34%, Test Loss: 0.9561, Test Acc: 67.45%, Acc Diff: -2.11%, LR: 0.050000
2025-10-04 10:37:36,174 - CIFAR-10_Training - INFO - Starting Epoch 8/200
2025-10-04 10:38:35,105 - CIFAR-10_Training - INFO - Epoch  8: Train Loss: 0.9618, Train Acc: 66.78%, Test Loss: 0.9300, Test Acc: 68.66%, Acc Diff: -1.88%, LR: 0.050000
2025-10-04 10:38:35,105 - CIFAR-10_Training - INFO - Starting Epoch 9/200
2025-10-04 10:39:33,963 - CIFAR-10_Training - INFO - Epoch  9: Train Loss: 0.9391, Train Acc: 67.74%, Test Loss: 0.8243, Test Acc: 71.70%, Acc Diff: -3.96%, LR: 0.050000
2025-10-04 10:39:33,963 - CIFAR-10_Training - INFO - Starting Epoch 10/200
2025-10-04 10:40:33,121 - CIFAR-10_Training - INFO - Epoch 10: Train Loss: 0.9096, Train Acc: 68.76%, Test Loss: 0.8251, Test Acc: 71.82%, Acc Diff: -3.06%, LR: 0.050000
2025-10-04 10:40:33,122 - CIFAR-10_Training - INFO - Starting Epoch 11/200
2025-10-04 10:41:34,363 - CIFAR-10_Training - INFO - Epoch 11: Train Loss: 0.8797, Train Acc: 69.94%, Test Loss: 0.8793, Test Acc: 70.21%, Acc Diff: -0.27%, LR: 0.050000
2025-10-04 10:41:34,367 - CIFAR-10_Training - INFO - Starting Epoch 12/200
2025-10-04 10:42:38,401 - CIFAR-10_Training - INFO - Epoch 12: Train Loss: 0.8609, Train Acc: 70.62%, Test Loss: 0.8349, Test Acc: 72.06%, Acc Diff: -1.44%, LR: 0.050000
2025-10-04 10:42:38,401 - CIFAR-10_Training - INFO - Starting Epoch 13/200
2025-10-04 10:43:41,753 - CIFAR-10_Training - INFO - Epoch 13: Train Loss: 0.8485, Train Acc: 71.15%, Test Loss: 0.8020, Test Acc: 73.30%, Acc Diff: -2.15%, LR: 0.050000
2025-10-04 10:43:41,758 - CIFAR-10_Training - INFO - Starting Epoch 14/200
2025-10-04 10:44:56,940 - CIFAR-10_Training - INFO - Epoch 14: Train Loss: 0.8266, Train Acc: 71.84%, Test Loss: 0.7564, Test Acc: 74.39%, Acc Diff: -2.55%, LR: 0.050000
2025-10-04 10:44:56,941 - CIFAR-10_Training - INFO - Starting Epoch 15/200
2025-10-04 10:46:06,549 - CIFAR-10_Training - INFO - Epoch 15: Train Loss: 0.8083, Train Acc: 72.27%, Test Loss: 0.8150, Test Acc: 73.22%, Acc Diff: -0.95%, LR: 0.050000
2025-10-04 10:46:06,549 - CIFAR-10_Training - INFO - Starting Epoch 16/200
2025-10-04 10:46:46,441 - CIFAR-10_Training - INFO - Epoch 16: Train Loss: 0.7960, Train Acc: 72.80%, Test Loss: 0.7146, Test Acc: 75.57%, Acc Diff: -2.77%, LR: 0.050000
2025-10-04 10:46:46,442 - CIFAR-10_Training - INFO - Starting Epoch 17/200
2025-10-04 10:47:34,325 - CIFAR-10_Training - INFO - Epoch 17: Train Loss: 0.7845, Train Acc: 73.29%, Test Loss: 0.7722, Test Acc: 74.40%, Acc Diff: -1.11%, LR: 0.050000
2025-10-04 10:47:34,325 - CIFAR-10_Training - INFO - Starting Epoch 18/200
2025-10-04 10:48:15,439 - CIFAR-10_Training - INFO - Epoch 18: Train Loss: 0.7760, Train Acc: 73.61%, Test Loss: 0.7458, Test Acc: 75.63%, Acc Diff: -2.02%, LR: 0.050000
2025-10-04 10:48:15,439 - CIFAR-10_Training - INFO - Starting Epoch 19/200
2025-10-04 10:48:55,081 - CIFAR-10_Training - INFO - Epoch 19: Train Loss: 0.7609, Train Acc: 74.03%, Test Loss: 0.7377, Test Acc: 75.16%, Acc Diff: -1.13%, LR: 0.050000
2025-10-04 10:48:55,081 - CIFAR-10_Training - INFO - Starting Epoch 20/200
2025-10-04 10:49:34,298 - CIFAR-10_Training - INFO - Epoch 20: Train Loss: 0.7540, Train Acc: 74.41%, Test Loss: 0.6781, Test Acc: 76.78%, Acc Diff: -2.37%, LR: 0.050000
2025-10-04 10:49:34,298 - CIFAR-10_Training - INFO - Starting Epoch 21/200
2025-10-04 10:50:14,153 - CIFAR-10_Training - INFO - Epoch 21: Train Loss: 0.7369, Train Acc: 74.95%, Test Loss: 0.7005, Test Acc: 76.66%, Acc Diff: -1.71%, LR: 0.050000
2025-10-04 10:50:14,153 - CIFAR-10_Training - INFO - Starting Epoch 22/200
2025-10-04 10:50:54,114 - CIFAR-10_Training - INFO - Epoch 22: Train Loss: 0.7311, Train Acc: 75.23%, Test Loss: 0.6743, Test Acc: 77.20%, Acc Diff: -1.97%, LR: 0.050000
2025-10-04 10:50:54,114 - CIFAR-10_Training - INFO - Starting Epoch 23/200
2025-10-04 10:51:34,152 - CIFAR-10_Training - INFO - Epoch 23: Train Loss: 0.7227, Train Acc: 75.33%, Test Loss: 0.6990, Test Acc: 76.66%, Acc Diff: -1.33%, LR: 0.050000
2025-10-04 10:51:34,152 - CIFAR-10_Training - INFO - Starting Epoch 24/200
2025-10-04 10:52:15,088 - CIFAR-10_Training - INFO - Epoch 24: Train Loss: 0.7192, Train Acc: 75.34%, Test Loss: 0.6613, Test Acc: 77.35%, Acc Diff: -2.01%, LR: 0.050000
2025-10-04 10:52:15,088 - CIFAR-10_Training - INFO - Starting Epoch 25/200
2025-10-04 10:52:56,219 - CIFAR-10_Training - INFO - Epoch 25: Train Loss: 0.7046, Train Acc: 76.11%, Test Loss: 0.6969, Test Acc: 76.85%, Acc Diff: -0.74%, LR: 0.050000
2025-10-04 10:52:56,220 - CIFAR-10_Training - INFO - Starting Epoch 26/200
2025-10-04 10:53:39,882 - CIFAR-10_Training - INFO - Epoch 26: Train Loss: 0.7008, Train Acc: 76.39%, Test Loss: 0.6784, Test Acc: 77.90%, Acc Diff: -1.51%, LR: 0.050000
2025-10-04 10:53:39,886 - CIFAR-10_Training - INFO - Starting Epoch 27/200
2025-10-04 10:54:38,655 - CIFAR-10_Training - INFO - Epoch 27: Train Loss: 0.6965, Train Acc: 76.35%, Test Loss: 0.7369, Test Acc: 75.45%, Acc Diff: 0.90%, LR: 0.050000
2025-10-04 10:54:38,655 - CIFAR-10_Training - INFO - Starting Epoch 28/200
2025-10-04 10:55:34,479 - CIFAR-10_Training - INFO - Epoch 28: Train Loss: 0.6886, Train Acc: 76.52%, Test Loss: 0.6691, Test Acc: 77.37%, Acc Diff: -0.85%, LR: 0.050000
2025-10-04 10:55:34,479 - CIFAR-10_Training - INFO - Starting Epoch 29/200
2025-10-04 10:56:27,724 - CIFAR-10_Training - INFO - Epoch 29: Train Loss: 0.6845, Train Acc: 76.89%, Test Loss: 0.6566, Test Acc: 78.23%, Acc Diff: -1.34%, LR: 0.050000
2025-10-04 10:56:27,724 - CIFAR-10_Training - INFO - Starting Epoch 30/200
2025-10-04 10:57:18,734 - CIFAR-10_Training - INFO - Epoch 30: Train Loss: 0.6754, Train Acc: 77.08%, Test Loss: 0.6804, Test Acc: 76.71%, Acc Diff: 0.37%, LR: 0.050000
2025-10-04 10:57:18,734 - CIFAR-10_Training - INFO - Starting Epoch 31/200
2025-10-04 10:58:01,342 - CIFAR-10_Training - INFO - Epoch 31: Train Loss: 0.6692, Train Acc: 77.25%, Test Loss: 0.6710, Test Acc: 77.75%, Acc Diff: -0.50%, LR: 0.050000
2025-10-04 10:58:01,342 - CIFAR-10_Training - INFO - Starting Epoch 32/200
2025-10-04 10:58:38,323 - CIFAR-10_Training - INFO - Epoch 32: Train Loss: 0.6609, Train Acc: 77.61%, Test Loss: 0.6884, Test Acc: 76.96%, Acc Diff: 0.65%, LR: 0.050000
2025-10-04 10:58:38,323 - CIFAR-10_Training - INFO - Starting Epoch 33/200
2025-10-04 10:59:15,629 - CIFAR-10_Training - INFO - Epoch 33: Train Loss: 0.6618, Train Acc: 77.19%, Test Loss: 0.6305, Test Acc: 78.91%, Acc Diff: -1.72%, LR: 0.050000
2025-10-04 10:59:15,629 - CIFAR-10_Training - INFO - Starting Epoch 34/200
2025-10-04 10:59:53,353 - CIFAR-10_Training - INFO - Epoch 34: Train Loss: 0.6543, Train Acc: 77.64%, Test Loss: 0.6306, Test Acc: 78.73%, Acc Diff: -1.09%, LR: 0.050000
2025-10-04 10:59:53,353 - CIFAR-10_Training - INFO - Starting Epoch 35/200
2025-10-04 11:00:31,895 - CIFAR-10_Training - INFO - Epoch 35: Train Loss: 0.6500, Train Acc: 77.93%, Test Loss: 0.5991, Test Acc: 79.95%, Acc Diff: -2.02%, LR: 0.050000
2025-10-04 11:00:31,895 - CIFAR-10_Training - INFO - Starting Epoch 36/200
2025-10-04 11:01:10,596 - CIFAR-10_Training - INFO - Epoch 36: Train Loss: 0.6414, Train Acc: 78.07%, Test Loss: 0.6006, Test Acc: 80.10%, Acc Diff: -2.03%, LR: 0.050000
2025-10-04 11:01:10,596 - CIFAR-10_Training - INFO - Starting Epoch 37/200
2025-10-04 11:01:48,676 - CIFAR-10_Training - INFO - Epoch 37: Train Loss: 0.6330, Train Acc: 78.53%, Test Loss: 0.6495, Test Acc: 78.19%, Acc Diff: 0.34%, LR: 0.050000
2025-10-04 11:01:48,676 - CIFAR-10_Training - INFO - Starting Epoch 38/200
2025-10-04 11:02:28,351 - CIFAR-10_Training - INFO - Epoch 38: Train Loss: 0.6319, Train Acc: 78.68%, Test Loss: 0.6096, Test Acc: 79.65%, Acc Diff: -0.97%, LR: 0.050000
2025-10-04 11:02:28,351 - CIFAR-10_Training - INFO - Starting Epoch 39/200
2025-10-04 11:03:21,298 - CIFAR-10_Training - INFO - Epoch 39: Train Loss: 0.6327, Train Acc: 78.51%, Test Loss: 0.6653, Test Acc: 78.68%, Acc Diff: -0.17%, LR: 0.050000
2025-10-04 11:03:21,298 - CIFAR-10_Training - INFO - Starting Epoch 40/200
2025-10-04 11:04:15,173 - CIFAR-10_Training - INFO - Epoch 40: Train Loss: 0.6241, Train Acc: 78.58%, Test Loss: 0.6585, Test Acc: 78.22%, Acc Diff: 0.36%, LR: 0.050000
2025-10-04 11:04:15,173 - CIFAR-10_Training - INFO - Starting Epoch 41/200
2025-10-04 11:05:12,371 - CIFAR-10_Training - INFO - Epoch 41: Train Loss: 0.6180, Train Acc: 78.98%, Test Loss: 0.6851, Test Acc: 77.58%, Acc Diff: 1.40%, LR: 0.025000
2025-10-04 11:05:12,382 - CIFAR-10_Training - INFO - Starting Epoch 42/200
2025-10-04 11:06:06,453 - CIFAR-10_Training - INFO - Epoch 42: Train Loss: 0.5832, Train Acc: 80.11%, Test Loss: 0.5446, Test Acc: 82.05%, Acc Diff: -1.94%, LR: 0.025000
2025-10-04 11:06:06,453 - CIFAR-10_Training - INFO - Starting Epoch 43/200
2025-10-04 11:06:59,398 - CIFAR-10_Training - INFO - Epoch 43: Train Loss: 0.5719, Train Acc: 80.50%, Test Loss: 0.5475, Test Acc: 81.58%, Acc Diff: -1.08%, LR: 0.025000
2025-10-04 11:06:59,398 - CIFAR-10_Training - INFO - Starting Epoch 44/200
2025-10-04 11:07:52,989 - CIFAR-10_Training - INFO - Epoch 44: Train Loss: 0.5701, Train Acc: 80.36%, Test Loss: 0.5706, Test Acc: 80.91%, Acc Diff: -0.55%, LR: 0.025000
2025-10-04 11:07:52,989 - CIFAR-10_Training - INFO - Starting Epoch 45/200
2025-10-04 11:08:47,082 - CIFAR-10_Training - INFO - Epoch 45: Train Loss: 0.5715, Train Acc: 80.47%, Test Loss: 0.5712, Test Acc: 81.28%, Acc Diff: -0.81%, LR: 0.025000
2025-10-04 11:08:47,082 - CIFAR-10_Training - INFO - Starting Epoch 46/200
2025-10-04 11:09:40,738 - CIFAR-10_Training - INFO - Epoch 46: Train Loss: 0.5646, Train Acc: 80.75%, Test Loss: 0.6125, Test Acc: 79.78%, Acc Diff: 0.97%, LR: 0.025000
2025-10-04 11:09:40,738 - CIFAR-10_Training - INFO - Starting Epoch 47/200
2025-10-04 11:10:33,664 - CIFAR-10_Training - INFO - Epoch 47: Train Loss: 0.5683, Train Acc: 80.63%, Test Loss: 0.5563, Test Acc: 81.58%, Acc Diff: -0.95%, LR: 0.025000
2025-10-04 11:10:33,664 - CIFAR-10_Training - INFO - Starting Epoch 48/200
2025-10-04 11:11:29,018 - CIFAR-10_Training - INFO - Epoch 48: Train Loss: 0.5614, Train Acc: 80.72%, Test Loss: 0.5242, Test Acc: 82.59%, Acc Diff: -1.87%, LR: 0.025000
2025-10-04 11:11:29,018 - CIFAR-10_Training - INFO - Starting Epoch 49/200
2025-10-04 11:12:24,376 - CIFAR-10_Training - INFO - Epoch 49: Train Loss: 0.5557, Train Acc: 81.00%, Test Loss: 0.5386, Test Acc: 82.10%, Acc Diff: -1.10%, LR: 0.025000
2025-10-04 11:12:24,376 - CIFAR-10_Training - INFO - Starting Epoch 50/200
2025-10-04 11:13:18,474 - CIFAR-10_Training - INFO - Epoch 50: Train Loss: 0.5574, Train Acc: 80.98%, Test Loss: 0.5205, Test Acc: 82.59%, Acc Diff: -1.61%, LR: 0.025000
2025-10-04 11:13:18,474 - CIFAR-10_Training - INFO - Starting Epoch 51/200
2025-10-04 11:14:13,180 - CIFAR-10_Training - INFO - Epoch 51: Train Loss: 0.5539, Train Acc: 81.04%, Test Loss: 0.5550, Test Acc: 81.32%, Acc Diff: -0.28%, LR: 0.025000
2025-10-04 11:14:13,181 - CIFAR-10_Training - INFO - Starting Epoch 52/200
2025-10-04 11:15:08,537 - CIFAR-10_Training - INFO - Epoch 52: Train Loss: 0.5556, Train Acc: 81.01%, Test Loss: 0.5396, Test Acc: 82.04%, Acc Diff: -1.03%, LR: 0.025000
2025-10-04 11:15:08,539 - CIFAR-10_Training - INFO - Starting Epoch 53/200
2025-10-04 11:16:02,323 - CIFAR-10_Training - INFO - Epoch 53: Train Loss: 0.5505, Train Acc: 81.21%, Test Loss: 0.5130, Test Acc: 82.73%, Acc Diff: -1.52%, LR: 0.025000
2025-10-04 11:16:02,323 - CIFAR-10_Training - INFO - Starting Epoch 54/200
2025-10-04 11:17:06,696 - CIFAR-10_Training - INFO - Epoch 54: Train Loss: 0.5510, Train Acc: 81.20%, Test Loss: 0.5448, Test Acc: 81.67%, Acc Diff: -0.47%, LR: 0.025000
2025-10-04 11:17:06,696 - CIFAR-10_Training - INFO - Starting Epoch 55/200
2025-10-04 13:20:25,904 - CIFAR-10_Training - INFO - Epoch 55: Train Loss: 0.5484, Train Acc: 81.37%, Test Loss: 0.5566, Test Acc: 81.38%, Acc Diff: -0.01%, LR: 0.025000
2025-10-04 13:20:25,904 - CIFAR-10_Training - INFO - Starting Epoch 56/200
2025-10-04 13:21:36,265 - CIFAR-10_Training - INFO - Epoch 56: Train Loss: 0.5467, Train Acc: 81.36%, Test Loss: 0.5278, Test Acc: 82.27%, Acc Diff: -0.91%, LR: 0.025000
2025-10-04 13:21:36,265 - CIFAR-10_Training - INFO - Starting Epoch 57/200
2025-10-04 13:22:49,413 - CIFAR-10_Training - INFO - Epoch 57: Train Loss: 0.5474, Train Acc: 81.28%, Test Loss: 0.5269, Test Acc: 82.07%, Acc Diff: -0.79%, LR: 0.025000
2025-10-04 13:22:49,413 - CIFAR-10_Training - INFO - Starting Epoch 58/200
2025-10-04 13:24:06,071 - CIFAR-10_Training - INFO - Epoch 58: Train Loss: 0.5410, Train Acc: 81.38%, Test Loss: 0.5475, Test Acc: 81.87%, Acc Diff: -0.49%, LR: 0.025000
2025-10-04 13:24:06,071 - CIFAR-10_Training - INFO - Starting Epoch 59/200
2025-10-04 13:25:26,524 - CIFAR-10_Training - INFO - Epoch 59: Train Loss: 0.5414, Train Acc: 81.55%, Test Loss: 0.5134, Test Acc: 82.57%, Acc Diff: -1.02%, LR: 0.012500
2025-10-04 13:25:26,524 - CIFAR-10_Training - INFO - Starting Epoch 60/200
2025-10-04 13:26:36,219 - CIFAR-10_Training - INFO - Epoch 60: Train Loss: 0.5156, Train Acc: 82.36%, Test Loss: 0.5263, Test Acc: 82.67%, Acc Diff: -0.31%, LR: 0.012500
2025-10-04 13:26:36,221 - CIFAR-10_Training - INFO - Starting Epoch 61/200
2025-10-04 13:27:44,860 - CIFAR-10_Training - INFO - Epoch 61: Train Loss: 0.5151, Train Acc: 82.16%, Test Loss: 0.5040, Test Acc: 83.22%, Acc Diff: -1.06%, LR: 0.012500
2025-10-04 13:27:44,862 - CIFAR-10_Training - INFO - Starting Epoch 62/200
2025-10-04 13:28:56,050 - CIFAR-10_Training - INFO - Epoch 62: Train Loss: 0.5166, Train Acc: 82.30%, Test Loss: 0.5135, Test Acc: 82.92%, Acc Diff: -0.62%, LR: 0.012500
2025-10-04 13:28:56,050 - CIFAR-10_Training - INFO - Starting Epoch 63/200
2025-10-04 13:30:05,112 - CIFAR-10_Training - INFO - Epoch 63: Train Loss: 0.5088, Train Acc: 82.44%, Test Loss: 0.5030, Test Acc: 83.29%, Acc Diff: -0.85%, LR: 0.012500
2025-10-04 13:30:05,119 - CIFAR-10_Training - INFO - Starting Epoch 64/200
2025-10-04 13:31:14,991 - CIFAR-10_Training - INFO - Epoch 64: Train Loss: 0.5112, Train Acc: 82.45%, Test Loss: 0.5075, Test Acc: 83.02%, Acc Diff: -0.57%, LR: 0.012500
2025-10-04 13:31:14,991 - CIFAR-10_Training - INFO - Starting Epoch 65/200
2025-10-04 13:32:24,370 - CIFAR-10_Training - INFO - Epoch 65: Train Loss: 0.5071, Train Acc: 82.42%, Test Loss: 0.5233, Test Acc: 82.79%, Acc Diff: -0.37%, LR: 0.012500
2025-10-04 13:32:24,370 - CIFAR-10_Training - INFO - Starting Epoch 66/200
2025-10-04 13:33:34,213 - CIFAR-10_Training - INFO - Epoch 66: Train Loss: 0.5076, Train Acc: 82.52%, Test Loss: 0.5027, Test Acc: 83.14%, Acc Diff: -0.62%, LR: 0.012500
2025-10-04 13:33:34,218 - CIFAR-10_Training - INFO - Starting Epoch 67/200
2025-10-04 13:34:44,349 - CIFAR-10_Training - INFO - Epoch 67: Train Loss: 0.5042, Train Acc: 82.69%, Test Loss: 0.5023, Test Acc: 83.09%, Acc Diff: -0.40%, LR: 0.012500
2025-10-04 13:34:44,349 - CIFAR-10_Training - INFO - Starting Epoch 68/200
2025-10-04 13:35:53,018 - CIFAR-10_Training - INFO - Epoch 68: Train Loss: 0.5095, Train Acc: 82.53%, Test Loss: 0.4954, Test Acc: 83.29%, Acc Diff: -0.76%, LR: 0.012500
2025-10-04 13:35:53,018 - CIFAR-10_Training - INFO - Starting Epoch 69/200
2025-10-04 13:37:02,743 - CIFAR-10_Training - INFO - Epoch 69: Train Loss: 0.5103, Train Acc: 82.29%, Test Loss: 0.5067, Test Acc: 82.88%, Acc Diff: -0.59%, LR: 0.012500
2025-10-04 13:37:02,743 - CIFAR-10_Training - INFO - Starting Epoch 70/200
2025-10-04 13:38:12,258 - CIFAR-10_Training - INFO - Epoch 70: Train Loss: 0.5056, Train Acc: 82.62%, Test Loss: 0.4939, Test Acc: 83.39%, Acc Diff: -0.77%, LR: 0.012500
2025-10-04 13:38:12,258 - CIFAR-10_Training - INFO - Starting Epoch 71/200
2025-10-04 13:39:22,737 - CIFAR-10_Training - INFO - Epoch 71: Train Loss: 0.5018, Train Acc: 82.64%, Test Loss: 0.4995, Test Acc: 83.41%, Acc Diff: -0.77%, LR: 0.012500
2025-10-04 13:39:22,737 - CIFAR-10_Training - INFO - Starting Epoch 72/200
2025-10-04 13:40:34,553 - CIFAR-10_Training - INFO - Epoch 72: Train Loss: 0.5031, Train Acc: 82.74%, Test Loss: 0.5087, Test Acc: 83.07%, Acc Diff: -0.33%, LR: 0.012500
2025-10-04 13:40:34,553 - CIFAR-10_Training - INFO - Starting Epoch 73/200
2025-10-04 13:41:43,367 - CIFAR-10_Training - INFO - Epoch 73: Train Loss: 0.5009, Train Acc: 83.02%, Test Loss: 0.4972, Test Acc: 83.24%, Acc Diff: -0.22%, LR: 0.012500
2025-10-04 13:41:43,367 - CIFAR-10_Training - INFO - Starting Epoch 74/200
2025-10-04 13:42:52,788 - CIFAR-10_Training - INFO - Epoch 74: Train Loss: 0.5031, Train Acc: 82.73%, Test Loss: 0.4889, Test Acc: 83.36%, Acc Diff: -0.63%, LR: 0.012500
2025-10-04 13:42:52,788 - CIFAR-10_Training - INFO - Starting Epoch 75/200
2025-10-04 13:44:02,123 - CIFAR-10_Training - INFO - Epoch 75: Train Loss: 0.5023, Train Acc: 82.71%, Test Loss: 0.5186, Test Acc: 82.73%, Acc Diff: -0.02%, LR: 0.012500
2025-10-04 13:44:02,123 - CIFAR-10_Training - INFO - Starting Epoch 76/200
2025-10-04 13:45:12,959 - CIFAR-10_Training - INFO - Epoch 76: Train Loss: 0.4984, Train Acc: 82.75%, Test Loss: 0.5100, Test Acc: 82.80%, Acc Diff: -0.05%, LR: 0.012500
2025-10-04 13:45:12,960 - CIFAR-10_Training - INFO - Starting Epoch 77/200
2025-10-04 13:46:23,437 - CIFAR-10_Training - INFO - Epoch 77: Train Loss: 0.4971, Train Acc: 82.97%, Test Loss: 0.5028, Test Acc: 83.16%, Acc Diff: -0.19%, LR: 0.012500
2025-10-04 13:46:23,437 - CIFAR-10_Training - INFO - Starting Epoch 78/200
2025-10-04 13:47:33,114 - CIFAR-10_Training - INFO - Epoch 78: Train Loss: 0.4948, Train Acc: 82.98%, Test Loss: 0.4924, Test Acc: 83.71%, Acc Diff: -0.73%, LR: 0.012500
2025-10-04 13:47:33,114 - CIFAR-10_Training - INFO - Starting Epoch 79/200
2025-10-04 13:48:46,729 - CIFAR-10_Training - INFO - Epoch 79: Train Loss: 0.4969, Train Acc: 82.82%, Test Loss: 0.5019, Test Acc: 83.08%, Acc Diff: -0.26%, LR: 0.012500
2025-10-04 13:48:46,729 - CIFAR-10_Training - INFO - Starting Epoch 80/200
2025-10-04 13:49:55,431 - CIFAR-10_Training - INFO - Epoch 80: Train Loss: 0.4969, Train Acc: 82.85%, Test Loss: 0.4982, Test Acc: 83.32%, Acc Diff: -0.47%, LR: 0.006250
2025-10-04 13:49:55,432 - CIFAR-10_Training - INFO - Starting Epoch 81/200
2025-10-04 13:51:04,856 - CIFAR-10_Training - INFO - Epoch 81: Train Loss: 0.4838, Train Acc: 83.47%, Test Loss: 0.4886, Test Acc: 83.62%, Acc Diff: -0.15%, LR: 0.006250
2025-10-04 13:51:04,856 - CIFAR-10_Training - INFO - Starting Epoch 82/200
2025-10-04 13:52:13,366 - CIFAR-10_Training - INFO - Epoch 82: Train Loss: 0.4801, Train Acc: 83.52%, Test Loss: 0.4967, Test Acc: 83.46%, Acc Diff: 0.06%, LR: 0.006250
2025-10-04 13:52:13,366 - CIFAR-10_Training - INFO - Starting Epoch 83/200
2025-10-04 13:53:25,054 - CIFAR-10_Training - INFO - Epoch 83: Train Loss: 0.4844, Train Acc: 83.40%, Test Loss: 0.4910, Test Acc: 83.73%, Acc Diff: -0.33%, LR: 0.006250
2025-10-04 13:53:25,054 - CIFAR-10_Training - INFO - Starting Epoch 84/200
2025-10-04 13:54:33,360 - CIFAR-10_Training - INFO - Epoch 84: Train Loss: 0.4779, Train Acc: 83.50%, Test Loss: 0.4872, Test Acc: 83.66%, Acc Diff: -0.16%, LR: 0.006250
2025-10-04 13:54:33,360 - CIFAR-10_Training - INFO - Starting Epoch 85/200
2025-10-04 13:55:43,381 - CIFAR-10_Training - INFO - Epoch 85: Train Loss: 0.4724, Train Acc: 83.67%, Test Loss: 0.4923, Test Acc: 83.35%, Acc Diff: 0.32%, LR: 0.006250
2025-10-04 13:55:43,381 - CIFAR-10_Training - INFO - Starting Epoch 86/200
2025-10-04 13:56:52,951 - CIFAR-10_Training - INFO - Epoch 86: Train Loss: 0.4776, Train Acc: 83.54%, Test Loss: 0.4897, Test Acc: 83.68%, Acc Diff: -0.14%, LR: 0.006250
2025-10-04 13:56:52,951 - CIFAR-10_Training - INFO - Starting Epoch 87/200
2025-10-04 13:58:13,464 - CIFAR-10_Training - INFO - Epoch 87: Train Loss: 0.4812, Train Acc: 83.52%, Test Loss: 0.4849, Test Acc: 83.59%, Acc Diff: -0.07%, LR: 0.006250
2025-10-04 13:58:13,464 - CIFAR-10_Training - INFO - Starting Epoch 88/200
2025-10-04 13:59:42,830 - CIFAR-10_Training - INFO - Epoch 88: Train Loss: 0.4790, Train Acc: 83.38%, Test Loss: 0.4960, Test Acc: 83.55%, Acc Diff: -0.17%, LR: 0.006250
2025-10-04 13:59:42,834 - CIFAR-10_Training - INFO - Starting Epoch 89/200
2025-10-04 14:01:33,416 - CIFAR-10_Training - INFO - Epoch 89: Train Loss: 0.4794, Train Acc: 83.35%, Test Loss: 0.4844, Test Acc: 83.77%, Acc Diff: -0.42%, LR: 0.006250
2025-10-04 14:01:33,416 - CIFAR-10_Training - INFO - Starting Epoch 90/200
2025-10-04 14:03:32,404 - CIFAR-10_Training - INFO - Epoch 90: Train Loss: 0.4740, Train Acc: 83.68%, Test Loss: 0.4926, Test Acc: 83.50%, Acc Diff: 0.18%, LR: 0.006250
2025-10-04 14:03:32,404 - CIFAR-10_Training - INFO - Starting Epoch 91/200
2025-10-04 14:05:32,753 - CIFAR-10_Training - INFO - Epoch 91: Train Loss: 0.4744, Train Acc: 83.43%, Test Loss: 0.4886, Test Acc: 83.73%, Acc Diff: -0.30%, LR: 0.006250
2025-10-04 14:05:32,753 - CIFAR-10_Training - INFO - Starting Epoch 92/200
2025-10-04 14:07:30,030 - CIFAR-10_Training - INFO - Epoch 92: Train Loss: 0.4786, Train Acc: 83.57%, Test Loss: 0.4849, Test Acc: 83.95%, Acc Diff: -0.38%, LR: 0.006250
2025-10-04 14:07:30,030 - CIFAR-10_Training - INFO - Starting Epoch 93/200
2025-10-04 14:24:46,775 - CIFAR-10_Training - INFO - Epoch 93: Train Loss: 0.4754, Train Acc: 83.48%, Test Loss: 0.4919, Test Acc: 83.68%, Acc Diff: -0.20%, LR: 0.006250
2025-10-04 14:24:46,777 - CIFAR-10_Training - INFO - Starting Epoch 94/200
2025-10-04 14:26:36,470 - CIFAR-10_Training - INFO - Epoch 94: Train Loss: 0.4733, Train Acc: 83.74%, Test Loss: 0.4822, Test Acc: 83.78%, Acc Diff: -0.04%, LR: 0.006250
2025-10-04 14:26:36,470 - CIFAR-10_Training - INFO - Starting Epoch 95/200
2025-10-04 14:28:31,228 - CIFAR-10_Training - INFO - Epoch 95: Train Loss: 0.4741, Train Acc: 83.72%, Test Loss: 0.4859, Test Acc: 83.61%, Acc Diff: 0.11%, LR: 0.006250
2025-10-04 14:28:31,228 - CIFAR-10_Training - INFO - Starting Epoch 96/200
2025-10-04 14:30:29,714 - CIFAR-10_Training - INFO - Epoch 96: Train Loss: 0.4695, Train Acc: 83.77%, Test Loss: 0.4944, Test Acc: 83.62%, Acc Diff: 0.15%, LR: 0.006250
2025-10-04 14:30:29,714 - CIFAR-10_Training - INFO - Starting Epoch 97/200
2025-10-04 14:32:26,449 - CIFAR-10_Training - INFO - Epoch 97: Train Loss: 0.4733, Train Acc: 83.83%, Test Loss: 0.4941, Test Acc: 83.66%, Acc Diff: 0.17%, LR: 0.006250
2025-10-04 14:32:26,449 - CIFAR-10_Training - INFO - Starting Epoch 98/200
2025-10-04 14:34:21,056 - CIFAR-10_Training - INFO - Epoch 98: Train Loss: 0.4711, Train Acc: 83.66%, Test Loss: 0.4899, Test Acc: 83.86%, Acc Diff: -0.20%, LR: 0.006250
2025-10-04 14:34:21,056 - CIFAR-10_Training - INFO - Starting Epoch 99/200
2025-10-04 14:35:25,172 - CIFAR-10_Training - INFO - Epoch 99: Train Loss: 0.4712, Train Acc: 83.92%, Test Loss: 0.4935, Test Acc: 83.45%, Acc Diff: 0.47%, LR: 0.006250
2025-10-04 14:35:25,172 - CIFAR-10_Training - INFO - Starting Epoch 100/200
2025-10-04 14:36:22,097 - CIFAR-10_Training - INFO - Epoch 100: Train Loss: 0.4699, Train Acc: 83.69%, Test Loss: 0.4892, Test Acc: 83.71%, Acc Diff: -0.02%, LR: 0.003125
2025-10-04 14:36:22,097 - CIFAR-10_Training - INFO - Starting Epoch 101/200
2025-10-04 14:37:16,871 - CIFAR-10_Training - INFO - Epoch 101: Train Loss: 0.4673, Train Acc: 83.90%, Test Loss: 0.4759, Test Acc: 84.04%, Acc Diff: -0.14%, LR: 0.003125
2025-10-04 14:37:16,871 - CIFAR-10_Training - INFO - Starting Epoch 102/200
2025-10-04 14:38:11,996 - CIFAR-10_Training - INFO - Epoch 102: Train Loss: 0.4612, Train Acc: 84.15%, Test Loss: 0.4792, Test Acc: 84.14%, Acc Diff: 0.01%, LR: 0.003125
2025-10-04 14:38:11,996 - CIFAR-10_Training - INFO - Starting Epoch 103/200
2025-10-04 14:39:04,913 - CIFAR-10_Training - INFO - Epoch 103: Train Loss: 0.4631, Train Acc: 84.03%, Test Loss: 0.4821, Test Acc: 83.95%, Acc Diff: 0.08%, LR: 0.003125
2025-10-04 14:39:04,913 - CIFAR-10_Training - INFO - Starting Epoch 104/200
2025-10-04 14:39:57,438 - CIFAR-10_Training - INFO - Epoch 104: Train Loss: 0.4617, Train Acc: 84.15%, Test Loss: 0.4814, Test Acc: 84.09%, Acc Diff: 0.06%, LR: 0.003125
2025-10-04 14:39:57,441 - CIFAR-10_Training - INFO - Starting Epoch 105/200
2025-10-04 14:40:50,711 - CIFAR-10_Training - INFO - Epoch 105: Train Loss: 0.4580, Train Acc: 84.24%, Test Loss: 0.4859, Test Acc: 83.95%, Acc Diff: 0.29%, LR: 0.003125
2025-10-04 14:40:50,711 - CIFAR-10_Training - INFO - Starting Epoch 106/200
2025-10-04 14:41:44,380 - CIFAR-10_Training - INFO - Epoch 106: Train Loss: 0.4637, Train Acc: 84.03%, Test Loss: 0.4830, Test Acc: 84.07%, Acc Diff: -0.04%, LR: 0.003125
2025-10-04 14:41:44,380 - CIFAR-10_Training - INFO - Starting Epoch 107/200
2025-10-04 14:42:37,544 - CIFAR-10_Training - INFO - Epoch 107: Train Loss: 0.4586, Train Acc: 84.07%, Test Loss: 0.4797, Test Acc: 84.30%, Acc Diff: -0.23%, LR: 0.001563
2025-10-04 14:42:37,544 - CIFAR-10_Training - INFO - Starting Epoch 108/200
2025-10-04 14:43:30,296 - CIFAR-10_Training - INFO - Epoch 108: Train Loss: 0.4595, Train Acc: 84.03%, Test Loss: 0.4835, Test Acc: 84.03%, Acc Diff: 0.00%, LR: 0.001563
2025-10-04 14:43:30,296 - CIFAR-10_Training - INFO - Starting Epoch 109/200
2025-10-04 14:44:22,867 - CIFAR-10_Training - INFO - Epoch 109: Train Loss: 0.4504, Train Acc: 84.24%, Test Loss: 0.4821, Test Acc: 84.29%, Acc Diff: -0.05%, LR: 0.001563
2025-10-04 14:44:22,867 - CIFAR-10_Training - INFO - Starting Epoch 110/200
2025-10-04 14:45:15,402 - CIFAR-10_Training - INFO - Epoch 110: Train Loss: 0.4598, Train Acc: 84.06%, Test Loss: 0.4854, Test Acc: 84.09%, Acc Diff: -0.03%, LR: 0.001563
2025-10-04 14:45:15,402 - CIFAR-10_Training - INFO - Starting Epoch 111/200
2025-10-04 14:46:08,352 - CIFAR-10_Training - INFO - Epoch 111: Train Loss: 0.4561, Train Acc: 84.23%, Test Loss: 0.4771, Test Acc: 84.10%, Acc Diff: 0.13%, LR: 0.001563
2025-10-04 14:46:08,352 - CIFAR-10_Training - INFO - Starting Epoch 112/200
2025-10-04 14:47:01,254 - CIFAR-10_Training - INFO - Epoch 112: Train Loss: 0.4565, Train Acc: 84.27%, Test Loss: 0.4809, Test Acc: 84.07%, Acc Diff: 0.20%, LR: 0.001563
2025-10-04 14:47:01,254 - CIFAR-10_Training - INFO - Starting Epoch 113/200
2025-10-04 14:47:54,458 - CIFAR-10_Training - INFO - Epoch 113: Train Loss: 0.4499, Train Acc: 84.58%, Test Loss: 0.4750, Test Acc: 84.21%, Acc Diff: 0.37%, LR: 0.001563
2025-10-04 14:47:54,458 - CIFAR-10_Training - INFO - Starting Epoch 114/200
2025-10-04 14:48:47,561 - CIFAR-10_Training - INFO - Epoch 114: Train Loss: 0.4601, Train Acc: 84.18%, Test Loss: 0.4799, Test Acc: 84.09%, Acc Diff: 0.09%, LR: 0.001563
2025-10-04 14:48:47,561 - CIFAR-10_Training - INFO - Starting Epoch 115/200
2025-10-04 14:49:41,348 - CIFAR-10_Training - INFO - Epoch 115: Train Loss: 0.4512, Train Acc: 84.17%, Test Loss: 0.4796, Test Acc: 84.04%, Acc Diff: 0.13%, LR: 0.001563
2025-10-04 14:49:41,348 - CIFAR-10_Training - INFO - Starting Epoch 116/200
2025-10-04 14:50:34,132 - CIFAR-10_Training - INFO - Epoch 116: Train Loss: 0.4569, Train Acc: 84.27%, Test Loss: 0.4804, Test Acc: 83.86%, Acc Diff: 0.41%, LR: 0.001563
2025-10-04 14:50:34,141 - CIFAR-10_Training - INFO - Starting Epoch 117/200
2025-10-04 14:51:27,212 - CIFAR-10_Training - INFO - Epoch 117: Train Loss: 0.4539, Train Acc: 84.37%, Test Loss: 0.4802, Test Acc: 84.21%, Acc Diff: 0.16%, LR: 0.001563
2025-10-04 14:51:27,212 - CIFAR-10_Training - INFO - Starting Epoch 118/200
2025-10-04 14:52:22,807 - CIFAR-10_Training - INFO - Epoch 118: Train Loss: 0.4555, Train Acc: 84.39%, Test Loss: 0.4784, Test Acc: 84.08%, Acc Diff: 0.31%, LR: 0.001563
2025-10-04 14:52:22,814 - CIFAR-10_Training - INFO - Starting Epoch 119/200
2025-10-04 14:53:15,984 - CIFAR-10_Training - INFO - Epoch 119: Train Loss: 0.4524, Train Acc: 84.45%, Test Loss: 0.4776, Test Acc: 84.25%, Acc Diff: 0.20%, LR: 0.000781
2025-10-04 14:53:15,984 - CIFAR-10_Training - INFO - Starting Epoch 120/200
2025-10-04 14:54:10,016 - CIFAR-10_Training - INFO - Epoch 120: Train Loss: 0.4548, Train Acc: 84.32%, Test Loss: 0.4807, Test Acc: 84.12%, Acc Diff: 0.20%, LR: 0.000781
2025-10-04 14:54:10,016 - CIFAR-10_Training - INFO - Starting Epoch 121/200
2025-10-04 14:55:03,081 - CIFAR-10_Training - INFO - Epoch 121: Train Loss: 0.4537, Train Acc: 84.31%, Test Loss: 0.4791, Test Acc: 84.02%, Acc Diff: 0.29%, LR: 0.000781
2025-10-04 14:55:03,081 - CIFAR-10_Training - INFO - Starting Epoch 122/200
2025-10-04 14:55:56,063 - CIFAR-10_Training - INFO - Epoch 122: Train Loss: 0.4504, Train Acc: 84.52%, Test Loss: 0.4828, Test Acc: 84.10%, Acc Diff: 0.42%, LR: 0.000781
2025-10-04 14:55:56,063 - CIFAR-10_Training - INFO - Starting Epoch 123/200
2025-10-04 14:56:51,773 - CIFAR-10_Training - INFO - Epoch 123: Train Loss: 0.4495, Train Acc: 84.49%, Test Loss: 0.4777, Test Acc: 84.18%, Acc Diff: 0.31%, LR: 0.000781
2025-10-04 14:56:51,773 - CIFAR-10_Training - INFO - Starting Epoch 124/200
2025-10-04 14:57:44,386 - CIFAR-10_Training - INFO - Epoch 124: Train Loss: 0.4507, Train Acc: 84.63%, Test Loss: 0.4790, Test Acc: 84.15%, Acc Diff: 0.48%, LR: 0.000781
2025-10-04 14:57:44,386 - CIFAR-10_Training - INFO - Starting Epoch 125/200
2025-10-04 14:58:37,187 - CIFAR-10_Training - INFO - Epoch 125: Train Loss: 0.4526, Train Acc: 84.48%, Test Loss: 0.4770, Test Acc: 84.23%, Acc Diff: 0.25%, LR: 0.000391
2025-10-04 14:58:37,187 - CIFAR-10_Training - INFO - Starting Epoch 126/200
2025-10-04 14:59:29,865 - CIFAR-10_Training - INFO - Epoch 126: Train Loss: 0.4520, Train Acc: 84.38%, Test Loss: 0.4791, Test Acc: 84.19%, Acc Diff: 0.19%, LR: 0.000391
2025-10-04 14:59:29,865 - CIFAR-10_Training - INFO - Starting Epoch 127/200
2025-10-04 15:00:22,294 - CIFAR-10_Training - INFO - Epoch 127: Train Loss: 0.4529, Train Acc: 84.33%, Test Loss: 0.4822, Test Acc: 84.16%, Acc Diff: 0.17%, LR: 0.000391
2025-10-04 15:00:22,294 - CIFAR-10_Training - INFO - Starting Epoch 128/200
2025-10-04 15:01:14,738 - CIFAR-10_Training - INFO - Epoch 128: Train Loss: 0.4531, Train Acc: 84.29%, Test Loss: 0.4779, Test Acc: 84.06%, Acc Diff: 0.23%, LR: 0.000391
2025-10-04 15:01:14,738 - CIFAR-10_Training - INFO - Starting Epoch 129/200
2025-10-04 15:02:07,523 - CIFAR-10_Training - INFO - Epoch 129: Train Loss: 0.4492, Train Acc: 84.48%, Test Loss: 0.4752, Test Acc: 84.15%, Acc Diff: 0.33%, LR: 0.000391
2025-10-04 15:02:07,523 - CIFAR-10_Training - INFO - Starting Epoch 130/200
2025-10-04 15:03:00,702 - CIFAR-10_Training - INFO - Epoch 130: Train Loss: 0.4499, Train Acc: 84.46%, Test Loss: 0.4742, Test Acc: 84.29%, Acc Diff: 0.17%, LR: 0.000391
2025-10-04 15:03:00,702 - CIFAR-10_Training - INFO - Starting Epoch 131/200
2025-10-04 15:03:53,569 - CIFAR-10_Training - INFO - Epoch 131: Train Loss: 0.4495, Train Acc: 84.37%, Test Loss: 0.4774, Test Acc: 84.15%, Acc Diff: 0.22%, LR: 0.000391
2025-10-04 15:03:53,585 - CIFAR-10_Training - INFO - Starting Epoch 132/200
2025-10-04 15:04:46,812 - CIFAR-10_Training - INFO - Epoch 132: Train Loss: 0.4490, Train Acc: 84.47%, Test Loss: 0.4843, Test Acc: 84.07%, Acc Diff: 0.40%, LR: 0.000391
2025-10-04 15:04:46,812 - CIFAR-10_Training - INFO - Starting Epoch 133/200
2025-10-04 15:05:40,899 - CIFAR-10_Training - INFO - Epoch 133: Train Loss: 0.4507, Train Acc: 84.48%, Test Loss: 0.4786, Test Acc: 84.11%, Acc Diff: 0.37%, LR: 0.000391
2025-10-04 15:05:40,899 - CIFAR-10_Training - INFO - Starting Epoch 134/200
2025-10-04 15:06:33,580 - CIFAR-10_Training - INFO - Epoch 134: Train Loss: 0.4507, Train Acc: 84.43%, Test Loss: 0.4780, Test Acc: 84.20%, Acc Diff: 0.23%, LR: 0.000391
2025-10-04 15:06:33,580 - CIFAR-10_Training - INFO - Starting Epoch 135/200
2025-10-04 15:07:27,827 - CIFAR-10_Training - INFO - Epoch 135: Train Loss: 0.4487, Train Acc: 84.52%, Test Loss: 0.4752, Test Acc: 84.18%, Acc Diff: 0.34%, LR: 0.000391
2025-10-04 15:07:27,828 - CIFAR-10_Training - INFO - Starting Epoch 136/200
2025-10-04 15:08:21,594 - CIFAR-10_Training - INFO - Epoch 136: Train Loss: 0.4513, Train Acc: 84.43%, Test Loss: 0.4784, Test Acc: 84.24%, Acc Diff: 0.19%, LR: 0.000195
2025-10-04 15:08:21,596 - CIFAR-10_Training - INFO - Starting Epoch 137/200
2025-10-04 15:09:16,090 - CIFAR-10_Training - INFO - Epoch 137: Train Loss: 0.4520, Train Acc: 84.50%, Test Loss: 0.4753, Test Acc: 84.24%, Acc Diff: 0.26%, LR: 0.000195
2025-10-04 15:09:16,090 - CIFAR-10_Training - INFO - Starting Epoch 138/200
2025-10-04 15:10:09,486 - CIFAR-10_Training - INFO - Epoch 138: Train Loss: 0.4478, Train Acc: 84.61%, Test Loss: 0.4757, Test Acc: 84.10%, Acc Diff: 0.51%, LR: 0.000195
2025-10-04 15:10:09,486 - CIFAR-10_Training - INFO - Starting Epoch 139/200
2025-10-04 15:11:03,259 - CIFAR-10_Training - INFO - Epoch 139: Train Loss: 0.4501, Train Acc: 84.57%, Test Loss: 0.4782, Test Acc: 84.30%, Acc Diff: 0.27%, LR: 0.000195
2025-10-04 15:11:03,259 - CIFAR-10_Training - INFO - Starting Epoch 140/200
2025-10-04 15:11:56,273 - CIFAR-10_Training - INFO - Epoch 140: Train Loss: 0.4476, Train Acc: 84.69%, Test Loss: 0.4812, Test Acc: 84.20%, Acc Diff: 0.49%, LR: 0.000195
2025-10-04 15:11:56,273 - CIFAR-10_Training - INFO - Starting Epoch 141/200
2025-10-04 15:12:50,801 - CIFAR-10_Training - INFO - Epoch 141: Train Loss: 0.4504, Train Acc: 84.31%, Test Loss: 0.4764, Test Acc: 84.01%, Acc Diff: 0.30%, LR: 0.000195
2025-10-04 15:12:50,817 - CIFAR-10_Training - INFO - Starting Epoch 142/200
2025-10-04 15:13:48,262 - CIFAR-10_Training - INFO - Epoch 142: Train Loss: 0.4524, Train Acc: 84.44%, Test Loss: 0.4776, Test Acc: 84.24%, Acc Diff: 0.20%, LR: 0.000098
2025-10-04 15:13:48,262 - CIFAR-10_Training - INFO - Starting Epoch 143/200
2025-10-04 15:14:43,303 - CIFAR-10_Training - INFO - Epoch 143: Train Loss: 0.4440, Train Acc: 84.61%, Test Loss: 0.4796, Test Acc: 84.04%, Acc Diff: 0.57%, LR: 0.000098
2025-10-04 15:14:43,305 - CIFAR-10_Training - INFO - Starting Epoch 144/200
2025-10-04 15:15:37,338 - CIFAR-10_Training - INFO - Epoch 144: Train Loss: 0.4567, Train Acc: 84.10%, Test Loss: 0.4783, Test Acc: 84.28%, Acc Diff: -0.18%, LR: 0.000098
2025-10-04 15:15:37,338 - CIFAR-10_Training - INFO - Starting Epoch 145/200
2025-10-04 15:16:37,336 - CIFAR-10_Training - INFO - Epoch 145: Train Loss: 0.4481, Train Acc: 84.52%, Test Loss: 0.4803, Test Acc: 84.02%, Acc Diff: 0.50%, LR: 0.000098
2025-10-04 15:16:37,336 - CIFAR-10_Training - INFO - Starting Epoch 146/200
2025-10-04 15:17:15,633 - CIFAR-10_Training - INFO - Epoch 146: Train Loss: 0.4521, Train Acc: 84.39%, Test Loss: 0.4781, Test Acc: 84.19%, Acc Diff: 0.20%, LR: 0.000098
2025-10-04 15:17:15,634 - CIFAR-10_Training - INFO - Starting Epoch 147/200
2025-10-04 15:17:52,280 - CIFAR-10_Training - INFO - Epoch 147: Train Loss: 0.4488, Train Acc: 84.49%, Test Loss: 0.4762, Test Acc: 84.15%, Acc Diff: 0.34%, LR: 0.000098
2025-10-04 15:17:52,280 - CIFAR-10_Training - INFO - Starting Epoch 148/200
2025-10-04 15:18:28,478 - CIFAR-10_Training - INFO - Epoch 148: Train Loss: 0.4519, Train Acc: 84.43%, Test Loss: 0.4797, Test Acc: 84.14%, Acc Diff: 0.29%, LR: 0.000049
2025-10-04 15:18:28,478 - CIFAR-10_Training - INFO - Starting Epoch 149/200
2025-10-04 15:19:08,320 - CIFAR-10_Training - INFO - Epoch 149: Train Loss: 0.4501, Train Acc: 84.49%, Test Loss: 0.4782, Test Acc: 84.11%, Acc Diff: 0.38%, LR: 0.000049
2025-10-04 15:19:08,320 - CIFAR-10_Training - INFO - Starting Epoch 150/200
2025-10-04 15:19:48,297 - CIFAR-10_Training - INFO - Epoch 150: Train Loss: 0.4494, Train Acc: 84.45%, Test Loss: 0.4730, Test Acc: 84.21%, Acc Diff: 0.24%, LR: 0.000049
2025-10-04 15:19:48,297 - CIFAR-10_Training - INFO - Starting Epoch 151/200
2025-10-04 15:20:26,063 - CIFAR-10_Training - INFO - Epoch 151: Train Loss: 0.4502, Train Acc: 84.46%, Test Loss: 0.4782, Test Acc: 84.12%, Acc Diff: 0.34%, LR: 0.000049
2025-10-04 15:20:26,063 - CIFAR-10_Training - INFO - Starting Epoch 152/200
2025-10-04 15:21:03,444 - CIFAR-10_Training - INFO - Epoch 152: Train Loss: 0.4543, Train Acc: 84.29%, Test Loss: 0.4767, Test Acc: 84.17%, Acc Diff: 0.12%, LR: 0.000049
2025-10-04 15:21:03,444 - CIFAR-10_Training - INFO - Starting Epoch 153/200
2025-10-04 15:21:40,568 - CIFAR-10_Training - INFO - Epoch 153: Train Loss: 0.4505, Train Acc: 84.40%, Test Loss: 0.4784, Test Acc: 84.20%, Acc Diff: 0.20%, LR: 0.000049
2025-10-04 15:21:40,578 - CIFAR-10_Training - INFO - Starting Epoch 154/200
2025-10-04 15:22:17,921 - CIFAR-10_Training - INFO - Epoch 154: Train Loss: 0.4473, Train Acc: 84.59%, Test Loss: 0.4769, Test Acc: 84.23%, Acc Diff: 0.36%, LR: 0.000049
2025-10-04 15:22:17,921 - CIFAR-10_Training - INFO - Starting Epoch 155/200
2025-10-04 15:22:55,068 - CIFAR-10_Training - INFO - Epoch 155: Train Loss: 0.4507, Train Acc: 84.58%, Test Loss: 0.4810, Test Acc: 84.23%, Acc Diff: 0.35%, LR: 0.000049
2025-10-04 15:22:55,068 - CIFAR-10_Training - INFO - Starting Epoch 156/200
2025-10-04 15:23:32,154 - CIFAR-10_Training - INFO - Epoch 156: Train Loss: 0.4506, Train Acc: 84.49%, Test Loss: 0.4789, Test Acc: 84.22%, Acc Diff: 0.27%, LR: 0.000024
2025-10-04 15:23:32,154 - CIFAR-10_Training - INFO - Starting Epoch 157/200
2025-10-04 15:24:09,517 - CIFAR-10_Training - INFO - Epoch 157: Train Loss: 0.4501, Train Acc: 84.45%, Test Loss: 0.4762, Test Acc: 84.25%, Acc Diff: 0.20%, LR: 0.000024
2025-10-04 15:24:09,517 - CIFAR-10_Training - INFO - Starting Epoch 158/200
2025-10-04 15:24:46,502 - CIFAR-10_Training - INFO - Epoch 158: Train Loss: 0.4497, Train Acc: 84.52%, Test Loss: 0.4773, Test Acc: 84.19%, Acc Diff: 0.33%, LR: 0.000024
2025-10-04 15:24:46,502 - CIFAR-10_Training - INFO - Starting Epoch 159/200
2025-10-04 15:25:23,037 - CIFAR-10_Training - INFO - Epoch 159: Train Loss: 0.4532, Train Acc: 84.16%, Test Loss: 0.4793, Test Acc: 84.17%, Acc Diff: -0.01%, LR: 0.000024
2025-10-04 15:25:23,037 - CIFAR-10_Training - INFO - Starting Epoch 160/200
2025-10-04 15:26:00,530 - CIFAR-10_Training - INFO - Epoch 160: Train Loss: 0.4513, Train Acc: 84.22%, Test Loss: 0.4759, Test Acc: 84.20%, Acc Diff: 0.02%, LR: 0.000024
2025-10-04 15:26:00,530 - CIFAR-10_Training - INFO - Starting Epoch 161/200
2025-10-04 15:26:37,329 - CIFAR-10_Training - INFO - Epoch 161: Train Loss: 0.4467, Train Acc: 84.69%, Test Loss: 0.4794, Test Acc: 84.09%, Acc Diff: 0.60%, LR: 0.000024
2025-10-04 15:26:37,329 - CIFAR-10_Training - INFO - Starting Epoch 162/200
2025-10-04 15:27:14,600 - CIFAR-10_Training - INFO - Epoch 162: Train Loss: 0.4485, Train Acc: 84.40%, Test Loss: 0.4778, Test Acc: 84.10%, Acc Diff: 0.30%, LR: 0.000012
2025-10-04 15:27:14,600 - CIFAR-10_Training - INFO - Starting Epoch 163/200
2025-10-04 15:27:51,939 - CIFAR-10_Training - INFO - Epoch 163: Train Loss: 0.4535, Train Acc: 84.26%, Test Loss: 0.4786, Test Acc: 84.06%, Acc Diff: 0.20%, LR: 0.000012
2025-10-04 15:27:51,939 - CIFAR-10_Training - INFO - Starting Epoch 164/200
2025-10-04 15:28:29,044 - CIFAR-10_Training - INFO - Epoch 164: Train Loss: 0.4507, Train Acc: 84.44%, Test Loss: 0.4798, Test Acc: 84.18%, Acc Diff: 0.26%, LR: 0.000012
2025-10-04 15:28:29,044 - CIFAR-10_Training - INFO - Starting Epoch 165/200
2025-10-04 15:29:06,324 - CIFAR-10_Training - INFO - Epoch 165: Train Loss: 0.4461, Train Acc: 84.50%, Test Loss: 0.4762, Test Acc: 84.27%, Acc Diff: 0.23%, LR: 0.000012
2025-10-04 15:29:06,324 - CIFAR-10_Training - INFO - Starting Epoch 166/200
2025-10-04 15:29:43,774 - CIFAR-10_Training - INFO - Epoch 166: Train Loss: 0.4489, Train Acc: 84.51%, Test Loss: 0.4759, Test Acc: 84.23%, Acc Diff: 0.28%, LR: 0.000012
2025-10-04 15:29:43,774 - CIFAR-10_Training - INFO - Starting Epoch 167/200
2025-10-04 15:30:21,181 - CIFAR-10_Training - INFO - Epoch 167: Train Loss: 0.4473, Train Acc: 84.66%, Test Loss: 0.4773, Test Acc: 84.19%, Acc Diff: 0.47%, LR: 0.000012
2025-10-04 15:30:21,181 - CIFAR-10_Training - INFO - Starting Epoch 168/200
2025-10-04 15:30:58,413 - CIFAR-10_Training - INFO - Epoch 168: Train Loss: 0.4496, Train Acc: 84.44%, Test Loss: 0.4802, Test Acc: 84.17%, Acc Diff: 0.27%, LR: 0.000006
2025-10-04 15:30:58,413 - CIFAR-10_Training - INFO - Starting Epoch 169/200
2025-10-04 15:31:35,593 - CIFAR-10_Training - INFO - Epoch 169: Train Loss: 0.4514, Train Acc: 84.46%, Test Loss: 0.4778, Test Acc: 84.25%, Acc Diff: 0.21%, LR: 0.000006
2025-10-04 15:31:35,593 - CIFAR-10_Training - INFO - Starting Epoch 170/200
2025-10-04 15:32:12,657 - CIFAR-10_Training - INFO - Epoch 170: Train Loss: 0.4501, Train Acc: 84.33%, Test Loss: 0.4781, Test Acc: 84.04%, Acc Diff: 0.29%, LR: 0.000006
2025-10-04 15:32:12,657 - CIFAR-10_Training - INFO - Starting Epoch 171/200
2025-10-04 15:32:49,917 - CIFAR-10_Training - INFO - Epoch 171: Train Loss: 0.4471, Train Acc: 84.48%, Test Loss: 0.4808, Test Acc: 84.26%, Acc Diff: 0.22%, LR: 0.000006
2025-10-04 15:32:49,917 - CIFAR-10_Training - INFO - Starting Epoch 172/200
2025-10-04 15:33:27,137 - CIFAR-10_Training - INFO - Epoch 172: Train Loss: 0.4512, Train Acc: 84.40%, Test Loss: 0.4771, Test Acc: 84.31%, Acc Diff: 0.09%, LR: 0.000006
2025-10-04 15:33:27,137 - CIFAR-10_Training - INFO - Starting Epoch 173/200
2025-10-04 15:34:04,840 - CIFAR-10_Training - INFO - Epoch 173: Train Loss: 0.4507, Train Acc: 84.47%, Test Loss: 0.4776, Test Acc: 84.13%, Acc Diff: 0.34%, LR: 0.000006
2025-10-04 15:34:04,840 - CIFAR-10_Training - INFO - Starting Epoch 174/200
2025-10-04 15:34:42,355 - CIFAR-10_Training - INFO - Epoch 174: Train Loss: 0.4492, Train Acc: 84.53%, Test Loss: 0.4745, Test Acc: 84.26%, Acc Diff: 0.27%, LR: 0.000003
2025-10-04 15:34:42,355 - CIFAR-10_Training - INFO - Starting Epoch 175/200
2025-10-04 15:35:19,643 - CIFAR-10_Training - INFO - Epoch 175: Train Loss: 0.4483, Train Acc: 84.39%, Test Loss: 0.4798, Test Acc: 84.13%, Acc Diff: 0.26%, LR: 0.000003
2025-10-04 15:35:19,643 - CIFAR-10_Training - INFO - Starting Epoch 176/200
2025-10-04 15:35:56,777 - CIFAR-10_Training - INFO - Epoch 176: Train Loss: 0.4468, Train Acc: 84.61%, Test Loss: 0.4794, Test Acc: 84.10%, Acc Diff: 0.51%, LR: 0.000003
2025-10-04 15:35:56,777 - CIFAR-10_Training - INFO - Starting Epoch 177/200
2025-10-04 15:36:34,975 - CIFAR-10_Training - INFO - Epoch 177: Train Loss: 0.4483, Train Acc: 84.55%, Test Loss: 0.4804, Test Acc: 84.27%, Acc Diff: 0.28%, LR: 0.000003
2025-10-04 15:36:34,976 - CIFAR-10_Training - INFO - Starting Epoch 178/200
2025-10-04 15:37:15,717 - CIFAR-10_Training - INFO - Epoch 178: Train Loss: 0.4528, Train Acc: 84.35%, Test Loss: 0.4733, Test Acc: 84.42%, Acc Diff: -0.07%, LR: 0.000003
2025-10-04 15:37:15,718 - CIFAR-10_Training - INFO - Starting Epoch 179/200
2025-10-04 15:38:05,938 - CIFAR-10_Training - INFO - Epoch 179: Train Loss: 0.4456, Train Acc: 84.60%, Test Loss: 0.4764, Test Acc: 84.21%, Acc Diff: 0.39%, LR: 0.000003
2025-10-04 15:38:05,938 - CIFAR-10_Training - INFO - Starting Epoch 180/200
2025-10-04 15:38:57,427 - CIFAR-10_Training - INFO - Epoch 180: Train Loss: 0.4473, Train Acc: 84.59%, Test Loss: 0.4789, Test Acc: 84.24%, Acc Diff: 0.35%, LR: 0.000002
2025-10-04 15:38:57,427 - CIFAR-10_Training - INFO - Starting Epoch 181/200
2025-10-04 15:39:38,001 - CIFAR-10_Training - INFO - Epoch 181: Train Loss: 0.4494, Train Acc: 84.62%, Test Loss: 0.4799, Test Acc: 84.12%, Acc Diff: 0.50%, LR: 0.000002
2025-10-04 15:39:38,011 - CIFAR-10_Training - INFO - Starting Epoch 182/200
2025-10-04 15:40:20,602 - CIFAR-10_Training - INFO - Epoch 182: Train Loss: 0.4488, Train Acc: 84.54%, Test Loss: 0.4741, Test Acc: 84.21%, Acc Diff: 0.33%, LR: 0.000002
2025-10-04 15:40:20,602 - CIFAR-10_Training - INFO - Starting Epoch 183/200
2025-10-04 15:41:10,714 - CIFAR-10_Training - INFO - Epoch 183: Train Loss: 0.4485, Train Acc: 84.53%, Test Loss: 0.4774, Test Acc: 84.21%, Acc Diff: 0.32%, LR: 0.000002
2025-10-04 15:41:10,714 - CIFAR-10_Training - INFO - Starting Epoch 184/200
2025-10-04 15:42:23,430 - CIFAR-10_Training - INFO - Epoch 184: Train Loss: 0.4480, Train Acc: 84.54%, Test Loss: 0.4766, Test Acc: 84.23%, Acc Diff: 0.31%, LR: 0.000002
2025-10-04 15:42:23,432 - CIFAR-10_Training - INFO - Starting Epoch 185/200
2025-10-04 15:44:19,071 - CIFAR-10_Training - INFO - Epoch 185: Train Loss: 0.4499, Train Acc: 84.50%, Test Loss: 0.4804, Test Acc: 84.29%, Acc Diff: 0.21%, LR: 0.000002
2025-10-04 15:44:19,074 - CIFAR-10_Training - INFO - Starting Epoch 186/200
2025-10-04 15:45:19,205 - CIFAR-10_Training - INFO - Epoch 186: Train Loss: 0.4507, Train Acc: 84.48%, Test Loss: 0.4792, Test Acc: 84.12%, Acc Diff: 0.36%, LR: 0.000001
2025-10-04 15:45:19,205 - CIFAR-10_Training - INFO - Starting Epoch 187/200
2025-10-04 15:46:05,968 - CIFAR-10_Training - INFO - Epoch 187: Train Loss: 0.4509, Train Acc: 84.49%, Test Loss: 0.4790, Test Acc: 84.22%, Acc Diff: 0.27%, LR: 0.000001
2025-10-04 15:46:05,968 - CIFAR-10_Training - INFO - Starting Epoch 188/200
2025-10-04 15:46:46,176 - CIFAR-10_Training - INFO - Epoch 188: Train Loss: 0.4486, Train Acc: 84.42%, Test Loss: 0.4749, Test Acc: 84.30%, Acc Diff: 0.12%, LR: 0.000001
2025-10-04 15:46:46,176 - CIFAR-10_Training - INFO - Starting Epoch 189/200
2025-10-04 15:47:25,891 - CIFAR-10_Training - INFO - Epoch 189: Train Loss: 0.4499, Train Acc: 84.66%, Test Loss: 0.4784, Test Acc: 84.23%, Acc Diff: 0.43%, LR: 0.000001
2025-10-04 15:47:25,891 - CIFAR-10_Training - INFO - Starting Epoch 190/200
2025-10-04 15:48:05,501 - CIFAR-10_Training - INFO - Epoch 190: Train Loss: 0.4503, Train Acc: 84.48%, Test Loss: 0.4767, Test Acc: 84.28%, Acc Diff: 0.20%, LR: 0.000001
2025-10-04 15:48:05,501 - CIFAR-10_Training - INFO - Starting Epoch 191/200
2025-10-04 15:48:44,237 - CIFAR-10_Training - INFO - Epoch 191: Train Loss: 0.4540, Train Acc: 84.24%, Test Loss: 0.4765, Test Acc: 84.21%, Acc Diff: 0.03%, LR: 0.000001
2025-10-04 15:48:44,237 - CIFAR-10_Training - INFO - Starting Epoch 192/200
2025-10-04 15:49:24,147 - CIFAR-10_Training - INFO - Epoch 192: Train Loss: 0.4505, Train Acc: 84.50%, Test Loss: 0.4773, Test Acc: 84.23%, Acc Diff: 0.27%, LR: 0.000000
2025-10-04 15:49:24,147 - CIFAR-10_Training - INFO - Starting Epoch 193/200
2025-10-04 15:50:03,340 - CIFAR-10_Training - INFO - Epoch 193: Train Loss: 0.4490, Train Acc: 84.56%, Test Loss: 0.4771, Test Acc: 84.13%, Acc Diff: 0.43%, LR: 0.000000
2025-10-04 15:50:03,340 - CIFAR-10_Training - INFO - Starting Epoch 194/200
2025-10-04 15:50:47,483 - CIFAR-10_Training - INFO - Epoch 194: Train Loss: 0.4532, Train Acc: 84.34%, Test Loss: 0.4814, Test Acc: 84.20%, Acc Diff: 0.14%, LR: 0.000000
2025-10-04 15:50:47,483 - CIFAR-10_Training - INFO - Starting Epoch 195/200
2025-10-04 15:51:26,183 - CIFAR-10_Training - INFO - Epoch 195: Train Loss: 0.4477, Train Acc: 84.48%, Test Loss: 0.4767, Test Acc: 84.27%, Acc Diff: 0.21%, LR: 0.000000
2025-10-04 15:51:26,183 - CIFAR-10_Training - INFO - Starting Epoch 196/200
2025-10-04 15:52:05,405 - CIFAR-10_Training - INFO - Epoch 196: Train Loss: 0.4497, Train Acc: 84.48%, Test Loss: 0.4813, Test Acc: 84.18%, Acc Diff: 0.30%, LR: 0.000000
2025-10-04 15:52:05,405 - CIFAR-10_Training - INFO - Starting Epoch 197/200
2025-10-04 15:52:46,872 - CIFAR-10_Training - INFO - Epoch 197: Train Loss: 0.4475, Train Acc: 84.58%, Test Loss: 0.4783, Test Acc: 84.15%, Acc Diff: 0.43%, LR: 0.000000
2025-10-04 15:52:46,872 - CIFAR-10_Training - INFO - Starting Epoch 198/200
2025-10-04 15:53:25,311 - CIFAR-10_Training - INFO - Epoch 198: Train Loss: 0.4509, Train Acc: 84.43%, Test Loss: 0.4754, Test Acc: 84.31%, Acc Diff: 0.12%, LR: 0.000000
2025-10-04 15:53:25,311 - CIFAR-10_Training - INFO - Starting Epoch 199/200
2025-10-04 15:54:03,401 - CIFAR-10_Training - INFO - Epoch 199: Train Loss: 0.4489, Train Acc: 84.49%, Test Loss: 0.4803, Test Acc: 84.10%, Acc Diff: 0.39%, LR: 0.000000
2025-10-04 15:54:03,401 - CIFAR-10_Training - INFO - Starting Epoch 200/200
2025-10-04 15:54:43,114 - CIFAR-10_Training - INFO - Epoch 200: Train Loss: 0.4495, Train Acc: 84.50%, Test Loss: 0.4757, Test Acc: 84.34%, Acc Diff: 0.16%, LR: 0.000000
2025-10-04 15:54:43,115 - CIFAR-10_Training - INFO - Training completed!
2025-10-04 15:54:43,115 - CIFAR-10_Training - INFO - Final Results: {'final_train_loss': 0.4494986300120878, 'final_test_loss': 0.4756828229904175, 'final_train_accuracy': 84.496, 'final_test_accuracy': 84.34, 'best_test_accuracy': 84.42, 'final_accuracy_difference': 0.1559999999999917, 'max_accuracy_difference': 1.3979999999999961, 'avg_accuracy_difference': -0.39760000000000006, 'overfitting_epochs': 0, 'stopped_due_to_overfitting': False}
2025-10-04 15:54:43,115 - CIFAR-10_Training - INFO - ==================================================
2025-10-04 15:54:43,115 - CIFAR-10_Training - INFO - OVERFITTING ANALYSIS
2025-10-04 15:54:43,115 - CIFAR-10_Training - INFO - ==================================================
2025-10-04 15:54:43,115 - CIFAR-10_Training - INFO - Final accuracy difference: 0.16%
2025-10-04 15:54:43,115 - CIFAR-10_Training - INFO - Maximum accuracy difference: 1.40%
2025-10-04 15:54:43,115 - CIFAR-10_Training - INFO - Average accuracy difference: -0.40%
2025-10-04 15:54:43,115 - CIFAR-10_Training - INFO - Consecutive overfitting epochs: 0
2025-10-04 15:54:43,115 - CIFAR-10_Training - INFO - Stopped due to overfitting: False
2025-10-04 15:54:43,115 - CIFAR-10_Training - INFO - ==================================================
2025-10-04 15:54:45,880 - CIFAR-10_Training - INFO - Training curves saved to: C:\Users\krish\Documents\Krishnakanth\Learnings\Learnings\MNIST_Model\Reference\ERAS7\Model_Evolution\FineTune\logs\training_curves_20251004_155443.png
2025-10-04 15:54:51,833 - CIFAR-10_Training - INFO - Model saved to: C:\Users\krish\Documents\Krishnakanth\Learnings\Learnings\MNIST_Model\Reference\ERAS7\Model_Evolution\FineTune\models\cifar10_model_20251004_155451.pth
2025-10-04 15:54:51,833 - CIFAR-10_Training - INFO - ==================================================
2025-10-04 15:54:51,833 - CIFAR-10_Training - INFO - TRAINING PIPELINE COMPLETED SUCCESSFULLY
2025-10-04 15:54:51,833 - CIFAR-10_Training - INFO - ==================================================
2025-10-04 15:54:51,833 - CIFAR-10_Training - INFO - Final Metrics: {'final_train_loss': 0.4494986300120878, 'final_test_loss': 0.4756828229904175, 'final_train_accuracy': 84.496, 'final_test_accuracy': 84.34, 'best_test_accuracy': 84.42, 'final_accuracy_difference': 0.1559999999999917, 'max_accuracy_difference': 1.3979999999999961, 'avg_accuracy_difference': -0.39760000000000006, 'overfitting_epochs': 0, 'stopped_due_to_overfitting': False}
