2025-10-02 08:17:27,124 - CIFAR-10_Training - INFO - Logger initialized. Log file: C:\Users\krish\Documents\Krishnakanth\Learnings\Learnings\MNIST_Model\Reference\ERAS7\Model_Evolution\FineTune\logs\20251002_081727_cifar10_training.log
2025-10-02 08:17:27,124 - CIFAR-10_Training - INFO - Updated Configuration (from main()):
2025-10-02 08:17:27,124 - CIFAR-10_Training - INFO -   - Epochs: 200
2025-10-02 08:17:27,124 - CIFAR-10_Training - INFO -   - Learning Rate: 0.05
2025-10-02 08:17:27,124 - CIFAR-10_Training - INFO -   - Optimizer: SGD
2025-10-02 08:17:27,137 - CIFAR-10_Training - INFO -   - Weight Decay: 0.0
2025-10-02 08:17:27,137 - CIFAR-10_Training - INFO -   - Momentum: 0.9
2025-10-02 08:17:27,137 - CIFAR-10_Training - INFO -   - Scheduler: ReduceLROnPlateau
2025-10-02 08:17:27,137 - CIFAR-10_Training - INFO -   - Mode: min
2025-10-02 08:17:27,137 - CIFAR-10_Training - INFO -   - Factor: 0.5
2025-10-02 08:17:27,137 - CIFAR-10_Training - INFO -   - Patience: 5
2025-10-02 08:17:27,137 - CIFAR-10_Training - INFO -   - Threshold: 0.0001
2025-10-02 08:17:27,137 - CIFAR-10_Training - INFO -   - Batch Size: 128
2025-10-02 08:17:27,137 - CIFAR-10_Training - INFO -   - Num Workers: 4
2025-10-02 08:17:27,137 - CIFAR-10_Training - INFO -   - Pin Memory: True
2025-10-02 08:17:27,137 - CIFAR-10_Training - INFO -   - Shuffle: True
2025-10-02 08:17:27,137 - CIFAR-10_Training - INFO -   - Dropout Rate: 0.05
2025-10-02 08:17:27,140 - CIFAR-10_Training - INFO -   - Device: CUDA
2025-10-02 08:17:27,140 - CIFAR-10_Training - INFO -   - Log Directory: C:\Users\krish\Documents\Krishnakanth\Learnings\Learnings\MNIST_Model\Reference\ERAS7\Model_Evolution\FineTune\logs
2025-10-02 08:17:27,140 - CIFAR-10_Training - INFO -   - Model Save Directory: C:\Users\krish\Documents\Krishnakanth\Learnings\Learnings\MNIST_Model\Reference\ERAS7\Model_Evolution\FineTune\models
2025-10-02 08:17:27,140 - CIFAR-10_Training - INFO -   - Save Model: True
2025-10-02 08:17:27,140 - CIFAR-10_Training - INFO -   - Log Level: DEBUG
2025-10-02 08:17:27,140 - CIFAR-10_Training - INFO - ==================================================
2025-10-02 08:17:27,140 - CIFAR-10_Training - INFO - ==================================================
2025-10-02 08:17:27,140 - CIFAR-10_Training - INFO - CIFAR-10 TRAINING EXPERIMENT STARTED
2025-10-02 08:17:27,140 - CIFAR-10_Training - INFO - ==================================================
2025-10-02 08:17:27,142 - CIFAR-10_Training - INFO - Data Config: DataConfig(data_dir='./data', batch_size=128, num_workers=4, pin_memory=True, shuffle=True, mean=(0.1307,), std=(0.3081,), cifar10_mean=(0.4914, 0.4822, 0.4465), cifar10_std=(0.247, 0.2435, 0.2616), rotation_range=(-7.0, 7.0), fill_value=1)
2025-10-02 08:17:27,143 - CIFAR-10_Training - INFO - Model Config: ModelConfig(input_channels=1, input_size=(28, 28), num_classes=10, dropout_rate=0.05)
2025-10-02 08:17:27,143 - CIFAR-10_Training - INFO - Training Config: TrainingConfig(epochs=200, learning_rate=0.05, momentum=0.9, weight_decay=0.0, scheduler_step_size=30, scheduler_gamma=0.1, seed=1, optimizer_type='SGD', adam_betas=(0.9, 0.999), adam_eps=1e-08, rmsprop_alpha=0.99, scheduler_type='ReduceLROnPlateau', cosine_t_max=20, exponential_gamma=0.95, plateau_mode='min', plateau_factor=0.5, plateau_patience=5, plateau_threshold=0.0001)
2025-10-02 08:17:27,143 - CIFAR-10_Training - INFO - ==================================================
2025-10-02 08:17:27,143 - CIFAR-10_Training - INFO - Setting up data...
2025-10-02 08:17:27,143 - CIFAR-10_Training - INFO - Using Albumentations for data augmentation
2025-10-02 08:17:27,146 - CIFAR-10_Training - INFO - Loading CIFAR-10 dataset...
2025-10-02 08:17:29,005 - CIFAR-10_Training - INFO - CIFAR-10 dataset loaded successfully!
2025-10-02 08:17:29,005 - CIFAR-10_Training - INFO - Train samples: 50000
2025-10-02 08:17:29,005 - CIFAR-10_Training - INFO - Test samples: 10000
2025-10-02 08:17:29,005 - CIFAR-10_Training - INFO - Augmentation library: Albumentations
2025-10-02 08:17:29,005 - CIFAR-10_Training - INFO - Computing CIFAR-10 data statistics...
2025-10-02 08:17:31,334 - CIFAR-10_Training - INFO - CIFAR-10 Data Statistics:
2025-10-02 08:17:31,334 - CIFAR-10_Training - INFO -   - Shape: (50000, 32, 32, 3)
2025-10-02 08:17:31,334 - CIFAR-10_Training - INFO -   - Size: 153,600,000
2025-10-02 08:17:31,336 - CIFAR-10_Training - INFO -   - Min: 0.0000
2025-10-02 08:17:31,336 - CIFAR-10_Training - INFO -   - Max: 1.0000
2025-10-02 08:17:31,336 - CIFAR-10_Training - INFO -   - Mean: 0.4734
2025-10-02 08:17:31,336 - CIFAR-10_Training - INFO -   - Std: 0.2516
2025-10-02 08:17:31,336 - CIFAR-10_Training - INFO -   - Variance: 0.0633
2025-10-02 08:17:31,336 - CIFAR-10_Training - INFO - Channel-wise Statistics:
2025-10-02 08:17:31,336 - CIFAR-10_Training - INFO -   Red Channel:
2025-10-02 08:17:31,336 - CIFAR-10_Training - INFO -     - Mean: 0.4914
2025-10-02 08:17:31,336 - CIFAR-10_Training - INFO -     - Std: 0.2470
2025-10-02 08:17:31,336 - CIFAR-10_Training - INFO -     - Min: 0.0000
2025-10-02 08:17:31,338 - CIFAR-10_Training - INFO -     - Max: 1.0000
2025-10-02 08:17:31,338 - CIFAR-10_Training - INFO -   Green Channel:
2025-10-02 08:17:31,338 - CIFAR-10_Training - INFO -     - Mean: 0.4822
2025-10-02 08:17:31,338 - CIFAR-10_Training - INFO -     - Std: 0.2435
2025-10-02 08:17:31,338 - CIFAR-10_Training - INFO -     - Min: 0.0000
2025-10-02 08:17:31,338 - CIFAR-10_Training - INFO -     - Max: 1.0000
2025-10-02 08:17:31,338 - CIFAR-10_Training - INFO -   Blue Channel:
2025-10-02 08:17:31,338 - CIFAR-10_Training - INFO -     - Mean: 0.4465
2025-10-02 08:17:31,338 - CIFAR-10_Training - INFO -     - Std: 0.2616
2025-10-02 08:17:31,340 - CIFAR-10_Training - INFO -     - Min: 0.0000
2025-10-02 08:17:31,340 - CIFAR-10_Training - INFO -     - Max: 1.0000
2025-10-02 08:17:51,167 - CIFAR-10_Training - INFO - CIFAR-10 Batch Information:
2025-10-02 08:17:51,167 - CIFAR-10_Training - INFO -   - Batch size: 128
2025-10-02 08:17:51,167 - CIFAR-10_Training - INFO -   - Image shape: torch.Size([3, 32, 32])
2025-10-02 08:17:51,167 - CIFAR-10_Training - INFO -   - Label shape: torch.Size([128])
2025-10-02 08:17:51,167 - CIFAR-10_Training - INFO -   - Data type: torch.float32
2025-10-02 08:17:51,167 - CIFAR-10_Training - INFO -   - Number of classes: 10
2025-10-02 08:17:52,258 - CIFAR-10_Training - INFO - Getting input size from CIFAR-10 data loader...
2025-10-02 08:18:09,852 - CIFAR-10_Training - INFO - CIFAR-10 input size from data loader: (3, 32, 32)
2025-10-02 08:18:10,770 - CIFAR-10_Training - INFO - Setting up model...
2025-10-02 08:18:10,961 - CIFAR-10_Training - INFO - Generating model summary...
2025-10-02 08:18:11,860 - CIFAR-10_Training - INFO - Model Architecture Summary:
2025-10-02 08:18:11,860 - CIFAR-10_Training - INFO -   - Total Parameters: 151,606
2025-10-02 08:18:11,860 - CIFAR-10_Training - INFO -   - Batch Normalization: Yes
2025-10-02 08:18:11,860 - CIFAR-10_Training - INFO -   - Dropout: No
2025-10-02 08:18:11,860 - CIFAR-10_Training - INFO -   - GAP Layers: Yes
2025-10-02 08:18:11,860 - CIFAR-10_Training - INFO -   - FC Layers: Yes
2025-10-02 08:18:11,860 - CIFAR-10_Training - INFO - ==================================================
2025-10-02 08:18:11,860 - CIFAR-10_Training - INFO - DETAILED MODEL ARCHITECTURE SUMMARY
2025-10-02 08:18:11,860 - CIFAR-10_Training - INFO - ==================================================
2025-10-02 08:18:11,860 - CIFAR-10_Training - INFO - ----------------------------------------------------------------
2025-10-02 08:18:11,860 - CIFAR-10_Training - INFO -         Layer (type)               Output Shape         Param #
2025-10-02 08:18:11,860 - CIFAR-10_Training - INFO - ================================================================
2025-10-02 08:18:11,869 - CIFAR-10_Training - INFO -             Conv2d-1           [-1, 32, 32, 32]             864
2025-10-02 08:18:11,869 - CIFAR-10_Training - INFO -        BatchNorm2d-2           [-1, 32, 32, 32]              64
2025-10-02 08:18:11,869 - CIFAR-10_Training - INFO -               ReLU-3           [-1, 32, 32, 32]               0
2025-10-02 08:18:11,870 - CIFAR-10_Training - INFO -          Dropout2d-4           [-1, 32, 32, 32]               0
2025-10-02 08:18:11,870 - CIFAR-10_Training - INFO -             Conv2d-5           [-1, 32, 32, 32]           9,216
2025-10-02 08:18:11,870 - CIFAR-10_Training - INFO -        BatchNorm2d-6           [-1, 32, 32, 32]              64
2025-10-02 08:18:11,870 - CIFAR-10_Training - INFO -               ReLU-7           [-1, 32, 32, 32]               0
2025-10-02 08:18:11,870 - CIFAR-10_Training - INFO -          Dropout2d-8           [-1, 32, 32, 32]               0
2025-10-02 08:18:11,870 - CIFAR-10_Training - INFO -             Conv2d-9           [-1, 32, 32, 32]           9,216
2025-10-02 08:18:11,870 - CIFAR-10_Training - INFO -       BatchNorm2d-10           [-1, 32, 32, 32]              64
2025-10-02 08:18:11,870 - CIFAR-10_Training - INFO -              ReLU-11           [-1, 32, 32, 32]               0
2025-10-02 08:18:11,870 - CIFAR-10_Training - INFO -         Dropout2d-12           [-1, 32, 32, 32]               0
2025-10-02 08:18:11,870 - CIFAR-10_Training - INFO -            Conv2d-13           [-1, 32, 32, 32]           9,216
2025-10-02 08:18:11,870 - CIFAR-10_Training - INFO -       BatchNorm2d-14           [-1, 32, 32, 32]              64
2025-10-02 08:18:11,870 - CIFAR-10_Training - INFO -              ReLU-15           [-1, 32, 32, 32]               0
2025-10-02 08:18:11,870 - CIFAR-10_Training - INFO -         Dropout2d-16           [-1, 32, 32, 32]               0
2025-10-02 08:18:11,870 - CIFAR-10_Training - INFO -            Conv2d-17           [-1, 32, 16, 16]           9,248
2025-10-02 08:18:11,874 - CIFAR-10_Training - INFO -       BatchNorm2d-18           [-1, 32, 16, 16]              64
2025-10-02 08:18:11,875 - CIFAR-10_Training - INFO -            Conv2d-19           [-1, 32, 16, 16]           9,216
2025-10-02 08:18:11,875 - CIFAR-10_Training - INFO -       BatchNorm2d-20           [-1, 32, 16, 16]              64
2025-10-02 08:18:11,875 - CIFAR-10_Training - INFO -              ReLU-21           [-1, 32, 16, 16]               0
2025-10-02 08:18:11,875 - CIFAR-10_Training - INFO -         Dropout2d-22           [-1, 32, 16, 16]               0
2025-10-02 08:18:11,875 - CIFAR-10_Training - INFO -            Conv2d-23           [-1, 32, 16, 16]           9,216
2025-10-02 08:18:11,875 - CIFAR-10_Training - INFO -       BatchNorm2d-24           [-1, 32, 16, 16]              64
2025-10-02 08:18:11,876 - CIFAR-10_Training - INFO -              ReLU-25           [-1, 32, 16, 16]               0
2025-10-02 08:18:11,876 - CIFAR-10_Training - INFO -         Dropout2d-26           [-1, 32, 16, 16]               0
2025-10-02 08:18:11,883 - CIFAR-10_Training - INFO -            Conv2d-27           [-1, 32, 16, 16]           9,216
2025-10-02 08:18:11,884 - CIFAR-10_Training - INFO -       BatchNorm2d-28           [-1, 32, 16, 16]              64
2025-10-02 08:18:11,884 - CIFAR-10_Training - INFO -              ReLU-29           [-1, 32, 16, 16]               0
2025-10-02 08:18:11,884 - CIFAR-10_Training - INFO -         Dropout2d-30           [-1, 32, 16, 16]               0
2025-10-02 08:18:11,886 - CIFAR-10_Training - INFO -            Conv2d-31             [-1, 32, 8, 8]           9,248
2025-10-02 08:18:11,886 - CIFAR-10_Training - INFO -       BatchNorm2d-32             [-1, 32, 8, 8]              64
2025-10-02 08:18:11,886 - CIFAR-10_Training - INFO -            Conv2d-33             [-1, 32, 8, 8]             320
2025-10-02 08:18:11,886 - CIFAR-10_Training - INFO -            Conv2d-34             [-1, 32, 8, 8]           1,056
2025-10-02 08:18:11,886 - CIFAR-10_Training - INFO - depthwise_separable_conv-35             [-1, 32, 8, 8]               0
2025-10-02 08:18:11,886 - CIFAR-10_Training - INFO -       BatchNorm2d-36             [-1, 32, 8, 8]              64
2025-10-02 08:18:11,888 - CIFAR-10_Training - INFO -              ReLU-37             [-1, 32, 8, 8]               0
2025-10-02 08:18:11,888 - CIFAR-10_Training - INFO -         Dropout2d-38             [-1, 32, 8, 8]               0
2025-10-02 08:18:11,888 - CIFAR-10_Training - INFO -            Conv2d-39             [-1, 32, 8, 8]           9,216
2025-10-02 08:18:11,890 - CIFAR-10_Training - INFO -       BatchNorm2d-40             [-1, 32, 8, 8]              64
2025-10-02 08:18:11,892 - CIFAR-10_Training - INFO -              ReLU-41             [-1, 32, 8, 8]               0
2025-10-02 08:18:11,893 - CIFAR-10_Training - INFO -         Dropout2d-42             [-1, 32, 8, 8]               0
2025-10-02 08:18:11,893 - CIFAR-10_Training - INFO -            Conv2d-43             [-1, 32, 8, 8]           9,216
2025-10-02 08:18:11,893 - CIFAR-10_Training - INFO -       BatchNorm2d-44             [-1, 32, 8, 8]              64
2025-10-02 08:18:11,893 - CIFAR-10_Training - INFO -              ReLU-45             [-1, 32, 8, 8]               0
2025-10-02 08:18:11,895 - CIFAR-10_Training - INFO -         Dropout2d-46             [-1, 32, 8, 8]               0
2025-10-02 08:18:11,895 - CIFAR-10_Training - INFO -            Conv2d-47             [-1, 32, 4, 4]           9,248
2025-10-02 08:18:11,895 - CIFAR-10_Training - INFO -       BatchNorm2d-48             [-1, 32, 4, 4]              64
2025-10-02 08:18:11,895 - CIFAR-10_Training - INFO -            Conv2d-49             [-1, 32, 4, 4]             320
2025-10-02 08:18:11,895 - CIFAR-10_Training - INFO -            Conv2d-50             [-1, 64, 4, 4]           2,112
2025-10-02 08:18:11,895 - CIFAR-10_Training - INFO - depthwise_separable_conv-51             [-1, 64, 4, 4]               0
2025-10-02 08:18:11,898 - CIFAR-10_Training - INFO -       BatchNorm2d-52             [-1, 64, 4, 4]             128
2025-10-02 08:18:11,898 - CIFAR-10_Training - INFO -              ReLU-53             [-1, 64, 4, 4]               0
2025-10-02 08:18:11,898 - CIFAR-10_Training - INFO -         Dropout2d-54             [-1, 64, 4, 4]               0
2025-10-02 08:18:11,898 - CIFAR-10_Training - INFO -            Conv2d-55             [-1, 64, 4, 4]          36,864
2025-10-02 08:18:11,899 - CIFAR-10_Training - INFO -       BatchNorm2d-56             [-1, 64, 4, 4]             128
2025-10-02 08:18:11,899 - CIFAR-10_Training - INFO -              ReLU-57             [-1, 64, 4, 4]               0
2025-10-02 08:18:11,900 - CIFAR-10_Training - INFO -         Dropout2d-58             [-1, 64, 4, 4]               0
2025-10-02 08:18:11,900 - CIFAR-10_Training - INFO -         AvgPool2d-59             [-1, 64, 1, 1]               0
2025-10-02 08:18:11,900 - CIFAR-10_Training - INFO -            Linear-60                  [-1, 100]           6,500
2025-10-02 08:18:11,902 - CIFAR-10_Training - INFO -            Linear-61                   [-1, 10]           1,010
2025-10-02 08:18:11,903 - CIFAR-10_Training - INFO - ================================================================
2025-10-02 08:18:11,903 - CIFAR-10_Training - INFO - Total params: 151,606
2025-10-02 08:18:11,904 - CIFAR-10_Training - INFO - Trainable params: 151,606
2025-10-02 08:18:11,904 - CIFAR-10_Training - INFO - Non-trainable params: 0
2025-10-02 08:18:11,904 - CIFAR-10_Training - INFO - ----------------------------------------------------------------
2025-10-02 08:18:11,905 - CIFAR-10_Training - INFO - Input size (MB): 0.01
2025-10-02 08:18:11,905 - CIFAR-10_Training - INFO - Forward/backward pass size (MB): 5.21
2025-10-02 08:18:11,906 - CIFAR-10_Training - INFO - Params size (MB): 0.58
2025-10-02 08:18:11,906 - CIFAR-10_Training - INFO - Estimated Total Size (MB): 5.80
2025-10-02 08:18:11,906 - CIFAR-10_Training - INFO - ----------------------------------------------------------------
2025-10-02 08:18:11,906 - CIFAR-10_Training - INFO - ==================================================
2025-10-02 08:18:11,906 - CIFAR-10_Training - INFO - Setting up trainer...
2025-10-02 08:18:11,906 - CIFAR-10_Training - INFO - Using device: cuda
2025-10-02 08:18:11,906 - CIFAR-10_Training - INFO - Early stopping: Stop if train_acc - test_acc > 15.0% for 10 epochs
2025-10-02 08:18:11,910 - CIFAR-10_Training - INFO - Starting training process...
2025-10-02 08:18:11,910 - CIFAR-10_Training - INFO - Starting training process...
2025-10-02 08:18:11,912 - CIFAR-10_Training - INFO - Using optimizer: SGD
2025-10-02 08:18:11,912 - CIFAR-10_Training - INFO - Using scheduler: ReduceLROnPlateau
2025-10-02 08:18:11,912 - CIFAR-10_Training - INFO - Optimizer Configuration:
2025-10-02 08:18:11,912 - CIFAR-10_Training - INFO -   - Learning Rate: 0.05
2025-10-02 08:18:11,912 - CIFAR-10_Training - INFO -   - Momentum: 0.9
2025-10-02 08:18:11,912 - CIFAR-10_Training - INFO -   - Weight Decay: 0.0
2025-10-02 08:18:11,912 - CIFAR-10_Training - INFO - Scheduler Configuration:
2025-10-02 08:18:11,912 - CIFAR-10_Training - INFO -   - Mode: min
2025-10-02 08:18:11,912 - CIFAR-10_Training - INFO -   - Factor: 0.5
2025-10-02 08:18:11,912 - CIFAR-10_Training - INFO -   - Patience: 5
2025-10-02 08:18:11,912 - CIFAR-10_Training - INFO -   - Threshold: 0.0001
2025-10-02 08:18:11,912 - CIFAR-10_Training - INFO - Starting Epoch 1/200
2025-10-02 08:19:27,302 - CIFAR-10_Training - INFO - Epoch  1: Train Loss: 1.8436, Train Acc: 29.24%, Test Loss: 1.5694, Test Acc: 39.79%, Acc Diff: -10.55%, LR: 0.050000
2025-10-02 08:19:27,302 - CIFAR-10_Training - INFO - Starting Epoch 2/200
2025-10-02 08:20:43,910 - CIFAR-10_Training - INFO - Epoch  2: Train Loss: 1.6024, Train Acc: 40.42%, Test Loss: 1.3502, Test Acc: 48.01%, Acc Diff: -7.59%, LR: 0.050000
2025-10-02 08:20:43,910 - CIFAR-10_Training - INFO - Starting Epoch 3/200
2025-10-02 08:22:01,175 - CIFAR-10_Training - INFO - Epoch  3: Train Loss: 1.4808, Train Acc: 45.94%, Test Loss: 1.2414, Test Acc: 54.85%, Acc Diff: -8.91%, LR: 0.050000
2025-10-02 08:22:01,190 - CIFAR-10_Training - INFO - Starting Epoch 4/200
2025-10-02 08:23:36,221 - CIFAR-10_Training - INFO - Epoch  4: Train Loss: 1.3797, Train Acc: 50.25%, Test Loss: 1.1849, Test Acc: 56.94%, Acc Diff: -6.69%, LR: 0.050000
2025-10-02 08:23:36,221 - CIFAR-10_Training - INFO - Starting Epoch 5/200
2025-10-02 08:24:55,461 - CIFAR-10_Training - INFO - Epoch  5: Train Loss: 1.2928, Train Acc: 53.90%, Test Loss: 1.0804, Test Acc: 60.57%, Acc Diff: -6.67%, LR: 0.050000
2025-10-02 08:24:55,467 - CIFAR-10_Training - INFO - Starting Epoch 6/200
2025-10-02 08:26:14,236 - CIFAR-10_Training - INFO - Epoch  6: Train Loss: 1.2266, Train Acc: 56.68%, Test Loss: 0.9916, Test Acc: 64.22%, Acc Diff: -7.54%, LR: 0.050000
2025-10-02 08:26:14,236 - CIFAR-10_Training - INFO - Starting Epoch 7/200
2025-10-02 08:27:35,635 - CIFAR-10_Training - INFO - Epoch  7: Train Loss: 1.1800, Train Acc: 58.47%, Test Loss: 0.9594, Test Acc: 65.95%, Acc Diff: -7.48%, LR: 0.050000
2025-10-02 08:27:35,635 - CIFAR-10_Training - INFO - Starting Epoch 8/200
2025-10-02 08:28:56,826 - CIFAR-10_Training - INFO - Epoch  8: Train Loss: 1.1389, Train Acc: 60.00%, Test Loss: 0.9271, Test Acc: 67.44%, Acc Diff: -7.44%, LR: 0.050000
2025-10-02 08:28:56,826 - CIFAR-10_Training - INFO - Starting Epoch 9/200
2025-10-02 08:30:16,948 - CIFAR-10_Training - INFO - Epoch  9: Train Loss: 1.1182, Train Acc: 60.71%, Test Loss: 0.8949, Test Acc: 68.95%, Acc Diff: -8.24%, LR: 0.050000
2025-10-02 08:30:16,948 - CIFAR-10_Training - INFO - Starting Epoch 10/200
2025-10-02 08:31:39,921 - CIFAR-10_Training - INFO - Epoch 10: Train Loss: 1.0777, Train Acc: 62.16%, Test Loss: 0.8934, Test Acc: 68.75%, Acc Diff: -6.59%, LR: 0.050000
2025-10-02 08:31:39,921 - CIFAR-10_Training - INFO - Starting Epoch 11/200
2025-10-02 08:33:00,822 - CIFAR-10_Training - INFO - Epoch 11: Train Loss: 1.0628, Train Acc: 62.80%, Test Loss: 0.8308, Test Acc: 71.02%, Acc Diff: -8.22%, LR: 0.050000
2025-10-02 08:33:00,824 - CIFAR-10_Training - INFO - Starting Epoch 12/200
2025-10-02 08:34:21,685 - CIFAR-10_Training - INFO - Epoch 12: Train Loss: 1.0458, Train Acc: 63.74%, Test Loss: 0.8356, Test Acc: 70.98%, Acc Diff: -7.24%, LR: 0.050000
2025-10-02 08:34:21,685 - CIFAR-10_Training - INFO - Starting Epoch 13/200
2025-10-02 08:35:42,064 - CIFAR-10_Training - INFO - Epoch 13: Train Loss: 1.0238, Train Acc: 64.24%, Test Loss: 0.8305, Test Acc: 70.98%, Acc Diff: -6.74%, LR: 0.050000
2025-10-02 08:35:42,067 - CIFAR-10_Training - INFO - Starting Epoch 14/200
2025-10-02 08:36:59,519 - CIFAR-10_Training - INFO - Epoch 14: Train Loss: 1.0096, Train Acc: 65.10%, Test Loss: 0.8167, Test Acc: 71.26%, Acc Diff: -6.16%, LR: 0.050000
2025-10-02 08:36:59,520 - CIFAR-10_Training - INFO - Starting Epoch 15/200
2025-10-02 08:38:14,146 - CIFAR-10_Training - INFO - Epoch 15: Train Loss: 0.9942, Train Acc: 65.53%, Test Loss: 0.7902, Test Acc: 72.18%, Acc Diff: -6.65%, LR: 0.050000
2025-10-02 08:38:14,146 - CIFAR-10_Training - INFO - Starting Epoch 16/200
2025-10-02 08:39:29,259 - CIFAR-10_Training - INFO - Epoch 16: Train Loss: 0.9850, Train Acc: 65.93%, Test Loss: 0.7745, Test Acc: 72.82%, Acc Diff: -6.89%, LR: 0.050000
2025-10-02 08:39:29,260 - CIFAR-10_Training - INFO - Starting Epoch 17/200
2025-10-02 08:40:48,413 - CIFAR-10_Training - INFO - Epoch 17: Train Loss: 0.9687, Train Acc: 66.48%, Test Loss: 0.7655, Test Acc: 74.09%, Acc Diff: -7.61%, LR: 0.050000
2025-10-02 08:40:48,413 - CIFAR-10_Training - INFO - Starting Epoch 18/200
2025-10-02 08:42:07,112 - CIFAR-10_Training - INFO - Epoch 18: Train Loss: 0.9546, Train Acc: 66.86%, Test Loss: 0.7636, Test Acc: 73.38%, Acc Diff: -6.52%, LR: 0.050000
2025-10-02 08:42:07,114 - CIFAR-10_Training - INFO - Starting Epoch 19/200
2025-10-02 08:43:21,932 - CIFAR-10_Training - INFO - Epoch 19: Train Loss: 0.9442, Train Acc: 67.45%, Test Loss: 0.7445, Test Acc: 74.16%, Acc Diff: -6.71%, LR: 0.050000
2025-10-02 08:43:21,932 - CIFAR-10_Training - INFO - Starting Epoch 20/200
2025-10-02 08:44:37,773 - CIFAR-10_Training - INFO - Epoch 20: Train Loss: 0.9360, Train Acc: 67.71%, Test Loss: 0.7333, Test Acc: 75.05%, Acc Diff: -7.34%, LR: 0.050000
2025-10-02 08:44:37,773 - CIFAR-10_Training - INFO - Starting Epoch 21/200
2025-10-02 08:45:50,684 - CIFAR-10_Training - INFO - Epoch 21: Train Loss: 0.9269, Train Acc: 68.05%, Test Loss: 0.7591, Test Acc: 73.88%, Acc Diff: -5.83%, LR: 0.050000
2025-10-02 08:45:50,684 - CIFAR-10_Training - INFO - Starting Epoch 22/200
2025-10-02 08:47:05,341 - CIFAR-10_Training - INFO - Epoch 22: Train Loss: 0.9151, Train Acc: 68.60%, Test Loss: 0.7236, Test Acc: 74.87%, Acc Diff: -6.27%, LR: 0.050000
2025-10-02 08:47:05,341 - CIFAR-10_Training - INFO - Starting Epoch 23/200
2025-10-02 08:48:20,261 - CIFAR-10_Training - INFO - Epoch 23: Train Loss: 0.9070, Train Acc: 68.83%, Test Loss: 0.7001, Test Acc: 76.12%, Acc Diff: -7.29%, LR: 0.050000
2025-10-02 08:48:20,261 - CIFAR-10_Training - INFO - Starting Epoch 24/200
2025-10-02 08:49:35,974 - CIFAR-10_Training - INFO - Epoch 24: Train Loss: 0.9062, Train Acc: 68.87%, Test Loss: 0.6849, Test Acc: 76.26%, Acc Diff: -7.39%, LR: 0.050000
2025-10-02 08:49:35,977 - CIFAR-10_Training - INFO - Starting Epoch 25/200
2025-10-02 08:50:50,950 - CIFAR-10_Training - INFO - Epoch 25: Train Loss: 0.8990, Train Acc: 69.29%, Test Loss: 0.6858, Test Acc: 76.01%, Acc Diff: -6.72%, LR: 0.050000
2025-10-02 08:50:50,950 - CIFAR-10_Training - INFO - Starting Epoch 26/200
2025-10-02 08:52:05,177 - CIFAR-10_Training - INFO - Epoch 26: Train Loss: 0.8919, Train Acc: 69.37%, Test Loss: 0.6701, Test Acc: 77.48%, Acc Diff: -8.11%, LR: 0.050000
2025-10-02 08:52:05,179 - CIFAR-10_Training - INFO - Starting Epoch 27/200
2025-10-02 08:53:38,528 - CIFAR-10_Training - INFO - Epoch 27: Train Loss: 0.8741, Train Acc: 70.12%, Test Loss: 0.6866, Test Acc: 76.57%, Acc Diff: -6.45%, LR: 0.050000
2025-10-02 08:53:38,529 - CIFAR-10_Training - INFO - Starting Epoch 28/200
2025-10-02 08:55:32,351 - CIFAR-10_Training - INFO - Epoch 28: Train Loss: 0.8737, Train Acc: 69.81%, Test Loss: 0.6709, Test Acc: 77.01%, Acc Diff: -7.20%, LR: 0.050000
2025-10-02 08:55:32,351 - CIFAR-10_Training - INFO - Starting Epoch 29/200
2025-10-02 08:56:33,569 - CIFAR-10_Training - INFO - Epoch 29: Train Loss: 0.8639, Train Acc: 70.29%, Test Loss: 0.6713, Test Acc: 77.06%, Acc Diff: -6.77%, LR: 0.050000
2025-10-02 08:56:33,569 - CIFAR-10_Training - INFO - Starting Epoch 30/200
2025-10-02 08:57:29,353 - CIFAR-10_Training - INFO - Epoch 30: Train Loss: 0.8519, Train Acc: 70.89%, Test Loss: 0.6826, Test Acc: 76.91%, Acc Diff: -6.02%, LR: 0.050000
2025-10-02 08:57:29,358 - CIFAR-10_Training - INFO - Starting Epoch 31/200
2025-10-02 08:58:24,208 - CIFAR-10_Training - INFO - Epoch 31: Train Loss: 0.8546, Train Acc: 70.63%, Test Loss: 0.6400, Test Acc: 78.37%, Acc Diff: -7.74%, LR: 0.050000
2025-10-02 08:58:24,210 - CIFAR-10_Training - INFO - Starting Epoch 32/200
2025-10-02 08:59:18,900 - CIFAR-10_Training - INFO - Epoch 32: Train Loss: 0.8433, Train Acc: 71.30%, Test Loss: 0.6354, Test Acc: 78.57%, Acc Diff: -7.27%, LR: 0.050000
2025-10-02 08:59:18,902 - CIFAR-10_Training - INFO - Starting Epoch 33/200
2025-10-02 09:00:13,835 - CIFAR-10_Training - INFO - Epoch 33: Train Loss: 0.8395, Train Acc: 71.18%, Test Loss: 0.6488, Test Acc: 78.24%, Acc Diff: -7.06%, LR: 0.050000
2025-10-02 09:00:13,835 - CIFAR-10_Training - INFO - Starting Epoch 34/200
2025-10-02 09:01:13,570 - CIFAR-10_Training - INFO - Epoch 34: Train Loss: 0.8367, Train Acc: 71.31%, Test Loss: 0.6397, Test Acc: 78.07%, Acc Diff: -6.76%, LR: 0.050000
2025-10-02 09:01:13,570 - CIFAR-10_Training - INFO - Starting Epoch 35/200
2025-10-02 09:02:09,048 - CIFAR-10_Training - INFO - Epoch 35: Train Loss: 0.8253, Train Acc: 71.67%, Test Loss: 0.6252, Test Acc: 78.70%, Acc Diff: -7.03%, LR: 0.050000
2025-10-02 09:02:09,048 - CIFAR-10_Training - INFO - Starting Epoch 36/200
2025-10-02 09:03:05,661 - CIFAR-10_Training - INFO - Epoch 36: Train Loss: 0.8221, Train Acc: 71.82%, Test Loss: 0.6142, Test Acc: 79.55%, Acc Diff: -7.73%, LR: 0.050000
2025-10-02 09:03:05,661 - CIFAR-10_Training - INFO - Starting Epoch 37/200
2025-10-02 09:04:00,416 - CIFAR-10_Training - INFO - Epoch 37: Train Loss: 0.8166, Train Acc: 72.06%, Test Loss: 0.6321, Test Acc: 78.46%, Acc Diff: -6.40%, LR: 0.050000
2025-10-02 09:04:00,416 - CIFAR-10_Training - INFO - Starting Epoch 38/200
2025-10-02 09:04:57,275 - CIFAR-10_Training - INFO - Epoch 38: Train Loss: 0.8142, Train Acc: 72.09%, Test Loss: 0.6305, Test Acc: 78.33%, Acc Diff: -6.24%, LR: 0.050000
2025-10-02 09:04:57,275 - CIFAR-10_Training - INFO - Starting Epoch 39/200
2025-10-02 09:05:54,726 - CIFAR-10_Training - INFO - Epoch 39: Train Loss: 0.8107, Train Acc: 72.21%, Test Loss: 0.6274, Test Acc: 78.66%, Acc Diff: -6.45%, LR: 0.050000
2025-10-02 09:05:54,726 - CIFAR-10_Training - INFO - Starting Epoch 40/200
2025-10-02 09:06:51,556 - CIFAR-10_Training - INFO - Epoch 40: Train Loss: 0.8021, Train Acc: 72.41%, Test Loss: 0.6118, Test Acc: 79.44%, Acc Diff: -7.03%, LR: 0.050000
2025-10-02 09:06:51,556 - CIFAR-10_Training - INFO - Starting Epoch 41/200
2025-10-02 09:07:46,326 - CIFAR-10_Training - INFO - Epoch 41: Train Loss: 0.7986, Train Acc: 72.52%, Test Loss: 0.6077, Test Acc: 79.21%, Acc Diff: -6.69%, LR: 0.050000
2025-10-02 09:07:46,326 - CIFAR-10_Training - INFO - Starting Epoch 42/200
2025-10-02 09:08:41,594 - CIFAR-10_Training - INFO - Epoch 42: Train Loss: 0.7972, Train Acc: 72.70%, Test Loss: 0.6187, Test Acc: 78.88%, Acc Diff: -6.18%, LR: 0.050000
2025-10-02 09:08:41,594 - CIFAR-10_Training - INFO - Starting Epoch 43/200
2025-10-02 09:09:36,567 - CIFAR-10_Training - INFO - Epoch 43: Train Loss: 0.7939, Train Acc: 72.96%, Test Loss: 0.6132, Test Acc: 79.11%, Acc Diff: -6.15%, LR: 0.050000
2025-10-02 09:09:36,567 - CIFAR-10_Training - INFO - Starting Epoch 44/200
2025-10-02 09:10:32,128 - CIFAR-10_Training - INFO - Epoch 44: Train Loss: 0.7876, Train Acc: 73.11%, Test Loss: 0.5934, Test Acc: 79.77%, Acc Diff: -6.66%, LR: 0.050000
2025-10-02 09:10:32,128 - CIFAR-10_Training - INFO - Starting Epoch 45/200
2025-10-02 09:11:26,930 - CIFAR-10_Training - INFO - Epoch 45: Train Loss: 0.7858, Train Acc: 73.21%, Test Loss: 0.5962, Test Acc: 79.93%, Acc Diff: -6.72%, LR: 0.050000
2025-10-02 09:11:26,930 - CIFAR-10_Training - INFO - Starting Epoch 46/200
2025-10-02 09:12:22,640 - CIFAR-10_Training - INFO - Epoch 46: Train Loss: 0.7817, Train Acc: 73.25%, Test Loss: 0.6017, Test Acc: 79.66%, Acc Diff: -6.41%, LR: 0.050000
2025-10-02 09:12:22,640 - CIFAR-10_Training - INFO - Starting Epoch 47/200
2025-10-02 09:13:18,354 - CIFAR-10_Training - INFO - Epoch 47: Train Loss: 0.7841, Train Acc: 73.31%, Test Loss: 0.6097, Test Acc: 79.27%, Acc Diff: -5.96%, LR: 0.050000
2025-10-02 09:13:18,354 - CIFAR-10_Training - INFO - Starting Epoch 48/200
2025-10-02 09:14:13,214 - CIFAR-10_Training - INFO - Epoch 48: Train Loss: 0.7720, Train Acc: 73.49%, Test Loss: 0.5765, Test Acc: 80.35%, Acc Diff: -6.86%, LR: 0.050000
2025-10-02 09:14:13,214 - CIFAR-10_Training - INFO - Starting Epoch 49/200
2025-10-02 09:15:08,011 - CIFAR-10_Training - INFO - Epoch 49: Train Loss: 0.7728, Train Acc: 73.40%, Test Loss: 0.6063, Test Acc: 79.43%, Acc Diff: -6.03%, LR: 0.050000
2025-10-02 09:15:08,011 - CIFAR-10_Training - INFO - Starting Epoch 50/200
2025-10-02 09:16:03,159 - CIFAR-10_Training - INFO - Epoch 50: Train Loss: 0.7721, Train Acc: 73.50%, Test Loss: 0.5812, Test Acc: 80.38%, Acc Diff: -6.88%, LR: 0.050000
2025-10-02 09:16:03,159 - CIFAR-10_Training - INFO - Starting Epoch 51/200
2025-10-02 09:16:59,864 - CIFAR-10_Training - INFO - Epoch 51: Train Loss: 0.7657, Train Acc: 73.79%, Test Loss: 0.5876, Test Acc: 79.97%, Acc Diff: -6.18%, LR: 0.050000
2025-10-02 09:16:59,864 - CIFAR-10_Training - INFO - Starting Epoch 52/200
2025-10-02 09:17:59,922 - CIFAR-10_Training - INFO - Epoch 52: Train Loss: 0.7627, Train Acc: 74.06%, Test Loss: 0.5739, Test Acc: 80.43%, Acc Diff: -6.37%, LR: 0.050000
2025-10-02 09:17:59,922 - CIFAR-10_Training - INFO - Starting Epoch 53/200
2025-10-02 09:18:55,786 - CIFAR-10_Training - INFO - Epoch 53: Train Loss: 0.7615, Train Acc: 73.82%, Test Loss: 0.5832, Test Acc: 80.21%, Acc Diff: -6.39%, LR: 0.050000
2025-10-02 09:18:55,786 - CIFAR-10_Training - INFO - Starting Epoch 54/200
2025-10-02 09:19:51,071 - CIFAR-10_Training - INFO - Epoch 54: Train Loss: 0.7596, Train Acc: 73.94%, Test Loss: 0.5800, Test Acc: 80.16%, Acc Diff: -6.22%, LR: 0.050000
2025-10-02 09:19:51,071 - CIFAR-10_Training - INFO - Starting Epoch 55/200
2025-10-02 09:20:46,224 - CIFAR-10_Training - INFO - Epoch 55: Train Loss: 0.7540, Train Acc: 74.21%, Test Loss: 0.5620, Test Acc: 81.01%, Acc Diff: -6.80%, LR: 0.050000
2025-10-02 09:20:46,224 - CIFAR-10_Training - INFO - Starting Epoch 56/200
2025-10-02 09:21:42,035 - CIFAR-10_Training - INFO - Epoch 56: Train Loss: 0.7529, Train Acc: 74.36%, Test Loss: 0.5775, Test Acc: 80.06%, Acc Diff: -5.70%, LR: 0.050000
2025-10-02 09:21:42,035 - CIFAR-10_Training - INFO - Starting Epoch 57/200
2025-10-02 09:22:37,210 - CIFAR-10_Training - INFO - Epoch 57: Train Loss: 0.7518, Train Acc: 74.29%, Test Loss: 0.5668, Test Acc: 80.54%, Acc Diff: -6.25%, LR: 0.050000
2025-10-02 09:22:37,210 - CIFAR-10_Training - INFO - Starting Epoch 58/200
2025-10-02 09:23:32,966 - CIFAR-10_Training - INFO - Epoch 58: Train Loss: 0.7492, Train Acc: 74.26%, Test Loss: 0.5602, Test Acc: 80.85%, Acc Diff: -6.59%, LR: 0.050000
2025-10-02 09:23:32,966 - CIFAR-10_Training - INFO - Starting Epoch 59/200
2025-10-02 09:24:28,483 - CIFAR-10_Training - INFO - Epoch 59: Train Loss: 0.7506, Train Acc: 74.06%, Test Loss: 0.5674, Test Acc: 80.57%, Acc Diff: -6.51%, LR: 0.050000
2025-10-02 09:24:28,483 - CIFAR-10_Training - INFO - Starting Epoch 60/200
2025-10-02 09:25:24,286 - CIFAR-10_Training - INFO - Epoch 60: Train Loss: 0.7424, Train Acc: 74.68%, Test Loss: 0.5597, Test Acc: 80.82%, Acc Diff: -6.14%, LR: 0.050000
2025-10-02 09:25:24,286 - CIFAR-10_Training - INFO - Starting Epoch 61/200
2025-10-02 09:26:19,959 - CIFAR-10_Training - INFO - Epoch 61: Train Loss: 0.7419, Train Acc: 74.49%, Test Loss: 0.5698, Test Acc: 80.54%, Acc Diff: -6.05%, LR: 0.050000
2025-10-02 09:26:19,959 - CIFAR-10_Training - INFO - Starting Epoch 62/200
2025-10-02 09:27:15,417 - CIFAR-10_Training - INFO - Epoch 62: Train Loss: 0.7376, Train Acc: 74.99%, Test Loss: 0.5656, Test Acc: 80.60%, Acc Diff: -5.61%, LR: 0.050000
2025-10-02 09:27:15,417 - CIFAR-10_Training - INFO - Starting Epoch 63/200
2025-10-02 09:28:10,535 - CIFAR-10_Training - INFO - Epoch 63: Train Loss: 0.7363, Train Acc: 74.73%, Test Loss: 0.5542, Test Acc: 81.20%, Acc Diff: -6.47%, LR: 0.050000
2025-10-02 09:28:10,535 - CIFAR-10_Training - INFO - Starting Epoch 64/200
2025-10-02 09:29:06,053 - CIFAR-10_Training - INFO - Epoch 64: Train Loss: 0.7348, Train Acc: 74.82%, Test Loss: 0.5574, Test Acc: 81.21%, Acc Diff: -6.39%, LR: 0.050000
2025-10-02 09:29:06,053 - CIFAR-10_Training - INFO - Starting Epoch 65/200
2025-10-02 09:30:00,365 - CIFAR-10_Training - INFO - Epoch 65: Train Loss: 0.7349, Train Acc: 74.76%, Test Loss: 0.5504, Test Acc: 81.26%, Acc Diff: -6.50%, LR: 0.050000
2025-10-02 09:30:00,365 - CIFAR-10_Training - INFO - Starting Epoch 66/200
2025-10-02 09:30:54,948 - CIFAR-10_Training - INFO - Epoch 66: Train Loss: 0.7282, Train Acc: 75.18%, Test Loss: 0.5579, Test Acc: 81.13%, Acc Diff: -5.95%, LR: 0.050000
2025-10-02 09:30:54,948 - CIFAR-10_Training - INFO - Starting Epoch 67/200
2025-10-02 09:31:51,729 - CIFAR-10_Training - INFO - Epoch 67: Train Loss: 0.7275, Train Acc: 75.13%, Test Loss: 0.5547, Test Acc: 80.91%, Acc Diff: -5.78%, LR: 0.050000
2025-10-02 09:31:51,729 - CIFAR-10_Training - INFO - Starting Epoch 68/200
2025-10-02 09:32:47,052 - CIFAR-10_Training - INFO - Epoch 68: Train Loss: 0.7215, Train Acc: 75.35%, Test Loss: 0.5546, Test Acc: 80.85%, Acc Diff: -5.50%, LR: 0.050000
2025-10-02 09:32:47,065 - CIFAR-10_Training - INFO - Starting Epoch 69/200
2025-10-02 09:33:41,316 - CIFAR-10_Training - INFO - Epoch 69: Train Loss: 0.7273, Train Acc: 75.13%, Test Loss: 0.5589, Test Acc: 80.91%, Acc Diff: -5.78%, LR: 0.050000
2025-10-02 09:33:41,316 - CIFAR-10_Training - INFO - Starting Epoch 70/200
2025-10-02 09:34:36,476 - CIFAR-10_Training - INFO - Epoch 70: Train Loss: 0.7258, Train Acc: 74.98%, Test Loss: 0.5860, Test Acc: 79.65%, Acc Diff: -4.67%, LR: 0.050000
2025-10-02 09:34:36,476 - CIFAR-10_Training - INFO - Starting Epoch 71/200
2025-10-02 09:35:31,234 - CIFAR-10_Training - INFO - Epoch 71: Train Loss: 0.7213, Train Acc: 75.20%, Test Loss: 0.5599, Test Acc: 81.21%, Acc Diff: -6.01%, LR: 0.025000
2025-10-02 09:35:31,234 - CIFAR-10_Training - INFO - Starting Epoch 72/200
2025-10-02 09:36:26,392 - CIFAR-10_Training - INFO - Epoch 72: Train Loss: 0.6899, Train Acc: 76.46%, Test Loss: 0.5219, Test Acc: 82.23%, Acc Diff: -5.77%, LR: 0.025000
2025-10-02 09:36:26,392 - CIFAR-10_Training - INFO - Starting Epoch 73/200
2025-10-02 09:37:22,255 - CIFAR-10_Training - INFO - Epoch 73: Train Loss: 0.6812, Train Acc: 76.68%, Test Loss: 0.5257, Test Acc: 82.29%, Acc Diff: -5.61%, LR: 0.025000
2025-10-02 09:37:22,265 - CIFAR-10_Training - INFO - Starting Epoch 74/200
2025-10-02 09:38:17,537 - CIFAR-10_Training - INFO - Epoch 74: Train Loss: 0.6797, Train Acc: 76.89%, Test Loss: 0.5245, Test Acc: 82.20%, Acc Diff: -5.31%, LR: 0.025000
2025-10-02 09:38:17,537 - CIFAR-10_Training - INFO - Starting Epoch 75/200
2025-10-02 09:39:12,797 - CIFAR-10_Training - INFO - Epoch 75: Train Loss: 0.6816, Train Acc: 76.48%, Test Loss: 0.5248, Test Acc: 81.97%, Acc Diff: -5.49%, LR: 0.025000
2025-10-02 09:39:12,797 - CIFAR-10_Training - INFO - Starting Epoch 76/200
2025-10-02 09:40:07,326 - CIFAR-10_Training - INFO - Epoch 76: Train Loss: 0.6759, Train Acc: 76.96%, Test Loss: 0.5316, Test Acc: 81.92%, Acc Diff: -4.96%, LR: 0.025000
2025-10-02 09:40:07,326 - CIFAR-10_Training - INFO - Starting Epoch 77/200
2025-10-02 09:41:02,752 - CIFAR-10_Training - INFO - Epoch 77: Train Loss: 0.6769, Train Acc: 76.73%, Test Loss: 0.5229, Test Acc: 82.23%, Acc Diff: -5.50%, LR: 0.025000
2025-10-02 09:41:02,752 - CIFAR-10_Training - INFO - Starting Epoch 78/200
2025-10-02 09:41:58,420 - CIFAR-10_Training - INFO - Epoch 78: Train Loss: 0.6746, Train Acc: 76.92%, Test Loss: 0.5156, Test Acc: 82.59%, Acc Diff: -5.67%, LR: 0.025000
2025-10-02 09:41:58,420 - CIFAR-10_Training - INFO - Starting Epoch 79/200
2025-10-02 09:42:54,005 - CIFAR-10_Training - INFO - Epoch 79: Train Loss: 0.6698, Train Acc: 77.01%, Test Loss: 0.5202, Test Acc: 82.16%, Acc Diff: -5.15%, LR: 0.025000
2025-10-02 09:42:54,005 - CIFAR-10_Training - INFO - Starting Epoch 80/200
2025-10-02 09:43:49,324 - CIFAR-10_Training - INFO - Epoch 80: Train Loss: 0.6747, Train Acc: 76.97%, Test Loss: 0.5169, Test Acc: 82.38%, Acc Diff: -5.41%, LR: 0.025000
2025-10-02 09:43:49,324 - CIFAR-10_Training - INFO - Starting Epoch 81/200
2025-10-02 09:44:44,010 - CIFAR-10_Training - INFO - Epoch 81: Train Loss: 0.6743, Train Acc: 77.04%, Test Loss: 0.5175, Test Acc: 82.39%, Acc Diff: -5.35%, LR: 0.025000
2025-10-02 09:44:44,010 - CIFAR-10_Training - INFO - Starting Epoch 82/200
2025-10-02 09:45:39,189 - CIFAR-10_Training - INFO - Epoch 82: Train Loss: 0.6665, Train Acc: 77.14%, Test Loss: 0.5220, Test Acc: 82.33%, Acc Diff: -5.19%, LR: 0.025000
2025-10-02 09:45:39,189 - CIFAR-10_Training - INFO - Starting Epoch 83/200
2025-10-02 09:46:34,845 - CIFAR-10_Training - INFO - Epoch 83: Train Loss: 0.6685, Train Acc: 76.89%, Test Loss: 0.5153, Test Acc: 82.63%, Acc Diff: -5.74%, LR: 0.025000
2025-10-02 09:46:34,845 - CIFAR-10_Training - INFO - Starting Epoch 84/200
2025-10-02 09:47:29,852 - CIFAR-10_Training - INFO - Epoch 84: Train Loss: 0.6683, Train Acc: 77.06%, Test Loss: 0.5132, Test Acc: 82.48%, Acc Diff: -5.42%, LR: 0.025000
2025-10-02 09:47:29,852 - CIFAR-10_Training - INFO - Starting Epoch 85/200
2025-10-02 09:48:25,422 - CIFAR-10_Training - INFO - Epoch 85: Train Loss: 0.6692, Train Acc: 77.01%, Test Loss: 0.5119, Test Acc: 82.27%, Acc Diff: -5.26%, LR: 0.025000
2025-10-02 09:48:25,422 - CIFAR-10_Training - INFO - Starting Epoch 86/200
2025-10-02 09:49:20,336 - CIFAR-10_Training - INFO - Epoch 86: Train Loss: 0.6667, Train Acc: 76.96%, Test Loss: 0.5165, Test Acc: 82.61%, Acc Diff: -5.65%, LR: 0.025000
2025-10-02 09:49:20,336 - CIFAR-10_Training - INFO - Starting Epoch 87/200
2025-10-02 09:50:15,314 - CIFAR-10_Training - INFO - Epoch 87: Train Loss: 0.6677, Train Acc: 76.98%, Test Loss: 0.5075, Test Acc: 82.93%, Acc Diff: -5.95%, LR: 0.025000
2025-10-02 09:50:15,314 - CIFAR-10_Training - INFO - Starting Epoch 88/200
2025-10-02 09:51:10,521 - CIFAR-10_Training - INFO - Epoch 88: Train Loss: 0.6737, Train Acc: 76.97%, Test Loss: 0.5075, Test Acc: 82.83%, Acc Diff: -5.86%, LR: 0.025000
2025-10-02 09:51:10,521 - CIFAR-10_Training - INFO - Starting Epoch 89/200
2025-10-02 09:52:05,542 - CIFAR-10_Training - INFO - Epoch 89: Train Loss: 0.6667, Train Acc: 76.92%, Test Loss: 0.5058, Test Acc: 82.77%, Acc Diff: -5.85%, LR: 0.025000
2025-10-02 09:52:05,542 - CIFAR-10_Training - INFO - Starting Epoch 90/200
2025-10-02 09:53:01,034 - CIFAR-10_Training - INFO - Epoch 90: Train Loss: 0.6628, Train Acc: 77.07%, Test Loss: 0.5183, Test Acc: 82.35%, Acc Diff: -5.28%, LR: 0.025000
2025-10-02 09:53:01,034 - CIFAR-10_Training - INFO - Starting Epoch 91/200
2025-10-02 09:53:43,003 - CIFAR-10_Training - INFO - Epoch 91: Train Loss: 0.6621, Train Acc: 77.35%, Test Loss: 0.5072, Test Acc: 82.69%, Acc Diff: -5.34%, LR: 0.025000
2025-10-02 09:53:43,003 - CIFAR-10_Training - INFO - Starting Epoch 92/200
2025-10-02 09:54:24,985 - CIFAR-10_Training - INFO - Epoch 92: Train Loss: 0.6622, Train Acc: 77.28%, Test Loss: 0.5158, Test Acc: 82.55%, Acc Diff: -5.27%, LR: 0.025000
2025-10-02 09:54:24,986 - CIFAR-10_Training - INFO - Starting Epoch 93/200
2025-10-02 09:55:07,029 - CIFAR-10_Training - INFO - Epoch 93: Train Loss: 0.6633, Train Acc: 77.23%, Test Loss: 0.5140, Test Acc: 82.63%, Acc Diff: -5.40%, LR: 0.025000
2025-10-02 09:55:07,029 - CIFAR-10_Training - INFO - Starting Epoch 94/200
2025-10-02 09:55:49,161 - CIFAR-10_Training - INFO - Epoch 94: Train Loss: 0.6577, Train Acc: 77.30%, Test Loss: 0.5177, Test Acc: 82.14%, Acc Diff: -4.84%, LR: 0.025000
2025-10-02 09:55:49,161 - CIFAR-10_Training - INFO - Starting Epoch 95/200
2025-10-02 09:56:31,265 - CIFAR-10_Training - INFO - Epoch 95: Train Loss: 0.6616, Train Acc: 77.18%, Test Loss: 0.5130, Test Acc: 82.74%, Acc Diff: -5.56%, LR: 0.012500
2025-10-02 09:56:31,265 - CIFAR-10_Training - INFO - Starting Epoch 96/200
2025-10-02 09:57:13,443 - CIFAR-10_Training - INFO - Epoch 96: Train Loss: 0.6468, Train Acc: 77.71%, Test Loss: 0.5009, Test Acc: 82.91%, Acc Diff: -5.20%, LR: 0.012500
2025-10-02 09:57:13,443 - CIFAR-10_Training - INFO - Starting Epoch 97/200
2025-10-02 09:57:55,182 - CIFAR-10_Training - INFO - Epoch 97: Train Loss: 0.6413, Train Acc: 77.99%, Test Loss: 0.4954, Test Acc: 82.90%, Acc Diff: -4.91%, LR: 0.012500
2025-10-02 09:57:55,183 - CIFAR-10_Training - INFO - Starting Epoch 98/200
2025-10-02 09:58:36,834 - CIFAR-10_Training - INFO - Epoch 98: Train Loss: 0.6420, Train Acc: 77.81%, Test Loss: 0.4982, Test Acc: 83.01%, Acc Diff: -5.20%, LR: 0.012500
2025-10-02 09:58:36,834 - CIFAR-10_Training - INFO - Starting Epoch 99/200
2025-10-02 09:59:18,496 - CIFAR-10_Training - INFO - Epoch 99: Train Loss: 0.6407, Train Acc: 78.01%, Test Loss: 0.5000, Test Acc: 83.11%, Acc Diff: -5.10%, LR: 0.012500
2025-10-02 09:59:18,496 - CIFAR-10_Training - INFO - Starting Epoch 100/200
2025-10-02 10:00:00,595 - CIFAR-10_Training - INFO - Epoch 100: Train Loss: 0.6390, Train Acc: 78.20%, Test Loss: 0.4918, Test Acc: 83.15%, Acc Diff: -4.95%, LR: 0.012500
2025-10-02 10:00:00,595 - CIFAR-10_Training - INFO - Starting Epoch 101/200
2025-10-02 10:00:42,909 - CIFAR-10_Training - INFO - Epoch 101: Train Loss: 0.6358, Train Acc: 78.27%, Test Loss: 0.5001, Test Acc: 82.87%, Acc Diff: -4.60%, LR: 0.012500
2025-10-02 10:00:42,909 - CIFAR-10_Training - INFO - Starting Epoch 102/200
2025-10-02 10:01:24,966 - CIFAR-10_Training - INFO - Epoch 102: Train Loss: 0.6295, Train Acc: 78.38%, Test Loss: 0.4950, Test Acc: 82.90%, Acc Diff: -4.52%, LR: 0.012500
2025-10-02 10:01:24,966 - CIFAR-10_Training - INFO - Starting Epoch 103/200
2025-10-02 10:02:06,905 - CIFAR-10_Training - INFO - Epoch 103: Train Loss: 0.6334, Train Acc: 78.30%, Test Loss: 0.4941, Test Acc: 83.03%, Acc Diff: -4.73%, LR: 0.012500
2025-10-02 10:02:06,905 - CIFAR-10_Training - INFO - Starting Epoch 104/200
2025-10-02 10:02:48,643 - CIFAR-10_Training - INFO - Epoch 104: Train Loss: 0.6392, Train Acc: 77.93%, Test Loss: 0.4916, Test Acc: 83.26%, Acc Diff: -5.33%, LR: 0.012500
2025-10-02 10:02:48,643 - CIFAR-10_Training - INFO - Starting Epoch 105/200
2025-10-02 10:03:30,185 - CIFAR-10_Training - INFO - Epoch 105: Train Loss: 0.6363, Train Acc: 78.25%, Test Loss: 0.4939, Test Acc: 83.26%, Acc Diff: -5.01%, LR: 0.012500
2025-10-02 10:03:30,185 - CIFAR-10_Training - INFO - Starting Epoch 106/200
2025-10-02 10:04:12,044 - CIFAR-10_Training - INFO - Epoch 106: Train Loss: 0.6329, Train Acc: 78.33%, Test Loss: 0.4972, Test Acc: 83.39%, Acc Diff: -5.06%, LR: 0.012500
2025-10-02 10:04:12,045 - CIFAR-10_Training - INFO - Starting Epoch 107/200
2025-10-02 10:04:53,839 - CIFAR-10_Training - INFO - Epoch 107: Train Loss: 0.6317, Train Acc: 78.09%, Test Loss: 0.4943, Test Acc: 83.24%, Acc Diff: -5.15%, LR: 0.012500
2025-10-02 10:04:53,840 - CIFAR-10_Training - INFO - Starting Epoch 108/200
2025-10-02 10:05:35,894 - CIFAR-10_Training - INFO - Epoch 108: Train Loss: 0.6382, Train Acc: 78.10%, Test Loss: 0.4949, Test Acc: 83.05%, Acc Diff: -4.95%, LR: 0.012500
2025-10-02 10:05:35,894 - CIFAR-10_Training - INFO - Starting Epoch 109/200
2025-10-02 10:06:17,840 - CIFAR-10_Training - INFO - Epoch 109: Train Loss: 0.6336, Train Acc: 78.24%, Test Loss: 0.4944, Test Acc: 83.00%, Acc Diff: -4.76%, LR: 0.012500
2025-10-02 10:06:17,840 - CIFAR-10_Training - INFO - Starting Epoch 110/200
2025-10-02 10:06:59,711 - CIFAR-10_Training - INFO - Epoch 110: Train Loss: 0.6403, Train Acc: 78.01%, Test Loss: 0.4978, Test Acc: 82.90%, Acc Diff: -4.89%, LR: 0.006250
2025-10-02 10:06:59,711 - CIFAR-10_Training - INFO - Starting Epoch 111/200
2025-10-02 10:07:41,383 - CIFAR-10_Training - INFO - Epoch 111: Train Loss: 0.6301, Train Acc: 78.43%, Test Loss: 0.4860, Test Acc: 83.35%, Acc Diff: -4.92%, LR: 0.006250
2025-10-02 10:07:41,383 - CIFAR-10_Training - INFO - Starting Epoch 112/200
2025-10-02 10:08:32,621 - CIFAR-10_Training - INFO - Epoch 112: Train Loss: 0.6309, Train Acc: 78.39%, Test Loss: 0.4907, Test Acc: 83.32%, Acc Diff: -4.93%, LR: 0.006250
2025-10-02 10:08:32,621 - CIFAR-10_Training - INFO - Starting Epoch 113/200
2025-10-02 10:09:13,536 - CIFAR-10_Training - INFO - Epoch 113: Train Loss: 0.6279, Train Acc: 78.36%, Test Loss: 0.4833, Test Acc: 83.31%, Acc Diff: -4.95%, LR: 0.006250
2025-10-02 10:09:13,536 - CIFAR-10_Training - INFO - Starting Epoch 114/200
2025-10-02 10:09:54,264 - CIFAR-10_Training - INFO - Epoch 114: Train Loss: 0.6252, Train Acc: 78.55%, Test Loss: 0.4866, Test Acc: 83.46%, Acc Diff: -4.91%, LR: 0.006250
2025-10-02 10:09:54,264 - CIFAR-10_Training - INFO - Starting Epoch 115/200
2025-10-02 10:10:35,398 - CIFAR-10_Training - INFO - Epoch 115: Train Loss: 0.6243, Train Acc: 78.44%, Test Loss: 0.4885, Test Acc: 83.46%, Acc Diff: -5.02%, LR: 0.006250
2025-10-02 10:10:35,398 - CIFAR-10_Training - INFO - Starting Epoch 116/200
2025-10-02 10:11:16,264 - CIFAR-10_Training - INFO - Epoch 116: Train Loss: 0.6185, Train Acc: 78.77%, Test Loss: 0.4865, Test Acc: 83.37%, Acc Diff: -4.60%, LR: 0.006250
2025-10-02 10:11:16,264 - CIFAR-10_Training - INFO - Starting Epoch 117/200
2025-10-02 10:11:56,696 - CIFAR-10_Training - INFO - Epoch 117: Train Loss: 0.6217, Train Acc: 78.56%, Test Loss: 0.4862, Test Acc: 83.42%, Acc Diff: -4.86%, LR: 0.006250
2025-10-02 10:11:56,696 - CIFAR-10_Training - INFO - Starting Epoch 118/200
2025-10-02 10:12:37,528 - CIFAR-10_Training - INFO - Epoch 118: Train Loss: 0.6229, Train Acc: 78.56%, Test Loss: 0.4888, Test Acc: 83.44%, Acc Diff: -4.88%, LR: 0.006250
2025-10-02 10:12:37,528 - CIFAR-10_Training - INFO - Starting Epoch 119/200
2025-10-02 10:13:18,066 - CIFAR-10_Training - INFO - Epoch 119: Train Loss: 0.6222, Train Acc: 78.69%, Test Loss: 0.4840, Test Acc: 83.47%, Acc Diff: -4.78%, LR: 0.003125
2025-10-02 10:13:18,066 - CIFAR-10_Training - INFO - Starting Epoch 120/200
2025-10-02 10:13:58,380 - CIFAR-10_Training - INFO - Epoch 120: Train Loss: 0.6186, Train Acc: 78.82%, Test Loss: 0.4865, Test Acc: 83.24%, Acc Diff: -4.42%, LR: 0.003125
2025-10-02 10:13:58,380 - CIFAR-10_Training - INFO - Starting Epoch 121/200
2025-10-02 10:14:39,320 - CIFAR-10_Training - INFO - Epoch 121: Train Loss: 0.6172, Train Acc: 78.85%, Test Loss: 0.4864, Test Acc: 83.39%, Acc Diff: -4.54%, LR: 0.003125
2025-10-02 10:14:39,320 - CIFAR-10_Training - INFO - Starting Epoch 122/200
2025-10-02 10:15:19,705 - CIFAR-10_Training - INFO - Epoch 122: Train Loss: 0.6138, Train Acc: 78.79%, Test Loss: 0.4852, Test Acc: 83.53%, Acc Diff: -4.74%, LR: 0.003125
2025-10-02 10:15:19,705 - CIFAR-10_Training - INFO - Starting Epoch 123/200
2025-10-02 10:15:59,941 - CIFAR-10_Training - INFO - Epoch 123: Train Loss: 0.6141, Train Acc: 78.78%, Test Loss: 0.4846, Test Acc: 83.33%, Acc Diff: -4.55%, LR: 0.003125
2025-10-02 10:15:59,941 - CIFAR-10_Training - INFO - Starting Epoch 124/200
2025-10-02 10:16:40,355 - CIFAR-10_Training - INFO - Epoch 124: Train Loss: 0.6186, Train Acc: 78.79%, Test Loss: 0.4822, Test Acc: 83.41%, Acc Diff: -4.62%, LR: 0.003125
2025-10-02 10:16:40,356 - CIFAR-10_Training - INFO - Starting Epoch 125/200
2025-10-02 10:17:20,874 - CIFAR-10_Training - INFO - Epoch 125: Train Loss: 0.6116, Train Acc: 79.16%, Test Loss: 0.4793, Test Acc: 83.52%, Acc Diff: -4.36%, LR: 0.003125
2025-10-02 10:17:20,874 - CIFAR-10_Training - INFO - Starting Epoch 126/200
2025-10-02 10:18:01,311 - CIFAR-10_Training - INFO - Epoch 126: Train Loss: 0.6082, Train Acc: 79.11%, Test Loss: 0.4825, Test Acc: 83.54%, Acc Diff: -4.43%, LR: 0.003125
2025-10-02 10:18:01,312 - CIFAR-10_Training - INFO - Starting Epoch 127/200
2025-10-02 10:18:41,664 - CIFAR-10_Training - INFO - Epoch 127: Train Loss: 0.6162, Train Acc: 78.79%, Test Loss: 0.4825, Test Acc: 83.45%, Acc Diff: -4.66%, LR: 0.003125
2025-10-02 10:18:41,665 - CIFAR-10_Training - INFO - Starting Epoch 128/200
2025-10-02 10:19:22,456 - CIFAR-10_Training - INFO - Epoch 128: Train Loss: 0.6176, Train Acc: 78.98%, Test Loss: 0.4818, Test Acc: 83.40%, Acc Diff: -4.42%, LR: 0.003125
2025-10-02 10:19:22,456 - CIFAR-10_Training - INFO - Starting Epoch 129/200
2025-10-02 10:20:02,768 - CIFAR-10_Training - INFO - Epoch 129: Train Loss: 0.6157, Train Acc: 78.65%, Test Loss: 0.4836, Test Acc: 83.41%, Acc Diff: -4.76%, LR: 0.003125
2025-10-02 10:20:02,768 - CIFAR-10_Training - INFO - Starting Epoch 130/200
2025-10-02 10:20:43,197 - CIFAR-10_Training - INFO - Epoch 130: Train Loss: 0.6168, Train Acc: 78.94%, Test Loss: 0.4805, Test Acc: 83.59%, Acc Diff: -4.65%, LR: 0.003125
2025-10-02 10:20:43,197 - CIFAR-10_Training - INFO - Starting Epoch 131/200
2025-10-02 10:21:23,472 - CIFAR-10_Training - INFO - Epoch 131: Train Loss: 0.6147, Train Acc: 79.02%, Test Loss: 0.4828, Test Acc: 83.62%, Acc Diff: -4.60%, LR: 0.001563
2025-10-02 10:21:23,472 - CIFAR-10_Training - INFO - Starting Epoch 132/200
2025-10-02 10:22:09,115 - CIFAR-10_Training - INFO - Epoch 132: Train Loss: 0.6072, Train Acc: 79.26%, Test Loss: 0.4858, Test Acc: 83.40%, Acc Diff: -4.14%, LR: 0.001563
2025-10-02 10:22:09,115 - CIFAR-10_Training - INFO - Starting Epoch 133/200
2025-10-02 10:22:50,461 - CIFAR-10_Training - INFO - Epoch 133: Train Loss: 0.6138, Train Acc: 78.81%, Test Loss: 0.4806, Test Acc: 83.49%, Acc Diff: -4.68%, LR: 0.001563
2025-10-02 10:22:50,461 - CIFAR-10_Training - INFO - Starting Epoch 134/200
2025-10-02 10:23:40,779 - CIFAR-10_Training - INFO - Epoch 134: Train Loss: 0.6163, Train Acc: 78.82%, Test Loss: 0.4808, Test Acc: 83.49%, Acc Diff: -4.67%, LR: 0.001563
2025-10-02 10:23:40,779 - CIFAR-10_Training - INFO - Starting Epoch 135/200
2025-10-02 10:24:32,764 - CIFAR-10_Training - INFO - Epoch 135: Train Loss: 0.6068, Train Acc: 79.28%, Test Loss: 0.4801, Test Acc: 83.62%, Acc Diff: -4.34%, LR: 0.001563
2025-10-02 10:24:32,764 - CIFAR-10_Training - INFO - Starting Epoch 136/200
2025-10-02 10:25:25,465 - CIFAR-10_Training - INFO - Epoch 136: Train Loss: 0.6083, Train Acc: 79.11%, Test Loss: 0.4827, Test Acc: 83.56%, Acc Diff: -4.45%, LR: 0.001563
2025-10-02 10:25:25,465 - CIFAR-10_Training - INFO - Starting Epoch 137/200
2025-10-02 10:26:22,289 - CIFAR-10_Training - INFO - Epoch 137: Train Loss: 0.6099, Train Acc: 79.09%, Test Loss: 0.4808, Test Acc: 83.49%, Acc Diff: -4.40%, LR: 0.000781
2025-10-02 10:26:22,289 - CIFAR-10_Training - INFO - Starting Epoch 138/200
2025-10-02 10:27:18,992 - CIFAR-10_Training - INFO - Epoch 138: Train Loss: 0.6102, Train Acc: 79.06%, Test Loss: 0.4799, Test Acc: 83.45%, Acc Diff: -4.39%, LR: 0.000781
2025-10-02 10:27:18,992 - CIFAR-10_Training - INFO - Starting Epoch 139/200
2025-10-02 10:28:15,898 - CIFAR-10_Training - INFO - Epoch 139: Train Loss: 0.6130, Train Acc: 78.86%, Test Loss: 0.4812, Test Acc: 83.51%, Acc Diff: -4.65%, LR: 0.000781
2025-10-02 10:28:15,898 - CIFAR-10_Training - INFO - Starting Epoch 140/200
2025-10-02 10:28:58,359 - CIFAR-10_Training - INFO - Epoch 140: Train Loss: 0.6101, Train Acc: 79.00%, Test Loss: 0.4816, Test Acc: 83.53%, Acc Diff: -4.53%, LR: 0.000781
2025-10-02 10:28:58,359 - CIFAR-10_Training - INFO - Starting Epoch 141/200
2025-10-02 10:29:40,620 - CIFAR-10_Training - INFO - Epoch 141: Train Loss: 0.6128, Train Acc: 78.99%, Test Loss: 0.4787, Test Acc: 83.70%, Acc Diff: -4.71%, LR: 0.000781
2025-10-02 10:29:40,620 - CIFAR-10_Training - INFO - Starting Epoch 142/200
2025-10-02 10:30:35,821 - CIFAR-10_Training - INFO - Epoch 142: Train Loss: 0.6096, Train Acc: 79.00%, Test Loss: 0.4803, Test Acc: 83.50%, Acc Diff: -4.50%, LR: 0.000781
2025-10-02 10:30:35,827 - CIFAR-10_Training - INFO - Starting Epoch 143/200
2025-10-02 10:31:33,311 - CIFAR-10_Training - INFO - Epoch 143: Train Loss: 0.6103, Train Acc: 79.11%, Test Loss: 0.4798, Test Acc: 83.62%, Acc Diff: -4.51%, LR: 0.000781
2025-10-02 10:31:33,311 - CIFAR-10_Training - INFO - Starting Epoch 144/200
2025-10-02 10:32:30,359 - CIFAR-10_Training - INFO - Epoch 144: Train Loss: 0.6086, Train Acc: 79.00%, Test Loss: 0.4829, Test Acc: 83.55%, Acc Diff: -4.55%, LR: 0.000781
2025-10-02 10:32:30,359 - CIFAR-10_Training - INFO - Starting Epoch 145/200
2025-10-02 10:33:17,477 - CIFAR-10_Training - INFO - Epoch 145: Train Loss: 0.6056, Train Acc: 78.93%, Test Loss: 0.4809, Test Acc: 83.54%, Acc Diff: -4.61%, LR: 0.000781
2025-10-02 10:33:17,477 - CIFAR-10_Training - INFO - Starting Epoch 146/200
2025-10-02 10:34:14,418 - CIFAR-10_Training - INFO - Epoch 146: Train Loss: 0.6092, Train Acc: 79.11%, Test Loss: 0.4805, Test Acc: 83.50%, Acc Diff: -4.39%, LR: 0.000781
2025-10-02 10:34:14,419 - CIFAR-10_Training - INFO - Starting Epoch 147/200
2025-10-02 10:35:11,355 - CIFAR-10_Training - INFO - Epoch 147: Train Loss: 0.6090, Train Acc: 79.12%, Test Loss: 0.4816, Test Acc: 83.52%, Acc Diff: -4.40%, LR: 0.000391
2025-10-02 10:35:11,355 - CIFAR-10_Training - INFO - Starting Epoch 148/200
2025-10-02 10:36:08,091 - CIFAR-10_Training - INFO - Epoch 148: Train Loss: 0.6070, Train Acc: 79.06%, Test Loss: 0.4810, Test Acc: 83.53%, Acc Diff: -4.47%, LR: 0.000391
2025-10-02 10:36:08,091 - CIFAR-10_Training - INFO - Starting Epoch 149/200
2025-10-02 10:37:05,769 - CIFAR-10_Training - INFO - Epoch 149: Train Loss: 0.6084, Train Acc: 79.11%, Test Loss: 0.4811, Test Acc: 83.66%, Acc Diff: -4.55%, LR: 0.000391
2025-10-02 10:37:05,770 - CIFAR-10_Training - INFO - Starting Epoch 150/200
2025-10-02 10:37:59,700 - CIFAR-10_Training - INFO - Epoch 150: Train Loss: 0.6104, Train Acc: 79.00%, Test Loss: 0.4790, Test Acc: 83.68%, Acc Diff: -4.68%, LR: 0.000391
2025-10-02 10:37:59,700 - CIFAR-10_Training - INFO - Starting Epoch 151/200
2025-10-02 10:38:54,296 - CIFAR-10_Training - INFO - Epoch 151: Train Loss: 0.6110, Train Acc: 79.06%, Test Loss: 0.4831, Test Acc: 83.50%, Acc Diff: -4.44%, LR: 0.000391
2025-10-02 10:38:54,296 - CIFAR-10_Training - INFO - Starting Epoch 152/200
2025-10-02 10:39:52,086 - CIFAR-10_Training - INFO - Epoch 152: Train Loss: 0.6128, Train Acc: 79.12%, Test Loss: 0.4816, Test Acc: 83.51%, Acc Diff: -4.39%, LR: 0.000391
2025-10-02 10:39:52,086 - CIFAR-10_Training - INFO - Starting Epoch 153/200
2025-10-02 10:40:51,085 - CIFAR-10_Training - INFO - Epoch 153: Train Loss: 0.6031, Train Acc: 79.37%, Test Loss: 0.4821, Test Acc: 83.57%, Acc Diff: -4.20%, LR: 0.000195
2025-10-02 10:40:51,085 - CIFAR-10_Training - INFO - Starting Epoch 154/200
2025-10-02 10:41:48,539 - CIFAR-10_Training - INFO - Epoch 154: Train Loss: 0.6065, Train Acc: 79.20%, Test Loss: 0.4796, Test Acc: 83.59%, Acc Diff: -4.39%, LR: 0.000195
2025-10-02 10:41:48,555 - CIFAR-10_Training - INFO - Starting Epoch 155/200
2025-10-02 10:42:41,818 - CIFAR-10_Training - INFO - Epoch 155: Train Loss: 0.6088, Train Acc: 79.13%, Test Loss: 0.4842, Test Acc: 83.52%, Acc Diff: -4.39%, LR: 0.000195
2025-10-02 10:42:41,818 - CIFAR-10_Training - INFO - Starting Epoch 156/200
2025-10-02 10:43:39,851 - CIFAR-10_Training - INFO - Epoch 156: Train Loss: 0.6072, Train Acc: 79.07%, Test Loss: 0.4804, Test Acc: 83.62%, Acc Diff: -4.55%, LR: 0.000195
2025-10-02 10:43:39,851 - CIFAR-10_Training - INFO - Starting Epoch 157/200
2025-10-02 10:44:36,213 - CIFAR-10_Training - INFO - Epoch 157: Train Loss: 0.6101, Train Acc: 79.18%, Test Loss: 0.4810, Test Acc: 83.53%, Acc Diff: -4.35%, LR: 0.000195
2025-10-02 10:44:36,213 - CIFAR-10_Training - INFO - Starting Epoch 158/200
2025-10-02 10:45:33,964 - CIFAR-10_Training - INFO - Epoch 158: Train Loss: 0.6072, Train Acc: 78.95%, Test Loss: 0.4788, Test Acc: 83.67%, Acc Diff: -4.72%, LR: 0.000195
2025-10-02 10:45:33,964 - CIFAR-10_Training - INFO - Starting Epoch 159/200
2025-10-02 10:46:31,230 - CIFAR-10_Training - INFO - Epoch 159: Train Loss: 0.6092, Train Acc: 78.97%, Test Loss: 0.4818, Test Acc: 83.49%, Acc Diff: -4.52%, LR: 0.000098
2025-10-02 10:46:31,230 - CIFAR-10_Training - INFO - Starting Epoch 160/200
2025-10-02 10:47:28,784 - CIFAR-10_Training - INFO - Epoch 160: Train Loss: 0.6061, Train Acc: 78.94%, Test Loss: 0.4785, Test Acc: 83.76%, Acc Diff: -4.82%, LR: 0.000098
2025-10-02 10:47:28,785 - CIFAR-10_Training - INFO - Starting Epoch 161/200
2025-10-02 10:48:25,251 - CIFAR-10_Training - INFO - Epoch 161: Train Loss: 0.6018, Train Acc: 79.36%, Test Loss: 0.4810, Test Acc: 83.69%, Acc Diff: -4.33%, LR: 0.000098
2025-10-02 10:48:25,252 - CIFAR-10_Training - INFO - Starting Epoch 162/200
2025-10-02 10:49:22,310 - CIFAR-10_Training - INFO - Epoch 162: Train Loss: 0.6110, Train Acc: 79.01%, Test Loss: 0.4819, Test Acc: 83.64%, Acc Diff: -4.63%, LR: 0.000098
2025-10-02 10:49:22,311 - CIFAR-10_Training - INFO - Starting Epoch 163/200
2025-10-02 10:50:16,784 - CIFAR-10_Training - INFO - Epoch 163: Train Loss: 0.6025, Train Acc: 79.31%, Test Loss: 0.4793, Test Acc: 83.64%, Acc Diff: -4.33%, LR: 0.000098
2025-10-02 10:50:16,784 - CIFAR-10_Training - INFO - Starting Epoch 164/200
2025-10-02 10:51:14,589 - CIFAR-10_Training - INFO - Epoch 164: Train Loss: 0.6106, Train Acc: 79.10%, Test Loss: 0.4821, Test Acc: 83.58%, Acc Diff: -4.48%, LR: 0.000098
2025-10-02 10:51:14,590 - CIFAR-10_Training - INFO - Starting Epoch 165/200
2025-10-02 10:52:10,391 - CIFAR-10_Training - INFO - Epoch 165: Train Loss: 0.6060, Train Acc: 79.20%, Test Loss: 0.4808, Test Acc: 83.69%, Acc Diff: -4.49%, LR: 0.000098
2025-10-02 10:52:10,391 - CIFAR-10_Training - INFO - Starting Epoch 166/200
2025-10-02 10:53:07,374 - CIFAR-10_Training - INFO - Epoch 166: Train Loss: 0.6070, Train Acc: 79.21%, Test Loss: 0.4793, Test Acc: 83.74%, Acc Diff: -4.53%, LR: 0.000049
2025-10-02 10:53:07,375 - CIFAR-10_Training - INFO - Starting Epoch 167/200
2025-10-02 10:54:03,007 - CIFAR-10_Training - INFO - Epoch 167: Train Loss: 0.6044, Train Acc: 79.34%, Test Loss: 0.4809, Test Acc: 83.60%, Acc Diff: -4.26%, LR: 0.000049
2025-10-02 10:54:03,008 - CIFAR-10_Training - INFO - Starting Epoch 168/200
2025-10-02 10:54:58,959 - CIFAR-10_Training - INFO - Epoch 168: Train Loss: 0.6122, Train Acc: 79.03%, Test Loss: 0.4814, Test Acc: 83.52%, Acc Diff: -4.49%, LR: 0.000049
2025-10-02 10:54:58,961 - CIFAR-10_Training - INFO - Starting Epoch 169/200
2025-10-02 10:55:55,465 - CIFAR-10_Training - INFO - Epoch 169: Train Loss: 0.6098, Train Acc: 79.10%, Test Loss: 0.4813, Test Acc: 83.62%, Acc Diff: -4.52%, LR: 0.000049
2025-10-02 10:55:55,466 - CIFAR-10_Training - INFO - Starting Epoch 170/200
2025-10-02 10:56:53,247 - CIFAR-10_Training - INFO - Epoch 170: Train Loss: 0.6090, Train Acc: 79.07%, Test Loss: 0.4801, Test Acc: 83.60%, Acc Diff: -4.53%, LR: 0.000049
2025-10-02 10:56:53,247 - CIFAR-10_Training - INFO - Starting Epoch 171/200
2025-10-02 10:57:50,216 - CIFAR-10_Training - INFO - Epoch 171: Train Loss: 0.6103, Train Acc: 79.13%, Test Loss: 0.4810, Test Acc: 83.51%, Acc Diff: -4.38%, LR: 0.000049
2025-10-02 10:57:50,216 - CIFAR-10_Training - INFO - Starting Epoch 172/200
2025-10-02 10:58:46,408 - CIFAR-10_Training - INFO - Epoch 172: Train Loss: 0.6080, Train Acc: 79.09%, Test Loss: 0.4811, Test Acc: 83.56%, Acc Diff: -4.47%, LR: 0.000024
2025-10-02 10:58:46,408 - CIFAR-10_Training - INFO - Starting Epoch 173/200
2025-10-02 10:59:34,187 - CIFAR-10_Training - INFO - Epoch 173: Train Loss: 0.6076, Train Acc: 79.12%, Test Loss: 0.4798, Test Acc: 83.67%, Acc Diff: -4.55%, LR: 0.000024
2025-10-02 10:59:34,187 - CIFAR-10_Training - INFO - Starting Epoch 174/200
2025-10-02 11:00:18,903 - CIFAR-10_Training - INFO - Epoch 174: Train Loss: 0.6054, Train Acc: 79.33%, Test Loss: 0.4786, Test Acc: 83.67%, Acc Diff: -4.34%, LR: 0.000024
2025-10-02 11:00:18,904 - CIFAR-10_Training - INFO - Starting Epoch 175/200
2025-10-02 11:01:16,202 - CIFAR-10_Training - INFO - Epoch 175: Train Loss: 0.6068, Train Acc: 79.01%, Test Loss: 0.4811, Test Acc: 83.61%, Acc Diff: -4.60%, LR: 0.000024
2025-10-02 11:01:16,217 - CIFAR-10_Training - INFO - Starting Epoch 176/200
2025-10-02 11:02:14,010 - CIFAR-10_Training - INFO - Epoch 176: Train Loss: 0.6047, Train Acc: 78.91%, Test Loss: 0.4818, Test Acc: 83.61%, Acc Diff: -4.70%, LR: 0.000024
2025-10-02 11:02:14,010 - CIFAR-10_Training - INFO - Starting Epoch 177/200
2025-10-02 11:03:14,073 - CIFAR-10_Training - INFO - Epoch 177: Train Loss: 0.6065, Train Acc: 79.16%, Test Loss: 0.4808, Test Acc: 83.66%, Acc Diff: -4.50%, LR: 0.000024
2025-10-02 11:03:14,074 - CIFAR-10_Training - INFO - Starting Epoch 178/200
2025-10-02 11:04:13,513 - CIFAR-10_Training - INFO - Epoch 178: Train Loss: 0.6103, Train Acc: 79.03%, Test Loss: 0.4816, Test Acc: 83.61%, Acc Diff: -4.58%, LR: 0.000012
2025-10-02 11:04:13,514 - CIFAR-10_Training - INFO - Starting Epoch 179/200
2025-10-02 11:05:12,000 - CIFAR-10_Training - INFO - Epoch 179: Train Loss: 0.6094, Train Acc: 79.13%, Test Loss: 0.4803, Test Acc: 83.65%, Acc Diff: -4.52%, LR: 0.000012
2025-10-02 11:05:12,000 - CIFAR-10_Training - INFO - Starting Epoch 180/200
2025-10-02 11:06:09,283 - CIFAR-10_Training - INFO - Epoch 180: Train Loss: 0.6110, Train Acc: 79.10%, Test Loss: 0.4818, Test Acc: 83.67%, Acc Diff: -4.57%, LR: 0.000012
2025-10-02 11:06:09,283 - CIFAR-10_Training - INFO - Starting Epoch 181/200
2025-10-02 11:07:07,930 - CIFAR-10_Training - INFO - Epoch 181: Train Loss: 0.6078, Train Acc: 79.34%, Test Loss: 0.4810, Test Acc: 83.61%, Acc Diff: -4.27%, LR: 0.000012
2025-10-02 11:07:07,930 - CIFAR-10_Training - INFO - Starting Epoch 182/200
2025-10-02 11:08:06,272 - CIFAR-10_Training - INFO - Epoch 182: Train Loss: 0.6049, Train Acc: 79.21%, Test Loss: 0.4782, Test Acc: 83.72%, Acc Diff: -4.51%, LR: 0.000012
2025-10-02 11:08:06,272 - CIFAR-10_Training - INFO - Starting Epoch 183/200
2025-10-02 11:08:58,290 - CIFAR-10_Training - INFO - Epoch 183: Train Loss: 0.6085, Train Acc: 79.13%, Test Loss: 0.4799, Test Acc: 83.61%, Acc Diff: -4.48%, LR: 0.000012
2025-10-02 11:08:58,290 - CIFAR-10_Training - INFO - Starting Epoch 184/200
2025-10-02 11:09:49,569 - CIFAR-10_Training - INFO - Epoch 184: Train Loss: 0.6089, Train Acc: 79.00%, Test Loss: 0.4790, Test Acc: 83.56%, Acc Diff: -4.56%, LR: 0.000012
2025-10-02 11:09:49,569 - CIFAR-10_Training - INFO - Starting Epoch 185/200
2025-10-02 11:10:33,158 - CIFAR-10_Training - INFO - Epoch 185: Train Loss: 0.6077, Train Acc: 79.21%, Test Loss: 0.4802, Test Acc: 83.60%, Acc Diff: -4.39%, LR: 0.000012
2025-10-02 11:10:33,158 - CIFAR-10_Training - INFO - Starting Epoch 186/200
2025-10-02 11:11:14,879 - CIFAR-10_Training - INFO - Epoch 186: Train Loss: 0.6076, Train Acc: 79.11%, Test Loss: 0.4813, Test Acc: 83.56%, Acc Diff: -4.45%, LR: 0.000012
2025-10-02 11:11:14,879 - CIFAR-10_Training - INFO - Starting Epoch 187/200
2025-10-02 11:11:56,171 - CIFAR-10_Training - INFO - Epoch 187: Train Loss: 0.6078, Train Acc: 79.18%, Test Loss: 0.4822, Test Acc: 83.60%, Acc Diff: -4.42%, LR: 0.000012
2025-10-02 11:11:56,171 - CIFAR-10_Training - INFO - Starting Epoch 188/200
2025-10-02 11:12:49,466 - CIFAR-10_Training - INFO - Epoch 188: Train Loss: 0.6089, Train Acc: 79.11%, Test Loss: 0.4798, Test Acc: 83.61%, Acc Diff: -4.50%, LR: 0.000006
2025-10-02 11:12:49,467 - CIFAR-10_Training - INFO - Starting Epoch 189/200
2025-10-02 11:13:46,709 - CIFAR-10_Training - INFO - Epoch 189: Train Loss: 0.6107, Train Acc: 79.04%, Test Loss: 0.4805, Test Acc: 83.61%, Acc Diff: -4.57%, LR: 0.000006
2025-10-02 11:13:46,710 - CIFAR-10_Training - INFO - Starting Epoch 190/200
2025-10-02 11:14:42,268 - CIFAR-10_Training - INFO - Epoch 190: Train Loss: 0.6077, Train Acc: 79.24%, Test Loss: 0.4789, Test Acc: 83.60%, Acc Diff: -4.36%, LR: 0.000006
2025-10-02 11:14:42,269 - CIFAR-10_Training - INFO - Starting Epoch 191/200
2025-10-02 11:15:37,737 - CIFAR-10_Training - INFO - Epoch 191: Train Loss: 0.6087, Train Acc: 79.20%, Test Loss: 0.4784, Test Acc: 83.72%, Acc Diff: -4.52%, LR: 0.000006
2025-10-02 11:15:37,738 - CIFAR-10_Training - INFO - Starting Epoch 192/200
2025-10-02 11:16:34,475 - CIFAR-10_Training - INFO - Epoch 192: Train Loss: 0.6093, Train Acc: 79.09%, Test Loss: 0.4805, Test Acc: 83.64%, Acc Diff: -4.55%, LR: 0.000006
2025-10-02 11:16:34,476 - CIFAR-10_Training - INFO - Starting Epoch 193/200
2025-10-02 11:17:31,904 - CIFAR-10_Training - INFO - Epoch 193: Train Loss: 0.6049, Train Acc: 79.25%, Test Loss: 0.4794, Test Acc: 83.55%, Acc Diff: -4.30%, LR: 0.000006
2025-10-02 11:17:31,905 - CIFAR-10_Training - INFO - Starting Epoch 194/200
2025-10-02 11:18:28,656 - CIFAR-10_Training - INFO - Epoch 194: Train Loss: 0.6116, Train Acc: 79.13%, Test Loss: 0.4818, Test Acc: 83.57%, Acc Diff: -4.44%, LR: 0.000003
2025-10-02 11:18:28,656 - CIFAR-10_Training - INFO - Starting Epoch 195/200
2025-10-02 11:19:25,795 - CIFAR-10_Training - INFO - Epoch 195: Train Loss: 0.6101, Train Acc: 79.28%, Test Loss: 0.4820, Test Acc: 83.56%, Acc Diff: -4.28%, LR: 0.000003
2025-10-02 11:19:25,795 - CIFAR-10_Training - INFO - Starting Epoch 196/200
2025-10-02 11:20:20,243 - CIFAR-10_Training - INFO - Epoch 196: Train Loss: 0.6077, Train Acc: 79.03%, Test Loss: 0.4828, Test Acc: 83.59%, Acc Diff: -4.56%, LR: 0.000003
2025-10-02 11:20:20,244 - CIFAR-10_Training - INFO - Starting Epoch 197/200
2025-10-02 11:21:05,260 - CIFAR-10_Training - INFO - Epoch 197: Train Loss: 0.6100, Train Acc: 79.18%, Test Loss: 0.4798, Test Acc: 83.59%, Acc Diff: -4.41%, LR: 0.000003
2025-10-02 11:21:05,260 - CIFAR-10_Training - INFO - Starting Epoch 198/200
2025-10-02 11:21:49,207 - CIFAR-10_Training - INFO - Epoch 198: Train Loss: 0.6105, Train Acc: 79.16%, Test Loss: 0.4820, Test Acc: 83.67%, Acc Diff: -4.51%, LR: 0.000003
2025-10-02 11:21:49,207 - CIFAR-10_Training - INFO - Starting Epoch 199/200
2025-10-02 11:22:33,780 - CIFAR-10_Training - INFO - Epoch 199: Train Loss: 0.6074, Train Acc: 79.04%, Test Loss: 0.4819, Test Acc: 83.55%, Acc Diff: -4.51%, LR: 0.000003
2025-10-02 11:22:33,780 - CIFAR-10_Training - INFO - Starting Epoch 200/200
2025-10-02 11:23:18,552 - CIFAR-10_Training - INFO - Epoch 200: Train Loss: 0.6106, Train Acc: 78.93%, Test Loss: 0.4780, Test Acc: 83.67%, Acc Diff: -4.74%, LR: 0.000003
2025-10-02 11:23:18,552 - CIFAR-10_Training - INFO - Training completed!
2025-10-02 11:23:18,552 - CIFAR-10_Training - INFO - Final Results: {'final_train_loss': 0.6105529096577783, 'final_test_loss': 0.4780459885597229, 'final_train_accuracy': 78.934, 'final_test_accuracy': 83.67, 'best_test_accuracy': 83.76, 'final_accuracy_difference': -4.736000000000004, 'max_accuracy_difference': -4.1440000000000055, 'avg_accuracy_difference': -5.45641, 'overfitting_epochs': 0, 'stopped_due_to_overfitting': False}
2025-10-02 11:23:18,552 - CIFAR-10_Training - INFO - ==================================================
2025-10-02 11:23:18,552 - CIFAR-10_Training - INFO - OVERFITTING ANALYSIS
2025-10-02 11:23:18,552 - CIFAR-10_Training - INFO - ==================================================
2025-10-02 11:23:18,552 - CIFAR-10_Training - INFO - Final accuracy difference: -4.74%
2025-10-02 11:23:18,552 - CIFAR-10_Training - INFO - Maximum accuracy difference: -4.14%
2025-10-02 11:23:18,552 - CIFAR-10_Training - INFO - Average accuracy difference: -5.46%
2025-10-02 11:23:18,562 - CIFAR-10_Training - INFO - Consecutive overfitting epochs: 0
2025-10-02 11:23:18,562 - CIFAR-10_Training - INFO - Stopped due to overfitting: False
2025-10-02 11:23:18,562 - CIFAR-10_Training - INFO - ==================================================
2025-10-02 11:23:21,644 - CIFAR-10_Training - INFO - Training curves saved to: C:\Users\krish\Documents\Krishnakanth\Learnings\Learnings\MNIST_Model\Reference\ERAS7\Model_Evolution\FineTune\logs\training_curves_20251002_112318.png
2025-10-02 11:23:31,009 - CIFAR-10_Training - INFO - Model saved to: C:\Users\krish\Documents\Krishnakanth\Learnings\Learnings\MNIST_Model\Reference\ERAS7\Model_Evolution\FineTune\models\cifar10_model_20251002_112330.pth
2025-10-02 11:23:31,011 - CIFAR-10_Training - INFO - ==================================================
2025-10-02 11:23:31,011 - CIFAR-10_Training - INFO - TRAINING PIPELINE COMPLETED SUCCESSFULLY
2025-10-02 11:23:31,011 - CIFAR-10_Training - INFO - ==================================================
2025-10-02 11:23:31,011 - CIFAR-10_Training - INFO - Final Metrics: {'final_train_loss': 0.6105529096577783, 'final_test_loss': 0.4780459885597229, 'final_train_accuracy': 78.934, 'final_test_accuracy': 83.67, 'best_test_accuracy': 83.76, 'final_accuracy_difference': -4.736000000000004, 'max_accuracy_difference': -4.1440000000000055, 'avg_accuracy_difference': -5.45641, 'overfitting_epochs': 0, 'stopped_due_to_overfitting': False}
