2025-10-16 16:34:02,445 - ImageNet_Training - INFO - Logger initialized. Log file: /home/ubuntu/repos/Learnings/MNIST_Model/Reference/ImageNet_ResNet50/experiments/phase2_finetune/logs/20251016_163402_imagenet_training.log
2025-10-16 16:34:02,445 - ImageNet_Training - INFO - Configuration Summary:
2025-10-16 16:34:02,445 - ImageNet_Training - INFO -   Dataset: ImageNet-1k
2025-10-16 16:34:02,445 - ImageNet_Training - INFO -   Model: resnet50
2025-10-16 16:34:02,445 - ImageNet_Training - INFO -   Input Size: 224x224
2025-10-16 16:34:02,445 - ImageNet_Training - INFO -   Num Classes: 1000
2025-10-16 16:34:02,445 - ImageNet_Training - INFO -   Batch Size: 32
2025-10-16 16:34:02,445 - ImageNet_Training - INFO -   Gradient Accumulation: 4
2025-10-16 16:34:02,446 - ImageNet_Training - INFO -   Effective Batch Size: 128
2025-10-16 16:34:02,446 - ImageNet_Training - INFO -   Num Workers: 8
2025-10-16 16:34:02,446 - ImageNet_Training - INFO -   Using Subset: 20.0% (stratified)
2025-10-16 16:34:02,446 - ImageNet_Training - INFO -   Epochs: 50
2025-10-16 16:34:02,446 - ImageNet_Training - INFO -   Learning Rate: 0.05
2025-10-16 16:34:02,446 - ImageNet_Training - INFO -   Optimizer: SGD
2025-10-16 16:34:02,446 - ImageNet_Training - INFO -   Scheduler: CosineAnnealingLR
2025-10-16 16:34:02,446 - ImageNet_Training - INFO -   Weight Decay: 0.0001
2025-10-16 16:34:02,446 - ImageNet_Training - INFO -   Mixed Precision: True
2025-10-16 16:34:02,446 - ImageNet_Training - INFO -   Gradient Clipping: 1.0
2025-10-16 16:34:02,446 - ImageNet_Training - INFO -   Label Smoothing: 0.1
2025-10-16 16:34:02,446 - ImageNet_Training - INFO -   Dropout Rate: 0.02
2025-10-16 16:34:02,446 - ImageNet_Training - INFO -   Use Pretrained: False
2025-10-16 16:34:02,446 - ImageNet_Training - INFO - ======================================================================
2025-10-16 16:34:02,463 - ImageNet_Training - INFO - Using device: cuda
2025-10-16 16:34:02,485 - ImageNet_Training - INFO - GPU: Tesla T4
2025-10-16 16:34:02,485 - ImageNet_Training - INFO - GPU Memory: 14.6 GB
2025-10-16 16:34:02,485 - ImageNet_Training - INFO - Setting up data with advanced augmentation...
2025-10-16 16:34:02,485 - ImageNet_Training - INFO - Loading ImageNet dataset...
2025-10-16 16:34:02,485 - ImageNet_Training - INFO - Train directory: /home/ubuntu/data/imagenet/train
2025-10-16 16:34:02,485 - ImageNet_Training - INFO - Val directory: /home/ubuntu/data/imagenet/val
2025-10-16 16:34:02,487 - ImageNet_Training - INFO - RandAugment enabled: N=2, M=9
2025-10-16 16:34:05,200 - ImageNet_Training - INFO - Creating stratified 20.0% subset...
2025-10-16 16:34:05,212 - ImageNet_Training - INFO - Subset created: 256190 / 1281167 samples
2025-10-16 16:34:05,212 - ImageNet_Training - INFO - Validation samples: 50000
2025-10-16 16:34:05,212 - ImageNet_Training - INFO - ImageNet data loaders created successfully!
2025-10-16 16:34:05,212 - ImageNet_Training - INFO -   Train batches: 8006
2025-10-16 16:34:05,212 - ImageNet_Training - INFO -   Val batches: 1563
2025-10-16 16:34:05,212 - ImageNet_Training - INFO - Computing dataset statistics...
2025-10-16 16:34:05,212 - ImageNet_Training - INFO - Dataset Statistics:
2025-10-16 16:34:05,212 - ImageNet_Training - INFO -   Train samples: 256,190
2025-10-16 16:34:05,212 - ImageNet_Training - INFO -   Val samples: 50,000
2025-10-16 16:34:05,212 - ImageNet_Training - INFO -   Num classes: 1000
2025-10-16 16:34:05,213 - ImageNet_Training - INFO -   Batch size: 32
2025-10-16 16:34:05,213 - ImageNet_Training - INFO -   Input size: 224x224
2025-10-16 16:34:05,213 - ImageNet_Training - INFO -   Subset: 20.0% stratified
2025-10-16 16:34:05,213 - ImageNet_Training - INFO - Verifying stratified subset distribution...
2025-10-16 16:34:05,288 - ImageNet_Training - INFO - Subset contains 1000 classes
2025-10-16 16:34:05,289 - ImageNet_Training - INFO - Samples per class - Min: 732, Max: 1300, Mean: 1281.2, Std: 70.2
2025-10-16 16:34:05,289 - ImageNet_Training - INFO - Building ResNet-50 model with dropout...
2025-10-16 16:34:05,820 - ImageNet_Training - INFO - Generating RESNET50 summary...
2025-10-16 16:34:06,072 - ImageNet_Training - INFO - RESNET50 Architecture Summary:
2025-10-16 16:34:06,072 - ImageNet_Training - INFO -   Total Parameters: 25,549,352
2025-10-16 16:34:06,072 - ImageNet_Training - INFO -   Trainable Parameters: 25,549,352
2025-10-16 16:34:06,072 - ImageNet_Training - INFO -   Model Size: 97.46 MB
2025-10-16 16:34:06,072 - ImageNet_Training - INFO -   Batch Normalization: Yes
2025-10-16 16:34:06,072 - ImageNet_Training - INFO -   Dropout: Yes
2025-10-16 16:34:06,072 - ImageNet_Training - INFO -   FC Layers: Yes
2025-10-16 16:34:06,072 - ImageNet_Training - INFO -   Global Pooling: Yes
2025-10-16 16:34:06,072 - ImageNet_Training - INFO - ======================================================================
2025-10-16 16:34:06,072 - ImageNet_Training - INFO - DETAILED MODEL ARCHITECTURE
2025-10-16 16:34:06,072 - ImageNet_Training - INFO - ======================================================================
2025-10-16 16:34:06,073 - ImageNet_Training - INFO - ==========================================================================================
2025-10-16 16:34:06,073 - ImageNet_Training - INFO - Layer (type:depth-idx)                   Output Shape              Param #
2025-10-16 16:34:06,073 - ImageNet_Training - INFO - ==========================================================================================
2025-10-16 16:34:06,073 - ImageNet_Training - INFO - ├─Conv2d: 1-1                            [-1, 64, 228, 228]        1,728
2025-10-16 16:34:06,073 - ImageNet_Training - INFO - ├─BatchNorm2d: 1-2                       [-1, 64, 228, 228]        128
2025-10-16 16:34:06,073 - ImageNet_Training - INFO - ├─ReLU: 1-3                              [-1, 64, 228, 228]        --
2025-10-16 16:34:06,073 - ImageNet_Training - INFO - ├─MaxPool2d: 1-4                         [-1, 64, 114, 114]        --
2025-10-16 16:34:06,073 - ImageNet_Training - INFO - ├─Sequential: 1-5                        [-1, 256, 114, 114]       --
2025-10-16 16:34:06,073 - ImageNet_Training - INFO - |    └─BottleneckBlock: 2-1              [-1, 256, 114, 114]       --
2025-10-16 16:34:06,073 - ImageNet_Training - INFO - |    |    └─Conv2d: 3-1                  [-1, 64, 114, 114]        4,096
2025-10-16 16:34:06,073 - ImageNet_Training - INFO - |    |    └─BatchNorm2d: 3-2             [-1, 64, 114, 114]        128
2025-10-16 16:34:06,073 - ImageNet_Training - INFO - |    |    └─ReLU: 3-3                    [-1, 64, 114, 114]        --
2025-10-16 16:34:06,073 - ImageNet_Training - INFO - |    |    └─Conv2d: 3-4                  [-1, 64, 114, 114]        36,864
2025-10-16 16:34:06,073 - ImageNet_Training - INFO - |    |    └─BatchNorm2d: 3-5             [-1, 64, 114, 114]        128
2025-10-16 16:34:06,073 - ImageNet_Training - INFO - |    |    └─ReLU: 3-6                    [-1, 64, 114, 114]        --
2025-10-16 16:34:06,073 - ImageNet_Training - INFO - |    |    └─Conv2d: 3-7                  [-1, 256, 114, 114]       16,384
2025-10-16 16:34:06,073 - ImageNet_Training - INFO - |    |    └─BatchNorm2d: 3-8             [-1, 256, 114, 114]       512
2025-10-16 16:34:06,073 - ImageNet_Training - INFO - |    |    └─Sequential: 3-9              [-1, 256, 114, 114]       16,896
2025-10-16 16:34:06,073 - ImageNet_Training - INFO - |    |    └─ReLU: 3-10                   [-1, 256, 114, 114]       --
2025-10-16 16:34:06,073 - ImageNet_Training - INFO - |    |    └─Dropout2d: 3-11              [-1, 256, 114, 114]       --
2025-10-16 16:34:06,073 - ImageNet_Training - INFO - |    └─BottleneckBlock: 2-2              [-1, 256, 114, 114]       --
2025-10-16 16:34:06,073 - ImageNet_Training - INFO - |    |    └─Conv2d: 3-12                 [-1, 64, 114, 114]        16,384
2025-10-16 16:34:06,073 - ImageNet_Training - INFO - |    |    └─BatchNorm2d: 3-13            [-1, 64, 114, 114]        128
2025-10-16 16:34:06,073 - ImageNet_Training - INFO - |    |    └─ReLU: 3-14                   [-1, 64, 114, 114]        --
2025-10-16 16:34:06,073 - ImageNet_Training - INFO - |    |    └─Conv2d: 3-15                 [-1, 64, 114, 114]        36,864
2025-10-16 16:34:06,073 - ImageNet_Training - INFO - |    |    └─BatchNorm2d: 3-16            [-1, 64, 114, 114]        128
2025-10-16 16:34:06,073 - ImageNet_Training - INFO - |    |    └─ReLU: 3-17                   [-1, 64, 114, 114]        --
2025-10-16 16:34:06,073 - ImageNet_Training - INFO - |    |    └─Conv2d: 3-18                 [-1, 256, 114, 114]       16,384
2025-10-16 16:34:06,073 - ImageNet_Training - INFO - |    |    └─BatchNorm2d: 3-19            [-1, 256, 114, 114]       512
2025-10-16 16:34:06,073 - ImageNet_Training - INFO - |    |    └─ReLU: 3-20                   [-1, 256, 114, 114]       --
2025-10-16 16:34:06,073 - ImageNet_Training - INFO - |    |    └─Dropout2d: 3-21              [-1, 256, 114, 114]       --
2025-10-16 16:34:06,074 - ImageNet_Training - INFO - |    └─BottleneckBlock: 2-3              [-1, 256, 114, 114]       --
2025-10-16 16:34:06,074 - ImageNet_Training - INFO - |    |    └─Conv2d: 3-22                 [-1, 64, 114, 114]        16,384
2025-10-16 16:34:06,074 - ImageNet_Training - INFO - |    |    └─BatchNorm2d: 3-23            [-1, 64, 114, 114]        128
2025-10-16 16:34:06,074 - ImageNet_Training - INFO - |    |    └─ReLU: 3-24                   [-1, 64, 114, 114]        --
2025-10-16 16:34:06,074 - ImageNet_Training - INFO - |    |    └─Conv2d: 3-25                 [-1, 64, 114, 114]        36,864
2025-10-16 16:34:06,074 - ImageNet_Training - INFO - |    |    └─BatchNorm2d: 3-26            [-1, 64, 114, 114]        128
2025-10-16 16:34:06,074 - ImageNet_Training - INFO - |    |    └─ReLU: 3-27                   [-1, 64, 114, 114]        --
2025-10-16 16:34:06,074 - ImageNet_Training - INFO - |    |    └─Conv2d: 3-28                 [-1, 256, 114, 114]       16,384
2025-10-16 16:34:06,074 - ImageNet_Training - INFO - |    |    └─BatchNorm2d: 3-29            [-1, 256, 114, 114]       512
2025-10-16 16:34:06,074 - ImageNet_Training - INFO - |    |    └─ReLU: 3-30                   [-1, 256, 114, 114]       --
2025-10-16 16:34:06,074 - ImageNet_Training - INFO - |    |    └─Dropout2d: 3-31              [-1, 256, 114, 114]       --
2025-10-16 16:34:06,074 - ImageNet_Training - INFO - ├─Sequential: 1-6                        [-1, 512, 57, 57]         --
2025-10-16 16:34:06,074 - ImageNet_Training - INFO - |    └─BottleneckBlock: 2-4              [-1, 512, 57, 57]         --
2025-10-16 16:34:06,074 - ImageNet_Training - INFO - |    |    └─Conv2d: 3-32                 [-1, 128, 114, 114]       32,768
2025-10-16 16:34:06,074 - ImageNet_Training - INFO - |    |    └─BatchNorm2d: 3-33            [-1, 128, 114, 114]       256
2025-10-16 16:34:06,074 - ImageNet_Training - INFO - |    |    └─ReLU: 3-34                   [-1, 128, 114, 114]       --
2025-10-16 16:34:06,074 - ImageNet_Training - INFO - |    |    └─Conv2d: 3-35                 [-1, 128, 57, 57]         147,456
2025-10-16 16:34:06,074 - ImageNet_Training - INFO - |    |    └─BatchNorm2d: 3-36            [-1, 128, 57, 57]         256
2025-10-16 16:34:06,074 - ImageNet_Training - INFO - |    |    └─ReLU: 3-37                   [-1, 128, 57, 57]         --
2025-10-16 16:34:06,074 - ImageNet_Training - INFO - |    |    └─Conv2d: 3-38                 [-1, 512, 57, 57]         65,536
2025-10-16 16:34:06,074 - ImageNet_Training - INFO - |    |    └─BatchNorm2d: 3-39            [-1, 512, 57, 57]         1,024
2025-10-16 16:34:06,074 - ImageNet_Training - INFO - |    |    └─Sequential: 3-40             [-1, 512, 57, 57]         132,096
2025-10-16 16:34:06,074 - ImageNet_Training - INFO - |    |    └─ReLU: 3-41                   [-1, 512, 57, 57]         --
2025-10-16 16:34:06,074 - ImageNet_Training - INFO - |    |    └─Dropout2d: 3-42              [-1, 512, 57, 57]         --
2025-10-16 16:34:06,074 - ImageNet_Training - INFO - |    └─BottleneckBlock: 2-5              [-1, 512, 57, 57]         --
2025-10-16 16:34:06,074 - ImageNet_Training - INFO - |    |    └─Conv2d: 3-43                 [-1, 128, 57, 57]         65,536
2025-10-16 16:34:06,074 - ImageNet_Training - INFO - |    |    └─BatchNorm2d: 3-44            [-1, 128, 57, 57]         256
2025-10-16 16:34:06,074 - ImageNet_Training - INFO - |    |    └─ReLU: 3-45                   [-1, 128, 57, 57]         --
2025-10-16 16:34:06,074 - ImageNet_Training - INFO - |    |    └─Conv2d: 3-46                 [-1, 128, 57, 57]         147,456
2025-10-16 16:34:06,074 - ImageNet_Training - INFO - |    |    └─BatchNorm2d: 3-47            [-1, 128, 57, 57]         256
2025-10-16 16:34:06,074 - ImageNet_Training - INFO - |    |    └─ReLU: 3-48                   [-1, 128, 57, 57]         --
2025-10-16 16:34:06,075 - ImageNet_Training - INFO - |    |    └─Conv2d: 3-49                 [-1, 512, 57, 57]         65,536
2025-10-16 16:34:06,075 - ImageNet_Training - INFO - |    |    └─BatchNorm2d: 3-50            [-1, 512, 57, 57]         1,024
2025-10-16 16:34:06,075 - ImageNet_Training - INFO - |    |    └─ReLU: 3-51                   [-1, 512, 57, 57]         --
2025-10-16 16:34:06,075 - ImageNet_Training - INFO - |    |    └─Dropout2d: 3-52              [-1, 512, 57, 57]         --
2025-10-16 16:34:06,075 - ImageNet_Training - INFO - |    └─BottleneckBlock: 2-6              [-1, 512, 57, 57]         --
2025-10-16 16:34:06,075 - ImageNet_Training - INFO - |    |    └─Conv2d: 3-53                 [-1, 128, 57, 57]         65,536
2025-10-16 16:34:06,075 - ImageNet_Training - INFO - |    |    └─BatchNorm2d: 3-54            [-1, 128, 57, 57]         256
2025-10-16 16:34:06,075 - ImageNet_Training - INFO - |    |    └─ReLU: 3-55                   [-1, 128, 57, 57]         --
2025-10-16 16:34:06,075 - ImageNet_Training - INFO - |    |    └─Conv2d: 3-56                 [-1, 128, 57, 57]         147,456
2025-10-16 16:34:06,075 - ImageNet_Training - INFO - |    |    └─BatchNorm2d: 3-57            [-1, 128, 57, 57]         256
2025-10-16 16:34:06,075 - ImageNet_Training - INFO - |    |    └─ReLU: 3-58                   [-1, 128, 57, 57]         --
2025-10-16 16:34:06,075 - ImageNet_Training - INFO - |    |    └─Conv2d: 3-59                 [-1, 512, 57, 57]         65,536
2025-10-16 16:34:06,075 - ImageNet_Training - INFO - |    |    └─BatchNorm2d: 3-60            [-1, 512, 57, 57]         1,024
2025-10-16 16:34:06,075 - ImageNet_Training - INFO - |    |    └─ReLU: 3-61                   [-1, 512, 57, 57]         --
2025-10-16 16:34:06,075 - ImageNet_Training - INFO - |    |    └─Dropout2d: 3-62              [-1, 512, 57, 57]         --
2025-10-16 16:34:06,075 - ImageNet_Training - INFO - |    └─BottleneckBlock: 2-7              [-1, 512, 57, 57]         --
2025-10-16 16:34:06,075 - ImageNet_Training - INFO - |    |    └─Conv2d: 3-63                 [-1, 128, 57, 57]         65,536
2025-10-16 16:34:06,075 - ImageNet_Training - INFO - |    |    └─BatchNorm2d: 3-64            [-1, 128, 57, 57]         256
2025-10-16 16:34:06,075 - ImageNet_Training - INFO - |    |    └─ReLU: 3-65                   [-1, 128, 57, 57]         --
2025-10-16 16:34:06,075 - ImageNet_Training - INFO - |    |    └─Conv2d: 3-66                 [-1, 128, 57, 57]         147,456
2025-10-16 16:34:06,075 - ImageNet_Training - INFO - |    |    └─BatchNorm2d: 3-67            [-1, 128, 57, 57]         256
2025-10-16 16:34:06,075 - ImageNet_Training - INFO - |    |    └─ReLU: 3-68                   [-1, 128, 57, 57]         --
2025-10-16 16:34:06,075 - ImageNet_Training - INFO - |    |    └─Conv2d: 3-69                 [-1, 512, 57, 57]         65,536
2025-10-16 16:34:06,075 - ImageNet_Training - INFO - |    |    └─BatchNorm2d: 3-70            [-1, 512, 57, 57]         1,024
2025-10-16 16:34:06,075 - ImageNet_Training - INFO - |    |    └─ReLU: 3-71                   [-1, 512, 57, 57]         --
2025-10-16 16:34:06,075 - ImageNet_Training - INFO - |    |    └─Dropout2d: 3-72              [-1, 512, 57, 57]         --
2025-10-16 16:34:06,075 - ImageNet_Training - INFO - ├─Sequential: 1-7                        [-1, 1024, 29, 29]        --
2025-10-16 16:34:06,075 - ImageNet_Training - INFO - |    └─BottleneckBlock: 2-8              [-1, 1024, 29, 29]        --
2025-10-16 16:34:06,075 - ImageNet_Training - INFO - |    |    └─Conv2d: 3-73                 [-1, 256, 57, 57]         131,072
2025-10-16 16:34:06,075 - ImageNet_Training - INFO - |    |    └─BatchNorm2d: 3-74            [-1, 256, 57, 57]         512
2025-10-16 16:34:06,075 - ImageNet_Training - INFO - |    |    └─ReLU: 3-75                   [-1, 256, 57, 57]         --
2025-10-16 16:34:06,076 - ImageNet_Training - INFO - |    |    └─Conv2d: 3-76                 [-1, 256, 29, 29]         589,824
2025-10-16 16:34:06,076 - ImageNet_Training - INFO - |    |    └─BatchNorm2d: 3-77            [-1, 256, 29, 29]         512
2025-10-16 16:34:06,076 - ImageNet_Training - INFO - |    |    └─ReLU: 3-78                   [-1, 256, 29, 29]         --
2025-10-16 16:34:06,076 - ImageNet_Training - INFO - |    |    └─Conv2d: 3-79                 [-1, 1024, 29, 29]        262,144
2025-10-16 16:34:06,076 - ImageNet_Training - INFO - |    |    └─BatchNorm2d: 3-80            [-1, 1024, 29, 29]        2,048
2025-10-16 16:34:06,076 - ImageNet_Training - INFO - |    |    └─Sequential: 3-81             [-1, 1024, 29, 29]        526,336
2025-10-16 16:34:06,076 - ImageNet_Training - INFO - |    |    └─ReLU: 3-82                   [-1, 1024, 29, 29]        --
2025-10-16 16:34:06,076 - ImageNet_Training - INFO - |    |    └─Dropout2d: 3-83              [-1, 1024, 29, 29]        --
2025-10-16 16:34:06,076 - ImageNet_Training - INFO - |    └─BottleneckBlock: 2-9              [-1, 1024, 29, 29]        --
2025-10-16 16:34:06,076 - ImageNet_Training - INFO - |    |    └─Conv2d: 3-84                 [-1, 256, 29, 29]         262,144
2025-10-16 16:34:06,076 - ImageNet_Training - INFO - |    |    └─BatchNorm2d: 3-85            [-1, 256, 29, 29]         512
2025-10-16 16:34:06,076 - ImageNet_Training - INFO - |    |    └─ReLU: 3-86                   [-1, 256, 29, 29]         --
2025-10-16 16:34:06,076 - ImageNet_Training - INFO - |    |    └─Conv2d: 3-87                 [-1, 256, 29, 29]         589,824
2025-10-16 16:34:06,076 - ImageNet_Training - INFO - |    |    └─BatchNorm2d: 3-88            [-1, 256, 29, 29]         512
2025-10-16 16:34:06,076 - ImageNet_Training - INFO - |    |    └─ReLU: 3-89                   [-1, 256, 29, 29]         --
2025-10-16 16:34:06,076 - ImageNet_Training - INFO - |    |    └─Conv2d: 3-90                 [-1, 1024, 29, 29]        262,144
2025-10-16 16:34:06,076 - ImageNet_Training - INFO - |    |    └─BatchNorm2d: 3-91            [-1, 1024, 29, 29]        2,048
2025-10-16 16:34:06,076 - ImageNet_Training - INFO - |    |    └─ReLU: 3-92                   [-1, 1024, 29, 29]        --
2025-10-16 16:34:06,076 - ImageNet_Training - INFO - |    |    └─Dropout2d: 3-93              [-1, 1024, 29, 29]        --
2025-10-16 16:34:06,076 - ImageNet_Training - INFO - |    └─BottleneckBlock: 2-10             [-1, 1024, 29, 29]        --
2025-10-16 16:34:06,076 - ImageNet_Training - INFO - |    |    └─Conv2d: 3-94                 [-1, 256, 29, 29]         262,144
2025-10-16 16:34:06,076 - ImageNet_Training - INFO - |    |    └─BatchNorm2d: 3-95            [-1, 256, 29, 29]         512
2025-10-16 16:34:06,076 - ImageNet_Training - INFO - |    |    └─ReLU: 3-96                   [-1, 256, 29, 29]         --
2025-10-16 16:34:06,076 - ImageNet_Training - INFO - |    |    └─Conv2d: 3-97                 [-1, 256, 29, 29]         589,824
2025-10-16 16:34:06,076 - ImageNet_Training - INFO - |    |    └─BatchNorm2d: 3-98            [-1, 256, 29, 29]         512
2025-10-16 16:34:06,076 - ImageNet_Training - INFO - |    |    └─ReLU: 3-99                   [-1, 256, 29, 29]         --
2025-10-16 16:34:06,076 - ImageNet_Training - INFO - |    |    └─Conv2d: 3-100                [-1, 1024, 29, 29]        262,144
2025-10-16 16:34:06,076 - ImageNet_Training - INFO - |    |    └─BatchNorm2d: 3-101           [-1, 1024, 29, 29]        2,048
2025-10-16 16:34:06,076 - ImageNet_Training - INFO - |    |    └─ReLU: 3-102                  [-1, 1024, 29, 29]        --
2025-10-16 16:34:06,076 - ImageNet_Training - INFO - |    |    └─Dropout2d: 3-103             [-1, 1024, 29, 29]        --
2025-10-16 16:34:06,076 - ImageNet_Training - INFO - |    └─BottleneckBlock: 2-11             [-1, 1024, 29, 29]        --
2025-10-16 16:34:06,077 - ImageNet_Training - INFO - |    |    └─Conv2d: 3-104                [-1, 256, 29, 29]         262,144
2025-10-16 16:34:06,077 - ImageNet_Training - INFO - |    |    └─BatchNorm2d: 3-105           [-1, 256, 29, 29]         512
2025-10-16 16:34:06,077 - ImageNet_Training - INFO - |    |    └─ReLU: 3-106                  [-1, 256, 29, 29]         --
2025-10-16 16:34:06,077 - ImageNet_Training - INFO - |    |    └─Conv2d: 3-107                [-1, 256, 29, 29]         589,824
2025-10-16 16:34:06,077 - ImageNet_Training - INFO - |    |    └─BatchNorm2d: 3-108           [-1, 256, 29, 29]         512
2025-10-16 16:34:06,077 - ImageNet_Training - INFO - |    |    └─ReLU: 3-109                  [-1, 256, 29, 29]         --
2025-10-16 16:34:06,077 - ImageNet_Training - INFO - |    |    └─Conv2d: 3-110                [-1, 1024, 29, 29]        262,144
2025-10-16 16:34:06,077 - ImageNet_Training - INFO - |    |    └─BatchNorm2d: 3-111           [-1, 1024, 29, 29]        2,048
2025-10-16 16:34:06,077 - ImageNet_Training - INFO - |    |    └─ReLU: 3-112                  [-1, 1024, 29, 29]        --
2025-10-16 16:34:06,077 - ImageNet_Training - INFO - |    |    └─Dropout2d: 3-113             [-1, 1024, 29, 29]        --
2025-10-16 16:34:06,077 - ImageNet_Training - INFO - |    └─BottleneckBlock: 2-12             [-1, 1024, 29, 29]        --
2025-10-16 16:34:06,077 - ImageNet_Training - INFO - |    |    └─Conv2d: 3-114                [-1, 256, 29, 29]         262,144
2025-10-16 16:34:06,077 - ImageNet_Training - INFO - |    |    └─BatchNorm2d: 3-115           [-1, 256, 29, 29]         512
2025-10-16 16:34:06,077 - ImageNet_Training - INFO - |    |    └─ReLU: 3-116                  [-1, 256, 29, 29]         --
2025-10-16 16:34:06,077 - ImageNet_Training - INFO - |    |    └─Conv2d: 3-117                [-1, 256, 29, 29]         589,824
2025-10-16 16:34:06,077 - ImageNet_Training - INFO - |    |    └─BatchNorm2d: 3-118           [-1, 256, 29, 29]         512
2025-10-16 16:34:06,077 - ImageNet_Training - INFO - |    |    └─ReLU: 3-119                  [-1, 256, 29, 29]         --
2025-10-16 16:34:06,077 - ImageNet_Training - INFO - |    |    └─Conv2d: 3-120                [-1, 1024, 29, 29]        262,144
2025-10-16 16:34:06,077 - ImageNet_Training - INFO - |    |    └─BatchNorm2d: 3-121           [-1, 1024, 29, 29]        2,048
2025-10-16 16:34:06,077 - ImageNet_Training - INFO - |    |    └─ReLU: 3-122                  [-1, 1024, 29, 29]        --
2025-10-16 16:34:06,077 - ImageNet_Training - INFO - |    |    └─Dropout2d: 3-123             [-1, 1024, 29, 29]        --
2025-10-16 16:34:06,077 - ImageNet_Training - INFO - |    └─BottleneckBlock: 2-13             [-1, 1024, 29, 29]        --
2025-10-16 16:34:06,077 - ImageNet_Training - INFO - |    |    └─Conv2d: 3-124                [-1, 256, 29, 29]         262,144
2025-10-16 16:34:06,077 - ImageNet_Training - INFO - |    |    └─BatchNorm2d: 3-125           [-1, 256, 29, 29]         512
2025-10-16 16:34:06,077 - ImageNet_Training - INFO - |    |    └─ReLU: 3-126                  [-1, 256, 29, 29]         --
2025-10-16 16:34:06,077 - ImageNet_Training - INFO - |    |    └─Conv2d: 3-127                [-1, 256, 29, 29]         589,824
2025-10-16 16:34:06,077 - ImageNet_Training - INFO - |    |    └─BatchNorm2d: 3-128           [-1, 256, 29, 29]         512
2025-10-16 16:34:06,078 - ImageNet_Training - INFO - |    |    └─ReLU: 3-129                  [-1, 256, 29, 29]         --
2025-10-16 16:34:06,078 - ImageNet_Training - INFO - |    |    └─Conv2d: 3-130                [-1, 1024, 29, 29]        262,144
2025-10-16 16:34:06,078 - ImageNet_Training - INFO - |    |    └─BatchNorm2d: 3-131           [-1, 1024, 29, 29]        2,048
2025-10-16 16:34:06,078 - ImageNet_Training - INFO - |    |    └─ReLU: 3-132                  [-1, 1024, 29, 29]        --
2025-10-16 16:34:06,078 - ImageNet_Training - INFO - |    |    └─Dropout2d: 3-133             [-1, 1024, 29, 29]        --
2025-10-16 16:34:06,078 - ImageNet_Training - INFO - ├─Sequential: 1-8                        [-1, 2048, 15, 15]        --
2025-10-16 16:34:06,078 - ImageNet_Training - INFO - |    └─BottleneckBlock: 2-14             [-1, 2048, 15, 15]        --
2025-10-16 16:34:06,078 - ImageNet_Training - INFO - |    |    └─Conv2d: 3-134                [-1, 512, 29, 29]         524,288
2025-10-16 16:34:06,078 - ImageNet_Training - INFO - |    |    └─BatchNorm2d: 3-135           [-1, 512, 29, 29]         1,024
2025-10-16 16:34:06,078 - ImageNet_Training - INFO - |    |    └─ReLU: 3-136                  [-1, 512, 29, 29]         --
2025-10-16 16:34:06,078 - ImageNet_Training - INFO - |    |    └─Conv2d: 3-137                [-1, 512, 15, 15]         2,359,296
2025-10-16 16:34:06,078 - ImageNet_Training - INFO - |    |    └─BatchNorm2d: 3-138           [-1, 512, 15, 15]         1,024
2025-10-16 16:34:06,078 - ImageNet_Training - INFO - |    |    └─ReLU: 3-139                  [-1, 512, 15, 15]         --
2025-10-16 16:34:06,078 - ImageNet_Training - INFO - |    |    └─Conv2d: 3-140                [-1, 2048, 15, 15]        1,048,576
2025-10-16 16:34:06,078 - ImageNet_Training - INFO - |    |    └─BatchNorm2d: 3-141           [-1, 2048, 15, 15]        4,096
2025-10-16 16:34:06,078 - ImageNet_Training - INFO - |    |    └─Sequential: 3-142            [-1, 2048, 15, 15]        2,101,248
2025-10-16 16:34:06,078 - ImageNet_Training - INFO - |    |    └─ReLU: 3-143                  [-1, 2048, 15, 15]        --
2025-10-16 16:34:06,078 - ImageNet_Training - INFO - |    |    └─Dropout2d: 3-144             [-1, 2048, 15, 15]        --
2025-10-16 16:34:06,078 - ImageNet_Training - INFO - |    └─BottleneckBlock: 2-15             [-1, 2048, 15, 15]        --
2025-10-16 16:34:06,078 - ImageNet_Training - INFO - |    |    └─Conv2d: 3-145                [-1, 512, 15, 15]         1,048,576
2025-10-16 16:34:06,078 - ImageNet_Training - INFO - |    |    └─BatchNorm2d: 3-146           [-1, 512, 15, 15]         1,024
2025-10-16 16:34:06,078 - ImageNet_Training - INFO - |    |    └─ReLU: 3-147                  [-1, 512, 15, 15]         --
2025-10-16 16:34:06,078 - ImageNet_Training - INFO - |    |    └─Conv2d: 3-148                [-1, 512, 15, 15]         2,359,296
2025-10-16 16:34:06,078 - ImageNet_Training - INFO - |    |    └─BatchNorm2d: 3-149           [-1, 512, 15, 15]         1,024
2025-10-16 16:34:06,078 - ImageNet_Training - INFO - |    |    └─ReLU: 3-150                  [-1, 512, 15, 15]         --
2025-10-16 16:34:06,078 - ImageNet_Training - INFO - |    |    └─Conv2d: 3-151                [-1, 2048, 15, 15]        1,048,576
2025-10-16 16:34:06,078 - ImageNet_Training - INFO - |    |    └─BatchNorm2d: 3-152           [-1, 2048, 15, 15]        4,096
2025-10-16 16:34:06,078 - ImageNet_Training - INFO - |    |    └─ReLU: 3-153                  [-1, 2048, 15, 15]        --
2025-10-16 16:34:06,078 - ImageNet_Training - INFO - |    |    └─Dropout2d: 3-154             [-1, 2048, 15, 15]        --
2025-10-16 16:34:06,078 - ImageNet_Training - INFO - |    └─BottleneckBlock: 2-16             [-1, 2048, 15, 15]        --
2025-10-16 16:34:06,079 - ImageNet_Training - INFO - |    |    └─Conv2d: 3-155                [-1, 512, 15, 15]         1,048,576
2025-10-16 16:34:06,079 - ImageNet_Training - INFO - |    |    └─BatchNorm2d: 3-156           [-1, 512, 15, 15]         1,024
2025-10-16 16:34:06,079 - ImageNet_Training - INFO - |    |    └─ReLU: 3-157                  [-1, 512, 15, 15]         --
2025-10-16 16:34:06,079 - ImageNet_Training - INFO - |    |    └─Conv2d: 3-158                [-1, 512, 15, 15]         2,359,296
2025-10-16 16:34:06,079 - ImageNet_Training - INFO - |    |    └─BatchNorm2d: 3-159           [-1, 512, 15, 15]         1,024
2025-10-16 16:34:06,079 - ImageNet_Training - INFO - |    |    └─ReLU: 3-160                  [-1, 512, 15, 15]         --
2025-10-16 16:34:06,079 - ImageNet_Training - INFO - |    |    └─Conv2d: 3-161                [-1, 2048, 15, 15]        1,048,576
2025-10-16 16:34:06,079 - ImageNet_Training - INFO - |    |    └─BatchNorm2d: 3-162           [-1, 2048, 15, 15]        4,096
2025-10-16 16:34:06,079 - ImageNet_Training - INFO - |    |    └─ReLU: 3-163                  [-1, 2048, 15, 15]        --
2025-10-16 16:34:06,079 - ImageNet_Training - INFO - |    |    └─Dropout2d: 3-164             [-1, 2048, 15, 15]        --
2025-10-16 16:34:06,079 - ImageNet_Training - INFO - ├─AdaptiveAvgPool2d: 1-9                 [-1, 2048, 1, 1]          --
2025-10-16 16:34:06,079 - ImageNet_Training - INFO - ├─Dropout: 1-10                          [-1, 2048]                --
2025-10-16 16:34:06,079 - ImageNet_Training - INFO - ├─Linear: 1-11                           [-1, 1000]                2,049,000
2025-10-16 16:34:06,079 - ImageNet_Training - INFO - ==========================================================================================
2025-10-16 16:34:06,079 - ImageNet_Training - INFO - Total params: 25,549,352
2025-10-16 16:34:06,079 - ImageNet_Training - INFO - Trainable params: 25,549,352
2025-10-16 16:34:06,079 - ImageNet_Training - INFO - Non-trainable params: 0
2025-10-16 16:34:06,079 - ImageNet_Training - INFO - Total mult-adds (G): 17.12
2025-10-16 16:34:06,079 - ImageNet_Training - INFO - ==========================================================================================
2025-10-16 16:34:06,079 - ImageNet_Training - INFO - Input size (MB): 0.57
2025-10-16 16:34:06,079 - ImageNet_Training - INFO - Forward/backward pass size (MB): 711.00
2025-10-16 16:34:06,079 - ImageNet_Training - INFO - Params size (MB): 97.46
2025-10-16 16:34:06,079 - ImageNet_Training - INFO - Estimated Total Size (MB): 809.04
2025-10-16 16:34:06,079 - ImageNet_Training - INFO - ==========================================================================================
2025-10-16 16:34:06,080 - ImageNet_Training - INFO - ======================================================================
2025-10-16 16:34:06,080 - ImageNet_Training - INFO - Model dropout rate: 0.02
2025-10-16 16:34:06,080 - ImageNet_Training - INFO - Initializing trainer with Mixup/Cutmix...
2025-10-16 16:34:06,080 - ImageNet_Training - INFO - Mixup/Cutmix enabled - Mixup: True, Cutmix: True
2025-10-16 16:34:06,081 - ImageNet_Training - INFO - Using device: cuda
2025-10-16 16:34:06,081 - ImageNet_Training - INFO - Loss function: CrossEntropyLoss
2025-10-16 16:34:06,081 - ImageNet_Training - INFO - Mixed Precision (AMP): True
2025-10-16 16:34:06,081 - ImageNet_Training - INFO - Gradient Accumulation Steps: 4
2025-10-16 16:34:06,081 - ImageNet_Training - INFO - Starting Phase 2 fine-tuning...
2025-10-16 16:34:06,081 - ImageNet_Training - INFO - Initializing training...
2025-10-16 16:34:06,082 - ImageNet_Training - INFO - Starting Epoch 1/50
2025-10-16 16:34:07,718 - ImageNet_Training - ERROR - Training failed: CUDA out of memory. Tried to allocate 30.00 MiB. GPU 0 has a total capacity of 14.56 GiB of which 27.81 MiB is free. Process 129097 has 7.28 GiB memory in use. Including non-PyTorch memory, this process has 7.25 GiB memory in use. Of the allocated memory 7.03 GiB is allocated by PyTorch, and 80.34 MiB is reserved by PyTorch but unallocated. If reserved but unallocated memory is large try setting PYTORCH_CUDA_ALLOC_CONF=expandable_segments:True to avoid fragmentation.  See documentation for Memory Management  (https://pytorch.org/docs/stable/notes/cuda.html#environment-variables)
