2025-10-18 07:24:02,910 - ImageNet_Training - INFO - Logger initialized. Log file: /home/ubuntu/repos/Learnings/MNIST_Model/Reference/ImageNet_ResNet50/experiments/phase2_finetune/logs/20251018_072402_imagenet_training.log
2025-10-18 07:24:02,910 - ImageNet_Training - INFO - Configuration Summary:
2025-10-18 07:24:02,910 - ImageNet_Training - INFO -   Dataset: ImageNet-1k
2025-10-18 07:24:02,910 - ImageNet_Training - INFO -   Model: resnet50
2025-10-18 07:24:02,910 - ImageNet_Training - INFO -   Input Size: 224x224
2025-10-18 07:24:02,910 - ImageNet_Training - INFO -   Num Classes: 1000
2025-10-18 07:24:02,910 - ImageNet_Training - INFO -   Batch Size: 32
2025-10-18 07:24:02,910 - ImageNet_Training - INFO -   Gradient Accumulation: 8
2025-10-18 07:24:02,910 - ImageNet_Training - INFO -   Effective Batch Size: 256
2025-10-18 07:24:02,910 - ImageNet_Training - INFO -   Num Workers: 8
2025-10-18 07:24:02,910 - ImageNet_Training - INFO -   Using Subset: 20.0% (stratified)
2025-10-18 07:24:02,910 - ImageNet_Training - INFO -   Epochs: 60
2025-10-18 07:24:02,910 - ImageNet_Training - INFO -   Learning Rate: 0.05
2025-10-18 07:24:02,911 - ImageNet_Training - INFO -   Optimizer: SGD
2025-10-18 07:24:02,911 - ImageNet_Training - INFO -   Scheduler: OneCycleLR
2025-10-18 07:24:02,911 - ImageNet_Training - INFO -   Weight Decay: 0.0002
2025-10-18 07:24:02,911 - ImageNet_Training - INFO -   Mixed Precision: True
2025-10-18 07:24:02,911 - ImageNet_Training - INFO -   Gradient Clipping: 1.0
2025-10-18 07:24:02,911 - ImageNet_Training - INFO -   Label Smoothing: 0.1
2025-10-18 07:24:02,911 - ImageNet_Training - INFO -   Dropout Rate: 0.01
2025-10-18 07:24:02,911 - ImageNet_Training - INFO -   Use Pretrained: False
2025-10-18 07:24:02,911 - ImageNet_Training - INFO - ======================================================================
2025-10-18 07:24:02,928 - ImageNet_Training - INFO - Using device: cuda
2025-10-18 07:24:02,949 - ImageNet_Training - INFO - GPU: Tesla T4
2025-10-18 07:24:02,949 - ImageNet_Training - INFO - GPU Memory: 14.6 GB
2025-10-18 07:24:02,949 - ImageNet_Training - INFO - Setting up data...
2025-10-18 07:24:02,949 - ImageNet_Training - INFO - Loading ImageNet dataset...
2025-10-18 07:24:02,949 - ImageNet_Training - INFO - Train directory: /home/ubuntu/data/imagenet/train
2025-10-18 07:24:02,949 - ImageNet_Training - INFO - Val directory: /home/ubuntu/data/imagenet/val
2025-10-18 07:24:05,632 - ImageNet_Training - INFO - Creating stratified 20.0% subset...
2025-10-18 07:24:05,641 - ImageNet_Training - INFO - Subset created: 256190 / 1281167 samples
2025-10-18 07:24:05,641 - ImageNet_Training - INFO - Validation samples: 50000
2025-10-18 07:24:05,641 - ImageNet_Training - INFO - ImageNet data loaders created successfully!
2025-10-18 07:24:05,641 - ImageNet_Training - INFO -   Train batches: 8006
2025-10-18 07:24:05,642 - ImageNet_Training - INFO -   Val batches: 1563
2025-10-18 07:24:05,642 - ImageNet_Training - INFO - Computing dataset statistics...
2025-10-18 07:24:05,642 - ImageNet_Training - INFO - Dataset Statistics:
2025-10-18 07:24:05,642 - ImageNet_Training - INFO -   Train samples: 256,190
2025-10-18 07:24:05,642 - ImageNet_Training - INFO -   Val samples: 50,000
2025-10-18 07:24:05,642 - ImageNet_Training - INFO -   Num classes: 1000
2025-10-18 07:24:05,642 - ImageNet_Training - INFO -   Batch size: 32
2025-10-18 07:24:05,642 - ImageNet_Training - INFO -   Input size: 224x224
2025-10-18 07:24:05,642 - ImageNet_Training - INFO -   Subset: 20.0% stratified
2025-10-18 07:24:05,642 - ImageNet_Training - INFO - Verifying stratified subset distribution...
2025-10-18 07:24:05,718 - ImageNet_Training - INFO - Subset contains 1000 classes
2025-10-18 07:24:05,719 - ImageNet_Training - INFO - Samples per class - Min: 732, Max: 1300, Mean: 1281.2, Std: 70.2
2025-10-18 07:24:05,719 - ImageNet_Training - INFO - Building ResNet-50 model...
2025-10-18 07:24:06,233 - ImageNet_Training - INFO - Generating RESNET50 summary...
2025-10-18 07:24:06,492 - ImageNet_Training - INFO - RESNET50 Architecture Summary:
2025-10-18 07:24:06,493 - ImageNet_Training - INFO -   Total Parameters: 25,557,032
2025-10-18 07:24:06,493 - ImageNet_Training - INFO -   Trainable Parameters: 25,557,032
2025-10-18 07:24:06,493 - ImageNet_Training - INFO -   Model Size: 97.49 MB
2025-10-18 07:24:06,493 - ImageNet_Training - INFO -   Batch Normalization: Yes
2025-10-18 07:24:06,493 - ImageNet_Training - INFO -   Dropout: Yes
2025-10-18 07:24:06,493 - ImageNet_Training - INFO -   FC Layers: Yes
2025-10-18 07:24:06,493 - ImageNet_Training - INFO -   Global Pooling: Yes
2025-10-18 07:24:06,493 - ImageNet_Training - INFO - ======================================================================
2025-10-18 07:24:06,493 - ImageNet_Training - INFO - DETAILED MODEL ARCHITECTURE
2025-10-18 07:24:06,493 - ImageNet_Training - INFO - ======================================================================
2025-10-18 07:24:06,493 - ImageNet_Training - INFO - ==========================================================================================
2025-10-18 07:24:06,493 - ImageNet_Training - INFO - Layer (type:depth-idx)                   Output Shape              Param #
2025-10-18 07:24:06,493 - ImageNet_Training - INFO - ==========================================================================================
2025-10-18 07:24:06,493 - ImageNet_Training - INFO - ├─Conv2d: 1-1                            [-1, 64, 112, 112]        9,408
2025-10-18 07:24:06,493 - ImageNet_Training - INFO - ├─BatchNorm2d: 1-2                       [-1, 64, 112, 112]        128
2025-10-18 07:24:06,493 - ImageNet_Training - INFO - ├─ReLU: 1-3                              [-1, 64, 112, 112]        --
2025-10-18 07:24:06,493 - ImageNet_Training - INFO - ├─MaxPool2d: 1-4                         [-1, 64, 56, 56]          --
2025-10-18 07:24:06,493 - ImageNet_Training - INFO - ├─Sequential: 1-5                        [-1, 256, 56, 56]         --
2025-10-18 07:24:06,493 - ImageNet_Training - INFO - |    └─BottleneckBlock: 2-1              [-1, 256, 56, 56]         --
2025-10-18 07:24:06,493 - ImageNet_Training - INFO - |    |    └─Conv2d: 3-1                  [-1, 64, 56, 56]          4,096
2025-10-18 07:24:06,493 - ImageNet_Training - INFO - |    |    └─BatchNorm2d: 3-2             [-1, 64, 56, 56]          128
2025-10-18 07:24:06,493 - ImageNet_Training - INFO - |    |    └─ReLU: 3-3                    [-1, 64, 56, 56]          --
2025-10-18 07:24:06,493 - ImageNet_Training - INFO - |    |    └─Conv2d: 3-4                  [-1, 64, 56, 56]          36,864
2025-10-18 07:24:06,493 - ImageNet_Training - INFO - |    |    └─BatchNorm2d: 3-5             [-1, 64, 56, 56]          128
2025-10-18 07:24:06,493 - ImageNet_Training - INFO - |    |    └─ReLU: 3-6                    [-1, 64, 56, 56]          --
2025-10-18 07:24:06,494 - ImageNet_Training - INFO - |    |    └─Conv2d: 3-7                  [-1, 256, 56, 56]         16,384
2025-10-18 07:24:06,494 - ImageNet_Training - INFO - |    |    └─BatchNorm2d: 3-8             [-1, 256, 56, 56]         512
2025-10-18 07:24:06,494 - ImageNet_Training - INFO - |    |    └─Sequential: 3-9              [-1, 256, 56, 56]         16,896
2025-10-18 07:24:06,494 - ImageNet_Training - INFO - |    |    └─ReLU: 3-10                   [-1, 256, 56, 56]         --
2025-10-18 07:24:06,494 - ImageNet_Training - INFO - |    |    └─Dropout2d: 3-11              [-1, 256, 56, 56]         --
2025-10-18 07:24:06,494 - ImageNet_Training - INFO - |    └─BottleneckBlock: 2-2              [-1, 256, 56, 56]         --
2025-10-18 07:24:06,494 - ImageNet_Training - INFO - |    |    └─Conv2d: 3-12                 [-1, 64, 56, 56]          16,384
2025-10-18 07:24:06,494 - ImageNet_Training - INFO - |    |    └─BatchNorm2d: 3-13            [-1, 64, 56, 56]          128
2025-10-18 07:24:06,494 - ImageNet_Training - INFO - |    |    └─ReLU: 3-14                   [-1, 64, 56, 56]          --
2025-10-18 07:24:06,494 - ImageNet_Training - INFO - |    |    └─Conv2d: 3-15                 [-1, 64, 56, 56]          36,864
2025-10-18 07:24:06,494 - ImageNet_Training - INFO - |    |    └─BatchNorm2d: 3-16            [-1, 64, 56, 56]          128
2025-10-18 07:24:06,494 - ImageNet_Training - INFO - |    |    └─ReLU: 3-17                   [-1, 64, 56, 56]          --
2025-10-18 07:24:06,494 - ImageNet_Training - INFO - |    |    └─Conv2d: 3-18                 [-1, 256, 56, 56]         16,384
2025-10-18 07:24:06,494 - ImageNet_Training - INFO - |    |    └─BatchNorm2d: 3-19            [-1, 256, 56, 56]         512
2025-10-18 07:24:06,494 - ImageNet_Training - INFO - |    |    └─ReLU: 3-20                   [-1, 256, 56, 56]         --
2025-10-18 07:24:06,494 - ImageNet_Training - INFO - |    |    └─Dropout2d: 3-21              [-1, 256, 56, 56]         --
2025-10-18 07:24:06,494 - ImageNet_Training - INFO - |    └─BottleneckBlock: 2-3              [-1, 256, 56, 56]         --
2025-10-18 07:24:06,494 - ImageNet_Training - INFO - |    |    └─Conv2d: 3-22                 [-1, 64, 56, 56]          16,384
2025-10-18 07:24:06,494 - ImageNet_Training - INFO - |    |    └─BatchNorm2d: 3-23            [-1, 64, 56, 56]          128
2025-10-18 07:24:06,494 - ImageNet_Training - INFO - |    |    └─ReLU: 3-24                   [-1, 64, 56, 56]          --
2025-10-18 07:24:06,494 - ImageNet_Training - INFO - |    |    └─Conv2d: 3-25                 [-1, 64, 56, 56]          36,864
2025-10-18 07:24:06,494 - ImageNet_Training - INFO - |    |    └─BatchNorm2d: 3-26            [-1, 64, 56, 56]          128
2025-10-18 07:24:06,494 - ImageNet_Training - INFO - |    |    └─ReLU: 3-27                   [-1, 64, 56, 56]          --
2025-10-18 07:24:06,494 - ImageNet_Training - INFO - |    |    └─Conv2d: 3-28                 [-1, 256, 56, 56]         16,384
2025-10-18 07:24:06,494 - ImageNet_Training - INFO - |    |    └─BatchNorm2d: 3-29            [-1, 256, 56, 56]         512
2025-10-18 07:24:06,494 - ImageNet_Training - INFO - |    |    └─ReLU: 3-30                   [-1, 256, 56, 56]         --
2025-10-18 07:24:06,494 - ImageNet_Training - INFO - |    |    └─Dropout2d: 3-31              [-1, 256, 56, 56]         --
2025-10-18 07:24:06,494 - ImageNet_Training - INFO - ├─Sequential: 1-6                        [-1, 512, 28, 28]         --
2025-10-18 07:24:06,494 - ImageNet_Training - INFO - |    └─BottleneckBlock: 2-4              [-1, 512, 28, 28]         --
2025-10-18 07:24:06,494 - ImageNet_Training - INFO - |    |    └─Conv2d: 3-32                 [-1, 128, 56, 56]         32,768
2025-10-18 07:24:06,495 - ImageNet_Training - INFO - |    |    └─BatchNorm2d: 3-33            [-1, 128, 56, 56]         256
2025-10-18 07:24:06,495 - ImageNet_Training - INFO - |    |    └─ReLU: 3-34                   [-1, 128, 56, 56]         --
2025-10-18 07:24:06,495 - ImageNet_Training - INFO - |    |    └─Conv2d: 3-35                 [-1, 128, 28, 28]         147,456
2025-10-18 07:24:06,495 - ImageNet_Training - INFO - |    |    └─BatchNorm2d: 3-36            [-1, 128, 28, 28]         256
2025-10-18 07:24:06,495 - ImageNet_Training - INFO - |    |    └─ReLU: 3-37                   [-1, 128, 28, 28]         --
2025-10-18 07:24:06,495 - ImageNet_Training - INFO - |    |    └─Conv2d: 3-38                 [-1, 512, 28, 28]         65,536
2025-10-18 07:24:06,495 - ImageNet_Training - INFO - |    |    └─BatchNorm2d: 3-39            [-1, 512, 28, 28]         1,024
2025-10-18 07:24:06,495 - ImageNet_Training - INFO - |    |    └─Sequential: 3-40             [-1, 512, 28, 28]         132,096
2025-10-18 07:24:06,495 - ImageNet_Training - INFO - |    |    └─ReLU: 3-41                   [-1, 512, 28, 28]         --
2025-10-18 07:24:06,495 - ImageNet_Training - INFO - |    |    └─Dropout2d: 3-42              [-1, 512, 28, 28]         --
2025-10-18 07:24:06,495 - ImageNet_Training - INFO - |    └─BottleneckBlock: 2-5              [-1, 512, 28, 28]         --
2025-10-18 07:24:06,495 - ImageNet_Training - INFO - |    |    └─Conv2d: 3-43                 [-1, 128, 28, 28]         65,536
2025-10-18 07:24:06,495 - ImageNet_Training - INFO - |    |    └─BatchNorm2d: 3-44            [-1, 128, 28, 28]         256
2025-10-18 07:24:06,495 - ImageNet_Training - INFO - |    |    └─ReLU: 3-45                   [-1, 128, 28, 28]         --
2025-10-18 07:24:06,495 - ImageNet_Training - INFO - |    |    └─Conv2d: 3-46                 [-1, 128, 28, 28]         147,456
2025-10-18 07:24:06,495 - ImageNet_Training - INFO - |    |    └─BatchNorm2d: 3-47            [-1, 128, 28, 28]         256
2025-10-18 07:24:06,495 - ImageNet_Training - INFO - |    |    └─ReLU: 3-48                   [-1, 128, 28, 28]         --
2025-10-18 07:24:06,495 - ImageNet_Training - INFO - |    |    └─Conv2d: 3-49                 [-1, 512, 28, 28]         65,536
2025-10-18 07:24:06,495 - ImageNet_Training - INFO - |    |    └─BatchNorm2d: 3-50            [-1, 512, 28, 28]         1,024
2025-10-18 07:24:06,495 - ImageNet_Training - INFO - |    |    └─ReLU: 3-51                   [-1, 512, 28, 28]         --
2025-10-18 07:24:06,495 - ImageNet_Training - INFO - |    |    └─Dropout2d: 3-52              [-1, 512, 28, 28]         --
2025-10-18 07:24:06,495 - ImageNet_Training - INFO - |    └─BottleneckBlock: 2-6              [-1, 512, 28, 28]         --
2025-10-18 07:24:06,495 - ImageNet_Training - INFO - |    |    └─Conv2d: 3-53                 [-1, 128, 28, 28]         65,536
2025-10-18 07:24:06,495 - ImageNet_Training - INFO - |    |    └─BatchNorm2d: 3-54            [-1, 128, 28, 28]         256
2025-10-18 07:24:06,495 - ImageNet_Training - INFO - |    |    └─ReLU: 3-55                   [-1, 128, 28, 28]         --
2025-10-18 07:24:06,495 - ImageNet_Training - INFO - |    |    └─Conv2d: 3-56                 [-1, 128, 28, 28]         147,456
2025-10-18 07:24:06,495 - ImageNet_Training - INFO - |    |    └─BatchNorm2d: 3-57            [-1, 128, 28, 28]         256
2025-10-18 07:24:06,495 - ImageNet_Training - INFO - |    |    └─ReLU: 3-58                   [-1, 128, 28, 28]         --
2025-10-18 07:24:06,495 - ImageNet_Training - INFO - |    |    └─Conv2d: 3-59                 [-1, 512, 28, 28]         65,536
2025-10-18 07:24:06,495 - ImageNet_Training - INFO - |    |    └─BatchNorm2d: 3-60            [-1, 512, 28, 28]         1,024
2025-10-18 07:24:06,495 - ImageNet_Training - INFO - |    |    └─ReLU: 3-61                   [-1, 512, 28, 28]         --
2025-10-18 07:24:06,496 - ImageNet_Training - INFO - |    |    └─Dropout2d: 3-62              [-1, 512, 28, 28]         --
2025-10-18 07:24:06,496 - ImageNet_Training - INFO - |    └─BottleneckBlock: 2-7              [-1, 512, 28, 28]         --
2025-10-18 07:24:06,496 - ImageNet_Training - INFO - |    |    └─Conv2d: 3-63                 [-1, 128, 28, 28]         65,536
2025-10-18 07:24:06,496 - ImageNet_Training - INFO - |    |    └─BatchNorm2d: 3-64            [-1, 128, 28, 28]         256
2025-10-18 07:24:06,496 - ImageNet_Training - INFO - |    |    └─ReLU: 3-65                   [-1, 128, 28, 28]         --
2025-10-18 07:24:06,496 - ImageNet_Training - INFO - |    |    └─Conv2d: 3-66                 [-1, 128, 28, 28]         147,456
2025-10-18 07:24:06,496 - ImageNet_Training - INFO - |    |    └─BatchNorm2d: 3-67            [-1, 128, 28, 28]         256
2025-10-18 07:24:06,496 - ImageNet_Training - INFO - |    |    └─ReLU: 3-68                   [-1, 128, 28, 28]         --
2025-10-18 07:24:06,496 - ImageNet_Training - INFO - |    |    └─Conv2d: 3-69                 [-1, 512, 28, 28]         65,536
2025-10-18 07:24:06,496 - ImageNet_Training - INFO - |    |    └─BatchNorm2d: 3-70            [-1, 512, 28, 28]         1,024
2025-10-18 07:24:06,496 - ImageNet_Training - INFO - |    |    └─ReLU: 3-71                   [-1, 512, 28, 28]         --
2025-10-18 07:24:06,496 - ImageNet_Training - INFO - |    |    └─Dropout2d: 3-72              [-1, 512, 28, 28]         --
2025-10-18 07:24:06,496 - ImageNet_Training - INFO - ├─Sequential: 1-7                        [-1, 1024, 14, 14]        --
2025-10-18 07:24:06,496 - ImageNet_Training - INFO - |    └─BottleneckBlock: 2-8              [-1, 1024, 14, 14]        --
2025-10-18 07:24:06,496 - ImageNet_Training - INFO - |    |    └─Conv2d: 3-73                 [-1, 256, 28, 28]         131,072
2025-10-18 07:24:06,496 - ImageNet_Training - INFO - |    |    └─BatchNorm2d: 3-74            [-1, 256, 28, 28]         512
2025-10-18 07:24:06,496 - ImageNet_Training - INFO - |    |    └─ReLU: 3-75                   [-1, 256, 28, 28]         --
2025-10-18 07:24:06,496 - ImageNet_Training - INFO - |    |    └─Conv2d: 3-76                 [-1, 256, 14, 14]         589,824
2025-10-18 07:24:06,496 - ImageNet_Training - INFO - |    |    └─BatchNorm2d: 3-77            [-1, 256, 14, 14]         512
2025-10-18 07:24:06,496 - ImageNet_Training - INFO - |    |    └─ReLU: 3-78                   [-1, 256, 14, 14]         --
2025-10-18 07:24:06,496 - ImageNet_Training - INFO - |    |    └─Conv2d: 3-79                 [-1, 1024, 14, 14]        262,144
2025-10-18 07:24:06,496 - ImageNet_Training - INFO - |    |    └─BatchNorm2d: 3-80            [-1, 1024, 14, 14]        2,048
2025-10-18 07:24:06,496 - ImageNet_Training - INFO - |    |    └─Sequential: 3-81             [-1, 1024, 14, 14]        526,336
2025-10-18 07:24:06,496 - ImageNet_Training - INFO - |    |    └─ReLU: 3-82                   [-1, 1024, 14, 14]        --
2025-10-18 07:24:06,496 - ImageNet_Training - INFO - |    |    └─Dropout2d: 3-83              [-1, 1024, 14, 14]        --
2025-10-18 07:24:06,496 - ImageNet_Training - INFO - |    └─BottleneckBlock: 2-9              [-1, 1024, 14, 14]        --
2025-10-18 07:24:06,496 - ImageNet_Training - INFO - |    |    └─Conv2d: 3-84                 [-1, 256, 14, 14]         262,144
2025-10-18 07:24:06,496 - ImageNet_Training - INFO - |    |    └─BatchNorm2d: 3-85            [-1, 256, 14, 14]         512
2025-10-18 07:24:06,496 - ImageNet_Training - INFO - |    |    └─ReLU: 3-86                   [-1, 256, 14, 14]         --
2025-10-18 07:24:06,496 - ImageNet_Training - INFO - |    |    └─Conv2d: 3-87                 [-1, 256, 14, 14]         589,824
2025-10-18 07:24:06,496 - ImageNet_Training - INFO - |    |    └─BatchNorm2d: 3-88            [-1, 256, 14, 14]         512
2025-10-18 07:24:06,497 - ImageNet_Training - INFO - |    |    └─ReLU: 3-89                   [-1, 256, 14, 14]         --
2025-10-18 07:24:06,497 - ImageNet_Training - INFO - |    |    └─Conv2d: 3-90                 [-1, 1024, 14, 14]        262,144
2025-10-18 07:24:06,497 - ImageNet_Training - INFO - |    |    └─BatchNorm2d: 3-91            [-1, 1024, 14, 14]        2,048
2025-10-18 07:24:06,497 - ImageNet_Training - INFO - |    |    └─ReLU: 3-92                   [-1, 1024, 14, 14]        --
2025-10-18 07:24:06,497 - ImageNet_Training - INFO - |    |    └─Dropout2d: 3-93              [-1, 1024, 14, 14]        --
2025-10-18 07:24:06,497 - ImageNet_Training - INFO - |    └─BottleneckBlock: 2-10             [-1, 1024, 14, 14]        --
2025-10-18 07:24:06,497 - ImageNet_Training - INFO - |    |    └─Conv2d: 3-94                 [-1, 256, 14, 14]         262,144
2025-10-18 07:24:06,497 - ImageNet_Training - INFO - |    |    └─BatchNorm2d: 3-95            [-1, 256, 14, 14]         512
2025-10-18 07:24:06,497 - ImageNet_Training - INFO - |    |    └─ReLU: 3-96                   [-1, 256, 14, 14]         --
2025-10-18 07:24:06,497 - ImageNet_Training - INFO - |    |    └─Conv2d: 3-97                 [-1, 256, 14, 14]         589,824
2025-10-18 07:24:06,497 - ImageNet_Training - INFO - |    |    └─BatchNorm2d: 3-98            [-1, 256, 14, 14]         512
2025-10-18 07:24:06,497 - ImageNet_Training - INFO - |    |    └─ReLU: 3-99                   [-1, 256, 14, 14]         --
2025-10-18 07:24:06,497 - ImageNet_Training - INFO - |    |    └─Conv2d: 3-100                [-1, 1024, 14, 14]        262,144
2025-10-18 07:24:06,497 - ImageNet_Training - INFO - |    |    └─BatchNorm2d: 3-101           [-1, 1024, 14, 14]        2,048
2025-10-18 07:24:06,497 - ImageNet_Training - INFO - |    |    └─ReLU: 3-102                  [-1, 1024, 14, 14]        --
2025-10-18 07:24:06,497 - ImageNet_Training - INFO - |    |    └─Dropout2d: 3-103             [-1, 1024, 14, 14]        --
2025-10-18 07:24:06,497 - ImageNet_Training - INFO - |    └─BottleneckBlock: 2-11             [-1, 1024, 14, 14]        --
2025-10-18 07:24:06,497 - ImageNet_Training - INFO - |    |    └─Conv2d: 3-104                [-1, 256, 14, 14]         262,144
2025-10-18 07:24:06,497 - ImageNet_Training - INFO - |    |    └─BatchNorm2d: 3-105           [-1, 256, 14, 14]         512
2025-10-18 07:24:06,497 - ImageNet_Training - INFO - |    |    └─ReLU: 3-106                  [-1, 256, 14, 14]         --
2025-10-18 07:24:06,497 - ImageNet_Training - INFO - |    |    └─Conv2d: 3-107                [-1, 256, 14, 14]         589,824
2025-10-18 07:24:06,497 - ImageNet_Training - INFO - |    |    └─BatchNorm2d: 3-108           [-1, 256, 14, 14]         512
2025-10-18 07:24:06,497 - ImageNet_Training - INFO - |    |    └─ReLU: 3-109                  [-1, 256, 14, 14]         --
2025-10-18 07:24:06,497 - ImageNet_Training - INFO - |    |    └─Conv2d: 3-110                [-1, 1024, 14, 14]        262,144
2025-10-18 07:24:06,497 - ImageNet_Training - INFO - |    |    └─BatchNorm2d: 3-111           [-1, 1024, 14, 14]        2,048
2025-10-18 07:24:06,497 - ImageNet_Training - INFO - |    |    └─ReLU: 3-112                  [-1, 1024, 14, 14]        --
2025-10-18 07:24:06,497 - ImageNet_Training - INFO - |    |    └─Dropout2d: 3-113             [-1, 1024, 14, 14]        --
2025-10-18 07:24:06,497 - ImageNet_Training - INFO - |    └─BottleneckBlock: 2-12             [-1, 1024, 14, 14]        --
2025-10-18 07:24:06,497 - ImageNet_Training - INFO - |    |    └─Conv2d: 3-114                [-1, 256, 14, 14]         262,144
2025-10-18 07:24:06,498 - ImageNet_Training - INFO - |    |    └─BatchNorm2d: 3-115           [-1, 256, 14, 14]         512
2025-10-18 07:24:06,498 - ImageNet_Training - INFO - |    |    └─ReLU: 3-116                  [-1, 256, 14, 14]         --
2025-10-18 07:24:06,498 - ImageNet_Training - INFO - |    |    └─Conv2d: 3-117                [-1, 256, 14, 14]         589,824
2025-10-18 07:24:06,498 - ImageNet_Training - INFO - |    |    └─BatchNorm2d: 3-118           [-1, 256, 14, 14]         512
2025-10-18 07:24:06,498 - ImageNet_Training - INFO - |    |    └─ReLU: 3-119                  [-1, 256, 14, 14]         --
2025-10-18 07:24:06,498 - ImageNet_Training - INFO - |    |    └─Conv2d: 3-120                [-1, 1024, 14, 14]        262,144
2025-10-18 07:24:06,498 - ImageNet_Training - INFO - |    |    └─BatchNorm2d: 3-121           [-1, 1024, 14, 14]        2,048
2025-10-18 07:24:06,498 - ImageNet_Training - INFO - |    |    └─ReLU: 3-122                  [-1, 1024, 14, 14]        --
2025-10-18 07:24:06,498 - ImageNet_Training - INFO - |    |    └─Dropout2d: 3-123             [-1, 1024, 14, 14]        --
2025-10-18 07:24:06,498 - ImageNet_Training - INFO - |    └─BottleneckBlock: 2-13             [-1, 1024, 14, 14]        --
2025-10-18 07:24:06,498 - ImageNet_Training - INFO - |    |    └─Conv2d: 3-124                [-1, 256, 14, 14]         262,144
2025-10-18 07:24:06,498 - ImageNet_Training - INFO - |    |    └─BatchNorm2d: 3-125           [-1, 256, 14, 14]         512
2025-10-18 07:24:06,498 - ImageNet_Training - INFO - |    |    └─ReLU: 3-126                  [-1, 256, 14, 14]         --
2025-10-18 07:24:06,498 - ImageNet_Training - INFO - |    |    └─Conv2d: 3-127                [-1, 256, 14, 14]         589,824
2025-10-18 07:24:06,498 - ImageNet_Training - INFO - |    |    └─BatchNorm2d: 3-128           [-1, 256, 14, 14]         512
2025-10-18 07:24:06,498 - ImageNet_Training - INFO - |    |    └─ReLU: 3-129                  [-1, 256, 14, 14]         --
2025-10-18 07:24:06,498 - ImageNet_Training - INFO - |    |    └─Conv2d: 3-130                [-1, 1024, 14, 14]        262,144
2025-10-18 07:24:06,498 - ImageNet_Training - INFO - |    |    └─BatchNorm2d: 3-131           [-1, 1024, 14, 14]        2,048
2025-10-18 07:24:06,498 - ImageNet_Training - INFO - |    |    └─ReLU: 3-132                  [-1, 1024, 14, 14]        --
2025-10-18 07:24:06,498 - ImageNet_Training - INFO - |    |    └─Dropout2d: 3-133             [-1, 1024, 14, 14]        --
2025-10-18 07:24:06,498 - ImageNet_Training - INFO - ├─Sequential: 1-8                        [-1, 2048, 7, 7]          --
2025-10-18 07:24:06,498 - ImageNet_Training - INFO - |    └─BottleneckBlock: 2-14             [-1, 2048, 7, 7]          --
2025-10-18 07:24:06,498 - ImageNet_Training - INFO - |    |    └─Conv2d: 3-134                [-1, 512, 14, 14]         524,288
2025-10-18 07:24:06,498 - ImageNet_Training - INFO - |    |    └─BatchNorm2d: 3-135           [-1, 512, 14, 14]         1,024
2025-10-18 07:24:06,498 - ImageNet_Training - INFO - |    |    └─ReLU: 3-136                  [-1, 512, 14, 14]         --
2025-10-18 07:24:06,498 - ImageNet_Training - INFO - |    |    └─Conv2d: 3-137                [-1, 512, 7, 7]           2,359,296
2025-10-18 07:24:06,499 - ImageNet_Training - INFO - |    |    └─BatchNorm2d: 3-138           [-1, 512, 7, 7]           1,024
2025-10-18 07:24:06,499 - ImageNet_Training - INFO - |    |    └─ReLU: 3-139                  [-1, 512, 7, 7]           --
2025-10-18 07:24:06,499 - ImageNet_Training - INFO - |    |    └─Conv2d: 3-140                [-1, 2048, 7, 7]          1,048,576
2025-10-18 07:24:06,499 - ImageNet_Training - INFO - |    |    └─BatchNorm2d: 3-141           [-1, 2048, 7, 7]          4,096
2025-10-18 07:24:06,499 - ImageNet_Training - INFO - |    |    └─Sequential: 3-142            [-1, 2048, 7, 7]          2,101,248
2025-10-18 07:24:06,499 - ImageNet_Training - INFO - |    |    └─ReLU: 3-143                  [-1, 2048, 7, 7]          --
2025-10-18 07:24:06,499 - ImageNet_Training - INFO - |    |    └─Dropout2d: 3-144             [-1, 2048, 7, 7]          --
2025-10-18 07:24:06,499 - ImageNet_Training - INFO - |    └─BottleneckBlock: 2-15             [-1, 2048, 7, 7]          --
2025-10-18 07:24:06,499 - ImageNet_Training - INFO - |    |    └─Conv2d: 3-145                [-1, 512, 7, 7]           1,048,576
2025-10-18 07:24:06,499 - ImageNet_Training - INFO - |    |    └─BatchNorm2d: 3-146           [-1, 512, 7, 7]           1,024
2025-10-18 07:24:06,499 - ImageNet_Training - INFO - |    |    └─ReLU: 3-147                  [-1, 512, 7, 7]           --
2025-10-18 07:24:06,499 - ImageNet_Training - INFO - |    |    └─Conv2d: 3-148                [-1, 512, 7, 7]           2,359,296
2025-10-18 07:24:06,499 - ImageNet_Training - INFO - |    |    └─BatchNorm2d: 3-149           [-1, 512, 7, 7]           1,024
2025-10-18 07:24:06,499 - ImageNet_Training - INFO - |    |    └─ReLU: 3-150                  [-1, 512, 7, 7]           --
2025-10-18 07:24:06,499 - ImageNet_Training - INFO - |    |    └─Conv2d: 3-151                [-1, 2048, 7, 7]          1,048,576
2025-10-18 07:24:06,499 - ImageNet_Training - INFO - |    |    └─BatchNorm2d: 3-152           [-1, 2048, 7, 7]          4,096
2025-10-18 07:24:06,499 - ImageNet_Training - INFO - |    |    └─ReLU: 3-153                  [-1, 2048, 7, 7]          --
2025-10-18 07:24:06,499 - ImageNet_Training - INFO - |    |    └─Dropout2d: 3-154             [-1, 2048, 7, 7]          --
2025-10-18 07:24:06,499 - ImageNet_Training - INFO - |    └─BottleneckBlock: 2-16             [-1, 2048, 7, 7]          --
2025-10-18 07:24:06,499 - ImageNet_Training - INFO - |    |    └─Conv2d: 3-155                [-1, 512, 7, 7]           1,048,576
2025-10-18 07:24:06,499 - ImageNet_Training - INFO - |    |    └─BatchNorm2d: 3-156           [-1, 512, 7, 7]           1,024
2025-10-18 07:24:06,499 - ImageNet_Training - INFO - |    |    └─ReLU: 3-157                  [-1, 512, 7, 7]           --
2025-10-18 07:24:06,499 - ImageNet_Training - INFO - |    |    └─Conv2d: 3-158                [-1, 512, 7, 7]           2,359,296
2025-10-18 07:24:06,499 - ImageNet_Training - INFO - |    |    └─BatchNorm2d: 3-159           [-1, 512, 7, 7]           1,024
2025-10-18 07:24:06,499 - ImageNet_Training - INFO - |    |    └─ReLU: 3-160                  [-1, 512, 7, 7]           --
2025-10-18 07:24:06,499 - ImageNet_Training - INFO - |    |    └─Conv2d: 3-161                [-1, 2048, 7, 7]          1,048,576
2025-10-18 07:24:06,499 - ImageNet_Training - INFO - |    |    └─BatchNorm2d: 3-162           [-1, 2048, 7, 7]          4,096
2025-10-18 07:24:06,500 - ImageNet_Training - INFO - |    |    └─ReLU: 3-163                  [-1, 2048, 7, 7]          --
2025-10-18 07:24:06,500 - ImageNet_Training - INFO - |    |    └─Dropout2d: 3-164             [-1, 2048, 7, 7]          --
2025-10-18 07:24:06,500 - ImageNet_Training - INFO - ├─AdaptiveAvgPool2d: 1-9                 [-1, 2048, 1, 1]          --
2025-10-18 07:24:06,500 - ImageNet_Training - INFO - ├─Dropout: 1-10                          [-1, 2048]                --
2025-10-18 07:24:06,500 - ImageNet_Training - INFO - ├─Linear: 1-11                           [-1, 1000]                2,049,000
2025-10-18 07:24:06,500 - ImageNet_Training - INFO - ==========================================================================================
2025-10-18 07:24:06,500 - ImageNet_Training - INFO - Total params: 25,557,032
2025-10-18 07:24:06,500 - ImageNet_Training - INFO - Trainable params: 25,557,032
2025-10-18 07:24:06,500 - ImageNet_Training - INFO - Non-trainable params: 0
2025-10-18 07:24:06,500 - ImageNet_Training - INFO - Total mult-adds (G): 4.14
2025-10-18 07:24:06,500 - ImageNet_Training - INFO - ==========================================================================================
2025-10-18 07:24:06,500 - ImageNet_Training - INFO - Input size (MB): 0.57
2025-10-18 07:24:06,500 - ImageNet_Training - INFO - Forward/backward pass size (MB): 169.59
2025-10-18 07:24:06,500 - ImageNet_Training - INFO - Params size (MB): 97.49
2025-10-18 07:24:06,500 - ImageNet_Training - INFO - Estimated Total Size (MB): 267.66
2025-10-18 07:24:06,500 - ImageNet_Training - INFO - ==========================================================================================
2025-10-18 07:24:06,500 - ImageNet_Training - INFO - ======================================================================
2025-10-18 07:24:06,500 - ImageNet_Training - INFO - Initializing trainer...
2025-10-18 07:24:06,502 - ImageNet_Training - INFO - Using device: cuda
2025-10-18 07:24:06,502 - ImageNet_Training - INFO - Loss function: CrossEntropyLoss
2025-10-18 07:24:06,502 - ImageNet_Training - INFO - Mixed Precision (AMP): True
2025-10-18 07:24:06,502 - ImageNet_Training - INFO - Gradient Accumulation Steps: 8
2025-10-18 07:24:06,502 - ImageNet_Training - INFO - Starting training...
2025-10-18 07:24:06,502 - ImageNet_Training - INFO - Initializing training...
2025-10-18 07:24:06,503 - ImageNet_Training - INFO - Starting Epoch 1/60
2025-10-18 07:42:17,974 - ImageNet_Training - INFO - Epoch   1: Train Loss: 6.7390, Train Top-1: 0.54%, Train Top-5: 2.23% | Test Loss: 6.5359, Test Top-1: 1.47%, Test Top-5: 5.62% | LR: 0.081386 | Gap: -0.94% | GPU: 2086MB
2025-10-18 07:42:18,795 - ImageNet_Training - INFO - Saved BEST MODEL: /home/ubuntu/repos/Learnings/MNIST_Model/Reference/ImageNet_ResNet50/experiments/phase2_finetune/models/best_checkpoint_epoch001.pt
2025-10-18 07:42:18,797 - ImageNet_Training - INFO - Starting Epoch 2/60
2025-10-18 08:00:29,163 - ImageNet_Training - INFO - Epoch   2: Train Loss: 6.0804, Train Top-1: 2.73%, Train Top-5: 9.41% | Test Loss: 5.8209, Test Top-1: 4.87%, Test Top-5: 14.65% | LR: 0.194022 | Gap: -2.14% | GPU: 2086MB
2025-10-18 08:00:29,968 - ImageNet_Training - INFO - Saved BEST MODEL: /home/ubuntu/repos/Learnings/MNIST_Model/Reference/ImageNet_ResNet50/experiments/phase2_finetune/models/best_checkpoint_epoch002.pt
2025-10-18 08:00:29,968 - ImageNet_Training - INFO - Starting Epoch 3/60
2025-10-18 08:18:40,555 - ImageNet_Training - INFO - Epoch   3: Train Loss: 5.6319, Train Top-1: 6.17%, Train Top-5: 17.98% | Test Loss: 5.3237, Test Top-1: 8.84%, Test Top-5: 24.14% | LR: 0.250000 | Gap: -2.67% | GPU: 2086MB
2025-10-18 08:18:41,353 - ImageNet_Training - INFO - Saved BEST MODEL: /home/ubuntu/repos/Learnings/MNIST_Model/Reference/ImageNet_ResNet50/experiments/phase2_finetune/models/best_checkpoint_epoch003.pt
2025-10-18 08:18:41,353 - ImageNet_Training - INFO - Starting Epoch 4/60
2025-10-18 08:36:52,179 - ImageNet_Training - INFO - Epoch   4: Train Loss: 5.2612, Train Top-1: 10.25%, Train Top-5: 26.06% | Test Loss: 5.0766, Test Top-1: 12.50%, Test Top-5: 30.50% | LR: 0.249808 | Gap: -2.25% | GPU: 2086MB
2025-10-18 08:36:52,995 - ImageNet_Training - INFO - Saved BEST MODEL: /home/ubuntu/repos/Learnings/MNIST_Model/Reference/ImageNet_ResNet50/experiments/phase2_finetune/models/best_checkpoint_epoch004.pt
2025-10-18 08:36:52,995 - ImageNet_Training - INFO - Starting Epoch 5/60
2025-10-18 08:55:03,891 - ImageNet_Training - INFO - Epoch   5: Train Loss: 4.9592, Train Top-1: 14.22%, Train Top-5: 33.14% | Test Loss: 4.6587, Test Top-1: 17.85%, Test Top-5: 39.75% | LR: 0.249237 | Gap: -3.63% | GPU: 2086MB
2025-10-18 08:55:04,709 - ImageNet_Training - INFO - Saved BEST MODEL: /home/ubuntu/repos/Learnings/MNIST_Model/Reference/ImageNet_ResNet50/experiments/phase2_finetune/models/best_checkpoint_epoch005.pt
2025-10-18 08:55:06,264 - ImageNet_Training - INFO - Saved Checkpoint (Epoch 5): /home/ubuntu/repos/Learnings/MNIST_Model/Reference/ImageNet_ResNet50/experiments/phase2_finetune/models/checkpoint_epoch005.pt
2025-10-18 08:55:06,265 - ImageNet_Training - INFO - Starting Epoch 6/60
2025-10-18 09:13:17,334 - ImageNet_Training - INFO - Epoch   6: Train Loss: 4.7398, Train Top-1: 17.44%, Train Top-5: 38.41% | Test Loss: 4.7036, Test Top-1: 17.70%, Test Top-5: 39.31% | LR: 0.248287 | Gap: -0.26% | GPU: 2086MB
2025-10-18 09:13:17,335 - ImageNet_Training - INFO - Starting Epoch 7/60
2025-10-18 09:31:27,758 - ImageNet_Training - INFO - Epoch   7: Train Loss: 4.5812, Train Top-1: 19.98%, Train Top-5: 42.14% | Test Loss: 4.3441, Test Top-1: 22.88%, Test Top-5: 47.59% | LR: 0.246963 | Gap: -2.90% | GPU: 2086MB
2025-10-18 09:31:28,569 - ImageNet_Training - INFO - Saved BEST MODEL: /home/ubuntu/repos/Learnings/MNIST_Model/Reference/ImageNet_ResNet50/experiments/phase2_finetune/models/best_checkpoint_epoch007.pt
2025-10-18 09:31:28,570 - ImageNet_Training - INFO - Starting Epoch 8/60
2025-10-18 09:49:38,733 - ImageNet_Training - INFO - Epoch   8: Train Loss: 4.4614, Train Top-1: 21.95%, Train Top-5: 45.03% | Test Loss: 4.3281, Test Top-1: 23.74%, Test Top-5: 48.46% | LR: 0.245267 | Gap: -1.79% | GPU: 2086MB
2025-10-18 09:49:39,544 - ImageNet_Training - INFO - Saved BEST MODEL: /home/ubuntu/repos/Learnings/MNIST_Model/Reference/ImageNet_ResNet50/experiments/phase2_finetune/models/best_checkpoint_epoch008.pt
2025-10-18 09:49:39,544 - ImageNet_Training - INFO - Starting Epoch 9/60
2025-10-18 10:07:49,872 - ImageNet_Training - INFO - Epoch   9: Train Loss: 4.3753, Train Top-1: 23.54%, Train Top-5: 46.96% | Test Loss: 4.1359, Test Top-1: 26.53%, Test Top-5: 52.33% | LR: 0.243205 | Gap: -2.99% | GPU: 2086MB
2025-10-18 10:07:50,686 - ImageNet_Training - INFO - Saved BEST MODEL: /home/ubuntu/repos/Learnings/MNIST_Model/Reference/ImageNet_ResNet50/experiments/phase2_finetune/models/best_checkpoint_epoch009.pt
2025-10-18 10:07:50,687 - ImageNet_Training - INFO - Starting Epoch 10/60
2025-10-18 10:26:01,213 - ImageNet_Training - INFO - Epoch  10: Train Loss: 4.3063, Train Top-1: 24.60%, Train Top-5: 48.63% | Test Loss: 3.9778, Test Top-1: 29.21%, Test Top-5: 56.14% | LR: 0.240784 | Gap: -4.60% | GPU: 2086MB
2025-10-18 10:26:02,023 - ImageNet_Training - INFO - Saved BEST MODEL: /home/ubuntu/repos/Learnings/MNIST_Model/Reference/ImageNet_ResNet50/experiments/phase2_finetune/models/best_checkpoint_epoch010.pt
2025-10-18 10:26:03,599 - ImageNet_Training - INFO - Saved Checkpoint (Epoch 10): /home/ubuntu/repos/Learnings/MNIST_Model/Reference/ImageNet_ResNet50/experiments/phase2_finetune/models/checkpoint_epoch010.pt
2025-10-18 10:26:03,600 - ImageNet_Training - INFO - Starting Epoch 11/60
2025-10-18 10:44:14,351 - ImageNet_Training - INFO - Epoch  11: Train Loss: 4.2543, Train Top-1: 25.57%, Train Top-5: 49.71% | Test Loss: 4.0991, Test Top-1: 27.15%, Test Top-5: 53.41% | LR: 0.238011 | Gap: -1.57% | GPU: 2086MB
2025-10-18 10:44:14,352 - ImageNet_Training - INFO - Starting Epoch 12/60
2025-10-18 11:02:24,963 - ImageNet_Training - INFO - Epoch  12: Train Loss: 4.1981, Train Top-1: 26.52%, Train Top-5: 51.15% | Test Loss: 3.9023, Test Top-1: 31.02%, Test Top-5: 58.06% | LR: 0.234893 | Gap: -4.50% | GPU: 2086MB
2025-10-18 11:02:25,780 - ImageNet_Training - INFO - Saved BEST MODEL: /home/ubuntu/repos/Learnings/MNIST_Model/Reference/ImageNet_ResNet50/experiments/phase2_finetune/models/best_checkpoint_epoch012.pt
2025-10-18 11:02:25,780 - ImageNet_Training - INFO - Starting Epoch 13/60
2025-10-18 11:20:36,471 - ImageNet_Training - INFO - Epoch  13: Train Loss: 4.1544, Train Top-1: 27.50%, Train Top-5: 52.01% | Test Loss: 3.9537, Test Top-1: 30.17%, Test Top-5: 56.42% | LR: 0.231441 | Gap: -2.67% | GPU: 2086MB
2025-10-18 11:20:36,472 - ImageNet_Training - INFO - Starting Epoch 14/60
2025-10-18 11:38:46,855 - ImageNet_Training - INFO - Epoch  14: Train Loss: 4.1159, Train Top-1: 28.15%, Train Top-5: 52.92% | Test Loss: 3.8303, Test Top-1: 32.35%, Test Top-5: 59.44% | LR: 0.227666 | Gap: -4.21% | GPU: 2086MB
2025-10-18 11:38:47,681 - ImageNet_Training - INFO - Saved BEST MODEL: /home/ubuntu/repos/Learnings/MNIST_Model/Reference/ImageNet_ResNet50/experiments/phase2_finetune/models/best_checkpoint_epoch014.pt
2025-10-18 11:38:47,682 - ImageNet_Training - INFO - Starting Epoch 15/60
2025-10-18 11:56:58,009 - ImageNet_Training - INFO - Epoch  15: Train Loss: 4.0741, Train Top-1: 28.94%, Train Top-5: 53.76% | Test Loss: 3.7926, Test Top-1: 33.56%, Test Top-5: 60.41% | LR: 0.223577 | Gap: -4.62% | GPU: 2086MB
2025-10-18 11:56:58,820 - ImageNet_Training - INFO - Saved BEST MODEL: /home/ubuntu/repos/Learnings/MNIST_Model/Reference/ImageNet_ResNet50/experiments/phase2_finetune/models/best_checkpoint_epoch015.pt
2025-10-18 11:57:00,382 - ImageNet_Training - INFO - Saved Checkpoint (Epoch 15): /home/ubuntu/repos/Learnings/MNIST_Model/Reference/ImageNet_ResNet50/experiments/phase2_finetune/models/checkpoint_epoch015.pt
2025-10-18 11:57:00,383 - ImageNet_Training - INFO - Starting Epoch 16/60
2025-10-18 12:15:10,622 - ImageNet_Training - INFO - Epoch  16: Train Loss: 4.0488, Train Top-1: 29.43%, Train Top-5: 54.56% | Test Loss: 3.8062, Test Top-1: 32.88%, Test Top-5: 60.05% | LR: 0.219189 | Gap: -3.45% | GPU: 2086MB
2025-10-18 12:15:10,623 - ImageNet_Training - INFO - Starting Epoch 17/60
2025-10-18 12:33:21,053 - ImageNet_Training - INFO - Epoch  17: Train Loss: 4.0200, Train Top-1: 30.04%, Train Top-5: 55.06% | Test Loss: 3.7050, Test Top-1: 34.83%, Test Top-5: 62.32% | LR: 0.214515 | Gap: -4.79% | GPU: 2086MB
2025-10-18 12:33:21,867 - ImageNet_Training - INFO - Saved BEST MODEL: /home/ubuntu/repos/Learnings/MNIST_Model/Reference/ImageNet_ResNet50/experiments/phase2_finetune/models/best_checkpoint_epoch017.pt
2025-10-18 12:33:21,868 - ImageNet_Training - INFO - Starting Epoch 18/60
2025-10-18 12:51:32,198 - ImageNet_Training - INFO - Epoch  18: Train Loss: 3.9982, Train Top-1: 30.45%, Train Top-5: 55.62% | Test Loss: 3.8761, Test Top-1: 31.64%, Test Top-5: 58.45% | LR: 0.209568 | Gap: -1.19% | GPU: 2086MB
2025-10-18 12:51:32,200 - ImageNet_Training - INFO - Starting Epoch 19/60
2025-10-18 13:09:42,252 - ImageNet_Training - INFO - Epoch  19: Train Loss: 3.9801, Train Top-1: 30.72%, Train Top-5: 56.03% | Test Loss: 3.6824, Test Top-1: 35.28%, Test Top-5: 62.91% | LR: 0.204364 | Gap: -4.56% | GPU: 2086MB
2025-10-18 13:09:42,520 - ImageNet_Training - INFO - Saved BEST MODEL: /home/ubuntu/repos/Learnings/MNIST_Model/Reference/ImageNet_ResNet50/experiments/phase2_finetune/models/best_checkpoint_epoch019.pt
2025-10-18 13:09:42,520 - ImageNet_Training - INFO - Starting Epoch 20/60
2025-10-18 13:27:52,725 - ImageNet_Training - INFO - Epoch  20: Train Loss: 3.9585, Train Top-1: 31.15%, Train Top-5: 56.50% | Test Loss: 3.6461, Test Top-1: 35.84%, Test Top-5: 63.71% | LR: 0.198918 | Gap: -4.70% | GPU: 2086MB
2025-10-18 13:27:53,540 - ImageNet_Training - INFO - Saved BEST MODEL: /home/ubuntu/repos/Learnings/MNIST_Model/Reference/ImageNet_ResNet50/experiments/phase2_finetune/models/best_checkpoint_epoch020.pt
2025-10-18 13:27:55,102 - ImageNet_Training - INFO - Saved Checkpoint (Epoch 20): /home/ubuntu/repos/Learnings/MNIST_Model/Reference/ImageNet_ResNet50/experiments/phase2_finetune/models/checkpoint_epoch020.pt
2025-10-18 13:27:55,102 - ImageNet_Training - INFO - Starting Epoch 21/60
2025-10-18 13:46:05,195 - ImageNet_Training - INFO - Epoch  21: Train Loss: 3.9414, Train Top-1: 31.53%, Train Top-5: 56.92% | Test Loss: 3.6176, Test Top-1: 36.46%, Test Top-5: 63.92% | LR: 0.193247 | Gap: -4.94% | GPU: 2086MB
2025-10-18 13:46:06,025 - ImageNet_Training - INFO - Saved BEST MODEL: /home/ubuntu/repos/Learnings/MNIST_Model/Reference/ImageNet_ResNet50/experiments/phase2_finetune/models/best_checkpoint_epoch021.pt
2025-10-18 13:46:06,025 - ImageNet_Training - INFO - Starting Epoch 22/60
2025-10-18 13:46:13,572 - ImageNet_Training - WARNING - Training interrupted by user
