2025-09-25 02:11:25,927 - MNIST_Training - INFO - Logger initialized. Log file: C:\Users\krish\Documents\Krishnakanth\Learnings\Learnings\MNIST_Model\Reference\ERAS6\Model_Evolution\Setup\logs\20250925_021125_mnist_training.log
2025-09-25 02:11:25,927 - MNIST_Training - INFO - ==================================================
2025-09-25 02:11:25,927 - MNIST_Training - INFO - MNIST TRAINING EXPERIMENT STARTED
2025-09-25 02:11:25,927 - MNIST_Training - INFO - ==================================================
2025-09-25 02:11:25,936 - MNIST_Training - INFO - Data Config: DataConfig(data_dir='./data', batch_size=64, num_workers=4, pin_memory=True, shuffle=True, mean=(0.1307,), std=(0.3081,), rotation_range=(-7.0, 7.0), fill_value=1)
2025-09-25 02:11:25,936 - MNIST_Training - INFO - Model Config: ModelConfig(input_channels=1, input_size=(28, 28), num_classes=10, dropout_rate=0.05)
2025-09-25 02:11:25,936 - MNIST_Training - INFO - Training Config: TrainingConfig(epochs=20, learning_rate=0.01, momentum=0.9, weight_decay=0.0, scheduler_step_size=10, scheduler_gamma=0.1, seed=1)
2025-09-25 02:11:25,936 - MNIST_Training - INFO - ==================================================
2025-09-25 02:11:25,937 - MNIST_Training - INFO - Setting up data...
2025-09-25 02:11:25,937 - MNIST_Training - INFO - Loading MNIST dataset...
2025-09-25 02:11:25,983 - MNIST_Training - INFO - Dataset loaded successfully!
2025-09-25 02:11:25,983 - MNIST_Training - INFO - Train samples: 60000
2025-09-25 02:11:25,983 - MNIST_Training - INFO - Test samples: 10000
2025-09-25 02:11:25,983 - MNIST_Training - INFO - Computing data statistics...
2025-09-25 02:11:26,121 - MNIST_Training - INFO - Data Statistics:
2025-09-25 02:11:26,121 - MNIST_Training - INFO -   - Shape: torch.Size([60000, 28, 28])
2025-09-25 02:11:26,121 - MNIST_Training - INFO -   - Size: 47,040,000
2025-09-25 02:11:26,121 - MNIST_Training - INFO -   - Min: 0.0000
2025-09-25 02:11:26,121 - MNIST_Training - INFO -   - Max: 1.0000
2025-09-25 02:11:26,121 - MNIST_Training - INFO -   - Mean: 0.1307
2025-09-25 02:11:26,121 - MNIST_Training - INFO -   - Std: 0.3081
2025-09-25 02:11:26,121 - MNIST_Training - INFO -   - Variance: 0.0949
2025-09-25 02:11:29,694 - MNIST_Training - INFO - Batch Information:
2025-09-25 02:11:29,694 - MNIST_Training - INFO -   - Batch size: 64
2025-09-25 02:11:29,694 - MNIST_Training - INFO -   - Image shape: torch.Size([1, 28, 28])
2025-09-25 02:11:29,700 - MNIST_Training - INFO -   - Label shape: torch.Size([64])
2025-09-25 02:11:29,700 - MNIST_Training - INFO -   - Data type: torch.float32
2025-09-25 02:11:30,671 - MNIST_Training - INFO - Getting input size from data loader...
2025-09-25 02:11:33,612 - MNIST_Training - INFO - Input size from data loader: (1, 28, 28)
2025-09-25 02:11:34,503 - MNIST_Training - INFO - Setting up model...
2025-09-25 02:11:34,507 - MNIST_Training - INFO - Generating model summary...
2025-09-25 02:11:34,680 - MNIST_Training - INFO - Model Architecture Summary:
2025-09-25 02:11:34,680 - MNIST_Training - INFO -   - Total Parameters: 6,008
2025-09-25 02:11:34,680 - MNIST_Training - INFO -   - Batch Normalization: No
2025-09-25 02:11:34,680 - MNIST_Training - INFO -   - Dropout: No
2025-09-25 02:11:34,680 - MNIST_Training - INFO -   - GAP Layers: Yes
2025-09-25 02:11:34,680 - MNIST_Training - INFO -   - FC Layers: No
2025-09-25 02:11:34,680 - MNIST_Training - INFO - ==================================================
2025-09-25 02:11:34,680 - MNIST_Training - INFO - DETAILED MODEL ARCHITECTURE SUMMARY
2025-09-25 02:11:34,680 - MNIST_Training - INFO - ==================================================
2025-09-25 02:11:34,680 - MNIST_Training - INFO - ----------------------------------------------------------------
2025-09-25 02:11:34,680 - MNIST_Training - INFO -         Layer (type)               Output Shape         Param #
2025-09-25 02:11:34,680 - MNIST_Training - INFO - ================================================================
2025-09-25 02:11:34,680 - MNIST_Training - INFO -             Conv2d-1           [-1, 10, 28, 28]              90
2025-09-25 02:11:34,680 - MNIST_Training - INFO -               ReLU-2           [-1, 10, 28, 28]               0
2025-09-25 02:11:34,680 - MNIST_Training - INFO -             Conv2d-3           [-1, 10, 28, 28]             900
2025-09-25 02:11:34,680 - MNIST_Training - INFO -               ReLU-4           [-1, 10, 28, 28]               0
2025-09-25 02:11:34,680 - MNIST_Training - INFO -             Conv2d-5           [-1, 10, 28, 28]             900
2025-09-25 02:11:34,680 - MNIST_Training - INFO -               ReLU-6           [-1, 10, 28, 28]               0
2025-09-25 02:11:34,680 - MNIST_Training - INFO -          MaxPool2d-7           [-1, 10, 14, 14]               0
2025-09-25 02:11:34,680 - MNIST_Training - INFO -             Conv2d-8            [-1, 8, 14, 14]             720
2025-09-25 02:11:34,680 - MNIST_Training - INFO -               ReLU-9            [-1, 8, 14, 14]               0
2025-09-25 02:11:34,680 - MNIST_Training - INFO -            Conv2d-10            [-1, 8, 14, 14]             576
2025-09-25 02:11:34,680 - MNIST_Training - INFO -              ReLU-11            [-1, 8, 14, 14]               0
2025-09-25 02:11:34,680 - MNIST_Training - INFO -         MaxPool2d-12              [-1, 8, 7, 7]               0
2025-09-25 02:11:34,680 - MNIST_Training - INFO -            Conv2d-13              [-1, 8, 5, 5]             576
2025-09-25 02:11:34,680 - MNIST_Training - INFO -              ReLU-14              [-1, 8, 5, 5]               0
2025-09-25 02:11:34,680 - MNIST_Training - INFO -            Conv2d-15              [-1, 8, 3, 3]             576
2025-09-25 02:11:34,680 - MNIST_Training - INFO -              ReLU-16              [-1, 8, 3, 3]               0
2025-09-25 02:11:34,680 - MNIST_Training - INFO -            Linear-17                   [-1, 20]           1,460
2025-09-25 02:11:34,680 - MNIST_Training - INFO -            Linear-18                   [-1, 10]             210
2025-09-25 02:11:34,680 - MNIST_Training - INFO - ================================================================
2025-09-25 02:11:34,680 - MNIST_Training - INFO - Total params: 6,008
2025-09-25 02:11:34,680 - MNIST_Training - INFO - Trainable params: 6,008
2025-09-25 02:11:34,680 - MNIST_Training - INFO - Non-trainable params: 0
2025-09-25 02:11:34,680 - MNIST_Training - INFO - ----------------------------------------------------------------
2025-09-25 02:11:34,680 - MNIST_Training - INFO - Input size (MB): 0.00
2025-09-25 02:11:34,680 - MNIST_Training - INFO - Forward/backward pass size (MB): 0.43
2025-09-25 02:11:34,680 - MNIST_Training - INFO - Params size (MB): 0.02
2025-09-25 02:11:34,680 - MNIST_Training - INFO - Estimated Total Size (MB): 0.45
2025-09-25 02:11:34,680 - MNIST_Training - INFO - ----------------------------------------------------------------
2025-09-25 02:11:34,680 - MNIST_Training - INFO - ==================================================
2025-09-25 02:11:34,680 - MNIST_Training - INFO - Setting up trainer...
2025-09-25 02:11:34,680 - MNIST_Training - INFO - Using device: cuda
2025-09-25 02:11:34,680 - MNIST_Training - INFO - Starting training process...
2025-09-25 02:11:34,680 - MNIST_Training - INFO - Starting training process...
2025-09-25 02:11:34,692 - MNIST_Training - INFO - Starting Epoch 1/20
2025-09-25 02:11:49,019 - MNIST_Training - INFO - Epoch  1: Train Loss: 2.3016, Train Acc: 11.14%, Test Loss: 2.2995, Test Acc: 11.35%
2025-09-25 02:11:49,019 - MNIST_Training - INFO - Starting Epoch 2/20
2025-09-25 02:12:03,233 - MNIST_Training - INFO - Epoch  2: Train Loss: 0.6414, Train Acc: 77.15%, Test Loss: 0.1235, Test Acc: 96.02%
2025-09-25 02:12:03,233 - MNIST_Training - INFO - Starting Epoch 3/20
2025-09-25 02:12:18,426 - MNIST_Training - INFO - Epoch  3: Train Loss: 0.1330, Train Acc: 95.89%, Test Loss: 0.0737, Test Acc: 97.63%
2025-09-25 02:12:18,426 - MNIST_Training - INFO - Starting Epoch 4/20
2025-09-25 02:12:33,634 - MNIST_Training - INFO - Epoch  4: Train Loss: 0.0974, Train Acc: 97.03%, Test Loss: 0.0636, Test Acc: 98.16%
2025-09-25 02:12:33,634 - MNIST_Training - INFO - Starting Epoch 5/20
2025-09-25 02:12:48,357 - MNIST_Training - INFO - Epoch  5: Train Loss: 0.0848, Train Acc: 97.44%, Test Loss: 0.0621, Test Acc: 98.12%
2025-09-25 02:12:48,357 - MNIST_Training - INFO - Starting Epoch 6/20
2025-09-25 02:13:02,636 - MNIST_Training - INFO - Epoch  6: Train Loss: 0.0765, Train Acc: 97.63%, Test Loss: 0.0527, Test Acc: 98.34%
2025-09-25 02:13:02,636 - MNIST_Training - INFO - Starting Epoch 7/20
2025-09-25 02:13:17,104 - MNIST_Training - INFO - Epoch  7: Train Loss: 0.0678, Train Acc: 97.88%, Test Loss: 0.0520, Test Acc: 98.43%
2025-09-25 02:13:17,104 - MNIST_Training - INFO - Starting Epoch 8/20
2025-09-25 02:13:31,754 - MNIST_Training - INFO - Epoch  8: Train Loss: 0.0615, Train Acc: 98.11%, Test Loss: 0.0541, Test Acc: 98.29%
2025-09-25 02:13:31,754 - MNIST_Training - INFO - Starting Epoch 9/20
2025-09-25 02:13:46,403 - MNIST_Training - INFO - Epoch  9: Train Loss: 0.0599, Train Acc: 98.12%, Test Loss: 0.0615, Test Acc: 98.03%
2025-09-25 02:13:46,403 - MNIST_Training - INFO - Starting Epoch 10/20
2025-09-25 02:14:00,892 - MNIST_Training - INFO - Epoch 10: Train Loss: 0.0563, Train Acc: 98.31%, Test Loss: 0.0458, Test Acc: 98.55%
2025-09-25 02:14:00,892 - MNIST_Training - INFO - Starting Epoch 11/20
2025-09-25 02:14:15,572 - MNIST_Training - INFO - Epoch 11: Train Loss: 0.0344, Train Acc: 98.92%, Test Loss: 0.0311, Test Acc: 99.07%
2025-09-25 02:14:15,572 - MNIST_Training - INFO - Starting Epoch 12/20
2025-09-25 02:14:30,150 - MNIST_Training - INFO - Epoch 12: Train Loss: 0.0305, Train Acc: 99.04%, Test Loss: 0.0300, Test Acc: 99.12%
2025-09-25 02:14:30,150 - MNIST_Training - INFO - Starting Epoch 13/20
2025-09-25 02:14:45,194 - MNIST_Training - INFO - Epoch 13: Train Loss: 0.0304, Train Acc: 99.02%, Test Loss: 0.0300, Test Acc: 99.13%
2025-09-25 02:14:45,194 - MNIST_Training - INFO - Starting Epoch 14/20
2025-09-25 02:14:59,794 - MNIST_Training - INFO - Epoch 14: Train Loss: 0.0306, Train Acc: 99.06%, Test Loss: 0.0293, Test Acc: 99.10%
2025-09-25 02:14:59,794 - MNIST_Training - INFO - Starting Epoch 15/20
2025-09-25 02:15:14,612 - MNIST_Training - INFO - Epoch 15: Train Loss: 0.0294, Train Acc: 99.08%, Test Loss: 0.0287, Test Acc: 99.15%
2025-09-25 02:15:14,612 - MNIST_Training - INFO - Starting Epoch 16/20
2025-09-25 02:15:29,776 - MNIST_Training - INFO - Epoch 16: Train Loss: 0.0276, Train Acc: 99.13%, Test Loss: 0.0288, Test Acc: 99.12%
2025-09-25 02:15:29,776 - MNIST_Training - INFO - Starting Epoch 17/20
2025-09-25 02:15:45,574 - MNIST_Training - INFO - Epoch 17: Train Loss: 0.0278, Train Acc: 99.13%, Test Loss: 0.0280, Test Acc: 99.13%
2025-09-25 02:15:45,574 - MNIST_Training - INFO - Starting Epoch 18/20
2025-09-25 02:16:00,931 - MNIST_Training - INFO - Epoch 18: Train Loss: 0.0277, Train Acc: 99.14%, Test Loss: 0.0280, Test Acc: 99.18%
2025-09-25 02:16:00,931 - MNIST_Training - INFO - Starting Epoch 19/20
2025-09-25 02:16:17,002 - MNIST_Training - INFO - Epoch 19: Train Loss: 0.0272, Train Acc: 99.17%, Test Loss: 0.0279, Test Acc: 99.16%
2025-09-25 02:16:17,002 - MNIST_Training - INFO - Starting Epoch 20/20
2025-09-25 02:16:32,861 - MNIST_Training - INFO - Epoch 20: Train Loss: 0.0269, Train Acc: 99.16%, Test Loss: 0.0279, Test Acc: 99.19%
2025-09-25 02:16:32,861 - MNIST_Training - INFO - Training completed!
2025-09-25 02:16:32,861 - MNIST_Training - INFO - Final Results: {'final_train_loss': 0.02692946314612882, 'final_test_loss': 0.02794886016357923, 'final_train_accuracy': 99.15833333333333, 'final_test_accuracy': 99.19, 'best_test_accuracy': 99.19}
2025-09-25 02:16:33,325 - MNIST_Training - INFO - Training curves saved to: C:\Users\krish\Documents\Krishnakanth\Learnings\Learnings\MNIST_Model\Reference\ERAS6\Model_Evolution\Setup\logs\training_curves_20250925_021632.png
2025-09-25 02:16:40,169 - MNIST_Training - INFO - Model saved to: C:\Users\krish\Documents\Krishnakanth\Learnings\Learnings\MNIST_Model\Reference\ERAS6\Model_Evolution\Setup\models\mnist_model_20250925_021640.pth
2025-09-25 02:16:40,169 - MNIST_Training - INFO - ==================================================
2025-09-25 02:16:40,169 - MNIST_Training - INFO - TRAINING PIPELINE COMPLETED SUCCESSFULLY
2025-09-25 02:16:40,169 - MNIST_Training - INFO - ==================================================
2025-09-25 02:16:40,169 - MNIST_Training - INFO - Final Metrics: {'final_train_loss': 0.02692946314612882, 'final_test_loss': 0.02794886016357923, 'final_train_accuracy': 99.15833333333333, 'final_test_accuracy': 99.19, 'best_test_accuracy': 99.19}
