2025-09-29 16:20:08,121 - CIFAR-10_Training - INFO - Logger initialized. Log file: C:\Users\krish\Documents\Krishnakanth\Learnings\Learnings\MNIST_Model\Reference\ERAS7\Model_Evolution\Setup\logs\20250929_162008_cifar10_training.log
2025-09-29 16:20:08,121 - CIFAR-10_Training - INFO - Updated Configuration (from main()):
2025-09-29 16:20:08,121 - CIFAR-10_Training - INFO -   - Epochs: 100
2025-09-29 16:20:08,121 - CIFAR-10_Training - INFO -   - Learning Rate: 0.1
2025-09-29 16:20:08,122 - CIFAR-10_Training - INFO -   - Optimizer: SGD
2025-09-29 16:20:08,122 - CIFAR-10_Training - INFO -   - Weight Decay: 0.0
2025-09-29 16:20:08,122 - CIFAR-10_Training - INFO -   - Momentum: 0.9
2025-09-29 16:20:08,124 - CIFAR-10_Training - INFO -   - Scheduler: StepLR
2025-09-29 16:20:08,124 - CIFAR-10_Training - INFO -   - Step Size: 10
2025-09-29 16:20:08,124 - CIFAR-10_Training - INFO -   - Gamma: 0.1
2025-09-29 16:20:08,125 - CIFAR-10_Training - INFO -   - Batch Size: 512
2025-09-29 16:20:08,126 - CIFAR-10_Training - INFO -   - Num Workers: 4
2025-09-29 16:20:08,126 - CIFAR-10_Training - INFO -   - Pin Memory: True
2025-09-29 16:20:08,127 - CIFAR-10_Training - INFO -   - Shuffle: True
2025-09-29 16:20:08,128 - CIFAR-10_Training - INFO -   - Dropout Rate: 0.05
2025-09-29 16:20:08,128 - CIFAR-10_Training - INFO -   - Device: CUDA
2025-09-29 16:20:08,128 - CIFAR-10_Training - INFO -   - Log Directory: C:\Users\krish\Documents\Krishnakanth\Learnings\Learnings\MNIST_Model\Reference\ERAS7\Model_Evolution\Setup\logs
2025-09-29 16:20:08,128 - CIFAR-10_Training - INFO -   - Model Save Directory: C:\Users\krish\Documents\Krishnakanth\Learnings\Learnings\MNIST_Model\Reference\ERAS7\Model_Evolution\Setup\models
2025-09-29 16:20:08,128 - CIFAR-10_Training - INFO -   - Save Model: True
2025-09-29 16:20:08,128 - CIFAR-10_Training - INFO -   - Log Level: DEBUG
2025-09-29 16:20:08,129 - CIFAR-10_Training - INFO - ==================================================
2025-09-29 16:20:08,131 - CIFAR-10_Training - INFO - ==================================================
2025-09-29 16:20:08,131 - CIFAR-10_Training - INFO - CIFAR-10 TRAINING EXPERIMENT STARTED
2025-09-29 16:20:08,131 - CIFAR-10_Training - INFO - ==================================================
2025-09-29 16:20:08,131 - CIFAR-10_Training - INFO - Data Config: DataConfig(data_dir='./data', batch_size=512, num_workers=4, pin_memory=True, shuffle=True, mean=(0.1307,), std=(0.3081,), cifar10_mean=(0.4914, 0.4822, 0.4465), cifar10_std=(0.247, 0.2435, 0.2616), rotation_range=(-7.0, 7.0), fill_value=1)
2025-09-29 16:20:08,131 - CIFAR-10_Training - INFO - Model Config: ModelConfig(input_channels=1, input_size=(28, 28), num_classes=10, dropout_rate=0.05)
2025-09-29 16:20:08,131 - CIFAR-10_Training - INFO - Training Config: TrainingConfig(epochs=100, learning_rate=0.1, momentum=0.9, weight_decay=0.0, scheduler_step_size=10, scheduler_gamma=0.1, seed=1, optimizer_type='SGD', adam_betas=(0.9, 0.999), adam_eps=1e-08, rmsprop_alpha=0.99, scheduler_type='StepLR', cosine_t_max=20, exponential_gamma=0.95, plateau_mode='min', plateau_factor=0.5, plateau_patience=5, plateau_threshold=0.0001)
2025-09-29 16:20:08,131 - CIFAR-10_Training - INFO - ==================================================
2025-09-29 16:20:08,131 - CIFAR-10_Training - INFO - Setting up data...
2025-09-29 16:20:08,133 - CIFAR-10_Training - INFO - Loading CIFAR-10 dataset...
2025-09-29 16:20:09,520 - CIFAR-10_Training - INFO - CIFAR-10 dataset loaded successfully!
2025-09-29 16:20:09,521 - CIFAR-10_Training - INFO - Train samples: 50000
2025-09-29 16:20:09,521 - CIFAR-10_Training - INFO - Test samples: 10000
2025-09-29 16:20:09,521 - CIFAR-10_Training - INFO - Computing CIFAR-10 data statistics...
2025-09-29 16:20:11,184 - CIFAR-10_Training - INFO - CIFAR-10 Data Statistics:
2025-09-29 16:20:11,185 - CIFAR-10_Training - INFO -   - Shape: (50000, 32, 32, 3)
2025-09-29 16:20:11,186 - CIFAR-10_Training - INFO -   - Size: 153,600,000
2025-09-29 16:20:11,186 - CIFAR-10_Training - INFO -   - Min: 0.0000
2025-09-29 16:20:11,186 - CIFAR-10_Training - INFO -   - Max: 1.0000
2025-09-29 16:20:11,187 - CIFAR-10_Training - INFO -   - Mean: 0.4734
2025-09-29 16:20:11,187 - CIFAR-10_Training - INFO -   - Std: 0.2516
2025-09-29 16:20:11,187 - CIFAR-10_Training - INFO -   - Variance: 0.0633
2025-09-29 16:20:11,187 - CIFAR-10_Training - INFO - Channel-wise Statistics:
2025-09-29 16:20:11,188 - CIFAR-10_Training - INFO -   Red Channel:
2025-09-29 16:20:11,189 - CIFAR-10_Training - INFO -     - Mean: 0.4914
2025-09-29 16:20:11,189 - CIFAR-10_Training - INFO -     - Std: 0.2470
2025-09-29 16:20:11,190 - CIFAR-10_Training - INFO -     - Min: 0.0000
2025-09-29 16:20:11,190 - CIFAR-10_Training - INFO -     - Max: 1.0000
2025-09-29 16:20:11,191 - CIFAR-10_Training - INFO -   Green Channel:
2025-09-29 16:20:11,191 - CIFAR-10_Training - INFO -     - Mean: 0.4822
2025-09-29 16:20:11,191 - CIFAR-10_Training - INFO -     - Std: 0.2435
2025-09-29 16:20:11,191 - CIFAR-10_Training - INFO -     - Min: 0.0000
2025-09-29 16:20:11,192 - CIFAR-10_Training - INFO -     - Max: 1.0000
2025-09-29 16:20:11,192 - CIFAR-10_Training - INFO -   Blue Channel:
2025-09-29 16:20:11,192 - CIFAR-10_Training - INFO -     - Mean: 0.4465
2025-09-29 16:20:11,193 - CIFAR-10_Training - INFO -     - Std: 0.2616
2025-09-29 16:20:11,193 - CIFAR-10_Training - INFO -     - Min: 0.0000
2025-09-29 16:20:11,193 - CIFAR-10_Training - INFO -     - Max: 1.0000
2025-09-29 16:20:22,793 - CIFAR-10_Training - INFO - CIFAR-10 Batch Information:
2025-09-29 16:20:22,794 - CIFAR-10_Training - INFO -   - Batch size: 512
2025-09-29 16:20:22,794 - CIFAR-10_Training - INFO -   - Image shape: torch.Size([3, 32, 32])
2025-09-29 16:20:22,794 - CIFAR-10_Training - INFO -   - Label shape: torch.Size([512])
2025-09-29 16:20:22,794 - CIFAR-10_Training - INFO -   - Data type: torch.float32
2025-09-29 16:20:22,794 - CIFAR-10_Training - INFO -   - Number of classes: 10
2025-09-29 16:20:23,797 - CIFAR-10_Training - INFO - Getting input size from CIFAR-10 data loader...
2025-09-29 16:20:40,140 - CIFAR-10_Training - INFO - CIFAR-10 input size from data loader: (3, 32, 32)
2025-09-29 16:20:41,710 - CIFAR-10_Training - INFO - Setting up model...
2025-09-29 16:20:41,773 - CIFAR-10_Training - INFO - Generating model summary...
2025-09-29 16:20:42,661 - CIFAR-10_Training - INFO - Model Architecture Summary:
2025-09-29 16:20:42,661 - CIFAR-10_Training - INFO -   - Total Parameters: 253,108
2025-09-29 16:20:42,662 - CIFAR-10_Training - INFO -   - Batch Normalization: No
2025-09-29 16:20:42,662 - CIFAR-10_Training - INFO -   - Dropout: No
2025-09-29 16:20:42,662 - CIFAR-10_Training - INFO -   - GAP Layers: Yes
2025-09-29 16:20:42,662 - CIFAR-10_Training - INFO -   - FC Layers: No
2025-09-29 16:20:42,662 - CIFAR-10_Training - INFO - ==================================================
2025-09-29 16:20:42,662 - CIFAR-10_Training - INFO - DETAILED MODEL ARCHITECTURE SUMMARY
2025-09-29 16:20:42,663 - CIFAR-10_Training - INFO - ==================================================
2025-09-29 16:20:42,663 - CIFAR-10_Training - INFO - ----------------------------------------------------------------
2025-09-29 16:20:42,663 - CIFAR-10_Training - INFO -         Layer (type)               Output Shape         Param #
2025-09-29 16:20:42,663 - CIFAR-10_Training - INFO - ================================================================
2025-09-29 16:20:42,663 - CIFAR-10_Training - INFO -             Conv2d-1           [-1, 32, 32, 32]             864
2025-09-29 16:20:42,663 - CIFAR-10_Training - INFO -               ReLU-2           [-1, 32, 32, 32]               0
2025-09-29 16:20:42,663 - CIFAR-10_Training - INFO -             Conv2d-3           [-1, 32, 32, 32]           9,216
2025-09-29 16:20:42,663 - CIFAR-10_Training - INFO -               ReLU-4           [-1, 32, 32, 32]               0
2025-09-29 16:20:42,663 - CIFAR-10_Training - INFO -             Conv2d-5           [-1, 32, 32, 32]           9,216
2025-09-29 16:20:42,673 - CIFAR-10_Training - INFO -               ReLU-6           [-1, 32, 32, 32]               0
2025-09-29 16:20:42,676 - CIFAR-10_Training - INFO -          MaxPool2d-7           [-1, 32, 16, 16]               0
2025-09-29 16:20:42,677 - CIFAR-10_Training - INFO -             Conv2d-8           [-1, 64, 16, 16]          18,432
2025-09-29 16:20:42,677 - CIFAR-10_Training - INFO -               ReLU-9           [-1, 64, 16, 16]               0
2025-09-29 16:20:42,680 - CIFAR-10_Training - INFO -            Conv2d-10           [-1, 64, 16, 16]          36,864
2025-09-29 16:20:42,683 - CIFAR-10_Training - INFO -              ReLU-11           [-1, 64, 16, 16]               0
2025-09-29 16:20:42,684 - CIFAR-10_Training - INFO -         MaxPool2d-12             [-1, 64, 8, 8]               0
2025-09-29 16:20:42,684 - CIFAR-10_Training - INFO -            Conv2d-13            [-1, 128, 6, 6]          73,728
2025-09-29 16:20:42,686 - CIFAR-10_Training - INFO -              ReLU-14            [-1, 128, 6, 6]               0
2025-09-29 16:20:42,686 - CIFAR-10_Training - INFO -            Conv2d-15             [-1, 64, 4, 4]          73,728
2025-09-29 16:20:42,687 - CIFAR-10_Training - INFO -              ReLU-16             [-1, 64, 4, 4]               0
2025-09-29 16:20:42,687 - CIFAR-10_Training - INFO -            Linear-17                   [-1, 30]          30,750
2025-09-29 16:20:42,687 - CIFAR-10_Training - INFO -            Linear-18                   [-1, 10]             310
2025-09-29 16:20:42,688 - CIFAR-10_Training - INFO - ================================================================
2025-09-29 16:20:42,688 - CIFAR-10_Training - INFO - Total params: 253,108
2025-09-29 16:20:42,689 - CIFAR-10_Training - INFO - Trainable params: 253,108
2025-09-29 16:20:42,689 - CIFAR-10_Training - INFO - Non-trainable params: 0
2025-09-29 16:20:42,690 - CIFAR-10_Training - INFO - ----------------------------------------------------------------
2025-09-29 16:20:42,692 - CIFAR-10_Training - INFO - Input size (MB): 0.01
2025-09-29 16:20:42,692 - CIFAR-10_Training - INFO - Forward/backward pass size (MB): 2.18
2025-09-29 16:20:42,694 - CIFAR-10_Training - INFO - Params size (MB): 0.97
2025-09-29 16:20:42,697 - CIFAR-10_Training - INFO - Estimated Total Size (MB): 3.16
2025-09-29 16:20:42,699 - CIFAR-10_Training - INFO - ----------------------------------------------------------------
2025-09-29 16:20:42,700 - CIFAR-10_Training - INFO - ==================================================
2025-09-29 16:20:42,703 - CIFAR-10_Training - INFO - Setting up trainer...
2025-09-29 16:20:42,735 - CIFAR-10_Training - INFO - Using device: cuda
2025-09-29 16:20:42,753 - CIFAR-10_Training - INFO - Early stopping: Stop if train_acc - test_acc > 15.0% for 10 epochs
2025-09-29 16:20:42,760 - CIFAR-10_Training - INFO - Starting training process...
2025-09-29 16:20:42,765 - CIFAR-10_Training - INFO - Starting training process...
2025-09-29 16:20:42,769 - CIFAR-10_Training - INFO - Using optimizer: SGD
2025-09-29 16:20:42,771 - CIFAR-10_Training - INFO - Using scheduler: StepLR
2025-09-29 16:20:42,773 - CIFAR-10_Training - INFO - Optimizer Configuration:
2025-09-29 16:20:42,780 - CIFAR-10_Training - INFO -   - Learning Rate: 0.1
2025-09-29 16:20:42,785 - CIFAR-10_Training - INFO -   - Momentum: 0.9
2025-09-29 16:20:42,789 - CIFAR-10_Training - INFO -   - Weight Decay: 0.0
2025-09-29 16:20:42,791 - CIFAR-10_Training - INFO - Scheduler Configuration:
2025-09-29 16:20:42,796 - CIFAR-10_Training - INFO -   - Step Size: 10
2025-09-29 16:20:42,812 - CIFAR-10_Training - INFO -   - Gamma: 0.1
2025-09-29 16:20:42,813 - CIFAR-10_Training - INFO - Starting Epoch 1/100
2025-09-29 16:21:22,877 - CIFAR-10_Training - INFO - Epoch  1: Train Loss: 2.3031, Train Acc: 10.19%, Test Loss: 2.3010, Test Acc: 10.00%, Acc Diff: 0.19%, LR: 0.100000
2025-09-29 16:21:22,877 - CIFAR-10_Training - INFO - Starting Epoch 2/100
2025-09-29 16:21:52,127 - CIFAR-10_Training - INFO - Epoch  2: Train Loss: 2.1696, Train Acc: 18.40%, Test Loss: 2.0066, Test Acc: 25.19%, Acc Diff: -6.79%, LR: 0.100000
2025-09-29 16:21:52,127 - CIFAR-10_Training - INFO - Starting Epoch 3/100
2025-09-29 16:22:24,681 - CIFAR-10_Training - INFO - Epoch  3: Train Loss: 1.8571, Train Acc: 30.54%, Test Loss: 1.7520, Test Acc: 34.40%, Acc Diff: -3.86%, LR: 0.100000
2025-09-29 16:22:24,682 - CIFAR-10_Training - INFO - Starting Epoch 4/100
2025-09-29 16:23:08,610 - CIFAR-10_Training - INFO - Epoch  4: Train Loss: 1.5748, Train Acc: 41.85%, Test Loss: 1.5017, Test Acc: 45.86%, Acc Diff: -4.01%, LR: 0.100000
2025-09-29 16:23:08,611 - CIFAR-10_Training - INFO - Starting Epoch 5/100
2025-09-29 16:23:53,875 - CIFAR-10_Training - INFO - Epoch  5: Train Loss: 1.3355, Train Acc: 51.68%, Test Loss: 1.3026, Test Acc: 52.78%, Acc Diff: -1.10%, LR: 0.100000
2025-09-29 16:23:53,875 - CIFAR-10_Training - INFO - Starting Epoch 6/100
2025-09-29 16:24:37,822 - CIFAR-10_Training - INFO - Epoch  6: Train Loss: 1.1036, Train Acc: 60.62%, Test Loss: 1.0834, Test Acc: 61.56%, Acc Diff: -0.94%, LR: 0.100000
2025-09-29 16:24:37,823 - CIFAR-10_Training - INFO - Starting Epoch 7/100
2025-09-29 16:25:21,716 - CIFAR-10_Training - INFO - Epoch  7: Train Loss: 0.9338, Train Acc: 66.92%, Test Loss: 0.8966, Test Acc: 68.41%, Acc Diff: -1.49%, LR: 0.100000
2025-09-29 16:25:21,717 - CIFAR-10_Training - INFO - Starting Epoch 8/100
2025-09-29 16:26:05,544 - CIFAR-10_Training - INFO - Epoch  8: Train Loss: 0.8322, Train Acc: 70.88%, Test Loss: 0.8384, Test Acc: 71.15%, Acc Diff: -0.27%, LR: 0.100000
2025-09-29 16:26:05,544 - CIFAR-10_Training - INFO - Starting Epoch 9/100
2025-09-29 16:26:37,545 - CIFAR-10_Training - INFO - Epoch  9: Train Loss: 0.7301, Train Acc: 74.46%, Test Loss: 0.8215, Test Acc: 71.89%, Acc Diff: 2.57%, LR: 0.100000
2025-09-29 16:26:37,546 - CIFAR-10_Training - INFO - Starting Epoch 10/100
2025-09-29 16:27:16,241 - CIFAR-10_Training - INFO - Epoch 10: Train Loss: 0.6390, Train Acc: 77.55%, Test Loss: 0.7775, Test Acc: 73.90%, Acc Diff: 3.65%, LR: 0.010000
2025-09-29 16:27:16,241 - CIFAR-10_Training - INFO - Starting Epoch 11/100
2025-09-29 16:27:46,265 - CIFAR-10_Training - INFO - Epoch 11: Train Loss: 0.4279, Train Acc: 85.20%, Test Loss: 0.6890, Test Acc: 77.56%, Acc Diff: 7.64%, LR: 0.010000
2025-09-29 16:27:46,265 - CIFAR-10_Training - INFO - Starting Epoch 12/100
2025-09-29 16:28:18,863 - CIFAR-10_Training - INFO - Epoch 12: Train Loss: 0.3605, Train Acc: 87.63%, Test Loss: 0.7021, Test Acc: 77.55%, Acc Diff: 10.08%, LR: 0.010000
2025-09-29 16:28:18,865 - CIFAR-10_Training - INFO - Starting Epoch 13/100
2025-09-29 16:29:00,605 - CIFAR-10_Training - INFO - Epoch 13: Train Loss: 0.3233, Train Acc: 88.95%, Test Loss: 0.7157, Test Acc: 77.93%, Acc Diff: 11.02%, LR: 0.010000
2025-09-29 16:29:00,605 - CIFAR-10_Training - INFO - Starting Epoch 14/100
2025-09-29 16:29:38,520 - CIFAR-10_Training - INFO - Epoch 14: Train Loss: 0.2902, Train Acc: 90.09%, Test Loss: 0.7326, Test Acc: 77.76%, Acc Diff: 12.33%, LR: 0.010000
2025-09-29 16:29:38,521 - CIFAR-10_Training - INFO - Starting Epoch 15/100
2025-09-29 16:30:20,644 - CIFAR-10_Training - INFO - Epoch 15: Train Loss: 0.2610, Train Acc: 91.26%, Test Loss: 0.7650, Test Acc: 77.63%, Acc Diff: 13.63%, LR: 0.010000
2025-09-29 16:30:20,644 - CIFAR-10_Training - INFO - Starting Epoch 16/100
2025-09-29 16:30:55,194 - CIFAR-10_Training - INFO - Epoch 16: Train Loss: 0.2322, Train Acc: 92.34%, Test Loss: 0.8024, Test Acc: 77.45%, Acc Diff: 14.89%, LR: 0.010000
2025-09-29 16:30:55,196 - CIFAR-10_Training - INFO - Starting Epoch 17/100
2025-09-29 16:31:39,095 - CIFAR-10_Training - INFO - Epoch 17: Train Loss: 0.2061, Train Acc: 93.25%, Test Loss: 0.8295, Test Acc: 77.56%, Acc Diff: 15.69%, LR: 0.010000 (OVERFITTING: 1 epochs)
2025-09-29 16:31:39,099 - CIFAR-10_Training - INFO - Starting Epoch 18/100
2025-09-29 16:32:22,397 - CIFAR-10_Training - INFO - Epoch 18: Train Loss: 0.1774, Train Acc: 94.33%, Test Loss: 0.8916, Test Acc: 77.35%, Acc Diff: 16.98%, LR: 0.010000 (OVERFITTING: 2 epochs)
2025-09-29 16:32:22,397 - CIFAR-10_Training - INFO - Starting Epoch 19/100
2025-09-29 16:33:00,086 - CIFAR-10_Training - INFO - Epoch 19: Train Loss: 0.1522, Train Acc: 95.33%, Test Loss: 0.9477, Test Acc: 77.12%, Acc Diff: 18.21%, LR: 0.010000 (OVERFITTING: 3 epochs)
2025-09-29 16:33:00,086 - CIFAR-10_Training - INFO - Starting Epoch 20/100
2025-09-29 16:33:35,178 - CIFAR-10_Training - INFO - Epoch 20: Train Loss: 0.1275, Train Acc: 96.18%, Test Loss: 1.0114, Test Acc: 76.93%, Acc Diff: 19.25%, LR: 0.001000 (OVERFITTING: 4 epochs)
2025-09-29 16:33:35,179 - CIFAR-10_Training - INFO - Starting Epoch 21/100
2025-09-29 16:34:07,590 - CIFAR-10_Training - INFO - Epoch 21: Train Loss: 0.0946, Train Acc: 97.60%, Test Loss: 1.0367, Test Acc: 77.17%, Acc Diff: 20.43%, LR: 0.001000 (OVERFITTING: 5 epochs)
2025-09-29 16:34:07,590 - CIFAR-10_Training - INFO - Starting Epoch 22/100
2025-09-29 16:34:40,720 - CIFAR-10_Training - INFO - Epoch 22: Train Loss: 0.0886, Train Acc: 97.81%, Test Loss: 1.0596, Test Acc: 77.21%, Acc Diff: 20.60%, LR: 0.001000 (OVERFITTING: 6 epochs)
2025-09-29 16:34:40,722 - CIFAR-10_Training - INFO - Starting Epoch 23/100
2025-09-29 16:35:24,919 - CIFAR-10_Training - INFO - Epoch 23: Train Loss: 0.0857, Train Acc: 97.83%, Test Loss: 1.0792, Test Acc: 77.06%, Acc Diff: 20.77%, LR: 0.001000 (OVERFITTING: 7 epochs)
2025-09-29 16:35:24,921 - CIFAR-10_Training - INFO - Starting Epoch 24/100
2025-09-29 16:36:04,996 - CIFAR-10_Training - INFO - Epoch 24: Train Loss: 0.0830, Train Acc: 97.94%, Test Loss: 1.0940, Test Acc: 77.05%, Acc Diff: 20.89%, LR: 0.001000 (OVERFITTING: 8 epochs)
2025-09-29 16:36:04,996 - CIFAR-10_Training - INFO - Starting Epoch 25/100
2025-09-29 16:36:34,005 - CIFAR-10_Training - INFO - Epoch 25: Train Loss: 0.0805, Train Acc: 98.01%, Test Loss: 1.1097, Test Acc: 77.09%, Acc Diff: 20.92%, LR: 0.001000 (OVERFITTING: 9 epochs)
2025-09-29 16:36:34,005 - CIFAR-10_Training - INFO - Starting Epoch 26/100
2025-09-29 16:37:02,829 - CIFAR-10_Training - INFO - Epoch 26: Train Loss: 0.0784, Train Acc: 98.10%, Test Loss: 1.1218, Test Acc: 77.10%, Acc Diff: 21.00%, LR: 0.001000 (OVERFITTING: 10 epochs)
2025-09-29 16:37:02,829 - CIFAR-10_Training - WARNING - ============================================================
2025-09-29 16:37:02,829 - CIFAR-10_Training - WARNING - EARLY STOPPING TRIGGERED!
2025-09-29 16:37:02,829 - CIFAR-10_Training - WARNING - ============================================================
2025-09-29 16:37:02,829 - CIFAR-10_Training - WARNING - Training stopped due to overfitting.
2025-09-29 16:37:02,829 - CIFAR-10_Training - WARNING - Train accuracy - Test accuracy = 21.00%
2025-09-29 16:37:02,829 - CIFAR-10_Training - WARNING - Overfitting threshold: 15.0%
2025-09-29 16:37:02,829 - CIFAR-10_Training - WARNING - Consecutive overfitting epochs: 10
2025-09-29 16:37:02,829 - CIFAR-10_Training - WARNING - Patience: 10 epochs
2025-09-29 16:37:02,829 - CIFAR-10_Training - WARNING - ============================================================
2025-09-29 16:37:02,829 - CIFAR-10_Training - INFO - Training completed!
2025-09-29 16:37:02,829 - CIFAR-10_Training - INFO - Final Results: {'final_train_loss': 0.07839804998009789, 'final_test_loss': 1.121847659301758, 'final_train_accuracy': 98.098, 'final_test_accuracy': 77.1, 'best_test_accuracy': 77.93, 'final_accuracy_difference': 20.998000000000005, 'max_accuracy_difference': 20.998000000000005, 'avg_accuracy_difference': 9.70330769230769, 'overfitting_epochs': 10, 'stopped_due_to_overfitting': True}
2025-09-29 16:37:02,829 - CIFAR-10_Training - INFO - ==================================================
2025-09-29 16:37:02,829 - CIFAR-10_Training - INFO - OVERFITTING ANALYSIS
2025-09-29 16:37:02,829 - CIFAR-10_Training - INFO - ==================================================
2025-09-29 16:37:02,829 - CIFAR-10_Training - INFO - Final accuracy difference: 21.00%
2025-09-29 16:37:02,829 - CIFAR-10_Training - INFO - Maximum accuracy difference: 21.00%
2025-09-29 16:37:02,829 - CIFAR-10_Training - INFO - Average accuracy difference: 9.70%
2025-09-29 16:37:02,829 - CIFAR-10_Training - INFO - Consecutive overfitting epochs: 10
2025-09-29 16:37:02,829 - CIFAR-10_Training - INFO - Stopped due to overfitting: True
2025-09-29 16:37:02,829 - CIFAR-10_Training - INFO - ==================================================
2025-09-29 16:37:05,531 - CIFAR-10_Training - INFO - Training curves saved to: C:\Users\krish\Documents\Krishnakanth\Learnings\Learnings\MNIST_Model\Reference\ERAS7\Model_Evolution\Setup\logs\training_curves_20250929_163702.png
2025-09-29 16:38:00,395 - CIFAR-10_Training - INFO - Model saved to: C:\Users\krish\Documents\Krishnakanth\Learnings\Learnings\MNIST_Model\Reference\ERAS7\Model_Evolution\Setup\models\cifar10_model_20250929_163800.pth
2025-09-29 16:38:00,397 - CIFAR-10_Training - INFO - ==================================================
2025-09-29 16:38:00,397 - CIFAR-10_Training - INFO - TRAINING PIPELINE COMPLETED SUCCESSFULLY
2025-09-29 16:38:00,397 - CIFAR-10_Training - INFO - ==================================================
2025-09-29 16:38:00,397 - CIFAR-10_Training - INFO - Final Metrics: {'final_train_loss': 0.07839804998009789, 'final_test_loss': 1.121847659301758, 'final_train_accuracy': 98.098, 'final_test_accuracy': 77.1, 'best_test_accuracy': 77.93, 'final_accuracy_difference': 20.998000000000005, 'max_accuracy_difference': 20.998000000000005, 'avg_accuracy_difference': 9.70330769230769, 'overfitting_epochs': 10, 'stopped_due_to_overfitting': True}
