2025-09-30 13:57:57,995 - CIFAR-10_Training - INFO - Logger initialized. Log file: C:\Users\krish\Documents\Krishnakanth\Learnings\Learnings\MNIST_Model\Reference\ERAS7\Model_Evolution\Setup\logs\20250930_135757_cifar10_training.log
2025-09-30 13:57:57,995 - CIFAR-10_Training - INFO - Updated Configuration (from main()):
2025-09-30 13:57:57,995 - CIFAR-10_Training - INFO -   - Epochs: 50
2025-09-30 13:57:57,996 - CIFAR-10_Training - INFO -   - Learning Rate: 0.05
2025-09-30 13:57:57,996 - CIFAR-10_Training - INFO -   - Optimizer: SGD
2025-09-30 13:57:57,996 - CIFAR-10_Training - INFO -   - Weight Decay: 0.0
2025-09-30 13:57:57,996 - CIFAR-10_Training - INFO -   - Momentum: 0.9
2025-09-30 13:57:57,996 - CIFAR-10_Training - INFO -   - Scheduler: StepLR
2025-09-30 13:57:57,996 - CIFAR-10_Training - INFO -   - Step Size: 20
2025-09-30 13:57:57,996 - CIFAR-10_Training - INFO -   - Gamma: 0.1
2025-09-30 13:57:57,996 - CIFAR-10_Training - INFO -   - Batch Size: 128
2025-09-30 13:57:57,996 - CIFAR-10_Training - INFO -   - Num Workers: 4
2025-09-30 13:57:57,997 - CIFAR-10_Training - INFO -   - Pin Memory: True
2025-09-30 13:57:57,997 - CIFAR-10_Training - INFO -   - Shuffle: True
2025-09-30 13:57:57,997 - CIFAR-10_Training - INFO -   - Dropout Rate: 0.05
2025-09-30 13:57:57,997 - CIFAR-10_Training - INFO -   - Device: CUDA
2025-09-30 13:57:57,997 - CIFAR-10_Training - INFO -   - Log Directory: C:\Users\krish\Documents\Krishnakanth\Learnings\Learnings\MNIST_Model\Reference\ERAS7\Model_Evolution\Setup\logs
2025-09-30 13:57:57,997 - CIFAR-10_Training - INFO -   - Model Save Directory: C:\Users\krish\Documents\Krishnakanth\Learnings\Learnings\MNIST_Model\Reference\ERAS7\Model_Evolution\Setup\models
2025-09-30 13:57:57,997 - CIFAR-10_Training - INFO -   - Save Model: True
2025-09-30 13:57:57,997 - CIFAR-10_Training - INFO -   - Log Level: DEBUG
2025-09-30 13:57:57,997 - CIFAR-10_Training - INFO - ==================================================
2025-09-30 13:57:57,997 - CIFAR-10_Training - INFO - ==================================================
2025-09-30 13:57:57,997 - CIFAR-10_Training - INFO - CIFAR-10 TRAINING EXPERIMENT STARTED
2025-09-30 13:57:57,997 - CIFAR-10_Training - INFO - ==================================================
2025-09-30 13:57:57,998 - CIFAR-10_Training - INFO - Data Config: DataConfig(data_dir='./data', batch_size=128, num_workers=4, pin_memory=True, shuffle=True, mean=(0.1307,), std=(0.3081,), cifar10_mean=(0.4914, 0.4822, 0.4465), cifar10_std=(0.247, 0.2435, 0.2616), rotation_range=(-7.0, 7.0), fill_value=1)
2025-09-30 13:57:57,998 - CIFAR-10_Training - INFO - Model Config: ModelConfig(input_channels=1, input_size=(28, 28), num_classes=10, dropout_rate=0.05)
2025-09-30 13:57:57,998 - CIFAR-10_Training - INFO - Training Config: TrainingConfig(epochs=50, learning_rate=0.05, momentum=0.9, weight_decay=0.0, scheduler_step_size=20, scheduler_gamma=0.1, seed=1, optimizer_type='SGD', adam_betas=(0.9, 0.999), adam_eps=1e-08, rmsprop_alpha=0.99, scheduler_type='StepLR', cosine_t_max=20, exponential_gamma=0.95, plateau_mode='min', plateau_factor=0.5, plateau_patience=5, plateau_threshold=0.0001)
2025-09-30 13:57:57,998 - CIFAR-10_Training - INFO - ==================================================
2025-09-30 13:57:57,998 - CIFAR-10_Training - INFO - Setting up data...
2025-09-30 13:57:57,998 - CIFAR-10_Training - INFO - Loading CIFAR-10 dataset...
2025-09-30 13:57:59,423 - CIFAR-10_Training - INFO - CIFAR-10 dataset loaded successfully!
2025-09-30 13:57:59,423 - CIFAR-10_Training - INFO - Train samples: 50000
2025-09-30 13:57:59,424 - CIFAR-10_Training - INFO - Test samples: 10000
2025-09-30 13:57:59,424 - CIFAR-10_Training - INFO - Computing CIFAR-10 data statistics...
2025-09-30 13:58:01,133 - CIFAR-10_Training - INFO - CIFAR-10 Data Statistics:
2025-09-30 13:58:01,134 - CIFAR-10_Training - INFO -   - Shape: (50000, 32, 32, 3)
2025-09-30 13:58:01,135 - CIFAR-10_Training - INFO -   - Size: 153,600,000
2025-09-30 13:58:01,135 - CIFAR-10_Training - INFO -   - Min: 0.0000
2025-09-30 13:58:01,136 - CIFAR-10_Training - INFO -   - Max: 1.0000
2025-09-30 13:58:01,137 - CIFAR-10_Training - INFO -   - Mean: 0.4734
2025-09-30 13:58:01,137 - CIFAR-10_Training - INFO -   - Std: 0.2516
2025-09-30 13:58:01,138 - CIFAR-10_Training - INFO -   - Variance: 0.0633
2025-09-30 13:58:01,138 - CIFAR-10_Training - INFO - Channel-wise Statistics:
2025-09-30 13:58:01,139 - CIFAR-10_Training - INFO -   Red Channel:
2025-09-30 13:58:01,139 - CIFAR-10_Training - INFO -     - Mean: 0.4914
2025-09-30 13:58:01,139 - CIFAR-10_Training - INFO -     - Std: 0.2470
2025-09-30 13:58:01,139 - CIFAR-10_Training - INFO -     - Min: 0.0000
2025-09-30 13:58:01,139 - CIFAR-10_Training - INFO -     - Max: 1.0000
2025-09-30 13:58:01,139 - CIFAR-10_Training - INFO -   Green Channel:
2025-09-30 13:58:01,140 - CIFAR-10_Training - INFO -     - Mean: 0.4822
2025-09-30 13:58:01,140 - CIFAR-10_Training - INFO -     - Std: 0.2435
2025-09-30 13:58:01,140 - CIFAR-10_Training - INFO -     - Min: 0.0000
2025-09-30 13:58:01,140 - CIFAR-10_Training - INFO -     - Max: 1.0000
2025-09-30 13:58:01,140 - CIFAR-10_Training - INFO -   Blue Channel:
2025-09-30 13:58:01,140 - CIFAR-10_Training - INFO -     - Mean: 0.4465
2025-09-30 13:58:01,140 - CIFAR-10_Training - INFO -     - Std: 0.2616
2025-09-30 13:58:01,140 - CIFAR-10_Training - INFO -     - Min: 0.0000
2025-09-30 13:58:01,140 - CIFAR-10_Training - INFO -     - Max: 1.0000
2025-09-30 13:58:14,270 - CIFAR-10_Training - INFO - CIFAR-10 Batch Information:
2025-09-30 13:58:14,270 - CIFAR-10_Training - INFO -   - Batch size: 128
2025-09-30 13:58:14,270 - CIFAR-10_Training - INFO -   - Image shape: torch.Size([3, 32, 32])
2025-09-30 13:58:14,270 - CIFAR-10_Training - INFO -   - Label shape: torch.Size([128])
2025-09-30 13:58:14,271 - CIFAR-10_Training - INFO -   - Data type: torch.float32
2025-09-30 13:58:14,271 - CIFAR-10_Training - INFO -   - Number of classes: 10
2025-09-30 13:58:15,320 - CIFAR-10_Training - INFO - Getting input size from CIFAR-10 data loader...
2025-09-30 13:58:26,958 - CIFAR-10_Training - INFO - CIFAR-10 input size from data loader: (3, 32, 32)
2025-09-30 13:58:28,019 - CIFAR-10_Training - INFO - Setting up model...
2025-09-30 13:58:28,038 - CIFAR-10_Training - INFO - Generating model summary...
2025-09-30 13:58:28,574 - CIFAR-10_Training - INFO - Model Architecture Summary:
2025-09-30 13:58:28,574 - CIFAR-10_Training - INFO -   - Total Parameters: 92,780
2025-09-30 13:58:28,575 - CIFAR-10_Training - INFO -   - Batch Normalization: Yes
2025-09-30 13:58:28,575 - CIFAR-10_Training - INFO -   - Dropout: No
2025-09-30 13:58:28,575 - CIFAR-10_Training - INFO -   - GAP Layers: No
2025-09-30 13:58:28,575 - CIFAR-10_Training - INFO -   - FC Layers: Yes
2025-09-30 13:58:28,575 - CIFAR-10_Training - INFO - ==================================================
2025-09-30 13:58:28,575 - CIFAR-10_Training - INFO - DETAILED MODEL ARCHITECTURE SUMMARY
2025-09-30 13:58:28,576 - CIFAR-10_Training - INFO - ==================================================
2025-09-30 13:58:28,576 - CIFAR-10_Training - INFO - ----------------------------------------------------------------
2025-09-30 13:58:28,576 - CIFAR-10_Training - INFO -         Layer (type)               Output Shape         Param #
2025-09-30 13:58:28,576 - CIFAR-10_Training - INFO - ================================================================
2025-09-30 13:58:28,576 - CIFAR-10_Training - INFO -             Conv2d-1            [-1, 8, 32, 32]             216
2025-09-30 13:58:28,576 - CIFAR-10_Training - INFO -        BatchNorm2d-2            [-1, 8, 32, 32]              16
2025-09-30 13:58:28,576 - CIFAR-10_Training - INFO -               ReLU-3            [-1, 8, 32, 32]               0
2025-09-30 13:58:28,576 - CIFAR-10_Training - INFO -             Conv2d-4            [-1, 8, 32, 32]             576
2025-09-30 13:58:28,576 - CIFAR-10_Training - INFO -        BatchNorm2d-5            [-1, 8, 32, 32]              16
2025-09-30 13:58:28,576 - CIFAR-10_Training - INFO -               ReLU-6            [-1, 8, 32, 32]               0
2025-09-30 13:58:28,577 - CIFAR-10_Training - INFO -             Conv2d-7            [-1, 8, 32, 32]             576
2025-09-30 13:58:28,577 - CIFAR-10_Training - INFO -        BatchNorm2d-8            [-1, 8, 32, 32]              16
2025-09-30 13:58:28,577 - CIFAR-10_Training - INFO -               ReLU-9            [-1, 8, 32, 32]               0
2025-09-30 13:58:28,578 - CIFAR-10_Training - INFO -            Conv2d-10            [-1, 8, 32, 32]             576
2025-09-30 13:58:28,578 - CIFAR-10_Training - INFO -       BatchNorm2d-11            [-1, 8, 32, 32]              16
2025-09-30 13:58:28,578 - CIFAR-10_Training - INFO -              ReLU-12            [-1, 8, 32, 32]               0
2025-09-30 13:58:28,578 - CIFAR-10_Training - INFO -         MaxPool2d-13            [-1, 8, 16, 16]               0
2025-09-30 13:58:28,578 - CIFAR-10_Training - INFO -            Conv2d-14           [-1, 16, 16, 16]           1,152
2025-09-30 13:58:28,578 - CIFAR-10_Training - INFO -       BatchNorm2d-15           [-1, 16, 16, 16]              32
2025-09-30 13:58:28,579 - CIFAR-10_Training - INFO -              ReLU-16           [-1, 16, 16, 16]               0
2025-09-30 13:58:28,579 - CIFAR-10_Training - INFO -            Conv2d-17           [-1, 16, 16, 16]           2,304
2025-09-30 13:58:28,579 - CIFAR-10_Training - INFO -       BatchNorm2d-18           [-1, 16, 16, 16]              32
2025-09-30 13:58:28,579 - CIFAR-10_Training - INFO -              ReLU-19           [-1, 16, 16, 16]               0
2025-09-30 13:58:28,579 - CIFAR-10_Training - INFO -            Conv2d-20           [-1, 16, 16, 16]           2,304
2025-09-30 13:58:28,579 - CIFAR-10_Training - INFO -       BatchNorm2d-21           [-1, 16, 16, 16]              32
2025-09-30 13:58:28,580 - CIFAR-10_Training - INFO -              ReLU-22           [-1, 16, 16, 16]               0
2025-09-30 13:58:28,580 - CIFAR-10_Training - INFO -         MaxPool2d-23             [-1, 16, 8, 8]               0
2025-09-30 13:58:28,580 - CIFAR-10_Training - INFO -            Conv2d-24             [-1, 32, 8, 8]           4,608
2025-09-30 13:58:28,580 - CIFAR-10_Training - INFO -       BatchNorm2d-25             [-1, 32, 8, 8]              64
2025-09-30 13:58:28,581 - CIFAR-10_Training - INFO -              ReLU-26             [-1, 32, 8, 8]               0
2025-09-30 13:58:28,581 - CIFAR-10_Training - INFO -            Conv2d-27             [-1, 32, 8, 8]           9,216
2025-09-30 13:58:28,581 - CIFAR-10_Training - INFO -       BatchNorm2d-28             [-1, 32, 8, 8]              64
2025-09-30 13:58:28,581 - CIFAR-10_Training - INFO -              ReLU-29             [-1, 32, 8, 8]               0
2025-09-30 13:58:28,582 - CIFAR-10_Training - INFO -            Conv2d-30             [-1, 32, 8, 8]           9,216
2025-09-30 13:58:28,582 - CIFAR-10_Training - INFO -       BatchNorm2d-31             [-1, 32, 8, 8]              64
2025-09-30 13:58:28,582 - CIFAR-10_Training - INFO -              ReLU-32             [-1, 32, 8, 8]               0
2025-09-30 13:58:28,582 - CIFAR-10_Training - INFO -         MaxPool2d-33             [-1, 32, 4, 4]               0
2025-09-30 13:58:28,582 - CIFAR-10_Training - INFO -            Conv2d-34             [-1, 64, 4, 4]          18,432
2025-09-30 13:58:28,583 - CIFAR-10_Training - INFO -       BatchNorm2d-35             [-1, 64, 4, 4]             128
2025-09-30 13:58:28,583 - CIFAR-10_Training - INFO -              ReLU-36             [-1, 64, 4, 4]               0
2025-09-30 13:58:28,583 - CIFAR-10_Training - INFO -            Conv2d-37             [-1, 32, 4, 4]          18,432
2025-09-30 13:58:28,583 - CIFAR-10_Training - INFO -       BatchNorm2d-38             [-1, 32, 4, 4]              64
2025-09-30 13:58:28,583 - CIFAR-10_Training - INFO -              ReLU-39             [-1, 32, 4, 4]               0
2025-09-30 13:58:28,584 - CIFAR-10_Training - INFO -            Conv2d-40             [-1, 16, 4, 4]           4,608
2025-09-30 13:58:28,584 - CIFAR-10_Training - INFO -       BatchNorm2d-41             [-1, 16, 4, 4]              32
2025-09-30 13:58:28,584 - CIFAR-10_Training - INFO -              ReLU-42             [-1, 16, 4, 4]               0
2025-09-30 13:58:28,584 - CIFAR-10_Training - INFO -            Conv2d-43            [-1, 128, 4, 4]          18,432
2025-09-30 13:58:28,584 - CIFAR-10_Training - INFO -       BatchNorm2d-44            [-1, 128, 4, 4]             256
2025-09-30 13:58:28,584 - CIFAR-10_Training - INFO -              ReLU-45            [-1, 128, 4, 4]               0
2025-09-30 13:58:28,585 - CIFAR-10_Training - INFO -            Conv2d-46             [-1, 10, 4, 4]           1,280
2025-09-30 13:58:28,585 - CIFAR-10_Training - INFO -       BatchNorm2d-47             [-1, 10, 4, 4]              20
2025-09-30 13:58:28,585 - CIFAR-10_Training - INFO -              ReLU-48             [-1, 10, 4, 4]               0
2025-09-30 13:58:28,585 - CIFAR-10_Training - INFO - AdaptiveAvgPool2d-49             [-1, 10, 1, 1]               0
2025-09-30 13:58:28,586 - CIFAR-10_Training - INFO - ================================================================
2025-09-30 13:58:28,586 - CIFAR-10_Training - INFO - Total params: 92,780
2025-09-30 13:58:28,586 - CIFAR-10_Training - INFO - Trainable params: 92,780
2025-09-30 13:58:28,586 - CIFAR-10_Training - INFO - Non-trainable params: 0
2025-09-30 13:58:28,586 - CIFAR-10_Training - INFO - ----------------------------------------------------------------
2025-09-30 13:58:28,586 - CIFAR-10_Training - INFO - Input size (MB): 0.01
2025-09-30 13:58:28,586 - CIFAR-10_Training - INFO - Forward/backward pass size (MB): 1.29
2025-09-30 13:58:28,586 - CIFAR-10_Training - INFO - Params size (MB): 0.35
2025-09-30 13:58:28,586 - CIFAR-10_Training - INFO - Estimated Total Size (MB): 1.66
2025-09-30 13:58:28,586 - CIFAR-10_Training - INFO - ----------------------------------------------------------------
2025-09-30 13:58:28,586 - CIFAR-10_Training - INFO - ==================================================
2025-09-30 13:58:28,586 - CIFAR-10_Training - INFO - Setting up trainer...
2025-09-30 13:58:28,590 - CIFAR-10_Training - INFO - Using device: cuda
2025-09-30 13:58:28,590 - CIFAR-10_Training - INFO - Early stopping: Stop if train_acc - test_acc > 15.0% for 10 epochs
2025-09-30 13:58:28,590 - CIFAR-10_Training - INFO - Starting training process...
2025-09-30 13:58:28,591 - CIFAR-10_Training - INFO - Starting training process...
2025-09-30 13:58:28,594 - CIFAR-10_Training - INFO - Using optimizer: SGD
2025-09-30 13:58:28,594 - CIFAR-10_Training - INFO - Using scheduler: StepLR
2025-09-30 13:58:28,594 - CIFAR-10_Training - INFO - Optimizer Configuration:
2025-09-30 13:58:28,594 - CIFAR-10_Training - INFO -   - Learning Rate: 0.05
2025-09-30 13:58:28,594 - CIFAR-10_Training - INFO -   - Momentum: 0.9
2025-09-30 13:58:28,595 - CIFAR-10_Training - INFO -   - Weight Decay: 0.0
2025-09-30 13:58:28,595 - CIFAR-10_Training - INFO - Scheduler Configuration:
2025-09-30 13:58:28,595 - CIFAR-10_Training - INFO -   - Step Size: 20
2025-09-30 13:58:28,595 - CIFAR-10_Training - INFO -   - Gamma: 0.1
2025-09-30 13:58:28,595 - CIFAR-10_Training - INFO - Starting Epoch 1/50
2025-09-30 13:58:57,625 - CIFAR-10_Training - INFO - Epoch  1: Train Loss: 1.5949, Train Acc: 42.25%, Test Loss: 1.6097, Test Acc: 43.71%, Acc Diff: -1.46%, LR: 0.050000
2025-09-30 13:58:57,626 - CIFAR-10_Training - INFO - Starting Epoch 2/50
2025-09-30 13:59:43,509 - CIFAR-10_Training - INFO - Epoch  2: Train Loss: 1.1377, Train Acc: 59.44%, Test Loss: 1.1340, Test Acc: 60.95%, Acc Diff: -1.51%, LR: 0.050000
2025-09-30 13:59:43,511 - CIFAR-10_Training - INFO - Starting Epoch 3/50
2025-09-30 14:00:30,606 - CIFAR-10_Training - INFO - Epoch  3: Train Loss: 0.9172, Train Acc: 67.76%, Test Loss: 0.9163, Test Acc: 68.18%, Acc Diff: -0.42%, LR: 0.050000
2025-09-30 14:00:30,607 - CIFAR-10_Training - INFO - Starting Epoch 4/50
2025-09-30 14:01:04,417 - CIFAR-10_Training - INFO - Epoch  4: Train Loss: 0.7955, Train Acc: 72.15%, Test Loss: 0.8590, Test Acc: 70.00%, Acc Diff: 2.15%, LR: 0.050000
2025-09-30 14:01:04,418 - CIFAR-10_Training - INFO - Starting Epoch 5/50
2025-09-30 14:01:50,271 - CIFAR-10_Training - INFO - Epoch  5: Train Loss: 0.7072, Train Acc: 75.29%, Test Loss: 0.8677, Test Acc: 69.60%, Acc Diff: 5.69%, LR: 0.050000
2025-09-30 14:01:50,271 - CIFAR-10_Training - INFO - Starting Epoch 6/50
2025-09-30 14:02:37,480 - CIFAR-10_Training - INFO - Epoch  6: Train Loss: 0.6541, Train Acc: 77.46%, Test Loss: 0.8788, Test Acc: 70.86%, Acc Diff: 6.60%, LR: 0.050000
2025-09-30 14:02:37,482 - CIFAR-10_Training - INFO - Starting Epoch 7/50
2025-09-30 14:03:25,465 - CIFAR-10_Training - INFO - Epoch  7: Train Loss: 0.5991, Train Acc: 79.31%, Test Loss: 0.7991, Test Acc: 73.07%, Acc Diff: 6.24%, LR: 0.050000
2025-09-30 14:03:25,465 - CIFAR-10_Training - INFO - Starting Epoch 8/50
2025-09-30 14:04:12,814 - CIFAR-10_Training - INFO - Epoch  8: Train Loss: 0.5618, Train Acc: 80.29%, Test Loss: 0.6900, Test Acc: 76.48%, Acc Diff: 3.81%, LR: 0.050000
2025-09-30 14:04:12,815 - CIFAR-10_Training - INFO - Starting Epoch 9/50
2025-09-30 14:04:49,435 - CIFAR-10_Training - INFO - Epoch  9: Train Loss: 0.5303, Train Acc: 81.67%, Test Loss: 0.7000, Test Acc: 76.24%, Acc Diff: 5.43%, LR: 0.050000
2025-09-30 14:04:49,436 - CIFAR-10_Training - INFO - Starting Epoch 10/50
2025-09-30 14:05:23,585 - CIFAR-10_Training - INFO - Epoch 10: Train Loss: 0.4963, Train Acc: 82.69%, Test Loss: 0.7375, Test Acc: 75.70%, Acc Diff: 6.99%, LR: 0.050000
2025-09-30 14:05:23,586 - CIFAR-10_Training - INFO - Starting Epoch 11/50
2025-09-30 14:06:04,267 - CIFAR-10_Training - INFO - Epoch 11: Train Loss: 0.4712, Train Acc: 83.73%, Test Loss: 0.6807, Test Acc: 77.56%, Acc Diff: 6.17%, LR: 0.050000
2025-09-30 14:06:04,267 - CIFAR-10_Training - INFO - Starting Epoch 12/50
2025-09-30 14:06:39,914 - CIFAR-10_Training - INFO - Epoch 12: Train Loss: 0.4453, Train Acc: 84.49%, Test Loss: 0.7314, Test Acc: 75.30%, Acc Diff: 9.19%, LR: 0.050000
2025-09-30 14:06:39,914 - CIFAR-10_Training - INFO - Starting Epoch 13/50
2025-09-30 14:07:09,081 - CIFAR-10_Training - INFO - Epoch 13: Train Loss: 0.4198, Train Acc: 85.42%, Test Loss: 0.8077, Test Acc: 74.92%, Acc Diff: 10.50%, LR: 0.050000
2025-09-30 14:07:09,081 - CIFAR-10_Training - INFO - Starting Epoch 14/50
2025-09-30 14:07:38,499 - CIFAR-10_Training - INFO - Epoch 14: Train Loss: 0.4013, Train Acc: 85.95%, Test Loss: 0.7837, Test Acc: 75.67%, Acc Diff: 10.28%, LR: 0.050000
2025-09-30 14:07:38,500 - CIFAR-10_Training - INFO - Starting Epoch 15/50
2025-09-30 14:08:07,831 - CIFAR-10_Training - INFO - Epoch 15: Train Loss: 0.3780, Train Acc: 86.73%, Test Loss: 0.7675, Test Acc: 76.35%, Acc Diff: 10.38%, LR: 0.050000
2025-09-30 14:08:07,831 - CIFAR-10_Training - INFO - Starting Epoch 16/50
2025-09-30 14:08:35,704 - CIFAR-10_Training - INFO - Epoch 16: Train Loss: 0.3626, Train Acc: 87.30%, Test Loss: 0.7084, Test Acc: 77.13%, Acc Diff: 10.17%, LR: 0.050000
2025-09-30 14:08:35,704 - CIFAR-10_Training - INFO - Starting Epoch 17/50
2025-09-30 14:09:05,504 - CIFAR-10_Training - INFO - Epoch 17: Train Loss: 0.3430, Train Acc: 87.97%, Test Loss: 0.8945, Test Acc: 73.30%, Acc Diff: 14.67%, LR: 0.050000
2025-09-30 14:09:05,504 - CIFAR-10_Training - INFO - Starting Epoch 18/50
2025-09-30 14:09:32,149 - CIFAR-10_Training - INFO - Epoch 18: Train Loss: 0.3252, Train Acc: 88.71%, Test Loss: 0.7378, Test Acc: 76.98%, Acc Diff: 11.73%, LR: 0.050000
2025-09-30 14:09:32,149 - CIFAR-10_Training - INFO - Starting Epoch 19/50
2025-09-30 14:09:59,069 - CIFAR-10_Training - INFO - Epoch 19: Train Loss: 0.3049, Train Acc: 89.43%, Test Loss: 0.8637, Test Acc: 74.87%, Acc Diff: 14.56%, LR: 0.050000
2025-09-30 14:09:59,069 - CIFAR-10_Training - INFO - Starting Epoch 20/50
2025-09-30 14:10:25,969 - CIFAR-10_Training - INFO - Epoch 20: Train Loss: 0.2948, Train Acc: 89.77%, Test Loss: 0.8398, Test Acc: 74.87%, Acc Diff: 14.90%, LR: 0.005000
2025-09-30 14:10:25,969 - CIFAR-10_Training - INFO - Starting Epoch 21/50
2025-09-30 14:10:52,618 - CIFAR-10_Training - INFO - Epoch 21: Train Loss: 0.1849, Train Acc: 94.05%, Test Loss: 0.6969, Test Acc: 79.21%, Acc Diff: 14.84%, LR: 0.005000
2025-09-30 14:10:52,618 - CIFAR-10_Training - INFO - Starting Epoch 22/50
2025-09-30 14:11:19,406 - CIFAR-10_Training - INFO - Epoch 22: Train Loss: 0.1462, Train Acc: 95.50%, Test Loss: 0.7153, Test Acc: 79.33%, Acc Diff: 16.17%, LR: 0.005000 (OVERFITTING: 1 epochs)
2025-09-30 14:11:19,406 - CIFAR-10_Training - INFO - Starting Epoch 23/50
2025-09-30 14:11:46,061 - CIFAR-10_Training - INFO - Epoch 23: Train Loss: 0.1307, Train Acc: 96.06%, Test Loss: 0.7445, Test Acc: 79.05%, Acc Diff: 17.01%, LR: 0.005000 (OVERFITTING: 2 epochs)
2025-09-30 14:11:46,061 - CIFAR-10_Training - INFO - Starting Epoch 24/50
2025-09-30 14:12:12,374 - CIFAR-10_Training - INFO - Epoch 24: Train Loss: 0.1191, Train Acc: 96.50%, Test Loss: 0.7567, Test Acc: 79.17%, Acc Diff: 17.33%, LR: 0.005000 (OVERFITTING: 3 epochs)
2025-09-30 14:12:12,374 - CIFAR-10_Training - INFO - Starting Epoch 25/50
2025-09-30 14:12:38,796 - CIFAR-10_Training - INFO - Epoch 25: Train Loss: 0.1101, Train Acc: 96.76%, Test Loss: 0.7733, Test Acc: 78.84%, Acc Diff: 17.92%, LR: 0.005000 (OVERFITTING: 4 epochs)
2025-09-30 14:12:38,796 - CIFAR-10_Training - INFO - Starting Epoch 26/50
2025-09-30 14:13:05,680 - CIFAR-10_Training - INFO - Epoch 26: Train Loss: 0.1024, Train Acc: 97.14%, Test Loss: 0.7952, Test Acc: 78.97%, Acc Diff: 18.17%, LR: 0.005000 (OVERFITTING: 5 epochs)
2025-09-30 14:13:05,680 - CIFAR-10_Training - INFO - Starting Epoch 27/50
2025-09-30 14:13:32,668 - CIFAR-10_Training - INFO - Epoch 27: Train Loss: 0.0958, Train Acc: 97.30%, Test Loss: 0.8106, Test Acc: 78.96%, Acc Diff: 18.34%, LR: 0.005000 (OVERFITTING: 6 epochs)
2025-09-30 14:13:32,668 - CIFAR-10_Training - INFO - Starting Epoch 28/50
2025-09-30 14:13:59,875 - CIFAR-10_Training - INFO - Epoch 28: Train Loss: 0.0906, Train Acc: 97.51%, Test Loss: 0.8283, Test Acc: 78.84%, Acc Diff: 18.67%, LR: 0.005000 (OVERFITTING: 7 epochs)
2025-09-30 14:13:59,875 - CIFAR-10_Training - INFO - Starting Epoch 29/50
2025-09-30 14:14:27,270 - CIFAR-10_Training - INFO - Epoch 29: Train Loss: 0.0865, Train Acc: 97.64%, Test Loss: 0.8450, Test Acc: 78.45%, Acc Diff: 19.19%, LR: 0.005000 (OVERFITTING: 8 epochs)
2025-09-30 14:14:27,270 - CIFAR-10_Training - INFO - Starting Epoch 30/50
2025-09-30 14:14:55,124 - CIFAR-10_Training - INFO - Epoch 30: Train Loss: 0.0815, Train Acc: 97.86%, Test Loss: 0.8629, Test Acc: 78.45%, Acc Diff: 19.41%, LR: 0.005000 (OVERFITTING: 9 epochs)
2025-09-30 14:14:55,124 - CIFAR-10_Training - INFO - Starting Epoch 31/50
2025-09-30 14:15:22,513 - CIFAR-10_Training - INFO - Epoch 31: Train Loss: 0.0760, Train Acc: 98.04%, Test Loss: 0.8701, Test Acc: 78.39%, Acc Diff: 19.65%, LR: 0.005000 (OVERFITTING: 10 epochs)
2025-09-30 14:15:22,513 - CIFAR-10_Training - WARNING - ============================================================
2025-09-30 14:15:22,513 - CIFAR-10_Training - WARNING - EARLY STOPPING TRIGGERED!
2025-09-30 14:15:22,513 - CIFAR-10_Training - WARNING - ============================================================
2025-09-30 14:15:22,513 - CIFAR-10_Training - WARNING - Training stopped due to overfitting.
2025-09-30 14:15:22,529 - CIFAR-10_Training - WARNING - Train accuracy - Test accuracy = 19.65%
2025-09-30 14:15:22,529 - CIFAR-10_Training - WARNING - Overfitting threshold: 15.0%
2025-09-30 14:15:22,529 - CIFAR-10_Training - WARNING - Consecutive overfitting epochs: 10
2025-09-30 14:15:22,529 - CIFAR-10_Training - WARNING - Patience: 10 epochs
2025-09-30 14:15:22,529 - CIFAR-10_Training - WARNING - ============================================================
2025-09-30 14:15:22,529 - CIFAR-10_Training - INFO - Training completed!
2025-09-30 14:15:22,529 - CIFAR-10_Training - INFO - Final Results: {'final_train_loss': 0.07603273000520513, 'final_test_loss': 0.8701414523124695, 'final_train_accuracy': 98.038, 'final_test_accuracy': 78.39, 'best_test_accuracy': 79.33, 'final_accuracy_difference': 19.647999999999996, 'max_accuracy_difference': 19.647999999999996, 'avg_accuracy_difference': 11.057290322580647, 'overfitting_epochs': 10, 'stopped_due_to_overfitting': True}
2025-09-30 14:15:22,529 - CIFAR-10_Training - INFO - ==================================================
2025-09-30 14:15:22,529 - CIFAR-10_Training - INFO - OVERFITTING ANALYSIS
2025-09-30 14:15:22,529 - CIFAR-10_Training - INFO - ==================================================
2025-09-30 14:15:22,529 - CIFAR-10_Training - INFO - Final accuracy difference: 19.65%
2025-09-30 14:15:22,529 - CIFAR-10_Training - INFO - Maximum accuracy difference: 19.65%
2025-09-30 14:15:22,529 - CIFAR-10_Training - INFO - Average accuracy difference: 11.06%
2025-09-30 14:15:22,529 - CIFAR-10_Training - INFO - Consecutive overfitting epochs: 10
2025-09-30 14:15:22,529 - CIFAR-10_Training - INFO - Stopped due to overfitting: True
2025-09-30 14:15:22,529 - CIFAR-10_Training - INFO - ==================================================
2025-09-30 14:15:23,383 - CIFAR-10_Training - INFO - Training curves saved to: C:\Users\krish\Documents\Krishnakanth\Learnings\Learnings\MNIST_Model\Reference\ERAS7\Model_Evolution\Setup\logs\training_curves_20250930_141522.png
2025-09-30 14:26:50,445 - CIFAR-10_Training - INFO - Model saved to: C:\Users\krish\Documents\Krishnakanth\Learnings\Learnings\MNIST_Model\Reference\ERAS7\Model_Evolution\Setup\models\cifar10_model_20250930_142650.pth
2025-09-30 14:26:50,453 - CIFAR-10_Training - INFO - ==================================================
2025-09-30 14:26:50,453 - CIFAR-10_Training - INFO - TRAINING PIPELINE COMPLETED SUCCESSFULLY
2025-09-30 14:26:50,453 - CIFAR-10_Training - INFO - ==================================================
2025-09-30 14:26:50,453 - CIFAR-10_Training - INFO - Final Metrics: {'final_train_loss': 0.07603273000520513, 'final_test_loss': 0.8701414523124695, 'final_train_accuracy': 98.038, 'final_test_accuracy': 78.39, 'best_test_accuracy': 79.33, 'final_accuracy_difference': 19.647999999999996, 'max_accuracy_difference': 19.647999999999996, 'avg_accuracy_difference': 11.057290322580647, 'overfitting_epochs': 10, 'stopped_due_to_overfitting': True}
