2025-09-30 13:19:22,758 - CIFAR-10_Training - INFO - Logger initialized. Log file: C:\Users\krish\Documents\Krishnakanth\Learnings\Learnings\MNIST_Model\Reference\ERAS7\Model_Evolution\Setup\logs\20250930_131922_cifar10_training.log
2025-09-30 13:19:22,758 - CIFAR-10_Training - INFO - Updated Configuration (from main()):
2025-09-30 13:19:22,758 - CIFAR-10_Training - INFO -   - Epochs: 50
2025-09-30 13:19:22,758 - CIFAR-10_Training - INFO -   - Learning Rate: 0.01
2025-09-30 13:19:22,758 - CIFAR-10_Training - INFO -   - Optimizer: SGD
2025-09-30 13:19:22,758 - CIFAR-10_Training - INFO -   - Weight Decay: 0.0
2025-09-30 13:19:22,758 - CIFAR-10_Training - INFO -   - Momentum: 0.9
2025-09-30 13:19:22,758 - CIFAR-10_Training - INFO -   - Scheduler: StepLR
2025-09-30 13:19:22,758 - CIFAR-10_Training - INFO -   - Step Size: 20
2025-09-30 13:19:22,758 - CIFAR-10_Training - INFO -   - Gamma: 0.1
2025-09-30 13:19:22,758 - CIFAR-10_Training - INFO -   - Batch Size: 128
2025-09-30 13:19:22,758 - CIFAR-10_Training - INFO -   - Num Workers: 4
2025-09-30 13:19:22,758 - CIFAR-10_Training - INFO -   - Pin Memory: True
2025-09-30 13:19:22,758 - CIFAR-10_Training - INFO -   - Shuffle: True
2025-09-30 13:19:22,758 - CIFAR-10_Training - INFO -   - Dropout Rate: 0.05
2025-09-30 13:19:22,758 - CIFAR-10_Training - INFO -   - Device: CUDA
2025-09-30 13:19:22,758 - CIFAR-10_Training - INFO -   - Log Directory: C:\Users\krish\Documents\Krishnakanth\Learnings\Learnings\MNIST_Model\Reference\ERAS7\Model_Evolution\Setup\logs
2025-09-30 13:19:22,758 - CIFAR-10_Training - INFO -   - Model Save Directory: C:\Users\krish\Documents\Krishnakanth\Learnings\Learnings\MNIST_Model\Reference\ERAS7\Model_Evolution\Setup\models
2025-09-30 13:19:22,758 - CIFAR-10_Training - INFO -   - Save Model: True
2025-09-30 13:19:22,758 - CIFAR-10_Training - INFO -   - Log Level: DEBUG
2025-09-30 13:19:22,758 - CIFAR-10_Training - INFO - ==================================================
2025-09-30 13:19:22,758 - CIFAR-10_Training - INFO - ==================================================
2025-09-30 13:19:22,758 - CIFAR-10_Training - INFO - CIFAR-10 TRAINING EXPERIMENT STARTED
2025-09-30 13:19:22,758 - CIFAR-10_Training - INFO - ==================================================
2025-09-30 13:19:22,758 - CIFAR-10_Training - INFO - Data Config: DataConfig(data_dir='./data', batch_size=128, num_workers=4, pin_memory=True, shuffle=True, mean=(0.1307,), std=(0.3081,), cifar10_mean=(0.4914, 0.4822, 0.4465), cifar10_std=(0.247, 0.2435, 0.2616), rotation_range=(-7.0, 7.0), fill_value=1)
2025-09-30 13:19:22,769 - CIFAR-10_Training - INFO - Model Config: ModelConfig(input_channels=1, input_size=(28, 28), num_classes=10, dropout_rate=0.05)
2025-09-30 13:19:22,769 - CIFAR-10_Training - INFO - Training Config: TrainingConfig(epochs=50, learning_rate=0.01, momentum=0.9, weight_decay=0.0, scheduler_step_size=20, scheduler_gamma=0.1, seed=1, optimizer_type='SGD', adam_betas=(0.9, 0.999), adam_eps=1e-08, rmsprop_alpha=0.99, scheduler_type='StepLR', cosine_t_max=20, exponential_gamma=0.95, plateau_mode='min', plateau_factor=0.5, plateau_patience=5, plateau_threshold=0.0001)
2025-09-30 13:19:22,769 - CIFAR-10_Training - INFO - ==================================================
2025-09-30 13:19:22,769 - CIFAR-10_Training - INFO - Setting up data...
2025-09-30 13:19:22,769 - CIFAR-10_Training - INFO - Loading CIFAR-10 dataset...
2025-09-30 13:19:24,128 - CIFAR-10_Training - INFO - CIFAR-10 dataset loaded successfully!
2025-09-30 13:19:24,128 - CIFAR-10_Training - INFO - Train samples: 50000
2025-09-30 13:19:24,128 - CIFAR-10_Training - INFO - Test samples: 10000
2025-09-30 13:19:24,128 - CIFAR-10_Training - INFO - Computing CIFAR-10 data statistics...
2025-09-30 13:19:25,809 - CIFAR-10_Training - INFO - CIFAR-10 Data Statistics:
2025-09-30 13:19:25,809 - CIFAR-10_Training - INFO -   - Shape: (50000, 32, 32, 3)
2025-09-30 13:19:25,809 - CIFAR-10_Training - INFO -   - Size: 153,600,000
2025-09-30 13:19:25,809 - CIFAR-10_Training - INFO -   - Min: 0.0000
2025-09-30 13:19:25,809 - CIFAR-10_Training - INFO -   - Max: 1.0000
2025-09-30 13:19:25,809 - CIFAR-10_Training - INFO -   - Mean: 0.4734
2025-09-30 13:19:25,809 - CIFAR-10_Training - INFO -   - Std: 0.2516
2025-09-30 13:19:25,809 - CIFAR-10_Training - INFO -   - Variance: 0.0633
2025-09-30 13:19:25,809 - CIFAR-10_Training - INFO - Channel-wise Statistics:
2025-09-30 13:19:25,809 - CIFAR-10_Training - INFO -   Red Channel:
2025-09-30 13:19:25,809 - CIFAR-10_Training - INFO -     - Mean: 0.4914
2025-09-30 13:19:25,809 - CIFAR-10_Training - INFO -     - Std: 0.2470
2025-09-30 13:19:25,809 - CIFAR-10_Training - INFO -     - Min: 0.0000
2025-09-30 13:19:25,809 - CIFAR-10_Training - INFO -     - Max: 1.0000
2025-09-30 13:19:25,809 - CIFAR-10_Training - INFO -   Green Channel:
2025-09-30 13:19:25,809 - CIFAR-10_Training - INFO -     - Mean: 0.4822
2025-09-30 13:19:25,809 - CIFAR-10_Training - INFO -     - Std: 0.2435
2025-09-30 13:19:25,809 - CIFAR-10_Training - INFO -     - Min: 0.0000
2025-09-30 13:19:25,809 - CIFAR-10_Training - INFO -     - Max: 1.0000
2025-09-30 13:19:25,809 - CIFAR-10_Training - INFO -   Blue Channel:
2025-09-30 13:19:25,809 - CIFAR-10_Training - INFO -     - Mean: 0.4465
2025-09-30 13:19:25,809 - CIFAR-10_Training - INFO -     - Std: 0.2616
2025-09-30 13:19:25,809 - CIFAR-10_Training - INFO -     - Min: 0.0000
2025-09-30 13:19:25,809 - CIFAR-10_Training - INFO -     - Max: 1.0000
2025-09-30 13:19:42,272 - CIFAR-10_Training - INFO - CIFAR-10 Batch Information:
2025-09-30 13:19:42,274 - CIFAR-10_Training - INFO -   - Batch size: 128
2025-09-30 13:19:42,275 - CIFAR-10_Training - INFO -   - Image shape: torch.Size([3, 32, 32])
2025-09-30 13:19:42,276 - CIFAR-10_Training - INFO -   - Label shape: torch.Size([128])
2025-09-30 13:19:42,276 - CIFAR-10_Training - INFO -   - Data type: torch.float32
2025-09-30 13:19:42,277 - CIFAR-10_Training - INFO -   - Number of classes: 10
2025-09-30 13:19:43,919 - CIFAR-10_Training - INFO - Getting input size from CIFAR-10 data loader...
2025-09-30 13:20:03,208 - CIFAR-10_Training - INFO - CIFAR-10 input size from data loader: (3, 32, 32)
2025-09-30 13:20:04,464 - CIFAR-10_Training - INFO - Setting up model...
2025-09-30 13:20:04,517 - CIFAR-10_Training - INFO - Generating model summary...
2025-09-30 13:20:05,664 - CIFAR-10_Training - INFO - Model Architecture Summary:
2025-09-30 13:20:05,665 - CIFAR-10_Training - INFO -   - Total Parameters: 174,268
2025-09-30 13:20:05,666 - CIFAR-10_Training - INFO -   - Batch Normalization: Yes
2025-09-30 13:20:05,666 - CIFAR-10_Training - INFO -   - Dropout: No
2025-09-30 13:20:05,667 - CIFAR-10_Training - INFO -   - GAP Layers: No
2025-09-30 13:20:05,667 - CIFAR-10_Training - INFO -   - FC Layers: Yes
2025-09-30 13:20:05,668 - CIFAR-10_Training - INFO - ==================================================
2025-09-30 13:20:05,670 - CIFAR-10_Training - INFO - DETAILED MODEL ARCHITECTURE SUMMARY
2025-09-30 13:20:05,671 - CIFAR-10_Training - INFO - ==================================================
2025-09-30 13:20:05,671 - CIFAR-10_Training - INFO - ----------------------------------------------------------------
2025-09-30 13:20:05,672 - CIFAR-10_Training - INFO -         Layer (type)               Output Shape         Param #
2025-09-30 13:20:05,672 - CIFAR-10_Training - INFO - ================================================================
2025-09-30 13:20:05,673 - CIFAR-10_Training - INFO -             Conv2d-1            [-1, 8, 32, 32]             216
2025-09-30 13:20:05,673 - CIFAR-10_Training - INFO -        BatchNorm2d-2            [-1, 8, 32, 32]              16
2025-09-30 13:20:05,673 - CIFAR-10_Training - INFO -               ReLU-3            [-1, 8, 32, 32]               0
2025-09-30 13:20:05,674 - CIFAR-10_Training - INFO -             Conv2d-4           [-1, 16, 32, 32]           1,152
2025-09-30 13:20:05,674 - CIFAR-10_Training - INFO -        BatchNorm2d-5           [-1, 16, 32, 32]              32
2025-09-30 13:20:05,675 - CIFAR-10_Training - INFO -               ReLU-6           [-1, 16, 32, 32]               0
2025-09-30 13:20:05,676 - CIFAR-10_Training - INFO -             Conv2d-7           [-1, 16, 32, 32]           2,304
2025-09-30 13:20:05,677 - CIFAR-10_Training - INFO -        BatchNorm2d-8           [-1, 16, 32, 32]              32
2025-09-30 13:20:05,677 - CIFAR-10_Training - INFO -               ReLU-9           [-1, 16, 32, 32]               0
2025-09-30 13:20:05,678 - CIFAR-10_Training - INFO -            Conv2d-10           [-1, 16, 32, 32]           2,304
2025-09-30 13:20:05,679 - CIFAR-10_Training - INFO -       BatchNorm2d-11           [-1, 16, 32, 32]              32
2025-09-30 13:20:05,679 - CIFAR-10_Training - INFO -              ReLU-12           [-1, 16, 32, 32]               0
2025-09-30 13:20:05,680 - CIFAR-10_Training - INFO -         MaxPool2d-13           [-1, 16, 16, 16]               0
2025-09-30 13:20:05,684 - CIFAR-10_Training - INFO -            Conv2d-14           [-1, 32, 16, 16]           4,608
2025-09-30 13:20:05,685 - CIFAR-10_Training - INFO -       BatchNorm2d-15           [-1, 32, 16, 16]              64
2025-09-30 13:20:05,685 - CIFAR-10_Training - INFO -              ReLU-16           [-1, 32, 16, 16]               0
2025-09-30 13:20:05,690 - CIFAR-10_Training - INFO -            Conv2d-17           [-1, 32, 16, 16]           9,216
2025-09-30 13:20:05,691 - CIFAR-10_Training - INFO -       BatchNorm2d-18           [-1, 32, 16, 16]              64
2025-09-30 13:20:05,692 - CIFAR-10_Training - INFO -              ReLU-19           [-1, 32, 16, 16]               0
2025-09-30 13:20:05,693 - CIFAR-10_Training - INFO -            Conv2d-20           [-1, 32, 16, 16]           9,216
2025-09-30 13:20:05,694 - CIFAR-10_Training - INFO -       BatchNorm2d-21           [-1, 32, 16, 16]              64
2025-09-30 13:20:05,695 - CIFAR-10_Training - INFO -              ReLU-22           [-1, 32, 16, 16]               0
2025-09-30 13:20:05,696 - CIFAR-10_Training - INFO -         MaxPool2d-23             [-1, 32, 8, 8]               0
2025-09-30 13:20:05,697 - CIFAR-10_Training - INFO -            Conv2d-24             [-1, 64, 8, 8]          18,432
2025-09-30 13:20:05,702 - CIFAR-10_Training - INFO -       BatchNorm2d-25             [-1, 64, 8, 8]             128
2025-09-30 13:20:05,703 - CIFAR-10_Training - INFO -              ReLU-26             [-1, 64, 8, 8]               0
2025-09-30 13:20:05,706 - CIFAR-10_Training - INFO -            Conv2d-27             [-1, 64, 8, 8]          36,864
2025-09-30 13:20:05,708 - CIFAR-10_Training - INFO -       BatchNorm2d-28             [-1, 64, 8, 8]             128
2025-09-30 13:20:05,711 - CIFAR-10_Training - INFO -              ReLU-29             [-1, 64, 8, 8]               0
2025-09-30 13:20:05,713 - CIFAR-10_Training - INFO -            Conv2d-30             [-1, 64, 8, 8]          36,864
2025-09-30 13:20:05,715 - CIFAR-10_Training - INFO -       BatchNorm2d-31             [-1, 64, 8, 8]             128
2025-09-30 13:20:05,715 - CIFAR-10_Training - INFO -              ReLU-32             [-1, 64, 8, 8]               0
2025-09-30 13:20:05,722 - CIFAR-10_Training - INFO -         MaxPool2d-33             [-1, 64, 4, 4]               0
2025-09-30 13:20:05,725 - CIFAR-10_Training - INFO -            Conv2d-34             [-1, 32, 4, 4]          18,432
2025-09-30 13:20:05,728 - CIFAR-10_Training - INFO -       BatchNorm2d-35             [-1, 32, 4, 4]              64
2025-09-30 13:20:05,728 - CIFAR-10_Training - INFO -              ReLU-36             [-1, 32, 4, 4]               0
2025-09-30 13:20:05,729 - CIFAR-10_Training - INFO -            Conv2d-37             [-1, 32, 4, 4]           9,216
2025-09-30 13:20:05,730 - CIFAR-10_Training - INFO -       BatchNorm2d-38             [-1, 32, 4, 4]              64
2025-09-30 13:20:05,730 - CIFAR-10_Training - INFO -              ReLU-39             [-1, 32, 4, 4]               0
2025-09-30 13:20:05,733 - CIFAR-10_Training - INFO -            Conv2d-40             [-1, 16, 4, 4]           4,608
2025-09-30 13:20:05,734 - CIFAR-10_Training - INFO -       BatchNorm2d-41             [-1, 16, 4, 4]              32
2025-09-30 13:20:05,734 - CIFAR-10_Training - INFO -              ReLU-42             [-1, 16, 4, 4]               0
2025-09-30 13:20:05,735 - CIFAR-10_Training - INFO -            Conv2d-43            [-1, 128, 4, 4]          18,432
2025-09-30 13:20:05,736 - CIFAR-10_Training - INFO -       BatchNorm2d-44            [-1, 128, 4, 4]             256
2025-09-30 13:20:05,737 - CIFAR-10_Training - INFO -              ReLU-45            [-1, 128, 4, 4]               0
2025-09-30 13:20:05,741 - CIFAR-10_Training - INFO -            Conv2d-46             [-1, 10, 4, 4]           1,280
2025-09-30 13:20:05,744 - CIFAR-10_Training - INFO -       BatchNorm2d-47             [-1, 10, 4, 4]              20
2025-09-30 13:20:05,746 - CIFAR-10_Training - INFO -              ReLU-48             [-1, 10, 4, 4]               0
2025-09-30 13:20:05,757 - CIFAR-10_Training - INFO - AdaptiveAvgPool2d-49             [-1, 10, 1, 1]               0
2025-09-30 13:20:05,757 - CIFAR-10_Training - INFO - ================================================================
2025-09-30 13:20:05,758 - CIFAR-10_Training - INFO - Total params: 174,268
2025-09-30 13:20:05,759 - CIFAR-10_Training - INFO - Trainable params: 174,268
2025-09-30 13:20:05,759 - CIFAR-10_Training - INFO - Non-trainable params: 0
2025-09-30 13:20:05,759 - CIFAR-10_Training - INFO - ----------------------------------------------------------------
2025-09-30 13:20:05,761 - CIFAR-10_Training - INFO - Input size (MB): 0.01
2025-09-30 13:20:05,761 - CIFAR-10_Training - INFO - Forward/backward pass size (MB): 2.29
2025-09-30 13:20:05,761 - CIFAR-10_Training - INFO - Params size (MB): 0.66
2025-09-30 13:20:05,762 - CIFAR-10_Training - INFO - Estimated Total Size (MB): 2.97
2025-09-30 13:20:05,765 - CIFAR-10_Training - INFO - ----------------------------------------------------------------
2025-09-30 13:20:05,766 - CIFAR-10_Training - INFO - ==================================================
2025-09-30 13:20:05,767 - CIFAR-10_Training - INFO - Setting up trainer...
2025-09-30 13:20:05,786 - CIFAR-10_Training - INFO - Using device: cuda
2025-09-30 13:20:05,787 - CIFAR-10_Training - INFO - Early stopping: Stop if train_acc - test_acc > 15.0% for 10 epochs
2025-09-30 13:20:05,788 - CIFAR-10_Training - INFO - Starting training process...
2025-09-30 13:20:05,788 - CIFAR-10_Training - INFO - Starting training process...
2025-09-30 13:20:05,792 - CIFAR-10_Training - INFO - Using optimizer: SGD
2025-09-30 13:20:05,792 - CIFAR-10_Training - INFO - Using scheduler: StepLR
2025-09-30 13:20:05,794 - CIFAR-10_Training - INFO - Optimizer Configuration:
2025-09-30 13:20:05,794 - CIFAR-10_Training - INFO -   - Learning Rate: 0.01
2025-09-30 13:20:05,795 - CIFAR-10_Training - INFO -   - Momentum: 0.9
2025-09-30 13:20:05,795 - CIFAR-10_Training - INFO -   - Weight Decay: 0.0
2025-09-30 13:20:05,796 - CIFAR-10_Training - INFO - Scheduler Configuration:
2025-09-30 13:20:05,796 - CIFAR-10_Training - INFO -   - Step Size: 20
2025-09-30 13:20:05,796 - CIFAR-10_Training - INFO -   - Gamma: 0.1
2025-09-30 13:20:05,797 - CIFAR-10_Training - INFO - Starting Epoch 1/50
2025-09-30 13:20:55,040 - CIFAR-10_Training - INFO - Epoch  1: Train Loss: 1.5036, Train Acc: 47.70%, Test Loss: 1.3289, Test Acc: 54.43%, Acc Diff: -6.73%, LR: 0.010000
2025-09-30 13:20:55,042 - CIFAR-10_Training - INFO - Starting Epoch 2/50
2025-09-30 13:21:32,445 - CIFAR-10_Training - INFO - Epoch  2: Train Loss: 0.9631, Train Acc: 67.47%, Test Loss: 1.0397, Test Acc: 64.77%, Acc Diff: 2.70%, LR: 0.010000
2025-09-30 13:21:32,445 - CIFAR-10_Training - INFO - Starting Epoch 3/50
2025-09-30 13:22:01,368 - CIFAR-10_Training - INFO - Epoch  3: Train Loss: 0.7719, Train Acc: 74.25%, Test Loss: 0.8078, Test Acc: 72.24%, Acc Diff: 2.01%, LR: 0.010000
2025-09-30 13:22:01,368 - CIFAR-10_Training - INFO - Starting Epoch 4/50
2025-09-30 13:22:30,011 - CIFAR-10_Training - INFO - Epoch  4: Train Loss: 0.6630, Train Acc: 77.59%, Test Loss: 0.8228, Test Acc: 72.50%, Acc Diff: 5.09%, LR: 0.010000
2025-09-30 13:22:30,011 - CIFAR-10_Training - INFO - Starting Epoch 5/50
2025-09-30 13:22:58,870 - CIFAR-10_Training - INFO - Epoch  5: Train Loss: 0.5830, Train Acc: 80.55%, Test Loss: 0.6569, Test Acc: 77.53%, Acc Diff: 3.02%, LR: 0.010000
2025-09-30 13:22:58,870 - CIFAR-10_Training - INFO - Starting Epoch 6/50
2025-09-30 13:23:27,783 - CIFAR-10_Training - INFO - Epoch  6: Train Loss: 0.5166, Train Acc: 82.64%, Test Loss: 0.6370, Test Acc: 78.51%, Acc Diff: 4.13%, LR: 0.010000
2025-09-30 13:23:27,783 - CIFAR-10_Training - INFO - Starting Epoch 7/50
2025-09-30 13:23:56,601 - CIFAR-10_Training - INFO - Epoch  7: Train Loss: 0.4651, Train Acc: 84.45%, Test Loss: 0.7906, Test Acc: 74.20%, Acc Diff: 10.25%, LR: 0.010000
2025-09-30 13:23:56,601 - CIFAR-10_Training - INFO - Starting Epoch 8/50
2025-09-30 13:24:25,320 - CIFAR-10_Training - INFO - Epoch  8: Train Loss: 0.4197, Train Acc: 85.94%, Test Loss: 0.6057, Test Acc: 80.23%, Acc Diff: 5.71%, LR: 0.010000
2025-09-30 13:24:25,320 - CIFAR-10_Training - INFO - Starting Epoch 9/50
2025-09-30 13:24:54,284 - CIFAR-10_Training - INFO - Epoch  9: Train Loss: 0.3823, Train Acc: 87.03%, Test Loss: 0.7550, Test Acc: 76.41%, Acc Diff: 10.62%, LR: 0.010000
2025-09-30 13:24:54,284 - CIFAR-10_Training - INFO - Starting Epoch 10/50
2025-09-30 13:25:23,078 - CIFAR-10_Training - INFO - Epoch 10: Train Loss: 0.3436, Train Acc: 88.56%, Test Loss: 0.6798, Test Acc: 78.48%, Acc Diff: 10.08%, LR: 0.010000
2025-09-30 13:25:23,078 - CIFAR-10_Training - INFO - Starting Epoch 11/50
2025-09-30 13:25:51,916 - CIFAR-10_Training - INFO - Epoch 11: Train Loss: 0.3122, Train Acc: 89.61%, Test Loss: 0.6286, Test Acc: 80.06%, Acc Diff: 9.55%, LR: 0.010000
2025-09-30 13:25:51,916 - CIFAR-10_Training - INFO - Starting Epoch 12/50
2025-09-30 13:26:20,577 - CIFAR-10_Training - INFO - Epoch 12: Train Loss: 0.2840, Train Acc: 90.53%, Test Loss: 0.7176, Test Acc: 77.34%, Acc Diff: 13.19%, LR: 0.010000
2025-09-30 13:26:20,577 - CIFAR-10_Training - INFO - Starting Epoch 13/50
2025-09-30 13:26:49,529 - CIFAR-10_Training - INFO - Epoch 13: Train Loss: 0.2574, Train Acc: 91.43%, Test Loss: 0.6699, Test Acc: 79.41%, Acc Diff: 12.02%, LR: 0.010000
2025-09-30 13:26:49,529 - CIFAR-10_Training - INFO - Starting Epoch 14/50
2025-09-30 13:27:18,288 - CIFAR-10_Training - INFO - Epoch 14: Train Loss: 0.2295, Train Acc: 92.29%, Test Loss: 0.6999, Test Acc: 79.92%, Acc Diff: 12.37%, LR: 0.010000
2025-09-30 13:27:18,288 - CIFAR-10_Training - INFO - Starting Epoch 15/50
2025-09-30 13:27:46,939 - CIFAR-10_Training - INFO - Epoch 15: Train Loss: 0.2085, Train Acc: 93.13%, Test Loss: 0.7307, Test Acc: 79.25%, Acc Diff: 13.88%, LR: 0.010000
2025-09-30 13:27:46,939 - CIFAR-10_Training - INFO - Starting Epoch 16/50
2025-09-30 13:28:15,566 - CIFAR-10_Training - INFO - Epoch 16: Train Loss: 0.1888, Train Acc: 93.65%, Test Loss: 0.7161, Test Acc: 79.91%, Acc Diff: 13.74%, LR: 0.010000
2025-09-30 13:28:15,566 - CIFAR-10_Training - INFO - Starting Epoch 17/50
2025-09-30 13:28:44,680 - CIFAR-10_Training - INFO - Epoch 17: Train Loss: 0.1723, Train Acc: 94.17%, Test Loss: 0.7213, Test Acc: 79.81%, Acc Diff: 14.36%, LR: 0.010000
2025-09-30 13:28:44,680 - CIFAR-10_Training - INFO - Starting Epoch 18/50
2025-09-30 13:29:13,602 - CIFAR-10_Training - INFO - Epoch 18: Train Loss: 0.1612, Train Acc: 94.67%, Test Loss: 0.7748, Test Acc: 78.68%, Acc Diff: 15.99%, LR: 0.010000 (OVERFITTING: 1 epochs)
2025-09-30 13:29:13,602 - CIFAR-10_Training - INFO - Starting Epoch 19/50
2025-09-30 13:29:42,896 - CIFAR-10_Training - INFO - Epoch 19: Train Loss: 0.1482, Train Acc: 95.06%, Test Loss: 0.7918, Test Acc: 78.82%, Acc Diff: 16.24%, LR: 0.010000 (OVERFITTING: 2 epochs)
2025-09-30 13:29:42,896 - CIFAR-10_Training - INFO - Starting Epoch 20/50
2025-09-30 13:30:12,134 - CIFAR-10_Training - INFO - Epoch 20: Train Loss: 0.1261, Train Acc: 95.94%, Test Loss: 0.7846, Test Acc: 79.31%, Acc Diff: 16.63%, LR: 0.001000 (OVERFITTING: 3 epochs)
2025-09-30 13:30:12,134 - CIFAR-10_Training - INFO - Starting Epoch 21/50
2025-09-30 13:30:41,599 - CIFAR-10_Training - INFO - Epoch 21: Train Loss: 0.0637, Train Acc: 98.29%, Test Loss: 0.6923, Test Acc: 81.51%, Acc Diff: 16.78%, LR: 0.001000 (OVERFITTING: 4 epochs)
2025-09-30 13:30:41,599 - CIFAR-10_Training - INFO - Starting Epoch 22/50
2025-09-30 13:31:10,140 - CIFAR-10_Training - INFO - Epoch 22: Train Loss: 0.0413, Train Acc: 99.15%, Test Loss: 0.6964, Test Acc: 81.70%, Acc Diff: 17.45%, LR: 0.001000 (OVERFITTING: 5 epochs)
2025-09-30 13:31:10,140 - CIFAR-10_Training - INFO - Starting Epoch 23/50
2025-09-30 13:31:38,933 - CIFAR-10_Training - INFO - Epoch 23: Train Loss: 0.0329, Train Acc: 99.47%, Test Loss: 0.7087, Test Acc: 81.80%, Acc Diff: 17.67%, LR: 0.001000 (OVERFITTING: 6 epochs)
2025-09-30 13:31:38,933 - CIFAR-10_Training - INFO - Starting Epoch 24/50
2025-09-30 13:32:08,046 - CIFAR-10_Training - INFO - Epoch 24: Train Loss: 0.0298, Train Acc: 99.51%, Test Loss: 0.7139, Test Acc: 81.50%, Acc Diff: 18.01%, LR: 0.001000 (OVERFITTING: 7 epochs)
2025-09-30 13:32:08,046 - CIFAR-10_Training - INFO - Starting Epoch 25/50
2025-09-30 13:32:36,888 - CIFAR-10_Training - INFO - Epoch 25: Train Loss: 0.0261, Train Acc: 99.61%, Test Loss: 0.7183, Test Acc: 81.69%, Acc Diff: 17.92%, LR: 0.001000 (OVERFITTING: 8 epochs)
2025-09-30 13:32:36,888 - CIFAR-10_Training - INFO - Starting Epoch 26/50
2025-09-30 13:33:05,680 - CIFAR-10_Training - INFO - Epoch 26: Train Loss: 0.0245, Train Acc: 99.66%, Test Loss: 0.7271, Test Acc: 81.65%, Acc Diff: 18.01%, LR: 0.001000 (OVERFITTING: 9 epochs)
2025-09-30 13:33:05,680 - CIFAR-10_Training - INFO - Starting Epoch 27/50
2025-09-30 13:33:34,414 - CIFAR-10_Training - INFO - Epoch 27: Train Loss: 0.0218, Train Acc: 99.73%, Test Loss: 0.7263, Test Acc: 81.74%, Acc Diff: 17.99%, LR: 0.001000 (OVERFITTING: 10 epochs)
2025-09-30 13:33:34,414 - CIFAR-10_Training - WARNING - ============================================================
2025-09-30 13:33:34,414 - CIFAR-10_Training - WARNING - EARLY STOPPING TRIGGERED!
2025-09-30 13:33:34,414 - CIFAR-10_Training - WARNING - ============================================================
2025-09-30 13:33:34,414 - CIFAR-10_Training - WARNING - Training stopped due to overfitting.
2025-09-30 13:33:34,414 - CIFAR-10_Training - WARNING - Train accuracy - Test accuracy = 17.99%
2025-09-30 13:33:34,414 - CIFAR-10_Training - WARNING - Overfitting threshold: 15.0%
2025-09-30 13:33:34,414 - CIFAR-10_Training - WARNING - Consecutive overfitting epochs: 10
2025-09-30 13:33:34,414 - CIFAR-10_Training - WARNING - Patience: 10 epochs
2025-09-30 13:33:34,414 - CIFAR-10_Training - WARNING - ============================================================
2025-09-30 13:33:34,414 - CIFAR-10_Training - INFO - Training completed!
2025-09-30 13:33:34,414 - CIFAR-10_Training - INFO - Final Results: {'final_train_loss': 0.02175703153247609, 'final_test_loss': 0.7262801235198975, 'final_train_accuracy': 99.73, 'final_test_accuracy': 81.74, 'best_test_accuracy': 81.8, 'final_accuracy_difference': 17.99000000000001, 'max_accuracy_difference': 18.013999999999996, 'avg_accuracy_difference': 11.43288888888889, 'overfitting_epochs': 10, 'stopped_due_to_overfitting': True}
2025-09-30 13:33:34,414 - CIFAR-10_Training - INFO - ==================================================
2025-09-30 13:33:34,414 - CIFAR-10_Training - INFO - OVERFITTING ANALYSIS
2025-09-30 13:33:34,414 - CIFAR-10_Training - INFO - ==================================================
2025-09-30 13:33:34,414 - CIFAR-10_Training - INFO - Final accuracy difference: 17.99%
2025-09-30 13:33:34,414 - CIFAR-10_Training - INFO - Maximum accuracy difference: 18.01%
2025-09-30 13:33:34,414 - CIFAR-10_Training - INFO - Average accuracy difference: 11.43%
2025-09-30 13:33:34,414 - CIFAR-10_Training - INFO - Consecutive overfitting epochs: 10
2025-09-30 13:33:34,414 - CIFAR-10_Training - INFO - Stopped due to overfitting: True
2025-09-30 13:33:34,414 - CIFAR-10_Training - INFO - ==================================================
2025-09-30 13:33:35,503 - CIFAR-10_Training - INFO - Training curves saved to: C:\Users\krish\Documents\Krishnakanth\Learnings\Learnings\MNIST_Model\Reference\ERAS7\Model_Evolution\Setup\logs\training_curves_20250930_133334.png
2025-09-30 13:33:45,907 - CIFAR-10_Training - INFO - Model saved to: C:\Users\krish\Documents\Krishnakanth\Learnings\Learnings\MNIST_Model\Reference\ERAS7\Model_Evolution\Setup\models\cifar10_model_20250930_133345.pth
2025-09-30 13:33:45,907 - CIFAR-10_Training - INFO - ==================================================
2025-09-30 13:33:45,907 - CIFAR-10_Training - INFO - TRAINING PIPELINE COMPLETED SUCCESSFULLY
2025-09-30 13:33:45,907 - CIFAR-10_Training - INFO - ==================================================
2025-09-30 13:33:45,907 - CIFAR-10_Training - INFO - Final Metrics: {'final_train_loss': 0.02175703153247609, 'final_test_loss': 0.7262801235198975, 'final_train_accuracy': 99.73, 'final_test_accuracy': 81.74, 'best_test_accuracy': 81.8, 'final_accuracy_difference': 17.99000000000001, 'max_accuracy_difference': 18.013999999999996, 'avg_accuracy_difference': 11.43288888888889, 'overfitting_epochs': 10, 'stopped_due_to_overfitting': True}
