2025-09-30 09:23:34,586 - CIFAR-10_Training - INFO - Logger initialized. Log file: C:\Users\krish\Documents\Krishnakanth\Learnings\Learnings\MNIST_Model\Reference\ERAS7\Model_Evolution\Setup\logs\20250930_092334_cifar10_training.log
2025-09-30 09:23:34,586 - CIFAR-10_Training - INFO - Updated Configuration (from main()):
2025-09-30 09:23:34,586 - CIFAR-10_Training - INFO -   - Epochs: 100
2025-09-30 09:23:34,586 - CIFAR-10_Training - INFO -   - Learning Rate: 0.05
2025-09-30 09:23:34,586 - CIFAR-10_Training - INFO -   - Optimizer: SGD
2025-09-30 09:23:34,602 - CIFAR-10_Training - INFO -   - Weight Decay: 0.0
2025-09-30 09:23:34,602 - CIFAR-10_Training - INFO -   - Momentum: 0.9
2025-09-30 09:23:34,602 - CIFAR-10_Training - INFO -   - Scheduler: StepLR
2025-09-30 09:23:34,602 - CIFAR-10_Training - INFO -   - Step Size: 30
2025-09-30 09:23:34,602 - CIFAR-10_Training - INFO -   - Gamma: 0.1
2025-09-30 09:23:34,602 - CIFAR-10_Training - INFO -   - Batch Size: 512
2025-09-30 09:23:34,618 - CIFAR-10_Training - INFO -   - Num Workers: 4
2025-09-30 09:23:34,618 - CIFAR-10_Training - INFO -   - Pin Memory: True
2025-09-30 09:23:34,618 - CIFAR-10_Training - INFO -   - Shuffle: True
2025-09-30 09:23:34,618 - CIFAR-10_Training - INFO -   - Dropout Rate: 0.05
2025-09-30 09:23:34,618 - CIFAR-10_Training - INFO -   - Device: CUDA
2025-09-30 09:23:34,618 - CIFAR-10_Training - INFO -   - Log Directory: C:\Users\krish\Documents\Krishnakanth\Learnings\Learnings\MNIST_Model\Reference\ERAS7\Model_Evolution\Setup\logs
2025-09-30 09:23:34,618 - CIFAR-10_Training - INFO -   - Model Save Directory: C:\Users\krish\Documents\Krishnakanth\Learnings\Learnings\MNIST_Model\Reference\ERAS7\Model_Evolution\Setup\models
2025-09-30 09:23:34,634 - CIFAR-10_Training - INFO -   - Save Model: True
2025-09-30 09:23:34,634 - CIFAR-10_Training - INFO -   - Log Level: DEBUG
2025-09-30 09:23:34,634 - CIFAR-10_Training - INFO - ==================================================
2025-09-30 09:23:34,634 - CIFAR-10_Training - INFO - ==================================================
2025-09-30 09:23:34,650 - CIFAR-10_Training - INFO - CIFAR-10 TRAINING EXPERIMENT STARTED
2025-09-30 09:23:34,650 - CIFAR-10_Training - INFO - ==================================================
2025-09-30 09:23:34,650 - CIFAR-10_Training - INFO - Data Config: DataConfig(data_dir='./data', batch_size=512, num_workers=4, pin_memory=True, shuffle=True, mean=(0.1307,), std=(0.3081,), cifar10_mean=(0.4914, 0.4822, 0.4465), cifar10_std=(0.247, 0.2435, 0.2616), rotation_range=(-7.0, 7.0), fill_value=1)
2025-09-30 09:23:34,650 - CIFAR-10_Training - INFO - Model Config: ModelConfig(input_channels=1, input_size=(28, 28), num_classes=10, dropout_rate=0.05)
2025-09-30 09:23:34,650 - CIFAR-10_Training - INFO - Training Config: TrainingConfig(epochs=100, learning_rate=0.05, momentum=0.9, weight_decay=0.0, scheduler_step_size=30, scheduler_gamma=0.1, seed=1, optimizer_type='SGD', adam_betas=(0.9, 0.999), adam_eps=1e-08, rmsprop_alpha=0.99, scheduler_type='StepLR', cosine_t_max=20, exponential_gamma=0.95, plateau_mode='min', plateau_factor=0.5, plateau_patience=5, plateau_threshold=0.0001)
2025-09-30 09:23:34,650 - CIFAR-10_Training - INFO - ==================================================
2025-09-30 09:23:34,650 - CIFAR-10_Training - INFO - Setting up data...
2025-09-30 09:23:34,666 - CIFAR-10_Training - INFO - Loading CIFAR-10 dataset...
2025-09-30 09:23:38,251 - CIFAR-10_Training - INFO - CIFAR-10 dataset loaded successfully!
2025-09-30 09:23:38,251 - CIFAR-10_Training - INFO - Train samples: 50000
2025-09-30 09:23:38,251 - CIFAR-10_Training - INFO - Test samples: 10000
2025-09-30 09:23:38,251 - CIFAR-10_Training - INFO - Computing CIFAR-10 data statistics...
2025-09-30 09:23:42,966 - CIFAR-10_Training - INFO - CIFAR-10 Data Statistics:
2025-09-30 09:23:42,966 - CIFAR-10_Training - INFO -   - Shape: (50000, 32, 32, 3)
2025-09-30 09:23:42,966 - CIFAR-10_Training - INFO -   - Size: 153,600,000
2025-09-30 09:23:42,966 - CIFAR-10_Training - INFO -   - Min: 0.0000
2025-09-30 09:23:42,982 - CIFAR-10_Training - INFO -   - Max: 1.0000
2025-09-30 09:23:42,982 - CIFAR-10_Training - INFO -   - Mean: 0.4734
2025-09-30 09:23:42,982 - CIFAR-10_Training - INFO -   - Std: 0.2516
2025-09-30 09:23:42,982 - CIFAR-10_Training - INFO -   - Variance: 0.0633
2025-09-30 09:23:42,982 - CIFAR-10_Training - INFO - Channel-wise Statistics:
2025-09-30 09:23:42,982 - CIFAR-10_Training - INFO -   Red Channel:
2025-09-30 09:23:42,982 - CIFAR-10_Training - INFO -     - Mean: 0.4914
2025-09-30 09:23:43,007 - CIFAR-10_Training - INFO -     - Std: 0.2470
2025-09-30 09:23:43,009 - CIFAR-10_Training - INFO -     - Min: 0.0000
2025-09-30 09:23:43,010 - CIFAR-10_Training - INFO -     - Max: 1.0000
2025-09-30 09:23:43,010 - CIFAR-10_Training - INFO -   Green Channel:
2025-09-30 09:23:43,011 - CIFAR-10_Training - INFO -     - Mean: 0.4822
2025-09-30 09:23:43,012 - CIFAR-10_Training - INFO -     - Std: 0.2435
2025-09-30 09:23:43,013 - CIFAR-10_Training - INFO -     - Min: 0.0000
2025-09-30 09:23:43,016 - CIFAR-10_Training - INFO -     - Max: 1.0000
2025-09-30 09:23:43,019 - CIFAR-10_Training - INFO -   Blue Channel:
2025-09-30 09:23:43,020 - CIFAR-10_Training - INFO -     - Mean: 0.4465
2025-09-30 09:23:43,020 - CIFAR-10_Training - INFO -     - Std: 0.2616
2025-09-30 09:23:43,022 - CIFAR-10_Training - INFO -     - Min: 0.0000
2025-09-30 09:23:43,022 - CIFAR-10_Training - INFO -     - Max: 1.0000
2025-09-30 09:24:01,872 - CIFAR-10_Training - INFO - CIFAR-10 Batch Information:
2025-09-30 09:24:01,873 - CIFAR-10_Training - INFO -   - Batch size: 512
2025-09-30 09:24:01,875 - CIFAR-10_Training - INFO -   - Image shape: torch.Size([3, 32, 32])
2025-09-30 09:24:01,876 - CIFAR-10_Training - INFO -   - Label shape: torch.Size([512])
2025-09-30 09:24:01,877 - CIFAR-10_Training - INFO -   - Data type: torch.float32
2025-09-30 09:24:01,880 - CIFAR-10_Training - INFO -   - Number of classes: 10
2025-09-30 09:24:03,459 - CIFAR-10_Training - INFO - Getting input size from CIFAR-10 data loader...
2025-09-30 09:24:20,003 - CIFAR-10_Training - INFO - CIFAR-10 input size from data loader: (3, 32, 32)
2025-09-30 09:24:21,589 - CIFAR-10_Training - INFO - Setting up model...
2025-09-30 09:24:21,653 - CIFAR-10_Training - INFO - Generating model summary...
2025-09-30 09:24:23,025 - CIFAR-10_Training - INFO - Model Architecture Summary:
2025-09-30 09:24:23,025 - CIFAR-10_Training - INFO -   - Total Parameters: 226,820
2025-09-30 09:24:23,025 - CIFAR-10_Training - INFO -   - Batch Normalization: Yes
2025-09-30 09:24:23,025 - CIFAR-10_Training - INFO -   - Dropout: No
2025-09-30 09:24:23,025 - CIFAR-10_Training - INFO -   - GAP Layers: No
2025-09-30 09:24:23,025 - CIFAR-10_Training - INFO -   - FC Layers: Yes
2025-09-30 09:24:23,025 - CIFAR-10_Training - INFO - ==================================================
2025-09-30 09:24:23,025 - CIFAR-10_Training - INFO - DETAILED MODEL ARCHITECTURE SUMMARY
2025-09-30 09:24:23,025 - CIFAR-10_Training - INFO - ==================================================
2025-09-30 09:24:23,025 - CIFAR-10_Training - INFO - ----------------------------------------------------------------
2025-09-30 09:24:23,025 - CIFAR-10_Training - INFO -         Layer (type)               Output Shape         Param #
2025-09-30 09:24:23,025 - CIFAR-10_Training - INFO - ================================================================
2025-09-30 09:24:23,025 - CIFAR-10_Training - INFO -             Conv2d-1           [-1, 32, 32, 32]             864
2025-09-30 09:24:23,025 - CIFAR-10_Training - INFO -        BatchNorm2d-2           [-1, 32, 32, 32]              64
2025-09-30 09:24:23,025 - CIFAR-10_Training - INFO -               ReLU-3           [-1, 32, 32, 32]               0
2025-09-30 09:24:23,025 - CIFAR-10_Training - INFO -          Dropout2d-4           [-1, 32, 32, 32]               0
2025-09-30 09:24:23,025 - CIFAR-10_Training - INFO -             Conv2d-5           [-1, 32, 32, 32]           9,216
2025-09-30 09:24:23,025 - CIFAR-10_Training - INFO -        BatchNorm2d-6           [-1, 32, 32, 32]              64
2025-09-30 09:24:23,025 - CIFAR-10_Training - INFO -               ReLU-7           [-1, 32, 32, 32]               0
2025-09-30 09:24:23,025 - CIFAR-10_Training - INFO -          Dropout2d-8           [-1, 32, 32, 32]               0
2025-09-30 09:24:23,025 - CIFAR-10_Training - INFO -             Conv2d-9           [-1, 32, 32, 32]           9,216
2025-09-30 09:24:23,025 - CIFAR-10_Training - INFO -       BatchNorm2d-10           [-1, 32, 32, 32]              64
2025-09-30 09:24:23,025 - CIFAR-10_Training - INFO -              ReLU-11           [-1, 32, 32, 32]               0
2025-09-30 09:24:23,025 - CIFAR-10_Training - INFO -         Dropout2d-12           [-1, 32, 32, 32]               0
2025-09-30 09:24:23,025 - CIFAR-10_Training - INFO -         MaxPool2d-13           [-1, 32, 16, 16]               0
2025-09-30 09:24:23,025 - CIFAR-10_Training - INFO -            Conv2d-14           [-1, 64, 16, 16]          18,432
2025-09-30 09:24:23,025 - CIFAR-10_Training - INFO -       BatchNorm2d-15           [-1, 64, 16, 16]             128
2025-09-30 09:24:23,041 - CIFAR-10_Training - INFO -              ReLU-16           [-1, 64, 16, 16]               0
2025-09-30 09:24:23,041 - CIFAR-10_Training - INFO -         Dropout2d-17           [-1, 64, 16, 16]               0
2025-09-30 09:24:23,041 - CIFAR-10_Training - INFO -            Conv2d-18           [-1, 64, 16, 16]          36,864
2025-09-30 09:24:23,041 - CIFAR-10_Training - INFO -       BatchNorm2d-19           [-1, 64, 16, 16]             128
2025-09-30 09:24:23,041 - CIFAR-10_Training - INFO -              ReLU-20           [-1, 64, 16, 16]               0
2025-09-30 09:24:23,041 - CIFAR-10_Training - INFO -         Dropout2d-21           [-1, 64, 16, 16]               0
2025-09-30 09:24:23,041 - CIFAR-10_Training - INFO -            Conv2d-22           [-1, 64, 16, 16]          36,864
2025-09-30 09:24:23,041 - CIFAR-10_Training - INFO -       BatchNorm2d-23           [-1, 64, 16, 16]             128
2025-09-30 09:24:23,041 - CIFAR-10_Training - INFO -              ReLU-24           [-1, 64, 16, 16]               0
2025-09-30 09:24:23,041 - CIFAR-10_Training - INFO -         Dropout2d-25           [-1, 64, 16, 16]               0
2025-09-30 09:24:23,041 - CIFAR-10_Training - INFO -         MaxPool2d-26             [-1, 64, 8, 8]               0
2025-09-30 09:24:23,041 - CIFAR-10_Training - INFO -            Conv2d-27            [-1, 128, 8, 8]          73,728
2025-09-30 09:24:23,041 - CIFAR-10_Training - INFO -       BatchNorm2d-28            [-1, 128, 8, 8]             256
2025-09-30 09:24:23,041 - CIFAR-10_Training - INFO -              ReLU-29            [-1, 128, 8, 8]               0
2025-09-30 09:24:23,041 - CIFAR-10_Training - INFO -         Dropout2d-30            [-1, 128, 8, 8]               0
2025-09-30 09:24:23,041 - CIFAR-10_Training - INFO -            Conv2d-31             [-1, 16, 8, 8]          18,432
2025-09-30 09:24:23,056 - CIFAR-10_Training - INFO -       BatchNorm2d-32             [-1, 16, 8, 8]              32
2025-09-30 09:24:23,056 - CIFAR-10_Training - INFO -              ReLU-33             [-1, 16, 8, 8]               0
2025-09-30 09:24:23,056 - CIFAR-10_Training - INFO -         Dropout2d-34             [-1, 16, 8, 8]               0
2025-09-30 09:24:23,072 - CIFAR-10_Training - INFO -         MaxPool2d-35             [-1, 16, 4, 4]               0
2025-09-30 09:24:23,088 - CIFAR-10_Training - INFO -            Conv2d-36              [-1, 8, 4, 4]           1,152
2025-09-30 09:24:23,103 - CIFAR-10_Training - INFO -       BatchNorm2d-37              [-1, 8, 4, 4]              16
2025-09-30 09:24:23,103 - CIFAR-10_Training - INFO -              ReLU-38              [-1, 8, 4, 4]               0
2025-09-30 09:24:23,119 - CIFAR-10_Training - INFO -         Dropout2d-39              [-1, 8, 4, 4]               0
2025-09-30 09:24:23,135 - CIFAR-10_Training - INFO -            Conv2d-40             [-1, 16, 4, 4]           1,152
2025-09-30 09:24:23,135 - CIFAR-10_Training - INFO -       BatchNorm2d-41             [-1, 16, 4, 4]              32
2025-09-30 09:24:23,135 - CIFAR-10_Training - INFO -              ReLU-42             [-1, 16, 4, 4]               0
2025-09-30 09:24:23,135 - CIFAR-10_Training - INFO -         Dropout2d-43             [-1, 16, 4, 4]               0
2025-09-30 09:24:23,135 - CIFAR-10_Training - INFO -            Conv2d-44            [-1, 128, 4, 4]          18,432
2025-09-30 09:24:23,151 - CIFAR-10_Training - INFO -       BatchNorm2d-45            [-1, 128, 4, 4]             256
2025-09-30 09:24:23,151 - CIFAR-10_Training - INFO -              ReLU-46            [-1, 128, 4, 4]               0
2025-09-30 09:24:23,151 - CIFAR-10_Training - INFO -         Dropout2d-47            [-1, 128, 4, 4]               0
2025-09-30 09:24:23,166 - CIFAR-10_Training - INFO -            Conv2d-48             [-1, 10, 4, 4]           1,280
2025-09-30 09:24:23,166 - CIFAR-10_Training - INFO -       BatchNorm2d-49             [-1, 10, 4, 4]              20
2025-09-30 09:24:23,166 - CIFAR-10_Training - INFO -              ReLU-50             [-1, 10, 4, 4]               0
2025-09-30 09:24:23,166 - CIFAR-10_Training - INFO - AdaptiveAvgPool2d-51             [-1, 10, 1, 1]               0
2025-09-30 09:24:23,166 - CIFAR-10_Training - INFO - ================================================================
2025-09-30 09:24:23,166 - CIFAR-10_Training - INFO - Total params: 226,820
2025-09-30 09:24:23,166 - CIFAR-10_Training - INFO - Trainable params: 226,820
2025-09-30 09:24:23,166 - CIFAR-10_Training - INFO - Non-trainable params: 0
2025-09-30 09:24:23,166 - CIFAR-10_Training - INFO - ----------------------------------------------------------------
2025-09-30 09:24:23,166 - CIFAR-10_Training - INFO - Input size (MB): 0.01
2025-09-30 09:24:23,182 - CIFAR-10_Training - INFO - Forward/backward pass size (MB): 4.95
2025-09-30 09:24:23,182 - CIFAR-10_Training - INFO - Params size (MB): 0.87
2025-09-30 09:24:23,182 - CIFAR-10_Training - INFO - Estimated Total Size (MB): 5.83
2025-09-30 09:24:23,198 - CIFAR-10_Training - INFO - ----------------------------------------------------------------
2025-09-30 09:24:23,198 - CIFAR-10_Training - INFO - ==================================================
2025-09-30 09:24:23,198 - CIFAR-10_Training - INFO - Setting up trainer...
2025-09-30 09:24:23,214 - CIFAR-10_Training - INFO - Using device: cuda
2025-09-30 09:24:23,214 - CIFAR-10_Training - INFO - Early stopping: Stop if train_acc - test_acc > 15.0% for 10 epochs
2025-09-30 09:24:23,214 - CIFAR-10_Training - INFO - Starting training process...
2025-09-30 09:24:23,214 - CIFAR-10_Training - INFO - Starting training process...
2025-09-30 09:24:23,230 - CIFAR-10_Training - INFO - Using optimizer: SGD
2025-09-30 09:24:23,230 - CIFAR-10_Training - INFO - Using scheduler: StepLR
2025-09-30 09:24:23,230 - CIFAR-10_Training - INFO - Optimizer Configuration:
2025-09-30 09:24:23,230 - CIFAR-10_Training - INFO -   - Learning Rate: 0.05
2025-09-30 09:24:23,230 - CIFAR-10_Training - INFO -   - Momentum: 0.9
2025-09-30 09:24:23,230 - CIFAR-10_Training - INFO -   - Weight Decay: 0.0
2025-09-30 09:24:23,230 - CIFAR-10_Training - INFO - Scheduler Configuration:
2025-09-30 09:24:23,230 - CIFAR-10_Training - INFO -   - Step Size: 30
2025-09-30 09:24:23,230 - CIFAR-10_Training - INFO -   - Gamma: 0.1
2025-09-30 09:24:23,246 - CIFAR-10_Training - INFO - Starting Epoch 1/100
2025-09-30 09:25:07,911 - CIFAR-10_Training - INFO - Epoch  1: Train Loss: 1.9577, Train Acc: 27.48%, Test Loss: 1.6230, Test Acc: 41.60%, Acc Diff: -14.12%, LR: 0.050000
2025-09-30 09:25:07,911 - CIFAR-10_Training - INFO - Starting Epoch 2/100
2025-09-30 09:25:49,034 - CIFAR-10_Training - INFO - Epoch  2: Train Loss: 1.6213, Train Acc: 40.77%, Test Loss: 1.3386, Test Acc: 52.63%, Acc Diff: -11.86%, LR: 0.050000
2025-09-30 09:25:49,034 - CIFAR-10_Training - INFO - Starting Epoch 3/100
2025-09-30 09:26:31,577 - CIFAR-10_Training - INFO - Epoch  3: Train Loss: 1.4144, Train Acc: 49.28%, Test Loss: 1.1795, Test Acc: 57.33%, Acc Diff: -8.05%, LR: 0.050000
2025-09-30 09:26:31,577 - CIFAR-10_Training - INFO - Starting Epoch 4/100
2025-09-30 09:27:11,196 - CIFAR-10_Training - INFO - Epoch  4: Train Loss: 1.2651, Train Acc: 55.06%, Test Loss: 1.0323, Test Acc: 64.12%, Acc Diff: -9.06%, LR: 0.050000
2025-09-30 09:27:11,196 - CIFAR-10_Training - INFO - Starting Epoch 5/100
2025-09-30 09:27:47,817 - CIFAR-10_Training - INFO - Epoch  5: Train Loss: 1.1641, Train Acc: 58.84%, Test Loss: 0.9598, Test Acc: 66.28%, Acc Diff: -7.44%, LR: 0.050000
2025-09-30 09:27:47,822 - CIFAR-10_Training - INFO - Starting Epoch 6/100
2025-09-30 09:28:28,980 - CIFAR-10_Training - INFO - Epoch  6: Train Loss: 1.0823, Train Acc: 62.08%, Test Loss: 0.8844, Test Acc: 69.29%, Acc Diff: -7.21%, LR: 0.050000
2025-09-30 09:28:28,980 - CIFAR-10_Training - INFO - Starting Epoch 7/100
2025-09-30 09:29:10,130 - CIFAR-10_Training - INFO - Epoch  7: Train Loss: 1.0231, Train Acc: 64.35%, Test Loss: 0.8405, Test Acc: 70.26%, Acc Diff: -5.91%, LR: 0.050000
2025-09-30 09:29:10,130 - CIFAR-10_Training - INFO - Starting Epoch 8/100
2025-09-30 09:29:51,444 - CIFAR-10_Training - INFO - Epoch  8: Train Loss: 0.9732, Train Acc: 66.16%, Test Loss: 0.8383, Test Acc: 70.99%, Acc Diff: -4.83%, LR: 0.050000
2025-09-30 09:29:51,444 - CIFAR-10_Training - INFO - Starting Epoch 9/100
2025-09-30 09:30:32,609 - CIFAR-10_Training - INFO - Epoch  9: Train Loss: 0.9257, Train Acc: 67.84%, Test Loss: 0.7888, Test Acc: 72.44%, Acc Diff: -4.60%, LR: 0.050000
2025-09-30 09:30:32,624 - CIFAR-10_Training - INFO - Starting Epoch 10/100
2025-09-30 09:31:13,962 - CIFAR-10_Training - INFO - Epoch 10: Train Loss: 0.8962, Train Acc: 68.97%, Test Loss: 0.7394, Test Acc: 74.76%, Acc Diff: -5.79%, LR: 0.050000
2025-09-30 09:31:13,962 - CIFAR-10_Training - INFO - Starting Epoch 11/100
2025-09-30 09:31:54,787 - CIFAR-10_Training - INFO - Epoch 11: Train Loss: 0.8620, Train Acc: 70.16%, Test Loss: 0.7125, Test Acc: 75.35%, Acc Diff: -5.19%, LR: 0.050000
2025-09-30 09:31:54,787 - CIFAR-10_Training - INFO - Starting Epoch 12/100
2025-09-30 09:32:36,262 - CIFAR-10_Training - INFO - Epoch 12: Train Loss: 0.8284, Train Acc: 71.52%, Test Loss: 0.6896, Test Acc: 76.40%, Acc Diff: -4.88%, LR: 0.050000
2025-09-30 09:32:36,263 - CIFAR-10_Training - INFO - Starting Epoch 13/100
2025-09-30 09:33:16,602 - CIFAR-10_Training - INFO - Epoch 13: Train Loss: 0.8077, Train Acc: 72.27%, Test Loss: 0.7241, Test Acc: 75.10%, Acc Diff: -2.83%, LR: 0.050000
2025-09-30 09:33:16,602 - CIFAR-10_Training - INFO - Starting Epoch 14/100
2025-09-30 09:33:51,955 - CIFAR-10_Training - INFO - Epoch 14: Train Loss: 0.7795, Train Acc: 73.47%, Test Loss: 0.6817, Test Acc: 76.67%, Acc Diff: -3.20%, LR: 0.050000
2025-09-30 09:33:51,955 - CIFAR-10_Training - INFO - Starting Epoch 15/100
2025-09-30 09:34:33,348 - CIFAR-10_Training - INFO - Epoch 15: Train Loss: 0.7559, Train Acc: 74.09%, Test Loss: 0.6414, Test Acc: 78.13%, Acc Diff: -4.04%, LR: 0.050000
2025-09-30 09:34:33,348 - CIFAR-10_Training - INFO - Starting Epoch 16/100
2025-09-30 09:35:14,781 - CIFAR-10_Training - INFO - Epoch 16: Train Loss: 0.7350, Train Acc: 74.94%, Test Loss: 0.6522, Test Acc: 78.08%, Acc Diff: -3.14%, LR: 0.050000
2025-09-30 09:35:14,781 - CIFAR-10_Training - INFO - Starting Epoch 17/100
2025-09-30 09:35:55,738 - CIFAR-10_Training - INFO - Epoch 17: Train Loss: 0.7218, Train Acc: 75.28%, Test Loss: 0.6183, Test Acc: 79.23%, Acc Diff: -3.95%, LR: 0.050000
2025-09-30 09:35:55,754 - CIFAR-10_Training - INFO - Starting Epoch 18/100
2025-09-30 09:36:36,753 - CIFAR-10_Training - INFO - Epoch 18: Train Loss: 0.7004, Train Acc: 75.91%, Test Loss: 0.6289, Test Acc: 79.03%, Acc Diff: -3.12%, LR: 0.050000
2025-09-30 09:36:36,753 - CIFAR-10_Training - INFO - Starting Epoch 19/100
2025-09-30 09:37:17,901 - CIFAR-10_Training - INFO - Epoch 19: Train Loss: 0.6908, Train Acc: 76.47%, Test Loss: 0.6129, Test Acc: 79.18%, Acc Diff: -2.71%, LR: 0.050000
2025-09-30 09:37:17,901 - CIFAR-10_Training - INFO - Starting Epoch 20/100
2025-09-30 09:37:58,834 - CIFAR-10_Training - INFO - Epoch 20: Train Loss: 0.6719, Train Acc: 77.09%, Test Loss: 0.6029, Test Acc: 79.70%, Acc Diff: -2.61%, LR: 0.050000
2025-09-30 09:37:58,834 - CIFAR-10_Training - INFO - Starting Epoch 21/100
2025-09-30 09:38:40,247 - CIFAR-10_Training - INFO - Epoch 21: Train Loss: 0.6583, Train Acc: 77.49%, Test Loss: 0.5907, Test Acc: 80.22%, Acc Diff: -2.73%, LR: 0.050000
2025-09-30 09:38:40,248 - CIFAR-10_Training - INFO - Starting Epoch 22/100
2025-09-30 09:39:21,869 - CIFAR-10_Training - INFO - Epoch 22: Train Loss: 0.6450, Train Acc: 78.06%, Test Loss: 0.5748, Test Acc: 80.73%, Acc Diff: -2.67%, LR: 0.050000
2025-09-30 09:39:21,869 - CIFAR-10_Training - INFO - Starting Epoch 23/100
2025-09-30 09:40:03,093 - CIFAR-10_Training - INFO - Epoch 23: Train Loss: 0.6300, Train Acc: 78.53%, Test Loss: 0.5729, Test Acc: 80.65%, Acc Diff: -2.12%, LR: 0.050000
2025-09-30 09:40:03,109 - CIFAR-10_Training - INFO - Starting Epoch 24/100
2025-09-30 09:40:44,226 - CIFAR-10_Training - INFO - Epoch 24: Train Loss: 0.6228, Train Acc: 78.73%, Test Loss: 0.5513, Test Acc: 81.67%, Acc Diff: -2.94%, LR: 0.050000
2025-09-30 09:40:44,226 - CIFAR-10_Training - INFO - Starting Epoch 25/100
2025-09-30 09:41:25,626 - CIFAR-10_Training - INFO - Epoch 25: Train Loss: 0.6039, Train Acc: 79.27%, Test Loss: 0.5678, Test Acc: 80.74%, Acc Diff: -1.47%, LR: 0.050000
2025-09-30 09:41:25,626 - CIFAR-10_Training - INFO - Starting Epoch 26/100
2025-09-30 09:42:06,477 - CIFAR-10_Training - INFO - Epoch 26: Train Loss: 0.5993, Train Acc: 79.67%, Test Loss: 0.5664, Test Acc: 81.12%, Acc Diff: -1.45%, LR: 0.050000
2025-09-30 09:42:06,477 - CIFAR-10_Training - INFO - Starting Epoch 27/100
2025-09-30 09:42:47,763 - CIFAR-10_Training - INFO - Epoch 27: Train Loss: 0.5829, Train Acc: 80.11%, Test Loss: 0.5498, Test Acc: 81.56%, Acc Diff: -1.45%, LR: 0.050000
2025-09-30 09:42:47,763 - CIFAR-10_Training - INFO - Starting Epoch 28/100
2025-09-30 09:43:29,759 - CIFAR-10_Training - INFO - Epoch 28: Train Loss: 0.5804, Train Acc: 80.18%, Test Loss: 0.5590, Test Acc: 81.80%, Acc Diff: -1.62%, LR: 0.050000
2025-09-30 09:43:29,759 - CIFAR-10_Training - INFO - Starting Epoch 29/100
2025-09-30 09:44:11,212 - CIFAR-10_Training - INFO - Epoch 29: Train Loss: 0.5690, Train Acc: 80.75%, Test Loss: 0.5663, Test Acc: 81.25%, Acc Diff: -0.50%, LR: 0.050000
2025-09-30 09:44:11,212 - CIFAR-10_Training - INFO - Starting Epoch 30/100
2025-09-30 09:44:53,077 - CIFAR-10_Training - INFO - Epoch 30: Train Loss: 0.5574, Train Acc: 81.13%, Test Loss: 0.5559, Test Acc: 81.73%, Acc Diff: -0.60%, LR: 0.005000
2025-09-30 09:44:53,078 - CIFAR-10_Training - INFO - Starting Epoch 31/100
2025-09-30 09:45:34,180 - CIFAR-10_Training - INFO - Epoch 31: Train Loss: 0.5176, Train Acc: 82.19%, Test Loss: 0.5216, Test Acc: 82.84%, Acc Diff: -0.65%, LR: 0.005000
2025-09-30 09:45:34,180 - CIFAR-10_Training - INFO - Starting Epoch 32/100
2025-09-30 09:46:13,369 - CIFAR-10_Training - INFO - Epoch 32: Train Loss: 0.4984, Train Acc: 83.01%, Test Loss: 0.5176, Test Acc: 83.15%, Acc Diff: -0.14%, LR: 0.005000
2025-09-30 09:46:13,369 - CIFAR-10_Training - INFO - Starting Epoch 33/100
2025-09-30 09:46:53,933 - CIFAR-10_Training - INFO - Epoch 33: Train Loss: 0.4853, Train Acc: 83.44%, Test Loss: 0.5140, Test Acc: 83.20%, Acc Diff: 0.24%, LR: 0.005000
2025-09-30 09:46:53,933 - CIFAR-10_Training - INFO - Starting Epoch 34/100
2025-09-30 09:47:33,693 - CIFAR-10_Training - INFO - Epoch 34: Train Loss: 0.4813, Train Acc: 83.49%, Test Loss: 0.5163, Test Acc: 83.10%, Acc Diff: 0.39%, LR: 0.005000
2025-09-30 09:47:33,693 - CIFAR-10_Training - INFO - Starting Epoch 35/100
2025-09-30 09:48:13,662 - CIFAR-10_Training - INFO - Epoch 35: Train Loss: 0.4768, Train Acc: 83.91%, Test Loss: 0.5129, Test Acc: 83.03%, Acc Diff: 0.88%, LR: 0.005000
2025-09-30 09:48:13,662 - CIFAR-10_Training - INFO - Starting Epoch 36/100
2025-09-30 09:48:53,591 - CIFAR-10_Training - INFO - Epoch 36: Train Loss: 0.4675, Train Acc: 84.23%, Test Loss: 0.5088, Test Acc: 83.20%, Acc Diff: 1.03%, LR: 0.005000
2025-09-30 09:48:53,591 - CIFAR-10_Training - INFO - Starting Epoch 37/100
2025-09-30 09:49:33,057 - CIFAR-10_Training - INFO - Epoch 37: Train Loss: 0.4658, Train Acc: 84.24%, Test Loss: 0.5105, Test Acc: 83.20%, Acc Diff: 1.04%, LR: 0.005000
2025-09-30 09:49:33,057 - CIFAR-10_Training - INFO - Starting Epoch 38/100
2025-09-30 09:50:14,131 - CIFAR-10_Training - INFO - Epoch 38: Train Loss: 0.4640, Train Acc: 84.39%, Test Loss: 0.5078, Test Acc: 83.19%, Acc Diff: 1.20%, LR: 0.005000
2025-09-30 09:50:14,131 - CIFAR-10_Training - INFO - Starting Epoch 39/100
2025-09-30 09:50:53,033 - CIFAR-10_Training - INFO - Epoch 39: Train Loss: 0.4612, Train Acc: 84.20%, Test Loss: 0.5069, Test Acc: 83.30%, Acc Diff: 0.90%, LR: 0.005000
2025-09-30 09:50:53,033 - CIFAR-10_Training - INFO - Starting Epoch 40/100
2025-09-30 09:51:32,984 - CIFAR-10_Training - INFO - Epoch 40: Train Loss: 0.4594, Train Acc: 84.51%, Test Loss: 0.5111, Test Acc: 83.11%, Acc Diff: 1.40%, LR: 0.005000
2025-09-30 09:51:32,984 - CIFAR-10_Training - INFO - Starting Epoch 41/100
2025-09-30 09:52:12,907 - CIFAR-10_Training - INFO - Epoch 41: Train Loss: 0.4559, Train Acc: 84.59%, Test Loss: 0.5094, Test Acc: 83.32%, Acc Diff: 1.27%, LR: 0.005000
2025-09-30 09:52:12,907 - CIFAR-10_Training - INFO - Starting Epoch 42/100
2025-09-30 09:52:46,036 - CIFAR-10_Training - INFO - Epoch 42: Train Loss: 0.4521, Train Acc: 84.57%, Test Loss: 0.5083, Test Acc: 83.34%, Acc Diff: 1.23%, LR: 0.005000
2025-09-30 09:52:46,036 - CIFAR-10_Training - INFO - Starting Epoch 43/100
2025-09-30 09:53:21,088 - CIFAR-10_Training - INFO - Epoch 43: Train Loss: 0.4477, Train Acc: 84.89%, Test Loss: 0.5044, Test Acc: 83.41%, Acc Diff: 1.48%, LR: 0.005000
2025-09-30 09:53:21,088 - CIFAR-10_Training - INFO - Starting Epoch 44/100
2025-09-30 09:54:00,384 - CIFAR-10_Training - INFO - Epoch 44: Train Loss: 0.4497, Train Acc: 84.98%, Test Loss: 0.5044, Test Acc: 83.46%, Acc Diff: 1.52%, LR: 0.005000
2025-09-30 09:54:00,384 - CIFAR-10_Training - INFO - Starting Epoch 45/100
2025-09-30 09:54:38,745 - CIFAR-10_Training - INFO - Epoch 45: Train Loss: 0.4485, Train Acc: 84.80%, Test Loss: 0.5051, Test Acc: 83.57%, Acc Diff: 1.23%, LR: 0.005000
2025-09-30 09:54:38,761 - CIFAR-10_Training - INFO - Starting Epoch 46/100
2025-09-30 09:55:18,930 - CIFAR-10_Training - INFO - Epoch 46: Train Loss: 0.4463, Train Acc: 84.92%, Test Loss: 0.5026, Test Acc: 83.43%, Acc Diff: 1.49%, LR: 0.005000
2025-09-30 09:55:18,930 - CIFAR-10_Training - INFO - Starting Epoch 47/100
2025-09-30 09:55:56,193 - CIFAR-10_Training - INFO - Epoch 47: Train Loss: 0.4394, Train Acc: 85.09%, Test Loss: 0.5056, Test Acc: 83.38%, Acc Diff: 1.71%, LR: 0.005000
2025-09-30 09:55:56,193 - CIFAR-10_Training - INFO - Starting Epoch 48/100
2025-09-30 09:56:29,324 - CIFAR-10_Training - INFO - Epoch 48: Train Loss: 0.4376, Train Acc: 85.04%, Test Loss: 0.5083, Test Acc: 83.19%, Acc Diff: 1.85%, LR: 0.005000
2025-09-30 09:56:29,324 - CIFAR-10_Training - INFO - Starting Epoch 49/100
2025-09-30 09:57:08,776 - CIFAR-10_Training - INFO - Epoch 49: Train Loss: 0.4414, Train Acc: 84.98%, Test Loss: 0.5100, Test Acc: 83.38%, Acc Diff: 1.60%, LR: 0.005000
2025-09-30 09:57:08,776 - CIFAR-10_Training - INFO - Starting Epoch 50/100
2025-09-30 09:57:48,325 - CIFAR-10_Training - INFO - Epoch 50: Train Loss: 0.4370, Train Acc: 85.17%, Test Loss: 0.5106, Test Acc: 82.99%, Acc Diff: 2.18%, LR: 0.005000
2025-09-30 09:57:48,325 - CIFAR-10_Training - INFO - Starting Epoch 51/100
2025-09-30 09:58:26,021 - CIFAR-10_Training - INFO - Epoch 51: Train Loss: 0.4361, Train Acc: 85.29%, Test Loss: 0.5054, Test Acc: 83.48%, Acc Diff: 1.81%, LR: 0.005000
2025-09-30 09:58:26,021 - CIFAR-10_Training - INFO - Starting Epoch 52/100
2025-09-30 09:59:00,373 - CIFAR-10_Training - INFO - Epoch 52: Train Loss: 0.4310, Train Acc: 85.45%, Test Loss: 0.5041, Test Acc: 83.33%, Acc Diff: 2.12%, LR: 0.005000
2025-09-30 09:59:00,373 - CIFAR-10_Training - INFO - Starting Epoch 53/100
2025-09-30 09:59:39,530 - CIFAR-10_Training - INFO - Epoch 53: Train Loss: 0.4336, Train Acc: 85.29%, Test Loss: 0.5029, Test Acc: 83.59%, Acc Diff: 1.70%, LR: 0.005000
2025-09-30 09:59:39,530 - CIFAR-10_Training - INFO - Starting Epoch 54/100
2025-09-30 10:00:19,441 - CIFAR-10_Training - INFO - Epoch 54: Train Loss: 0.4321, Train Acc: 85.33%, Test Loss: 0.5017, Test Acc: 83.66%, Acc Diff: 1.67%, LR: 0.005000
2025-09-30 10:00:19,441 - CIFAR-10_Training - INFO - Starting Epoch 55/100
2025-09-30 10:00:59,293 - CIFAR-10_Training - INFO - Epoch 55: Train Loss: 0.4269, Train Acc: 85.67%, Test Loss: 0.5071, Test Acc: 83.47%, Acc Diff: 2.20%, LR: 0.005000
2025-09-30 10:00:59,293 - CIFAR-10_Training - INFO - Starting Epoch 56/100
2025-09-30 10:01:38,961 - CIFAR-10_Training - INFO - Epoch 56: Train Loss: 0.4268, Train Acc: 85.51%, Test Loss: 0.5047, Test Acc: 83.48%, Acc Diff: 2.03%, LR: 0.005000
2025-09-30 10:01:38,961 - CIFAR-10_Training - INFO - Starting Epoch 57/100
2025-09-30 10:02:18,550 - CIFAR-10_Training - INFO - Epoch 57: Train Loss: 0.4252, Train Acc: 85.63%, Test Loss: 0.5048, Test Acc: 83.76%, Acc Diff: 1.87%, LR: 0.005000
2025-09-30 10:02:18,550 - CIFAR-10_Training - INFO - Starting Epoch 58/100
2025-09-30 10:02:58,722 - CIFAR-10_Training - INFO - Epoch 58: Train Loss: 0.4242, Train Acc: 85.60%, Test Loss: 0.5046, Test Acc: 83.71%, Acc Diff: 1.89%, LR: 0.005000
2025-09-30 10:02:58,722 - CIFAR-10_Training - INFO - Starting Epoch 59/100
2025-09-30 10:03:36,242 - CIFAR-10_Training - INFO - Epoch 59: Train Loss: 0.4290, Train Acc: 85.29%, Test Loss: 0.5067, Test Acc: 83.52%, Acc Diff: 1.77%, LR: 0.005000
2025-09-30 10:03:36,242 - CIFAR-10_Training - INFO - Starting Epoch 60/100
2025-09-30 10:04:08,359 - CIFAR-10_Training - INFO - Epoch 60: Train Loss: 0.4196, Train Acc: 85.74%, Test Loss: 0.5035, Test Acc: 83.79%, Acc Diff: 1.95%, LR: 0.000500
2025-09-30 10:04:08,359 - CIFAR-10_Training - INFO - Starting Epoch 61/100
2025-09-30 10:04:40,408 - CIFAR-10_Training - INFO - Epoch 61: Train Loss: 0.4183, Train Acc: 85.80%, Test Loss: 0.5002, Test Acc: 83.88%, Acc Diff: 1.92%, LR: 0.000500
2025-09-30 10:04:40,408 - CIFAR-10_Training - INFO - Starting Epoch 62/100
2025-09-30 10:05:12,435 - CIFAR-10_Training - INFO - Epoch 62: Train Loss: 0.4100, Train Acc: 86.17%, Test Loss: 0.5027, Test Acc: 83.76%, Acc Diff: 2.41%, LR: 0.000500
2025-09-30 10:05:12,435 - CIFAR-10_Training - INFO - Starting Epoch 63/100
2025-09-30 10:05:44,216 - CIFAR-10_Training - INFO - Epoch 63: Train Loss: 0.4122, Train Acc: 86.00%, Test Loss: 0.5010, Test Acc: 83.70%, Acc Diff: 2.30%, LR: 0.000500
2025-09-30 10:05:44,216 - CIFAR-10_Training - INFO - Starting Epoch 64/100
2025-09-30 10:06:19,479 - CIFAR-10_Training - INFO - Epoch 64: Train Loss: 0.4145, Train Acc: 85.96%, Test Loss: 0.5015, Test Acc: 83.80%, Acc Diff: 2.16%, LR: 0.000500
2025-09-30 10:06:19,479 - CIFAR-10_Training - INFO - Starting Epoch 65/100
2025-09-30 10:06:59,856 - CIFAR-10_Training - INFO - Epoch 65: Train Loss: 0.4145, Train Acc: 85.99%, Test Loss: 0.5012, Test Acc: 83.82%, Acc Diff: 2.17%, LR: 0.000500
2025-09-30 10:06:59,856 - CIFAR-10_Training - INFO - Starting Epoch 66/100
2025-09-30 10:07:39,287 - CIFAR-10_Training - INFO - Epoch 66: Train Loss: 0.4170, Train Acc: 86.04%, Test Loss: 0.5030, Test Acc: 83.70%, Acc Diff: 2.34%, LR: 0.000500
2025-09-30 10:07:39,287 - CIFAR-10_Training - INFO - Starting Epoch 67/100
2025-09-30 10:08:18,214 - CIFAR-10_Training - INFO - Epoch 67: Train Loss: 0.4120, Train Acc: 86.18%, Test Loss: 0.5015, Test Acc: 83.75%, Acc Diff: 2.43%, LR: 0.000500
2025-09-30 10:08:18,214 - CIFAR-10_Training - INFO - Starting Epoch 68/100
2025-09-30 10:08:58,209 - CIFAR-10_Training - INFO - Epoch 68: Train Loss: 0.4157, Train Acc: 85.83%, Test Loss: 0.5036, Test Acc: 83.65%, Acc Diff: 2.18%, LR: 0.000500
2025-09-30 10:08:58,209 - CIFAR-10_Training - INFO - Starting Epoch 69/100
2025-09-30 10:09:37,946 - CIFAR-10_Training - INFO - Epoch 69: Train Loss: 0.4147, Train Acc: 85.97%, Test Loss: 0.5021, Test Acc: 83.67%, Acc Diff: 2.30%, LR: 0.000500
2025-09-30 10:09:37,946 - CIFAR-10_Training - INFO - Starting Epoch 70/100
2025-09-30 10:10:18,541 - CIFAR-10_Training - INFO - Epoch 70: Train Loss: 0.4137, Train Acc: 85.94%, Test Loss: 0.5017, Test Acc: 83.75%, Acc Diff: 2.19%, LR: 0.000500
2025-09-30 10:10:18,541 - CIFAR-10_Training - INFO - Starting Epoch 71/100
2025-09-30 10:10:57,093 - CIFAR-10_Training - INFO - Epoch 71: Train Loss: 0.4145, Train Acc: 86.04%, Test Loss: 0.5021, Test Acc: 83.76%, Acc Diff: 2.28%, LR: 0.000500
2025-09-30 10:10:57,093 - CIFAR-10_Training - INFO - Starting Epoch 72/100
2025-09-30 10:11:31,191 - CIFAR-10_Training - INFO - Epoch 72: Train Loss: 0.4114, Train Acc: 86.00%, Test Loss: 0.5032, Test Acc: 83.69%, Acc Diff: 2.31%, LR: 0.000500
2025-09-30 10:11:31,192 - CIFAR-10_Training - INFO - Starting Epoch 73/100
2025-09-30 10:12:06,040 - CIFAR-10_Training - INFO - Epoch 73: Train Loss: 0.4056, Train Acc: 86.29%, Test Loss: 0.5029, Test Acc: 83.76%, Acc Diff: 2.53%, LR: 0.000500
2025-09-30 10:12:06,040 - CIFAR-10_Training - INFO - Starting Epoch 74/100
2025-09-30 10:12:41,006 - CIFAR-10_Training - INFO - Epoch 74: Train Loss: 0.4069, Train Acc: 86.25%, Test Loss: 0.5027, Test Acc: 83.84%, Acc Diff: 2.41%, LR: 0.000500
2025-09-30 10:12:41,006 - CIFAR-10_Training - INFO - Starting Epoch 75/100
2025-09-30 10:13:15,234 - CIFAR-10_Training - INFO - Epoch 75: Train Loss: 0.4115, Train Acc: 86.23%, Test Loss: 0.5034, Test Acc: 83.74%, Acc Diff: 2.49%, LR: 0.000500
2025-09-30 10:13:15,235 - CIFAR-10_Training - INFO - Starting Epoch 76/100
2025-09-30 10:13:49,528 - CIFAR-10_Training - INFO - Epoch 76: Train Loss: 0.4164, Train Acc: 85.84%, Test Loss: 0.5038, Test Acc: 83.77%, Acc Diff: 2.07%, LR: 0.000500
2025-09-30 10:13:49,528 - CIFAR-10_Training - INFO - Starting Epoch 77/100
2025-09-30 10:14:23,874 - CIFAR-10_Training - INFO - Epoch 77: Train Loss: 0.4103, Train Acc: 86.24%, Test Loss: 0.5029, Test Acc: 83.66%, Acc Diff: 2.58%, LR: 0.000500
2025-09-30 10:14:23,874 - CIFAR-10_Training - INFO - Starting Epoch 78/100
2025-09-30 10:15:06,425 - CIFAR-10_Training - INFO - Epoch 78: Train Loss: 0.4088, Train Acc: 86.13%, Test Loss: 0.5018, Test Acc: 83.72%, Acc Diff: 2.41%, LR: 0.000500
2025-09-30 10:15:06,425 - CIFAR-10_Training - INFO - Starting Epoch 79/100
2025-09-30 10:50:23,396 - CIFAR-10_Training - INFO - Epoch 79: Train Loss: 0.4132, Train Acc: 85.97%, Test Loss: 0.5012, Test Acc: 83.75%, Acc Diff: 2.22%, LR: 0.000500
2025-09-30 10:50:23,396 - CIFAR-10_Training - INFO - Starting Epoch 80/100
2025-09-30 10:51:00,103 - CIFAR-10_Training - INFO - Epoch 80: Train Loss: 0.4119, Train Acc: 86.03%, Test Loss: 0.5020, Test Acc: 83.66%, Acc Diff: 2.37%, LR: 0.000500
2025-09-30 10:51:00,118 - CIFAR-10_Training - INFO - Starting Epoch 81/100
2025-09-30 10:51:41,860 - CIFAR-10_Training - INFO - Epoch 81: Train Loss: 0.4074, Train Acc: 86.11%, Test Loss: 0.5023, Test Acc: 83.68%, Acc Diff: 2.43%, LR: 0.000500
2025-09-30 10:51:41,861 - CIFAR-10_Training - INFO - Starting Epoch 82/100
2025-09-30 10:52:20,957 - CIFAR-10_Training - INFO - Epoch 82: Train Loss: 0.4075, Train Acc: 86.11%, Test Loss: 0.5019, Test Acc: 83.75%, Acc Diff: 2.36%, LR: 0.000500
2025-09-30 10:52:20,957 - CIFAR-10_Training - INFO - Starting Epoch 83/100
2025-09-30 10:52:59,224 - CIFAR-10_Training - INFO - Epoch 83: Train Loss: 0.4037, Train Acc: 86.33%, Test Loss: 0.5025, Test Acc: 83.65%, Acc Diff: 2.68%, LR: 0.000500
2025-09-30 10:52:59,224 - CIFAR-10_Training - INFO - Starting Epoch 84/100
2025-09-30 10:53:40,083 - CIFAR-10_Training - INFO - Epoch 84: Train Loss: 0.4053, Train Acc: 86.25%, Test Loss: 0.5025, Test Acc: 83.66%, Acc Diff: 2.59%, LR: 0.000500
2025-09-30 10:53:40,083 - CIFAR-10_Training - INFO - Starting Epoch 85/100
2025-09-30 10:54:21,129 - CIFAR-10_Training - INFO - Epoch 85: Train Loss: 0.4098, Train Acc: 86.20%, Test Loss: 0.5004, Test Acc: 83.77%, Acc Diff: 2.43%, LR: 0.000500
2025-09-30 10:54:21,130 - CIFAR-10_Training - INFO - Starting Epoch 86/100
2025-09-30 10:55:01,572 - CIFAR-10_Training - INFO - Epoch 86: Train Loss: 0.4049, Train Acc: 86.32%, Test Loss: 0.5013, Test Acc: 83.84%, Acc Diff: 2.48%, LR: 0.000500
2025-09-30 10:55:01,574 - CIFAR-10_Training - INFO - Starting Epoch 87/100
2025-09-30 10:55:42,119 - CIFAR-10_Training - INFO - Epoch 87: Train Loss: 0.4066, Train Acc: 86.19%, Test Loss: 0.5013, Test Acc: 83.72%, Acc Diff: 2.47%, LR: 0.000500
2025-09-30 10:55:42,120 - CIFAR-10_Training - INFO - Starting Epoch 88/100
2025-09-30 10:56:23,428 - CIFAR-10_Training - INFO - Epoch 88: Train Loss: 0.4085, Train Acc: 86.22%, Test Loss: 0.5021, Test Acc: 83.67%, Acc Diff: 2.55%, LR: 0.000500
2025-09-30 10:56:23,430 - CIFAR-10_Training - INFO - Starting Epoch 89/100
2025-09-30 10:57:04,123 - CIFAR-10_Training - INFO - Epoch 89: Train Loss: 0.4054, Train Acc: 86.41%, Test Loss: 0.5030, Test Acc: 83.56%, Acc Diff: 2.85%, LR: 0.000500
2025-09-30 10:57:04,123 - CIFAR-10_Training - INFO - Starting Epoch 90/100
2025-09-30 10:57:45,071 - CIFAR-10_Training - INFO - Epoch 90: Train Loss: 0.4046, Train Acc: 86.33%, Test Loss: 0.5018, Test Acc: 83.68%, Acc Diff: 2.65%, LR: 0.000050
2025-09-30 10:57:45,071 - CIFAR-10_Training - INFO - Starting Epoch 91/100
2025-09-30 10:58:25,765 - CIFAR-10_Training - INFO - Epoch 91: Train Loss: 0.4054, Train Acc: 86.23%, Test Loss: 0.5005, Test Acc: 83.80%, Acc Diff: 2.43%, LR: 0.000050
2025-09-30 10:58:25,765 - CIFAR-10_Training - INFO - Starting Epoch 92/100
2025-09-30 10:59:06,220 - CIFAR-10_Training - INFO - Epoch 92: Train Loss: 0.4064, Train Acc: 86.25%, Test Loss: 0.5024, Test Acc: 83.67%, Acc Diff: 2.58%, LR: 0.000050
2025-09-30 10:59:06,223 - CIFAR-10_Training - INFO - Starting Epoch 93/100
2025-09-30 10:59:48,605 - CIFAR-10_Training - INFO - Epoch 93: Train Loss: 0.4084, Train Acc: 86.26%, Test Loss: 0.5049, Test Acc: 83.59%, Acc Diff: 2.67%, LR: 0.000050
2025-09-30 10:59:48,605 - CIFAR-10_Training - INFO - Starting Epoch 94/100
2025-09-30 11:00:31,935 - CIFAR-10_Training - INFO - Epoch 94: Train Loss: 0.4016, Train Acc: 86.39%, Test Loss: 0.5012, Test Acc: 83.79%, Acc Diff: 2.60%, LR: 0.000050
2025-09-30 11:00:31,935 - CIFAR-10_Training - INFO - Starting Epoch 95/100
2025-09-30 11:01:06,639 - CIFAR-10_Training - INFO - Epoch 95: Train Loss: 0.4069, Train Acc: 86.33%, Test Loss: 0.5010, Test Acc: 83.66%, Acc Diff: 2.67%, LR: 0.000050
2025-09-30 11:01:06,639 - CIFAR-10_Training - INFO - Starting Epoch 96/100
2025-09-30 11:01:39,306 - CIFAR-10_Training - INFO - Epoch 96: Train Loss: 0.4031, Train Acc: 86.35%, Test Loss: 0.5020, Test Acc: 83.63%, Acc Diff: 2.72%, LR: 0.000050
2025-09-30 11:01:39,306 - CIFAR-10_Training - INFO - Starting Epoch 97/100
2025-09-30 11:02:12,162 - CIFAR-10_Training - INFO - Epoch 97: Train Loss: 0.4031, Train Acc: 86.44%, Test Loss: 0.5021, Test Acc: 83.66%, Acc Diff: 2.78%, LR: 0.000050
2025-09-30 11:02:12,162 - CIFAR-10_Training - INFO - Starting Epoch 98/100
2025-09-30 11:02:45,154 - CIFAR-10_Training - INFO - Epoch 98: Train Loss: 0.4079, Train Acc: 86.28%, Test Loss: 0.5019, Test Acc: 83.70%, Acc Diff: 2.58%, LR: 0.000050
2025-09-30 11:02:45,154 - CIFAR-10_Training - INFO - Starting Epoch 99/100
2025-09-30 11:03:17,886 - CIFAR-10_Training - INFO - Epoch 99: Train Loss: 0.4102, Train Acc: 86.17%, Test Loss: 0.5033, Test Acc: 83.76%, Acc Diff: 2.41%, LR: 0.000050
2025-09-30 11:03:17,886 - CIFAR-10_Training - INFO - Starting Epoch 100/100
2025-09-30 11:03:50,701 - CIFAR-10_Training - INFO - Epoch 100: Train Loss: 0.4059, Train Acc: 86.22%, Test Loss: 0.5007, Test Acc: 83.76%, Acc Diff: 2.46%, LR: 0.000050
2025-09-30 11:03:50,701 - CIFAR-10_Training - INFO - Training completed!
2025-09-30 11:03:50,701 - CIFAR-10_Training - INFO - Final Results: {'final_train_loss': 0.4058927775037532, 'final_test_loss': 0.5006553787231446, 'final_train_accuracy': 86.224, 'final_test_accuracy': 83.76, 'best_test_accuracy': 83.88, 'final_accuracy_difference': 2.4639999999999986, 'max_accuracy_difference': 2.8499999999999943, 'avg_accuracy_difference': 0.062239999999999046, 'overfitting_epochs': 0, 'stopped_due_to_overfitting': False}
2025-09-30 11:03:50,701 - CIFAR-10_Training - INFO - ==================================================
2025-09-30 11:03:50,701 - CIFAR-10_Training - INFO - OVERFITTING ANALYSIS
2025-09-30 11:03:50,701 - CIFAR-10_Training - INFO - ==================================================
2025-09-30 11:03:50,701 - CIFAR-10_Training - INFO - Final accuracy difference: 2.46%
2025-09-30 11:03:50,701 - CIFAR-10_Training - INFO - Maximum accuracy difference: 2.85%
2025-09-30 11:03:50,701 - CIFAR-10_Training - INFO - Average accuracy difference: 0.06%
2025-09-30 11:03:50,701 - CIFAR-10_Training - INFO - Consecutive overfitting epochs: 0
2025-09-30 11:03:50,701 - CIFAR-10_Training - INFO - Stopped due to overfitting: False
2025-09-30 11:03:50,701 - CIFAR-10_Training - INFO - ==================================================
2025-09-30 11:03:51,512 - CIFAR-10_Training - INFO - Training curves saved to: C:\Users\krish\Documents\Krishnakanth\Learnings\Learnings\MNIST_Model\Reference\ERAS7\Model_Evolution\Setup\logs\training_curves_20250930_110350.png
2025-09-30 11:06:00,130 - CIFAR-10_Training - INFO - Model saved to: C:\Users\krish\Documents\Krishnakanth\Learnings\Learnings\MNIST_Model\Reference\ERAS7\Model_Evolution\Setup\models\cifar10_model_20250930_110600.pth
2025-09-30 11:06:00,130 - CIFAR-10_Training - INFO - ==================================================
2025-09-30 11:06:00,130 - CIFAR-10_Training - INFO - TRAINING PIPELINE COMPLETED SUCCESSFULLY
2025-09-30 11:06:00,130 - CIFAR-10_Training - INFO - ==================================================
2025-09-30 11:06:00,130 - CIFAR-10_Training - INFO - Final Metrics: {'final_train_loss': 0.4058927775037532, 'final_test_loss': 0.5006553787231446, 'final_train_accuracy': 86.224, 'final_test_accuracy': 83.76, 'best_test_accuracy': 83.88, 'final_accuracy_difference': 2.4639999999999986, 'max_accuracy_difference': 2.8499999999999943, 'avg_accuracy_difference': 0.062239999999999046, 'overfitting_epochs': 0, 'stopped_due_to_overfitting': False}
