2025-09-30 13:00:21,708 - CIFAR-10_Training - INFO - Logger initialized. Log file: C:\Users\krish\Documents\Krishnakanth\Learnings\Learnings\MNIST_Model\Reference\ERAS7\Model_Evolution\Setup\logs\20250930_130021_cifar10_training.log
2025-09-30 13:00:21,708 - CIFAR-10_Training - INFO - Updated Configuration (from main()):
2025-09-30 13:00:21,708 - CIFAR-10_Training - INFO -   - Epochs: 100
2025-09-30 13:00:21,708 - CIFAR-10_Training - INFO -   - Learning Rate: 0.05
2025-09-30 13:00:21,708 - CIFAR-10_Training - INFO -   - Optimizer: SGD
2025-09-30 13:00:21,708 - CIFAR-10_Training - INFO -   - Weight Decay: 0.0
2025-09-30 13:00:21,708 - CIFAR-10_Training - INFO -   - Momentum: 0.9
2025-09-30 13:00:21,708 - CIFAR-10_Training - INFO -   - Scheduler: StepLR
2025-09-30 13:00:21,708 - CIFAR-10_Training - INFO -   - Step Size: 15
2025-09-30 13:00:21,708 - CIFAR-10_Training - INFO -   - Gamma: 0.1
2025-09-30 13:00:21,708 - CIFAR-10_Training - INFO -   - Batch Size: 128
2025-09-30 13:00:21,708 - CIFAR-10_Training - INFO -   - Num Workers: 4
2025-09-30 13:00:21,708 - CIFAR-10_Training - INFO -   - Pin Memory: True
2025-09-30 13:00:21,708 - CIFAR-10_Training - INFO -   - Shuffle: True
2025-09-30 13:00:21,708 - CIFAR-10_Training - INFO -   - Dropout Rate: 0.05
2025-09-30 13:00:21,708 - CIFAR-10_Training - INFO -   - Device: CUDA
2025-09-30 13:00:21,708 - CIFAR-10_Training - INFO -   - Log Directory: C:\Users\krish\Documents\Krishnakanth\Learnings\Learnings\MNIST_Model\Reference\ERAS7\Model_Evolution\Setup\logs
2025-09-30 13:00:21,708 - CIFAR-10_Training - INFO -   - Model Save Directory: C:\Users\krish\Documents\Krishnakanth\Learnings\Learnings\MNIST_Model\Reference\ERAS7\Model_Evolution\Setup\models
2025-09-30 13:00:21,708 - CIFAR-10_Training - INFO -   - Save Model: True
2025-09-30 13:00:21,708 - CIFAR-10_Training - INFO -   - Log Level: DEBUG
2025-09-30 13:00:21,708 - CIFAR-10_Training - INFO - ==================================================
2025-09-30 13:00:21,708 - CIFAR-10_Training - INFO - ==================================================
2025-09-30 13:00:21,708 - CIFAR-10_Training - INFO - CIFAR-10 TRAINING EXPERIMENT STARTED
2025-09-30 13:00:21,708 - CIFAR-10_Training - INFO - ==================================================
2025-09-30 13:00:21,708 - CIFAR-10_Training - INFO - Data Config: DataConfig(data_dir='./data', batch_size=128, num_workers=4, pin_memory=True, shuffle=True, mean=(0.1307,), std=(0.3081,), cifar10_mean=(0.4914, 0.4822, 0.4465), cifar10_std=(0.247, 0.2435, 0.2616), rotation_range=(-7.0, 7.0), fill_value=1)
2025-09-30 13:00:21,708 - CIFAR-10_Training - INFO - Model Config: ModelConfig(input_channels=1, input_size=(28, 28), num_classes=10, dropout_rate=0.05)
2025-09-30 13:00:21,708 - CIFAR-10_Training - INFO - Training Config: TrainingConfig(epochs=100, learning_rate=0.05, momentum=0.9, weight_decay=0.0, scheduler_step_size=15, scheduler_gamma=0.1, seed=1, optimizer_type='SGD', adam_betas=(0.9, 0.999), adam_eps=1e-08, rmsprop_alpha=0.99, scheduler_type='StepLR', cosine_t_max=20, exponential_gamma=0.95, plateau_mode='min', plateau_factor=0.5, plateau_patience=5, plateau_threshold=0.0001)
2025-09-30 13:00:21,708 - CIFAR-10_Training - INFO - ==================================================
2025-09-30 13:00:21,708 - CIFAR-10_Training - INFO - Setting up data...
2025-09-30 13:00:21,708 - CIFAR-10_Training - INFO - Loading CIFAR-10 dataset...
2025-09-30 13:00:23,080 - CIFAR-10_Training - INFO - CIFAR-10 dataset loaded successfully!
2025-09-30 13:00:23,080 - CIFAR-10_Training - INFO - Train samples: 50000
2025-09-30 13:00:23,080 - CIFAR-10_Training - INFO - Test samples: 10000
2025-09-30 13:00:23,080 - CIFAR-10_Training - INFO - Computing CIFAR-10 data statistics...
2025-09-30 13:00:25,030 - CIFAR-10_Training - INFO - CIFAR-10 Data Statistics:
2025-09-30 13:00:25,030 - CIFAR-10_Training - INFO -   - Shape: (50000, 32, 32, 3)
2025-09-30 13:00:25,030 - CIFAR-10_Training - INFO -   - Size: 153,600,000
2025-09-30 13:00:25,030 - CIFAR-10_Training - INFO -   - Min: 0.0000
2025-09-30 13:00:25,030 - CIFAR-10_Training - INFO -   - Max: 1.0000
2025-09-30 13:00:25,030 - CIFAR-10_Training - INFO -   - Mean: 0.4734
2025-09-30 13:00:25,030 - CIFAR-10_Training - INFO -   - Std: 0.2516
2025-09-30 13:00:25,030 - CIFAR-10_Training - INFO -   - Variance: 0.0633
2025-09-30 13:00:25,030 - CIFAR-10_Training - INFO - Channel-wise Statistics:
2025-09-30 13:00:25,030 - CIFAR-10_Training - INFO -   Red Channel:
2025-09-30 13:00:25,030 - CIFAR-10_Training - INFO -     - Mean: 0.4914
2025-09-30 13:00:25,030 - CIFAR-10_Training - INFO -     - Std: 0.2470
2025-09-30 13:00:25,030 - CIFAR-10_Training - INFO -     - Min: 0.0000
2025-09-30 13:00:25,030 - CIFAR-10_Training - INFO -     - Max: 1.0000
2025-09-30 13:00:25,030 - CIFAR-10_Training - INFO -   Green Channel:
2025-09-30 13:00:25,030 - CIFAR-10_Training - INFO -     - Mean: 0.4822
2025-09-30 13:00:25,030 - CIFAR-10_Training - INFO -     - Std: 0.2435
2025-09-30 13:00:25,030 - CIFAR-10_Training - INFO -     - Min: 0.0000
2025-09-30 13:00:25,030 - CIFAR-10_Training - INFO -     - Max: 1.0000
2025-09-30 13:00:25,030 - CIFAR-10_Training - INFO -   Blue Channel:
2025-09-30 13:00:25,030 - CIFAR-10_Training - INFO -     - Mean: 0.4465
2025-09-30 13:00:25,030 - CIFAR-10_Training - INFO -     - Std: 0.2616
2025-09-30 13:00:25,030 - CIFAR-10_Training - INFO -     - Min: 0.0000
2025-09-30 13:00:25,030 - CIFAR-10_Training - INFO -     - Max: 1.0000
2025-09-30 13:00:42,831 - CIFAR-10_Training - INFO - CIFAR-10 Batch Information:
2025-09-30 13:00:42,833 - CIFAR-10_Training - INFO -   - Batch size: 128
2025-09-30 13:00:42,834 - CIFAR-10_Training - INFO -   - Image shape: torch.Size([3, 32, 32])
2025-09-30 13:00:42,835 - CIFAR-10_Training - INFO -   - Label shape: torch.Size([128])
2025-09-30 13:00:42,836 - CIFAR-10_Training - INFO -   - Data type: torch.float32
2025-09-30 13:00:42,836 - CIFAR-10_Training - INFO -   - Number of classes: 10
2025-09-30 13:00:44,382 - CIFAR-10_Training - INFO - Getting input size from CIFAR-10 data loader...
2025-09-30 13:01:02,165 - CIFAR-10_Training - INFO - CIFAR-10 input size from data loader: (3, 32, 32)
2025-09-30 13:01:03,602 - CIFAR-10_Training - INFO - Setting up model...
2025-09-30 13:01:03,643 - CIFAR-10_Training - INFO - Generating model summary...
2025-09-30 13:01:04,344 - CIFAR-10_Training - INFO - Model Architecture Summary:
2025-09-30 13:01:04,344 - CIFAR-10_Training - INFO -   - Total Parameters: 174,268
2025-09-30 13:01:04,344 - CIFAR-10_Training - INFO -   - Batch Normalization: Yes
2025-09-30 13:01:04,344 - CIFAR-10_Training - INFO -   - Dropout: No
2025-09-30 13:01:04,344 - CIFAR-10_Training - INFO -   - GAP Layers: No
2025-09-30 13:01:04,344 - CIFAR-10_Training - INFO -   - FC Layers: Yes
2025-09-30 13:01:04,345 - CIFAR-10_Training - INFO - ==================================================
2025-09-30 13:01:04,345 - CIFAR-10_Training - INFO - DETAILED MODEL ARCHITECTURE SUMMARY
2025-09-30 13:01:04,345 - CIFAR-10_Training - INFO - ==================================================
2025-09-30 13:01:04,345 - CIFAR-10_Training - INFO - ----------------------------------------------------------------
2025-09-30 13:01:04,345 - CIFAR-10_Training - INFO -         Layer (type)               Output Shape         Param #
2025-09-30 13:01:04,345 - CIFAR-10_Training - INFO - ================================================================
2025-09-30 13:01:04,345 - CIFAR-10_Training - INFO -             Conv2d-1            [-1, 8, 32, 32]             216
2025-09-30 13:01:04,345 - CIFAR-10_Training - INFO -        BatchNorm2d-2            [-1, 8, 32, 32]              16
2025-09-30 13:01:04,345 - CIFAR-10_Training - INFO -               ReLU-3            [-1, 8, 32, 32]               0
2025-09-30 13:01:04,345 - CIFAR-10_Training - INFO -             Conv2d-4           [-1, 16, 32, 32]           1,152
2025-09-30 13:01:04,345 - CIFAR-10_Training - INFO -        BatchNorm2d-5           [-1, 16, 32, 32]              32
2025-09-30 13:01:04,345 - CIFAR-10_Training - INFO -               ReLU-6           [-1, 16, 32, 32]               0
2025-09-30 13:01:04,345 - CIFAR-10_Training - INFO -             Conv2d-7           [-1, 16, 32, 32]           2,304
2025-09-30 13:01:04,345 - CIFAR-10_Training - INFO -        BatchNorm2d-8           [-1, 16, 32, 32]              32
2025-09-30 13:01:04,345 - CIFAR-10_Training - INFO -               ReLU-9           [-1, 16, 32, 32]               0
2025-09-30 13:01:04,345 - CIFAR-10_Training - INFO -            Conv2d-10           [-1, 16, 32, 32]           2,304
2025-09-30 13:01:04,345 - CIFAR-10_Training - INFO -       BatchNorm2d-11           [-1, 16, 32, 32]              32
2025-09-30 13:01:04,345 - CIFAR-10_Training - INFO -              ReLU-12           [-1, 16, 32, 32]               0
2025-09-30 13:01:04,345 - CIFAR-10_Training - INFO -         MaxPool2d-13           [-1, 16, 16, 16]               0
2025-09-30 13:01:04,345 - CIFAR-10_Training - INFO -            Conv2d-14           [-1, 32, 16, 16]           4,608
2025-09-30 13:01:04,345 - CIFAR-10_Training - INFO -       BatchNorm2d-15           [-1, 32, 16, 16]              64
2025-09-30 13:01:04,347 - CIFAR-10_Training - INFO -              ReLU-16           [-1, 32, 16, 16]               0
2025-09-30 13:01:04,347 - CIFAR-10_Training - INFO -            Conv2d-17           [-1, 32, 16, 16]           9,216
2025-09-30 13:01:04,347 - CIFAR-10_Training - INFO -       BatchNorm2d-18           [-1, 32, 16, 16]              64
2025-09-30 13:01:04,347 - CIFAR-10_Training - INFO -              ReLU-19           [-1, 32, 16, 16]               0
2025-09-30 13:01:04,347 - CIFAR-10_Training - INFO -            Conv2d-20           [-1, 32, 16, 16]           9,216
2025-09-30 13:01:04,347 - CIFAR-10_Training - INFO -       BatchNorm2d-21           [-1, 32, 16, 16]              64
2025-09-30 13:01:04,347 - CIFAR-10_Training - INFO -              ReLU-22           [-1, 32, 16, 16]               0
2025-09-30 13:01:04,347 - CIFAR-10_Training - INFO -         MaxPool2d-23             [-1, 32, 8, 8]               0
2025-09-30 13:01:04,347 - CIFAR-10_Training - INFO -            Conv2d-24             [-1, 64, 8, 8]          18,432
2025-09-30 13:01:04,347 - CIFAR-10_Training - INFO -       BatchNorm2d-25             [-1, 64, 8, 8]             128
2025-09-30 13:01:04,347 - CIFAR-10_Training - INFO -              ReLU-26             [-1, 64, 8, 8]               0
2025-09-30 13:01:04,348 - CIFAR-10_Training - INFO -            Conv2d-27             [-1, 64, 8, 8]          36,864
2025-09-30 13:01:04,348 - CIFAR-10_Training - INFO -       BatchNorm2d-28             [-1, 64, 8, 8]             128
2025-09-30 13:01:04,348 - CIFAR-10_Training - INFO -              ReLU-29             [-1, 64, 8, 8]               0
2025-09-30 13:01:04,348 - CIFAR-10_Training - INFO -            Conv2d-30             [-1, 64, 8, 8]          36,864
2025-09-30 13:01:04,349 - CIFAR-10_Training - INFO -       BatchNorm2d-31             [-1, 64, 8, 8]             128
2025-09-30 13:01:04,349 - CIFAR-10_Training - INFO -              ReLU-32             [-1, 64, 8, 8]               0
2025-09-30 13:01:04,349 - CIFAR-10_Training - INFO -         MaxPool2d-33             [-1, 64, 4, 4]               0
2025-09-30 13:01:04,349 - CIFAR-10_Training - INFO -            Conv2d-34             [-1, 32, 4, 4]          18,432
2025-09-30 13:01:04,350 - CIFAR-10_Training - INFO -       BatchNorm2d-35             [-1, 32, 4, 4]              64
2025-09-30 13:01:04,350 - CIFAR-10_Training - INFO -              ReLU-36             [-1, 32, 4, 4]               0
2025-09-30 13:01:04,350 - CIFAR-10_Training - INFO -            Conv2d-37             [-1, 32, 4, 4]           9,216
2025-09-30 13:01:04,350 - CIFAR-10_Training - INFO -       BatchNorm2d-38             [-1, 32, 4, 4]              64
2025-09-30 13:01:04,350 - CIFAR-10_Training - INFO -              ReLU-39             [-1, 32, 4, 4]               0
2025-09-30 13:01:04,350 - CIFAR-10_Training - INFO -            Conv2d-40             [-1, 16, 4, 4]           4,608
2025-09-30 13:01:04,351 - CIFAR-10_Training - INFO -       BatchNorm2d-41             [-1, 16, 4, 4]              32
2025-09-30 13:01:04,351 - CIFAR-10_Training - INFO -              ReLU-42             [-1, 16, 4, 4]               0
2025-09-30 13:01:04,351 - CIFAR-10_Training - INFO -            Conv2d-43            [-1, 128, 4, 4]          18,432
2025-09-30 13:01:04,351 - CIFAR-10_Training - INFO -       BatchNorm2d-44            [-1, 128, 4, 4]             256
2025-09-30 13:01:04,351 - CIFAR-10_Training - INFO -              ReLU-45            [-1, 128, 4, 4]               0
2025-09-30 13:01:04,351 - CIFAR-10_Training - INFO -            Conv2d-46             [-1, 10, 4, 4]           1,280
2025-09-30 13:01:04,351 - CIFAR-10_Training - INFO -       BatchNorm2d-47             [-1, 10, 4, 4]              20
2025-09-30 13:01:04,351 - CIFAR-10_Training - INFO -              ReLU-48             [-1, 10, 4, 4]               0
2025-09-30 13:01:04,351 - CIFAR-10_Training - INFO - AdaptiveAvgPool2d-49             [-1, 10, 1, 1]               0
2025-09-30 13:01:04,352 - CIFAR-10_Training - INFO - ================================================================
2025-09-30 13:01:04,352 - CIFAR-10_Training - INFO - Total params: 174,268
2025-09-30 13:01:04,352 - CIFAR-10_Training - INFO - Trainable params: 174,268
2025-09-30 13:01:04,352 - CIFAR-10_Training - INFO - Non-trainable params: 0
2025-09-30 13:01:04,352 - CIFAR-10_Training - INFO - ----------------------------------------------------------------
2025-09-30 13:01:04,352 - CIFAR-10_Training - INFO - Input size (MB): 0.01
2025-09-30 13:01:04,352 - CIFAR-10_Training - INFO - Forward/backward pass size (MB): 2.29
2025-09-30 13:01:04,352 - CIFAR-10_Training - INFO - Params size (MB): 0.66
2025-09-30 13:01:04,352 - CIFAR-10_Training - INFO - Estimated Total Size (MB): 2.97
2025-09-30 13:01:04,352 - CIFAR-10_Training - INFO - ----------------------------------------------------------------
2025-09-30 13:01:04,353 - CIFAR-10_Training - INFO - ==================================================
2025-09-30 13:01:04,353 - CIFAR-10_Training - INFO - Setting up trainer...
2025-09-30 13:01:04,355 - CIFAR-10_Training - INFO - Using device: cuda
2025-09-30 13:01:04,356 - CIFAR-10_Training - INFO - Early stopping: Stop if train_acc - test_acc > 15.0% for 10 epochs
2025-09-30 13:01:04,364 - CIFAR-10_Training - INFO - Starting training process...
2025-09-30 13:01:04,365 - CIFAR-10_Training - INFO - Starting training process...
2025-09-30 13:01:04,366 - CIFAR-10_Training - INFO - Using optimizer: SGD
2025-09-30 13:01:04,366 - CIFAR-10_Training - INFO - Using scheduler: StepLR
2025-09-30 13:01:04,367 - CIFAR-10_Training - INFO - Optimizer Configuration:
2025-09-30 13:01:04,369 - CIFAR-10_Training - INFO -   - Learning Rate: 0.05
2025-09-30 13:01:04,370 - CIFAR-10_Training - INFO -   - Momentum: 0.9
2025-09-30 13:01:04,371 - CIFAR-10_Training - INFO -   - Weight Decay: 0.0
2025-09-30 13:01:04,372 - CIFAR-10_Training - INFO - Scheduler Configuration:
2025-09-30 13:01:04,373 - CIFAR-10_Training - INFO -   - Step Size: 15
2025-09-30 13:01:04,373 - CIFAR-10_Training - INFO -   - Gamma: 0.1
2025-09-30 13:01:04,374 - CIFAR-10_Training - INFO - Starting Epoch 1/100
2025-09-30 13:01:54,607 - CIFAR-10_Training - INFO - Epoch  1: Train Loss: 1.4851, Train Acc: 46.34%, Test Loss: 1.3517, Test Acc: 52.81%, Acc Diff: -6.47%, LR: 0.050000
2025-09-30 13:01:54,607 - CIFAR-10_Training - INFO - Starting Epoch 2/100
2025-09-30 13:02:27,175 - CIFAR-10_Training - INFO - Epoch  2: Train Loss: 0.9730, Train Acc: 65.63%, Test Loss: 0.9702, Test Acc: 66.74%, Acc Diff: -1.11%, LR: 0.050000
2025-09-30 13:02:27,175 - CIFAR-10_Training - INFO - Starting Epoch 3/100
2025-09-30 13:02:55,834 - CIFAR-10_Training - INFO - Epoch  3: Train Loss: 0.7740, Train Acc: 73.03%, Test Loss: 0.8278, Test Acc: 71.51%, Acc Diff: 1.52%, LR: 0.050000
2025-09-30 13:02:55,834 - CIFAR-10_Training - INFO - Starting Epoch 4/100
2025-09-30 13:03:26,257 - CIFAR-10_Training - INFO - Epoch  4: Train Loss: 0.6607, Train Acc: 77.16%, Test Loss: 0.7846, Test Acc: 73.51%, Acc Diff: 3.65%, LR: 0.050000
2025-09-30 13:03:26,257 - CIFAR-10_Training - INFO - Starting Epoch 5/100
2025-09-30 13:03:58,195 - CIFAR-10_Training - INFO - Epoch  5: Train Loss: 0.5790, Train Acc: 80.10%, Test Loss: 0.7976, Test Acc: 73.12%, Acc Diff: 6.98%, LR: 0.050000
2025-09-30 13:03:58,195 - CIFAR-10_Training - INFO - Starting Epoch 6/100
2025-09-30 13:04:29,066 - CIFAR-10_Training - INFO - Epoch  6: Train Loss: 0.5174, Train Acc: 82.27%, Test Loss: 0.7243, Test Acc: 76.42%, Acc Diff: 5.85%, LR: 0.050000
2025-09-30 13:04:29,066 - CIFAR-10_Training - INFO - Starting Epoch 7/100
2025-09-30 13:05:08,471 - CIFAR-10_Training - INFO - Epoch  7: Train Loss: 0.4728, Train Acc: 83.71%, Test Loss: 0.6901, Test Acc: 77.06%, Acc Diff: 6.65%, LR: 0.050000
2025-09-30 13:05:08,474 - CIFAR-10_Training - INFO - Starting Epoch 8/100
2025-09-30 13:05:57,517 - CIFAR-10_Training - INFO - Epoch  8: Train Loss: 0.4218, Train Acc: 85.41%, Test Loss: 0.7347, Test Acc: 76.36%, Acc Diff: 9.05%, LR: 0.050000
2025-09-30 13:05:57,519 - CIFAR-10_Training - INFO - Starting Epoch 9/100
2025-09-30 13:06:45,909 - CIFAR-10_Training - INFO - Epoch  9: Train Loss: 0.3872, Train Acc: 86.72%, Test Loss: 0.7855, Test Acc: 75.22%, Acc Diff: 11.50%, LR: 0.050000
2025-09-30 13:06:45,909 - CIFAR-10_Training - INFO - Starting Epoch 10/100
2025-09-30 13:07:33,734 - CIFAR-10_Training - INFO - Epoch 10: Train Loss: 0.3485, Train Acc: 87.89%, Test Loss: 0.6591, Test Acc: 78.87%, Acc Diff: 9.02%, LR: 0.050000
2025-09-30 13:07:33,734 - CIFAR-10_Training - INFO - Starting Epoch 11/100
2025-09-30 13:08:02,942 - CIFAR-10_Training - INFO - Epoch 11: Train Loss: 0.3215, Train Acc: 88.85%, Test Loss: 0.8027, Test Acc: 75.60%, Acc Diff: 13.25%, LR: 0.050000
2025-09-30 13:08:02,942 - CIFAR-10_Training - INFO - Starting Epoch 12/100
2025-09-30 13:08:32,840 - CIFAR-10_Training - INFO - Epoch 12: Train Loss: 0.2889, Train Acc: 90.05%, Test Loss: 0.6438, Test Acc: 79.63%, Acc Diff: 10.42%, LR: 0.050000
2025-09-30 13:08:32,840 - CIFAR-10_Training - INFO - Starting Epoch 13/100
2025-09-30 13:09:16,751 - CIFAR-10_Training - INFO - Epoch 13: Train Loss: 0.2646, Train Acc: 90.89%, Test Loss: 0.6599, Test Acc: 80.21%, Acc Diff: 10.68%, LR: 0.050000
2025-09-30 13:09:16,751 - CIFAR-10_Training - INFO - Starting Epoch 14/100
2025-09-30 13:09:45,906 - CIFAR-10_Training - INFO - Epoch 14: Train Loss: 0.2372, Train Acc: 91.73%, Test Loss: 0.6370, Test Acc: 81.14%, Acc Diff: 10.59%, LR: 0.050000
2025-09-30 13:09:45,906 - CIFAR-10_Training - INFO - Starting Epoch 15/100
2025-09-30 13:10:26,311 - CIFAR-10_Training - INFO - Epoch 15: Train Loss: 0.2133, Train Acc: 92.52%, Test Loss: 0.6835, Test Acc: 80.34%, Acc Diff: 12.18%, LR: 0.005000
2025-09-30 13:10:26,311 - CIFAR-10_Training - INFO - Starting Epoch 16/100
2025-09-30 13:11:08,928 - CIFAR-10_Training - INFO - Epoch 16: Train Loss: 0.1169, Train Acc: 96.35%, Test Loss: 0.5799, Test Acc: 83.45%, Acc Diff: 12.90%, LR: 0.005000
2025-09-30 13:11:08,928 - CIFAR-10_Training - INFO - Starting Epoch 17/100
2025-09-30 13:11:39,851 - CIFAR-10_Training - INFO - Epoch 17: Train Loss: 0.0762, Train Acc: 97.86%, Test Loss: 0.5984, Test Acc: 83.31%, Acc Diff: 14.55%, LR: 0.005000
2025-09-30 13:11:39,851 - CIFAR-10_Training - INFO - Starting Epoch 18/100
2025-09-30 13:12:17,471 - CIFAR-10_Training - INFO - Epoch 18: Train Loss: 0.0639, Train Acc: 98.36%, Test Loss: 0.6191, Test Acc: 83.32%, Acc Diff: 15.04%, LR: 0.005000 (OVERFITTING: 1 epochs)
2025-09-30 13:12:17,471 - CIFAR-10_Training - INFO - Starting Epoch 19/100
2025-09-30 13:12:53,915 - CIFAR-10_Training - INFO - Epoch 19: Train Loss: 0.0542, Train Acc: 98.58%, Test Loss: 0.6320, Test Acc: 83.26%, Acc Diff: 15.32%, LR: 0.005000 (OVERFITTING: 2 epochs)
2025-09-30 13:12:53,915 - CIFAR-10_Training - INFO - Starting Epoch 20/100
2025-09-30 13:13:35,100 - CIFAR-10_Training - INFO - Epoch 20: Train Loss: 0.0451, Train Acc: 99.00%, Test Loss: 0.6486, Test Acc: 83.08%, Acc Diff: 15.92%, LR: 0.005000 (OVERFITTING: 3 epochs)
2025-09-30 13:13:35,100 - CIFAR-10_Training - INFO - Starting Epoch 21/100
2025-09-30 13:14:15,690 - CIFAR-10_Training - INFO - Epoch 21: Train Loss: 0.0411, Train Acc: 99.07%, Test Loss: 0.6622, Test Acc: 82.97%, Acc Diff: 16.10%, LR: 0.005000 (OVERFITTING: 4 epochs)
2025-09-30 13:14:15,690 - CIFAR-10_Training - INFO - Starting Epoch 22/100
2025-09-30 13:15:02,842 - CIFAR-10_Training - INFO - Epoch 22: Train Loss: 0.0359, Train Acc: 99.21%, Test Loss: 0.6742, Test Acc: 83.04%, Acc Diff: 16.17%, LR: 0.005000 (OVERFITTING: 5 epochs)
2025-09-30 13:15:02,842 - CIFAR-10_Training - INFO - Starting Epoch 23/100
2025-09-30 13:15:48,580 - CIFAR-10_Training - INFO - Epoch 23: Train Loss: 0.0323, Train Acc: 99.34%, Test Loss: 0.6948, Test Acc: 82.95%, Acc Diff: 16.39%, LR: 0.005000 (OVERFITTING: 6 epochs)
2025-09-30 13:15:48,580 - CIFAR-10_Training - INFO - Starting Epoch 24/100
2025-09-30 13:16:32,553 - CIFAR-10_Training - INFO - Epoch 24: Train Loss: 0.0302, Train Acc: 99.40%, Test Loss: 0.7014, Test Acc: 82.67%, Acc Diff: 16.73%, LR: 0.005000 (OVERFITTING: 7 epochs)
2025-09-30 13:16:32,554 - CIFAR-10_Training - INFO - Starting Epoch 25/100
2025-09-30 13:17:19,696 - CIFAR-10_Training - INFO - Epoch 25: Train Loss: 0.0260, Train Acc: 99.51%, Test Loss: 0.7179, Test Acc: 82.69%, Acc Diff: 16.82%, LR: 0.005000 (OVERFITTING: 8 epochs)
2025-09-30 13:17:19,697 - CIFAR-10_Training - INFO - Starting Epoch 26/100
2025-09-30 13:17:59,365 - CIFAR-10_Training - INFO - Epoch 26: Train Loss: 0.0236, Train Acc: 99.59%, Test Loss: 0.7288, Test Acc: 82.71%, Acc Diff: 16.88%, LR: 0.005000 (OVERFITTING: 9 epochs)
2025-09-30 13:17:59,365 - CIFAR-10_Training - INFO - Starting Epoch 27/100
2025-09-30 13:18:31,011 - CIFAR-10_Training - INFO - Epoch 27: Train Loss: 0.0218, Train Acc: 99.62%, Test Loss: 0.7290, Test Acc: 82.89%, Acc Diff: 16.73%, LR: 0.005000 (OVERFITTING: 10 epochs)
2025-09-30 13:18:31,011 - CIFAR-10_Training - WARNING - ============================================================
2025-09-30 13:18:31,012 - CIFAR-10_Training - WARNING - EARLY STOPPING TRIGGERED!
2025-09-30 13:18:31,012 - CIFAR-10_Training - WARNING - ============================================================
2025-09-30 13:18:31,012 - CIFAR-10_Training - WARNING - Training stopped due to overfitting.
2025-09-30 13:18:31,012 - CIFAR-10_Training - WARNING - Train accuracy - Test accuracy = 16.73%
2025-09-30 13:18:31,012 - CIFAR-10_Training - WARNING - Overfitting threshold: 15.0%
2025-09-30 13:18:31,012 - CIFAR-10_Training - WARNING - Consecutive overfitting epochs: 10
2025-09-30 13:18:31,012 - CIFAR-10_Training - WARNING - Patience: 10 epochs
2025-09-30 13:18:31,012 - CIFAR-10_Training - WARNING - ============================================================
2025-09-30 13:18:31,012 - CIFAR-10_Training - INFO - Training completed!
2025-09-30 13:18:31,012 - CIFAR-10_Training - INFO - Final Results: {'final_train_loss': 0.02181721083900851, 'final_test_loss': 0.7289772293567658, 'final_train_accuracy': 99.622, 'final_test_accuracy': 82.89, 'best_test_accuracy': 83.45, 'final_accuracy_difference': 16.732, 'max_accuracy_difference': 16.884, 'avg_accuracy_difference': 10.863333333333335, 'overfitting_epochs': 10, 'stopped_due_to_overfitting': True}
2025-09-30 13:18:31,012 - CIFAR-10_Training - INFO - ==================================================
2025-09-30 13:18:31,012 - CIFAR-10_Training - INFO - OVERFITTING ANALYSIS
2025-09-30 13:18:31,013 - CIFAR-10_Training - INFO - ==================================================
2025-09-30 13:18:31,013 - CIFAR-10_Training - INFO - Final accuracy difference: 16.73%
2025-09-30 13:18:31,013 - CIFAR-10_Training - INFO - Maximum accuracy difference: 16.88%
2025-09-30 13:18:31,013 - CIFAR-10_Training - INFO - Average accuracy difference: 10.86%
2025-09-30 13:18:31,013 - CIFAR-10_Training - INFO - Consecutive overfitting epochs: 10
2025-09-30 13:18:31,013 - CIFAR-10_Training - INFO - Stopped due to overfitting: True
2025-09-30 13:18:31,013 - CIFAR-10_Training - INFO - ==================================================
2025-09-30 13:18:31,759 - CIFAR-10_Training - INFO - Training curves saved to: C:\Users\krish\Documents\Krishnakanth\Learnings\Learnings\MNIST_Model\Reference\ERAS7\Model_Evolution\Setup\logs\training_curves_20250930_131831.png
2025-09-30 13:18:45,333 - CIFAR-10_Training - INFO - Model saved to: C:\Users\krish\Documents\Krishnakanth\Learnings\Learnings\MNIST_Model\Reference\ERAS7\Model_Evolution\Setup\models\cifar10_model_20250930_131845.pth
2025-09-30 13:18:45,333 - CIFAR-10_Training - INFO - ==================================================
2025-09-30 13:18:45,334 - CIFAR-10_Training - INFO - TRAINING PIPELINE COMPLETED SUCCESSFULLY
2025-09-30 13:18:45,334 - CIFAR-10_Training - INFO - ==================================================
2025-09-30 13:18:45,335 - CIFAR-10_Training - INFO - Final Metrics: {'final_train_loss': 0.02181721083900851, 'final_test_loss': 0.7289772293567658, 'final_train_accuracy': 99.622, 'final_test_accuracy': 82.89, 'best_test_accuracy': 83.45, 'final_accuracy_difference': 16.732, 'max_accuracy_difference': 16.884, 'avg_accuracy_difference': 10.863333333333335, 'overfitting_epochs': 10, 'stopped_due_to_overfitting': True}
