2025-10-15 16:46:40,111 - ImageNet_Training - INFO - Logger initialized. Log file: /home/ubuntu/repos/Learnings/MNIST_Model/Reference/ImageNet_ResNet50/experiments/phas1_bcelogitloss_20pct/logs/20251015_164640_imagenet_training.log
2025-10-15 16:46:40,111 - ImageNet_Training - INFO - Configuration Summary:
2025-10-15 16:46:40,111 - ImageNet_Training - INFO -   Dataset: ImageNet-1k
2025-10-15 16:46:40,111 - ImageNet_Training - INFO -   Model: resnet50
2025-10-15 16:46:40,111 - ImageNet_Training - INFO -   Input Size: 224x224
2025-10-15 16:46:40,111 - ImageNet_Training - INFO -   Num Classes: 1000
2025-10-15 16:46:40,112 - ImageNet_Training - INFO -   Batch Size: 64
2025-10-15 16:46:40,112 - ImageNet_Training - INFO -   Gradient Accumulation: 4
2025-10-15 16:46:40,112 - ImageNet_Training - INFO -   Effective Batch Size: 256
2025-10-15 16:46:40,112 - ImageNet_Training - INFO -   Num Workers: 8
2025-10-15 16:46:40,112 - ImageNet_Training - INFO -   Using Subset: 20.0% (stratified)
2025-10-15 16:46:40,112 - ImageNet_Training - INFO -   Epochs: 100
2025-10-15 16:46:40,112 - ImageNet_Training - INFO -   Learning Rate: 0.01
2025-10-15 16:46:40,112 - ImageNet_Training - INFO -   Optimizer: SGD
2025-10-15 16:46:40,112 - ImageNet_Training - INFO -   Scheduler: OneCycleLR
2025-10-15 16:46:40,112 - ImageNet_Training - INFO -   Weight Decay: 0.0001
2025-10-15 16:46:40,112 - ImageNet_Training - INFO -   Mixed Precision: True
2025-10-15 16:46:40,112 - ImageNet_Training - INFO -   Gradient Clipping: 1.0
2025-10-15 16:46:40,112 - ImageNet_Training - INFO -   Label Smoothing: 0.1
2025-10-15 16:46:40,112 - ImageNet_Training - INFO -   Dropout Rate: 0.0
2025-10-15 16:46:40,112 - ImageNet_Training - INFO -   Use Pretrained: False
2025-10-15 16:46:40,112 - ImageNet_Training - INFO - ======================================================================
2025-10-15 16:46:40,154 - ImageNet_Training - INFO - Using device: cuda
2025-10-15 16:46:40,177 - ImageNet_Training - INFO - GPU: Tesla T4
2025-10-15 16:46:40,177 - ImageNet_Training - INFO - GPU Memory: 14.6 GB
2025-10-15 16:46:40,177 - ImageNet_Training - INFO - Setting up data...
2025-10-15 16:46:40,178 - ImageNet_Training - INFO - Loading ImageNet dataset...
2025-10-15 16:46:40,178 - ImageNet_Training - INFO - Train directory: /home/ubuntu/data/imagenet/train
2025-10-15 16:46:40,178 - ImageNet_Training - INFO - Val directory: /home/ubuntu/data/imagenet/val
2025-10-15 16:46:42,992 - ImageNet_Training - INFO - Creating stratified 20.0% subset...
2025-10-15 16:46:43,005 - ImageNet_Training - INFO - Subset created: 256190 / 1281167 samples
2025-10-15 16:46:43,005 - ImageNet_Training - INFO - Validation samples: 50000
2025-10-15 16:46:43,005 - ImageNet_Training - INFO - ImageNet data loaders created successfully!
2025-10-15 16:46:43,005 - ImageNet_Training - INFO -   Train batches: 4003
2025-10-15 16:46:43,006 - ImageNet_Training - INFO -   Val batches: 782
2025-10-15 16:46:43,006 - ImageNet_Training - INFO - Computing dataset statistics...
2025-10-15 16:46:43,006 - ImageNet_Training - INFO - Dataset Statistics:
2025-10-15 16:46:43,006 - ImageNet_Training - INFO -   Train samples: 256,190
2025-10-15 16:46:43,006 - ImageNet_Training - INFO -   Val samples: 50,000
2025-10-15 16:46:43,006 - ImageNet_Training - INFO -   Num classes: 1000
2025-10-15 16:46:43,006 - ImageNet_Training - INFO -   Batch size: 64
2025-10-15 16:46:43,006 - ImageNet_Training - INFO -   Input size: 224x224
2025-10-15 16:46:43,006 - ImageNet_Training - INFO -   Subset: 20.0% stratified
2025-10-15 16:46:43,006 - ImageNet_Training - INFO - Verifying stratified subset distribution...
2025-10-15 16:46:43,082 - ImageNet_Training - INFO - Subset contains 1000 classes
2025-10-15 16:46:43,082 - ImageNet_Training - INFO - Samples per class - Min: 732, Max: 1300, Mean: 1281.2, Std: 70.2
2025-10-15 16:46:43,082 - ImageNet_Training - INFO - Building ResNet-50 model...
