2025-10-15 03:38:16,350 - ImageNet_Training - INFO - Logger initialized. Log file: /home/ubuntu/repos/Learnings/MNIST_Model/Reference/ImageNet_ResNet50/experiments/phase1_subset_20pct/logs/20251015_033816_imagenet_training.log
2025-10-15 03:38:16,351 - ImageNet_Training - INFO - Configuration Summary:
2025-10-15 03:38:16,351 - ImageNet_Training - INFO -   Dataset: ImageNet-1k
2025-10-15 03:38:16,351 - ImageNet_Training - INFO -   Model: resnet50
2025-10-15 03:38:16,351 - ImageNet_Training - INFO -   Input Size: 224x224
2025-10-15 03:38:16,351 - ImageNet_Training - INFO -   Num Classes: 1000
2025-10-15 03:38:16,351 - ImageNet_Training - INFO -   Batch Size: 64
2025-10-15 03:38:16,351 - ImageNet_Training - INFO -   Gradient Accumulation: 4
2025-10-15 03:38:16,351 - ImageNet_Training - INFO -   Effective Batch Size: 256
2025-10-15 03:38:16,351 - ImageNet_Training - INFO -   Num Workers: 8
2025-10-15 03:38:16,351 - ImageNet_Training - INFO -   Using Subset: 20.0% (stratified)
2025-10-15 03:38:16,351 - ImageNet_Training - INFO -   Epochs: 100
2025-10-15 03:38:16,351 - ImageNet_Training - INFO -   Learning Rate: 0.05
2025-10-15 03:38:16,351 - ImageNet_Training - INFO -   Optimizer: SGD
2025-10-15 03:38:16,351 - ImageNet_Training - INFO -   Scheduler: ReduceLROnPlateau
2025-10-15 03:38:16,351 - ImageNet_Training - INFO -   Weight Decay: 0.0001
2025-10-15 03:38:16,351 - ImageNet_Training - INFO -   Mixed Precision: True
2025-10-15 03:38:16,351 - ImageNet_Training - INFO -   Gradient Clipping: 1.0
2025-10-15 03:38:16,351 - ImageNet_Training - INFO -   Label Smoothing: 0.1
2025-10-15 03:38:16,351 - ImageNet_Training - INFO -   Dropout Rate: 0.0
2025-10-15 03:38:16,351 - ImageNet_Training - INFO -   Use Pretrained: False
2025-10-15 03:38:16,351 - ImageNet_Training - INFO - ======================================================================
2025-10-15 03:38:16,472 - ImageNet_Training - INFO - Using device: cuda
2025-10-15 03:38:16,497 - ImageNet_Training - INFO - GPU: Tesla T4
2025-10-15 03:38:16,497 - ImageNet_Training - INFO - GPU Memory: 14.6 GB
2025-10-15 03:38:16,497 - ImageNet_Training - INFO - Setting up data...
2025-10-15 03:38:16,497 - ImageNet_Training - INFO - Loading ImageNet dataset...
2025-10-15 03:38:16,497 - ImageNet_Training - INFO - Train directory: /home/ubuntu/data/imagenet/train
2025-10-15 03:38:16,497 - ImageNet_Training - INFO - Val directory: /home/ubuntu/data/imagenet/val
2025-10-15 03:38:19,207 - ImageNet_Training - INFO - Creating stratified 20.0% subset...
2025-10-15 03:38:19,216 - ImageNet_Training - INFO - Subset created: 256190 / 1281167 samples
2025-10-15 03:38:19,216 - ImageNet_Training - INFO - Validation samples: 50000
2025-10-15 03:38:19,217 - ImageNet_Training - INFO - ImageNet data loaders created successfully!
2025-10-15 03:38:19,217 - ImageNet_Training - INFO -   Train batches: 4003
2025-10-15 03:38:19,217 - ImageNet_Training - INFO -   Val batches: 782
2025-10-15 03:38:19,217 - ImageNet_Training - INFO - Computing dataset statistics...
2025-10-15 03:38:19,217 - ImageNet_Training - INFO - Dataset Statistics:
2025-10-15 03:38:19,217 - ImageNet_Training - INFO -   Train samples: 256,190
2025-10-15 03:38:19,217 - ImageNet_Training - INFO -   Val samples: 50,000
2025-10-15 03:38:19,217 - ImageNet_Training - INFO -   Num classes: 1000
2025-10-15 03:38:19,217 - ImageNet_Training - INFO -   Batch size: 64
2025-10-15 03:38:19,217 - ImageNet_Training - INFO -   Input size: 224x224
2025-10-15 03:38:19,217 - ImageNet_Training - INFO -   Subset: 20.0% stratified
2025-10-15 03:38:19,217 - ImageNet_Training - INFO - Verifying stratified subset distribution...
2025-10-15 03:38:19,293 - ImageNet_Training - INFO - Subset contains 1000 classes
2025-10-15 03:38:19,294 - ImageNet_Training - INFO - Samples per class - Min: 732, Max: 1300, Mean: 1281.2, Std: 70.2
2025-10-15 03:38:19,294 - ImageNet_Training - INFO - Building ResNet-50 model...
2025-10-15 03:38:19,818 - ImageNet_Training - INFO - Generating RESNET50 summary...
2025-10-15 03:38:20,072 - ImageNet_Training - INFO - RESNET50 Architecture Summary:
2025-10-15 03:38:20,072 - ImageNet_Training - INFO -   Total Parameters: 25,557,032
2025-10-15 03:38:20,072 - ImageNet_Training - INFO -   Trainable Parameters: 25,557,032
2025-10-15 03:38:20,072 - ImageNet_Training - INFO -   Model Size: 97.49 MB
2025-10-15 03:38:20,072 - ImageNet_Training - INFO -   Batch Normalization: Yes
2025-10-15 03:38:20,072 - ImageNet_Training - INFO -   Dropout: Yes
2025-10-15 03:38:20,072 - ImageNet_Training - INFO -   FC Layers: Yes
2025-10-15 03:38:20,072 - ImageNet_Training - INFO -   Global Pooling: Yes
2025-10-15 03:38:20,072 - ImageNet_Training - INFO - ======================================================================
2025-10-15 03:38:20,072 - ImageNet_Training - INFO - DETAILED MODEL ARCHITECTURE
2025-10-15 03:38:20,072 - ImageNet_Training - INFO - ======================================================================
2025-10-15 03:38:20,072 - ImageNet_Training - INFO - ==========================================================================================
2025-10-15 03:38:20,072 - ImageNet_Training - INFO - Layer (type:depth-idx)                   Output Shape              Param #
2025-10-15 03:38:20,072 - ImageNet_Training - INFO - ==========================================================================================
2025-10-15 03:38:20,072 - ImageNet_Training - INFO - ├─Conv2d: 1-1                            [-1, 64, 112, 112]        9,408
2025-10-15 03:38:20,072 - ImageNet_Training - INFO - ├─BatchNorm2d: 1-2                       [-1, 64, 112, 112]        128
2025-10-15 03:38:20,072 - ImageNet_Training - INFO - ├─ReLU: 1-3                              [-1, 64, 112, 112]        --
2025-10-15 03:38:20,072 - ImageNet_Training - INFO - ├─MaxPool2d: 1-4                         [-1, 64, 56, 56]          --
2025-10-15 03:38:20,072 - ImageNet_Training - INFO - ├─Sequential: 1-5                        [-1, 256, 56, 56]         --
2025-10-15 03:38:20,072 - ImageNet_Training - INFO - |    └─BottleneckBlock: 2-1              [-1, 256, 56, 56]         --
2025-10-15 03:38:20,072 - ImageNet_Training - INFO - |    |    └─Conv2d: 3-1                  [-1, 64, 56, 56]          4,096
2025-10-15 03:38:20,072 - ImageNet_Training - INFO - |    |    └─BatchNorm2d: 3-2             [-1, 64, 56, 56]          128
2025-10-15 03:38:20,072 - ImageNet_Training - INFO - |    |    └─ReLU: 3-3                    [-1, 64, 56, 56]          --
2025-10-15 03:38:20,072 - ImageNet_Training - INFO - |    |    └─Conv2d: 3-4                  [-1, 64, 56, 56]          36,864
2025-10-15 03:38:20,072 - ImageNet_Training - INFO - |    |    └─BatchNorm2d: 3-5             [-1, 64, 56, 56]          128
2025-10-15 03:38:20,073 - ImageNet_Training - INFO - |    |    └─ReLU: 3-6                    [-1, 64, 56, 56]          --
2025-10-15 03:38:20,073 - ImageNet_Training - INFO - |    |    └─Conv2d: 3-7                  [-1, 256, 56, 56]         16,384
2025-10-15 03:38:20,073 - ImageNet_Training - INFO - |    |    └─BatchNorm2d: 3-8             [-1, 256, 56, 56]         512
2025-10-15 03:38:20,073 - ImageNet_Training - INFO - |    |    └─Sequential: 3-9              [-1, 256, 56, 56]         16,896
2025-10-15 03:38:20,073 - ImageNet_Training - INFO - |    |    └─ReLU: 3-10                   [-1, 256, 56, 56]         --
2025-10-15 03:38:20,073 - ImageNet_Training - INFO - |    └─BottleneckBlock: 2-2              [-1, 256, 56, 56]         --
2025-10-15 03:38:20,073 - ImageNet_Training - INFO - |    |    └─Conv2d: 3-11                 [-1, 64, 56, 56]          16,384
2025-10-15 03:38:20,073 - ImageNet_Training - INFO - |    |    └─BatchNorm2d: 3-12            [-1, 64, 56, 56]          128
2025-10-15 03:38:20,073 - ImageNet_Training - INFO - |    |    └─ReLU: 3-13                   [-1, 64, 56, 56]          --
2025-10-15 03:38:20,073 - ImageNet_Training - INFO - |    |    └─Conv2d: 3-14                 [-1, 64, 56, 56]          36,864
2025-10-15 03:38:20,073 - ImageNet_Training - INFO - |    |    └─BatchNorm2d: 3-15            [-1, 64, 56, 56]          128
2025-10-15 03:38:20,073 - ImageNet_Training - INFO - |    |    └─ReLU: 3-16                   [-1, 64, 56, 56]          --
2025-10-15 03:38:20,073 - ImageNet_Training - INFO - |    |    └─Conv2d: 3-17                 [-1, 256, 56, 56]         16,384
2025-10-15 03:38:20,073 - ImageNet_Training - INFO - |    |    └─BatchNorm2d: 3-18            [-1, 256, 56, 56]         512
2025-10-15 03:38:20,073 - ImageNet_Training - INFO - |    |    └─ReLU: 3-19                   [-1, 256, 56, 56]         --
2025-10-15 03:38:20,073 - ImageNet_Training - INFO - |    └─BottleneckBlock: 2-3              [-1, 256, 56, 56]         --
2025-10-15 03:38:20,073 - ImageNet_Training - INFO - |    |    └─Conv2d: 3-20                 [-1, 64, 56, 56]          16,384
2025-10-15 03:38:20,073 - ImageNet_Training - INFO - |    |    └─BatchNorm2d: 3-21            [-1, 64, 56, 56]          128
2025-10-15 03:38:20,073 - ImageNet_Training - INFO - |    |    └─ReLU: 3-22                   [-1, 64, 56, 56]          --
2025-10-15 03:38:20,073 - ImageNet_Training - INFO - |    |    └─Conv2d: 3-23                 [-1, 64, 56, 56]          36,864
2025-10-15 03:38:20,073 - ImageNet_Training - INFO - |    |    └─BatchNorm2d: 3-24            [-1, 64, 56, 56]          128
2025-10-15 03:38:20,073 - ImageNet_Training - INFO - |    |    └─ReLU: 3-25                   [-1, 64, 56, 56]          --
2025-10-15 03:38:20,073 - ImageNet_Training - INFO - |    |    └─Conv2d: 3-26                 [-1, 256, 56, 56]         16,384
2025-10-15 03:38:20,073 - ImageNet_Training - INFO - |    |    └─BatchNorm2d: 3-27            [-1, 256, 56, 56]         512
2025-10-15 03:38:20,073 - ImageNet_Training - INFO - |    |    └─ReLU: 3-28                   [-1, 256, 56, 56]         --
2025-10-15 03:38:20,073 - ImageNet_Training - INFO - ├─Sequential: 1-6                        [-1, 512, 28, 28]         --
2025-10-15 03:38:20,073 - ImageNet_Training - INFO - |    └─BottleneckBlock: 2-4              [-1, 512, 28, 28]         --
2025-10-15 03:38:20,073 - ImageNet_Training - INFO - |    |    └─Conv2d: 3-29                 [-1, 128, 56, 56]         32,768
2025-10-15 03:38:20,073 - ImageNet_Training - INFO - |    |    └─BatchNorm2d: 3-30            [-1, 128, 56, 56]         256
2025-10-15 03:38:20,073 - ImageNet_Training - INFO - |    |    └─ReLU: 3-31                   [-1, 128, 56, 56]         --
2025-10-15 03:38:20,073 - ImageNet_Training - INFO - |    |    └─Conv2d: 3-32                 [-1, 128, 28, 28]         147,456
2025-10-15 03:38:20,073 - ImageNet_Training - INFO - |    |    └─BatchNorm2d: 3-33            [-1, 128, 28, 28]         256
2025-10-15 03:38:20,074 - ImageNet_Training - INFO - |    |    └─ReLU: 3-34                   [-1, 128, 28, 28]         --
2025-10-15 03:38:20,074 - ImageNet_Training - INFO - |    |    └─Conv2d: 3-35                 [-1, 512, 28, 28]         65,536
2025-10-15 03:38:20,074 - ImageNet_Training - INFO - |    |    └─BatchNorm2d: 3-36            [-1, 512, 28, 28]         1,024
2025-10-15 03:38:20,074 - ImageNet_Training - INFO - |    |    └─Sequential: 3-37             [-1, 512, 28, 28]         132,096
2025-10-15 03:38:20,074 - ImageNet_Training - INFO - |    |    └─ReLU: 3-38                   [-1, 512, 28, 28]         --
2025-10-15 03:38:20,074 - ImageNet_Training - INFO - |    └─BottleneckBlock: 2-5              [-1, 512, 28, 28]         --
2025-10-15 03:38:20,074 - ImageNet_Training - INFO - |    |    └─Conv2d: 3-39                 [-1, 128, 28, 28]         65,536
2025-10-15 03:38:20,074 - ImageNet_Training - INFO - |    |    └─BatchNorm2d: 3-40            [-1, 128, 28, 28]         256
2025-10-15 03:38:20,074 - ImageNet_Training - INFO - |    |    └─ReLU: 3-41                   [-1, 128, 28, 28]         --
2025-10-15 03:38:20,074 - ImageNet_Training - INFO - |    |    └─Conv2d: 3-42                 [-1, 128, 28, 28]         147,456
2025-10-15 03:38:20,074 - ImageNet_Training - INFO - |    |    └─BatchNorm2d: 3-43            [-1, 128, 28, 28]         256
2025-10-15 03:38:20,074 - ImageNet_Training - INFO - |    |    └─ReLU: 3-44                   [-1, 128, 28, 28]         --
2025-10-15 03:38:20,074 - ImageNet_Training - INFO - |    |    └─Conv2d: 3-45                 [-1, 512, 28, 28]         65,536
2025-10-15 03:38:20,074 - ImageNet_Training - INFO - |    |    └─BatchNorm2d: 3-46            [-1, 512, 28, 28]         1,024
2025-10-15 03:38:20,074 - ImageNet_Training - INFO - |    |    └─ReLU: 3-47                   [-1, 512, 28, 28]         --
2025-10-15 03:38:20,074 - ImageNet_Training - INFO - |    └─BottleneckBlock: 2-6              [-1, 512, 28, 28]         --
2025-10-15 03:38:20,074 - ImageNet_Training - INFO - |    |    └─Conv2d: 3-48                 [-1, 128, 28, 28]         65,536
2025-10-15 03:38:20,074 - ImageNet_Training - INFO - |    |    └─BatchNorm2d: 3-49            [-1, 128, 28, 28]         256
2025-10-15 03:38:20,074 - ImageNet_Training - INFO - |    |    └─ReLU: 3-50                   [-1, 128, 28, 28]         --
2025-10-15 03:38:20,074 - ImageNet_Training - INFO - |    |    └─Conv2d: 3-51                 [-1, 128, 28, 28]         147,456
2025-10-15 03:38:20,074 - ImageNet_Training - INFO - |    |    └─BatchNorm2d: 3-52            [-1, 128, 28, 28]         256
2025-10-15 03:38:20,074 - ImageNet_Training - INFO - |    |    └─ReLU: 3-53                   [-1, 128, 28, 28]         --
2025-10-15 03:38:20,074 - ImageNet_Training - INFO - |    |    └─Conv2d: 3-54                 [-1, 512, 28, 28]         65,536
2025-10-15 03:38:20,074 - ImageNet_Training - INFO - |    |    └─BatchNorm2d: 3-55            [-1, 512, 28, 28]         1,024
2025-10-15 03:38:20,074 - ImageNet_Training - INFO - |    |    └─ReLU: 3-56                   [-1, 512, 28, 28]         --
2025-10-15 03:38:20,074 - ImageNet_Training - INFO - |    └─BottleneckBlock: 2-7              [-1, 512, 28, 28]         --
2025-10-15 03:38:20,074 - ImageNet_Training - INFO - |    |    └─Conv2d: 3-57                 [-1, 128, 28, 28]         65,536
2025-10-15 03:38:20,074 - ImageNet_Training - INFO - |    |    └─BatchNorm2d: 3-58            [-1, 128, 28, 28]         256
2025-10-15 03:38:20,074 - ImageNet_Training - INFO - |    |    └─ReLU: 3-59                   [-1, 128, 28, 28]         --
2025-10-15 03:38:20,074 - ImageNet_Training - INFO - |    |    └─Conv2d: 3-60                 [-1, 128, 28, 28]         147,456
2025-10-15 03:38:20,074 - ImageNet_Training - INFO - |    |    └─BatchNorm2d: 3-61            [-1, 128, 28, 28]         256
2025-10-15 03:38:20,075 - ImageNet_Training - INFO - |    |    └─ReLU: 3-62                   [-1, 128, 28, 28]         --
2025-10-15 03:38:20,075 - ImageNet_Training - INFO - |    |    └─Conv2d: 3-63                 [-1, 512, 28, 28]         65,536
2025-10-15 03:38:20,075 - ImageNet_Training - INFO - |    |    └─BatchNorm2d: 3-64            [-1, 512, 28, 28]         1,024
2025-10-15 03:38:20,075 - ImageNet_Training - INFO - |    |    └─ReLU: 3-65                   [-1, 512, 28, 28]         --
2025-10-15 03:38:20,075 - ImageNet_Training - INFO - ├─Sequential: 1-7                        [-1, 1024, 14, 14]        --
2025-10-15 03:38:20,075 - ImageNet_Training - INFO - |    └─BottleneckBlock: 2-8              [-1, 1024, 14, 14]        --
2025-10-15 03:38:20,075 - ImageNet_Training - INFO - |    |    └─Conv2d: 3-66                 [-1, 256, 28, 28]         131,072
2025-10-15 03:38:20,075 - ImageNet_Training - INFO - |    |    └─BatchNorm2d: 3-67            [-1, 256, 28, 28]         512
2025-10-15 03:38:20,075 - ImageNet_Training - INFO - |    |    └─ReLU: 3-68                   [-1, 256, 28, 28]         --
2025-10-15 03:38:20,075 - ImageNet_Training - INFO - |    |    └─Conv2d: 3-69                 [-1, 256, 14, 14]         589,824
2025-10-15 03:38:20,075 - ImageNet_Training - INFO - |    |    └─BatchNorm2d: 3-70            [-1, 256, 14, 14]         512
2025-10-15 03:38:20,075 - ImageNet_Training - INFO - |    |    └─ReLU: 3-71                   [-1, 256, 14, 14]         --
2025-10-15 03:38:20,075 - ImageNet_Training - INFO - |    |    └─Conv2d: 3-72                 [-1, 1024, 14, 14]        262,144
2025-10-15 03:38:20,075 - ImageNet_Training - INFO - |    |    └─BatchNorm2d: 3-73            [-1, 1024, 14, 14]        2,048
2025-10-15 03:38:20,075 - ImageNet_Training - INFO - |    |    └─Sequential: 3-74             [-1, 1024, 14, 14]        526,336
2025-10-15 03:38:20,075 - ImageNet_Training - INFO - |    |    └─ReLU: 3-75                   [-1, 1024, 14, 14]        --
2025-10-15 03:38:20,075 - ImageNet_Training - INFO - |    └─BottleneckBlock: 2-9              [-1, 1024, 14, 14]        --
2025-10-15 03:38:20,075 - ImageNet_Training - INFO - |    |    └─Conv2d: 3-76                 [-1, 256, 14, 14]         262,144
2025-10-15 03:38:20,075 - ImageNet_Training - INFO - |    |    └─BatchNorm2d: 3-77            [-1, 256, 14, 14]         512
2025-10-15 03:38:20,075 - ImageNet_Training - INFO - |    |    └─ReLU: 3-78                   [-1, 256, 14, 14]         --
2025-10-15 03:38:20,075 - ImageNet_Training - INFO - |    |    └─Conv2d: 3-79                 [-1, 256, 14, 14]         589,824
2025-10-15 03:38:20,075 - ImageNet_Training - INFO - |    |    └─BatchNorm2d: 3-80            [-1, 256, 14, 14]         512
2025-10-15 03:38:20,075 - ImageNet_Training - INFO - |    |    └─ReLU: 3-81                   [-1, 256, 14, 14]         --
2025-10-15 03:38:20,075 - ImageNet_Training - INFO - |    |    └─Conv2d: 3-82                 [-1, 1024, 14, 14]        262,144
2025-10-15 03:38:20,075 - ImageNet_Training - INFO - |    |    └─BatchNorm2d: 3-83            [-1, 1024, 14, 14]        2,048
2025-10-15 03:38:20,075 - ImageNet_Training - INFO - |    |    └─ReLU: 3-84                   [-1, 1024, 14, 14]        --
2025-10-15 03:38:20,075 - ImageNet_Training - INFO - |    └─BottleneckBlock: 2-10             [-1, 1024, 14, 14]        --
2025-10-15 03:38:20,075 - ImageNet_Training - INFO - |    |    └─Conv2d: 3-85                 [-1, 256, 14, 14]         262,144
2025-10-15 03:38:20,075 - ImageNet_Training - INFO - |    |    └─BatchNorm2d: 3-86            [-1, 256, 14, 14]         512
2025-10-15 03:38:20,075 - ImageNet_Training - INFO - |    |    └─ReLU: 3-87                   [-1, 256, 14, 14]         --
2025-10-15 03:38:20,075 - ImageNet_Training - INFO - |    |    └─Conv2d: 3-88                 [-1, 256, 14, 14]         589,824
2025-10-15 03:38:20,075 - ImageNet_Training - INFO - |    |    └─BatchNorm2d: 3-89            [-1, 256, 14, 14]         512
2025-10-15 03:38:20,076 - ImageNet_Training - INFO - |    |    └─ReLU: 3-90                   [-1, 256, 14, 14]         --
2025-10-15 03:38:20,076 - ImageNet_Training - INFO - |    |    └─Conv2d: 3-91                 [-1, 1024, 14, 14]        262,144
2025-10-15 03:38:20,076 - ImageNet_Training - INFO - |    |    └─BatchNorm2d: 3-92            [-1, 1024, 14, 14]        2,048
2025-10-15 03:38:20,076 - ImageNet_Training - INFO - |    |    └─ReLU: 3-93                   [-1, 1024, 14, 14]        --
2025-10-15 03:38:20,076 - ImageNet_Training - INFO - |    └─BottleneckBlock: 2-11             [-1, 1024, 14, 14]        --
2025-10-15 03:38:20,076 - ImageNet_Training - INFO - |    |    └─Conv2d: 3-94                 [-1, 256, 14, 14]         262,144
2025-10-15 03:38:20,076 - ImageNet_Training - INFO - |    |    └─BatchNorm2d: 3-95            [-1, 256, 14, 14]         512
2025-10-15 03:38:20,076 - ImageNet_Training - INFO - |    |    └─ReLU: 3-96                   [-1, 256, 14, 14]         --
2025-10-15 03:38:20,076 - ImageNet_Training - INFO - |    |    └─Conv2d: 3-97                 [-1, 256, 14, 14]         589,824
2025-10-15 03:38:20,076 - ImageNet_Training - INFO - |    |    └─BatchNorm2d: 3-98            [-1, 256, 14, 14]         512
2025-10-15 03:38:20,076 - ImageNet_Training - INFO - |    |    └─ReLU: 3-99                   [-1, 256, 14, 14]         --
2025-10-15 03:38:20,076 - ImageNet_Training - INFO - |    |    └─Conv2d: 3-100                [-1, 1024, 14, 14]        262,144
2025-10-15 03:38:20,076 - ImageNet_Training - INFO - |    |    └─BatchNorm2d: 3-101           [-1, 1024, 14, 14]        2,048
2025-10-15 03:38:20,076 - ImageNet_Training - INFO - |    |    └─ReLU: 3-102                  [-1, 1024, 14, 14]        --
2025-10-15 03:38:20,076 - ImageNet_Training - INFO - |    └─BottleneckBlock: 2-12             [-1, 1024, 14, 14]        --
2025-10-15 03:38:20,076 - ImageNet_Training - INFO - |    |    └─Conv2d: 3-103                [-1, 256, 14, 14]         262,144
2025-10-15 03:38:20,076 - ImageNet_Training - INFO - |    |    └─BatchNorm2d: 3-104           [-1, 256, 14, 14]         512
2025-10-15 03:38:20,076 - ImageNet_Training - INFO - |    |    └─ReLU: 3-105                  [-1, 256, 14, 14]         --
2025-10-15 03:38:20,076 - ImageNet_Training - INFO - |    |    └─Conv2d: 3-106                [-1, 256, 14, 14]         589,824
2025-10-15 03:38:20,076 - ImageNet_Training - INFO - |    |    └─BatchNorm2d: 3-107           [-1, 256, 14, 14]         512
2025-10-15 03:38:20,076 - ImageNet_Training - INFO - |    |    └─ReLU: 3-108                  [-1, 256, 14, 14]         --
2025-10-15 03:38:20,076 - ImageNet_Training - INFO - |    |    └─Conv2d: 3-109                [-1, 1024, 14, 14]        262,144
2025-10-15 03:38:20,076 - ImageNet_Training - INFO - |    |    └─BatchNorm2d: 3-110           [-1, 1024, 14, 14]        2,048
2025-10-15 03:38:20,076 - ImageNet_Training - INFO - |    |    └─ReLU: 3-111                  [-1, 1024, 14, 14]        --
2025-10-15 03:38:20,076 - ImageNet_Training - INFO - |    └─BottleneckBlock: 2-13             [-1, 1024, 14, 14]        --
2025-10-15 03:38:20,076 - ImageNet_Training - INFO - |    |    └─Conv2d: 3-112                [-1, 256, 14, 14]         262,144
2025-10-15 03:38:20,076 - ImageNet_Training - INFO - |    |    └─BatchNorm2d: 3-113           [-1, 256, 14, 14]         512
2025-10-15 03:38:20,076 - ImageNet_Training - INFO - |    |    └─ReLU: 3-114                  [-1, 256, 14, 14]         --
2025-10-15 03:38:20,076 - ImageNet_Training - INFO - |    |    └─Conv2d: 3-115                [-1, 256, 14, 14]         589,824
2025-10-15 03:38:20,076 - ImageNet_Training - INFO - |    |    └─BatchNorm2d: 3-116           [-1, 256, 14, 14]         512
2025-10-15 03:38:20,076 - ImageNet_Training - INFO - |    |    └─ReLU: 3-117                  [-1, 256, 14, 14]         --
2025-10-15 03:38:20,076 - ImageNet_Training - INFO - |    |    └─Conv2d: 3-118                [-1, 1024, 14, 14]        262,144
2025-10-15 03:38:20,076 - ImageNet_Training - INFO - |    |    └─BatchNorm2d: 3-119           [-1, 1024, 14, 14]        2,048
2025-10-15 03:38:20,077 - ImageNet_Training - INFO - |    |    └─ReLU: 3-120                  [-1, 1024, 14, 14]        --
2025-10-15 03:38:20,077 - ImageNet_Training - INFO - ├─Sequential: 1-8                        [-1, 2048, 7, 7]          --
2025-10-15 03:38:20,077 - ImageNet_Training - INFO - |    └─BottleneckBlock: 2-14             [-1, 2048, 7, 7]          --
2025-10-15 03:38:20,077 - ImageNet_Training - INFO - |    |    └─Conv2d: 3-121                [-1, 512, 14, 14]         524,288
2025-10-15 03:38:20,077 - ImageNet_Training - INFO - |    |    └─BatchNorm2d: 3-122           [-1, 512, 14, 14]         1,024
2025-10-15 03:38:20,077 - ImageNet_Training - INFO - |    |    └─ReLU: 3-123                  [-1, 512, 14, 14]         --
2025-10-15 03:38:20,077 - ImageNet_Training - INFO - |    |    └─Conv2d: 3-124                [-1, 512, 7, 7]           2,359,296
2025-10-15 03:38:20,077 - ImageNet_Training - INFO - |    |    └─BatchNorm2d: 3-125           [-1, 512, 7, 7]           1,024
2025-10-15 03:38:20,077 - ImageNet_Training - INFO - |    |    └─ReLU: 3-126                  [-1, 512, 7, 7]           --
2025-10-15 03:38:20,077 - ImageNet_Training - INFO - |    |    └─Conv2d: 3-127                [-1, 2048, 7, 7]          1,048,576
2025-10-15 03:38:20,077 - ImageNet_Training - INFO - |    |    └─BatchNorm2d: 3-128           [-1, 2048, 7, 7]          4,096
2025-10-15 03:38:20,077 - ImageNet_Training - INFO - |    |    └─Sequential: 3-129            [-1, 2048, 7, 7]          2,101,248
2025-10-15 03:38:20,077 - ImageNet_Training - INFO - |    |    └─ReLU: 3-130                  [-1, 2048, 7, 7]          --
2025-10-15 03:38:20,077 - ImageNet_Training - INFO - |    └─BottleneckBlock: 2-15             [-1, 2048, 7, 7]          --
2025-10-15 03:38:20,077 - ImageNet_Training - INFO - |    |    └─Conv2d: 3-131                [-1, 512, 7, 7]           1,048,576
2025-10-15 03:38:20,077 - ImageNet_Training - INFO - |    |    └─BatchNorm2d: 3-132           [-1, 512, 7, 7]           1,024
2025-10-15 03:38:20,077 - ImageNet_Training - INFO - |    |    └─ReLU: 3-133                  [-1, 512, 7, 7]           --
2025-10-15 03:38:20,077 - ImageNet_Training - INFO - |    |    └─Conv2d: 3-134                [-1, 512, 7, 7]           2,359,296
2025-10-15 03:38:20,077 - ImageNet_Training - INFO - |    |    └─BatchNorm2d: 3-135           [-1, 512, 7, 7]           1,024
2025-10-15 03:38:20,077 - ImageNet_Training - INFO - |    |    └─ReLU: 3-136                  [-1, 512, 7, 7]           --
2025-10-15 03:38:20,077 - ImageNet_Training - INFO - |    |    └─Conv2d: 3-137                [-1, 2048, 7, 7]          1,048,576
2025-10-15 03:38:20,077 - ImageNet_Training - INFO - |    |    └─BatchNorm2d: 3-138           [-1, 2048, 7, 7]          4,096
2025-10-15 03:38:20,077 - ImageNet_Training - INFO - |    |    └─ReLU: 3-139                  [-1, 2048, 7, 7]          --
2025-10-15 03:38:20,077 - ImageNet_Training - INFO - |    └─BottleneckBlock: 2-16             [-1, 2048, 7, 7]          --
2025-10-15 03:38:20,077 - ImageNet_Training - INFO - |    |    └─Conv2d: 3-140                [-1, 512, 7, 7]           1,048,576
2025-10-15 03:38:20,077 - ImageNet_Training - INFO - |    |    └─BatchNorm2d: 3-141           [-1, 512, 7, 7]           1,024
2025-10-15 03:38:20,077 - ImageNet_Training - INFO - |    |    └─ReLU: 3-142                  [-1, 512, 7, 7]           --
2025-10-15 03:38:20,077 - ImageNet_Training - INFO - |    |    └─Conv2d: 3-143                [-1, 512, 7, 7]           2,359,296
2025-10-15 03:38:20,077 - ImageNet_Training - INFO - |    |    └─BatchNorm2d: 3-144           [-1, 512, 7, 7]           1,024
2025-10-15 03:38:20,077 - ImageNet_Training - INFO - |    |    └─ReLU: 3-145                  [-1, 512, 7, 7]           --
2025-10-15 03:38:20,077 - ImageNet_Training - INFO - |    |    └─Conv2d: 3-146                [-1, 2048, 7, 7]          1,048,576
2025-10-15 03:38:20,077 - ImageNet_Training - INFO - |    |    └─BatchNorm2d: 3-147           [-1, 2048, 7, 7]          4,096
2025-10-15 03:38:20,077 - ImageNet_Training - INFO - |    |    └─ReLU: 3-148                  [-1, 2048, 7, 7]          --
2025-10-15 03:38:20,078 - ImageNet_Training - INFO - ├─AdaptiveAvgPool2d: 1-9                 [-1, 2048, 1, 1]          --
2025-10-15 03:38:20,078 - ImageNet_Training - INFO - ├─Dropout: 1-10                          [-1, 2048]                --
2025-10-15 03:38:20,078 - ImageNet_Training - INFO - ├─Linear: 1-11                           [-1, 1000]                2,049,000
2025-10-15 03:38:20,078 - ImageNet_Training - INFO - ==========================================================================================
2025-10-15 03:38:20,078 - ImageNet_Training - INFO - Total params: 25,557,032
2025-10-15 03:38:20,078 - ImageNet_Training - INFO - Trainable params: 25,557,032
2025-10-15 03:38:20,078 - ImageNet_Training - INFO - Non-trainable params: 0
2025-10-15 03:38:20,078 - ImageNet_Training - INFO - Total mult-adds (G): 4.14
2025-10-15 03:38:20,078 - ImageNet_Training - INFO - ==========================================================================================
2025-10-15 03:38:20,078 - ImageNet_Training - INFO - Input size (MB): 0.57
2025-10-15 03:38:20,078 - ImageNet_Training - INFO - Forward/backward pass size (MB): 169.59
2025-10-15 03:38:20,078 - ImageNet_Training - INFO - Params size (MB): 97.49
2025-10-15 03:38:20,078 - ImageNet_Training - INFO - Estimated Total Size (MB): 267.66
2025-10-15 03:38:20,078 - ImageNet_Training - INFO - ==========================================================================================
2025-10-15 03:38:20,078 - ImageNet_Training - INFO - ======================================================================
2025-10-15 03:38:20,078 - ImageNet_Training - INFO - Initializing trainer...
2025-10-15 03:38:20,079 - ImageNet_Training - INFO - Using device: cuda
2025-10-15 03:38:20,079 - ImageNet_Training - INFO - Loss function: CrossEntropyLoss
2025-10-15 03:38:20,079 - ImageNet_Training - INFO - Mixed Precision (AMP): True
2025-10-15 03:38:20,079 - ImageNet_Training - INFO - Gradient Accumulation Steps: 4
2025-10-15 03:38:20,079 - ImageNet_Training - INFO - Starting training...
2025-10-15 03:38:20,079 - ImageNet_Training - INFO - Initializing training...
2025-10-15 03:38:20,080 - ImageNet_Training - INFO - Starting Epoch 1/100
2025-10-15 03:54:47,717 - ImageNet_Training - INFO - Epoch   1: Train Loss: 6.7076, Train Top-1: 0.59%, Train Top-5: 2.52% | Test Loss: 6.4127, Test Top-1: 1.60%, Test Top-5: 6.06% | LR: 0.050000 | Gap: -1.01% | GPU: 3111MB
2025-10-15 03:54:47,971 - ImageNet_Training - INFO - Saved BEST MODEL: /home/ubuntu/repos/Learnings/MNIST_Model/Reference/ImageNet_ResNet50/experiments/phase1_subset_20pct/models/best_checkpoint_epoch001.pt
2025-10-15 03:54:47,972 - ImageNet_Training - INFO - Starting Epoch 2/100
2025-10-15 04:11:15,147 - ImageNet_Training - INFO - Epoch   2: Train Loss: 6.0790, Train Top-1: 2.70%, Train Top-5: 9.38% | Test Loss: 6.5507, Test Top-1: 4.24%, Test Top-5: 13.78% | LR: 0.050000 | Gap: -1.54% | GPU: 3111MB
2025-10-15 04:11:15,419 - ImageNet_Training - INFO - Saved BEST MODEL: /home/ubuntu/repos/Learnings/MNIST_Model/Reference/ImageNet_ResNet50/experiments/phase1_subset_20pct/models/best_checkpoint_epoch002.pt
2025-10-15 04:11:15,420 - ImageNet_Training - INFO - Starting Epoch 3/100
2025-10-15 04:27:42,054 - ImageNet_Training - INFO - Epoch   3: Train Loss: 5.7056, Train Top-1: 5.52%, Train Top-5: 16.42% | Test Loss: 5.6916, Test Top-1: 7.42%, Test Top-5: 20.86% | LR: 0.050000 | Gap: -1.89% | GPU: 3111MB
2025-10-15 04:27:42,361 - ImageNet_Training - INFO - Saved BEST MODEL: /home/ubuntu/repos/Learnings/MNIST_Model/Reference/ImageNet_ResNet50/experiments/phase1_subset_20pct/models/best_checkpoint_epoch003.pt
2025-10-15 04:27:42,361 - ImageNet_Training - INFO - Starting Epoch 4/100
2025-10-15 04:44:10,534 - ImageNet_Training - INFO - Epoch   4: Train Loss: 5.4118, Train Top-1: 8.55%, Train Top-5: 22.85% | Test Loss: 5.4332, Test Top-1: 8.24%, Test Top-5: 22.67% | LR: 0.050000 | Gap: 0.31% | GPU: 3111MB
2025-10-15 04:44:10,774 - ImageNet_Training - INFO - Saved BEST MODEL: /home/ubuntu/repos/Learnings/MNIST_Model/Reference/ImageNet_ResNet50/experiments/phase1_subset_20pct/models/best_checkpoint_epoch004.pt
2025-10-15 04:44:10,775 - ImageNet_Training - INFO - Starting Epoch 5/100
2025-10-15 05:00:38,586 - ImageNet_Training - INFO - Epoch   5: Train Loss: 5.1655, Train Top-1: 11.45%, Train Top-5: 28.36% | Test Loss: 5.2744, Test Top-1: 14.43%, Test Top-5: 34.34% | LR: 0.050000 | Gap: -2.98% | GPU: 3111MB
2025-10-15 05:00:38,908 - ImageNet_Training - INFO - Saved BEST MODEL: /home/ubuntu/repos/Learnings/MNIST_Model/Reference/ImageNet_ResNet50/experiments/phase1_subset_20pct/models/best_checkpoint_epoch005.pt
2025-10-15 05:00:39,178 - ImageNet_Training - INFO - Saved Checkpoint (Epoch 5): /home/ubuntu/repos/Learnings/MNIST_Model/Reference/ImageNet_ResNet50/experiments/phase1_subset_20pct/models/checkpoint_epoch005.pt
2025-10-15 05:00:39,179 - ImageNet_Training - INFO - Starting Epoch 6/100
2025-10-15 05:17:06,535 - ImageNet_Training - INFO - Epoch   6: Train Loss: 4.9659, Train Top-1: 14.03%, Train Top-5: 33.03% | Test Loss: 4.8839, Test Top-1: 16.20%, Test Top-5: 37.32% | LR: 0.050000 | Gap: -2.17% | GPU: 3111MB
2025-10-15 05:17:06,776 - ImageNet_Training - INFO - Saved BEST MODEL: /home/ubuntu/repos/Learnings/MNIST_Model/Reference/ImageNet_ResNet50/experiments/phase1_subset_20pct/models/best_checkpoint_epoch006.pt
2025-10-15 05:17:06,777 - ImageNet_Training - INFO - Starting Epoch 7/100
