2025-09-27 05:09:04,700 - MNIST_Training - INFO - Logger initialized. Log file: C:\Users\krish\Documents\Krishnakanth\Learnings\Learnings\MNIST_Model\Reference\ERAS6\Model_Evolution\Fine_Tuning\logs\20250927_050904_mnist_training.log
2025-09-27 05:09:04,700 - MNIST_Training - INFO - Updated Configuration (from main()):
2025-09-27 05:09:04,700 - MNIST_Training - INFO -   - Epochs: 20
2025-09-27 05:09:04,700 - MNIST_Training - INFO -   - Learning Rate: 0.04
2025-09-27 05:09:04,700 - MNIST_Training - INFO -   - Momentum: 0.9
2025-09-27 05:09:04,700 - MNIST_Training - INFO -   - Weight Decay: 0.0
2025-09-27 05:09:04,700 - MNIST_Training - INFO -   - Scheduler Step Size: 10
2025-09-27 05:09:04,700 - MNIST_Training - INFO -   - Scheduler Gamma: 0.1
2025-09-27 05:09:04,700 - MNIST_Training - INFO -   - Batch Size: 64
2025-09-27 05:09:04,700 - MNIST_Training - INFO -   - Num Workers: 4
2025-09-27 05:09:04,700 - MNIST_Training - INFO -   - Pin Memory: True
2025-09-27 05:09:04,700 - MNIST_Training - INFO -   - Shuffle: True
2025-09-27 05:09:04,700 - MNIST_Training - INFO -   - Dropout Rate: 0.05
2025-09-27 05:09:04,700 - MNIST_Training - INFO -   - Device: CUDA
2025-09-27 05:09:04,707 - MNIST_Training - INFO -   - Log Directory: C:\Users\krish\Documents\Krishnakanth\Learnings\Learnings\MNIST_Model\Reference\ERAS6\Model_Evolution\Fine_Tuning\logs
2025-09-27 05:09:04,707 - MNIST_Training - INFO -   - Model Save Directory: C:\Users\krish\Documents\Krishnakanth\Learnings\Learnings\MNIST_Model\Reference\ERAS6\Model_Evolution\Fine_Tuning\models
2025-09-27 05:09:04,707 - MNIST_Training - INFO -   - Save Model: True
2025-09-27 05:09:04,707 - MNIST_Training - INFO -   - Log Level: DEBUG
2025-09-27 05:09:04,707 - MNIST_Training - INFO - ==================================================
2025-09-27 05:09:04,707 - MNIST_Training - INFO - ==================================================
2025-09-27 05:09:04,709 - MNIST_Training - INFO - MNIST TRAINING EXPERIMENT STARTED
2025-09-27 05:09:04,709 - MNIST_Training - INFO - ==================================================
2025-09-27 05:09:04,709 - MNIST_Training - INFO - Data Config: DataConfig(data_dir='./data', batch_size=64, num_workers=4, pin_memory=True, shuffle=True, mean=(0.1307,), std=(0.3081,), rotation_range=(-7.0, 7.0), fill_value=1)
2025-09-27 05:09:04,709 - MNIST_Training - INFO - Model Config: ModelConfig(input_channels=1, input_size=(28, 28), num_classes=10, dropout_rate=0.05)
2025-09-27 05:09:04,709 - MNIST_Training - INFO - Training Config: TrainingConfig(epochs=20, learning_rate=0.04, momentum=0.9, weight_decay=0.0, scheduler_step_size=10, scheduler_gamma=0.1, seed=1)
2025-09-27 05:09:04,709 - MNIST_Training - INFO - ==================================================
2025-09-27 05:09:04,709 - MNIST_Training - INFO - Setting up data...
2025-09-27 05:09:04,709 - MNIST_Training - INFO - Loading MNIST dataset...
2025-09-27 05:09:04,763 - MNIST_Training - INFO - Dataset loaded successfully!
2025-09-27 05:09:04,763 - MNIST_Training - INFO - Train samples: 60000
2025-09-27 05:09:04,763 - MNIST_Training - INFO - Test samples: 10000
2025-09-27 05:09:04,763 - MNIST_Training - INFO - Computing data statistics...
2025-09-27 05:09:04,884 - MNIST_Training - INFO - Data Statistics:
2025-09-27 05:09:04,884 - MNIST_Training - INFO -   - Shape: torch.Size([60000, 28, 28])
2025-09-27 05:09:04,886 - MNIST_Training - INFO -   - Size: 47,040,000
2025-09-27 05:09:04,886 - MNIST_Training - INFO -   - Min: 0.0000
2025-09-27 05:09:04,886 - MNIST_Training - INFO -   - Max: 1.0000
2025-09-27 05:09:04,886 - MNIST_Training - INFO -   - Mean: 0.1307
2025-09-27 05:09:04,886 - MNIST_Training - INFO -   - Std: 0.3081
2025-09-27 05:09:04,886 - MNIST_Training - INFO -   - Variance: 0.0949
2025-09-27 05:09:08,883 - MNIST_Training - INFO - Batch Information:
2025-09-27 05:09:08,883 - MNIST_Training - INFO -   - Batch size: 64
2025-09-27 05:09:08,883 - MNIST_Training - INFO -   - Image shape: torch.Size([1, 28, 28])
2025-09-27 05:09:08,883 - MNIST_Training - INFO -   - Label shape: torch.Size([64])
2025-09-27 05:09:08,883 - MNIST_Training - INFO -   - Data type: torch.float32
2025-09-27 05:09:09,896 - MNIST_Training - INFO - Getting input size from data loader...
2025-09-27 05:09:13,009 - MNIST_Training - INFO - Input size from data loader: (1, 28, 28)
2025-09-27 05:09:14,112 - MNIST_Training - INFO - Setting up model...
2025-09-27 05:09:14,128 - MNIST_Training - INFO - Generating model summary...
2025-09-27 05:09:14,307 - MNIST_Training - INFO - Model Architecture Summary:
2025-09-27 05:09:14,307 - MNIST_Training - INFO -   - Total Parameters: 7,974
2025-09-27 05:09:14,307 - MNIST_Training - INFO -   - Batch Normalization: Yes
2025-09-27 05:09:14,307 - MNIST_Training - INFO -   - Dropout: Yes
2025-09-27 05:09:14,307 - MNIST_Training - INFO -   - GAP Layers: Yes
2025-09-27 05:09:14,307 - MNIST_Training - INFO -   - FC Layers: Yes
2025-09-27 05:09:14,307 - MNIST_Training - INFO - ==================================================
2025-09-27 05:09:14,307 - MNIST_Training - INFO - DETAILED MODEL ARCHITECTURE SUMMARY
2025-09-27 05:09:14,323 - MNIST_Training - INFO - ==================================================
2025-09-27 05:09:14,323 - MNIST_Training - INFO - ----------------------------------------------------------------
2025-09-27 05:09:14,323 - MNIST_Training - INFO -         Layer (type)               Output Shape         Param #
2025-09-27 05:09:14,323 - MNIST_Training - INFO - ================================================================
2025-09-27 05:09:14,323 - MNIST_Training - INFO -             Conv2d-1           [-1, 12, 28, 28]             108
2025-09-27 05:09:14,323 - MNIST_Training - INFO -        BatchNorm2d-2           [-1, 12, 28, 28]              24
2025-09-27 05:09:14,323 - MNIST_Training - INFO -               ReLU-3           [-1, 12, 28, 28]               0
2025-09-27 05:09:14,323 - MNIST_Training - INFO -             Conv2d-4           [-1, 12, 28, 28]           1,296
2025-09-27 05:09:14,323 - MNIST_Training - INFO -        BatchNorm2d-5           [-1, 12, 28, 28]              24
2025-09-27 05:09:14,323 - MNIST_Training - INFO -               ReLU-6           [-1, 12, 28, 28]               0
2025-09-27 05:09:14,323 - MNIST_Training - INFO -            Dropout-7           [-1, 12, 28, 28]               0
2025-09-27 05:09:14,323 - MNIST_Training - INFO -             Conv2d-8           [-1, 12, 28, 28]           1,296
2025-09-27 05:09:14,323 - MNIST_Training - INFO -        BatchNorm2d-9           [-1, 12, 28, 28]              24
2025-09-27 05:09:14,323 - MNIST_Training - INFO -              ReLU-10           [-1, 12, 28, 28]               0
2025-09-27 05:09:14,323 - MNIST_Training - INFO -           Dropout-11           [-1, 12, 28, 28]               0
2025-09-27 05:09:14,323 - MNIST_Training - INFO -         MaxPool2d-12           [-1, 12, 14, 14]               0
2025-09-27 05:09:14,323 - MNIST_Training - INFO -            Conv2d-13           [-1, 10, 14, 14]           1,080
2025-09-27 05:09:14,323 - MNIST_Training - INFO -       BatchNorm2d-14           [-1, 10, 14, 14]              20
2025-09-27 05:09:14,323 - MNIST_Training - INFO -              ReLU-15           [-1, 10, 14, 14]               0
2025-09-27 05:09:14,323 - MNIST_Training - INFO -           Dropout-16           [-1, 10, 14, 14]               0
2025-09-27 05:09:14,323 - MNIST_Training - INFO -            Conv2d-17           [-1, 10, 14, 14]             900
2025-09-27 05:09:14,323 - MNIST_Training - INFO -       BatchNorm2d-18           [-1, 10, 14, 14]              20
2025-09-27 05:09:14,323 - MNIST_Training - INFO -              ReLU-19           [-1, 10, 14, 14]               0
2025-09-27 05:09:14,323 - MNIST_Training - INFO -           Dropout-20           [-1, 10, 14, 14]               0
2025-09-27 05:09:14,323 - MNIST_Training - INFO -         MaxPool2d-21             [-1, 10, 7, 7]               0
2025-09-27 05:09:14,323 - MNIST_Training - INFO -            Conv2d-22             [-1, 16, 5, 5]           1,440
2025-09-27 05:09:14,323 - MNIST_Training - INFO -       BatchNorm2d-23             [-1, 16, 5, 5]              32
2025-09-27 05:09:14,323 - MNIST_Training - INFO -              ReLU-24             [-1, 16, 5, 5]               0
2025-09-27 05:09:14,323 - MNIST_Training - INFO -           Dropout-25             [-1, 16, 5, 5]               0
2025-09-27 05:09:14,323 - MNIST_Training - INFO -            Conv2d-26              [-1, 8, 3, 3]           1,152
2025-09-27 05:09:14,323 - MNIST_Training - INFO -       BatchNorm2d-27              [-1, 8, 3, 3]              16
2025-09-27 05:09:14,323 - MNIST_Training - INFO -              ReLU-28              [-1, 8, 3, 3]               0
2025-09-27 05:09:14,323 - MNIST_Training - INFO -           Dropout-29              [-1, 8, 3, 3]               0
2025-09-27 05:09:14,323 - MNIST_Training - INFO -         AvgPool2d-30              [-1, 8, 1, 1]               0
2025-09-27 05:09:14,323 - MNIST_Training - INFO -            Linear-31                   [-1, 28]             252
2025-09-27 05:09:14,323 - MNIST_Training - INFO -            Linear-32                   [-1, 10]             290
2025-09-27 05:09:14,323 - MNIST_Training - INFO - ================================================================
2025-09-27 05:09:14,323 - MNIST_Training - INFO - Total params: 7,974
2025-09-27 05:09:14,323 - MNIST_Training - INFO - Trainable params: 7,974
2025-09-27 05:09:14,323 - MNIST_Training - INFO - Non-trainable params: 0
2025-09-27 05:09:14,323 - MNIST_Training - INFO - ----------------------------------------------------------------
2025-09-27 05:09:14,323 - MNIST_Training - INFO - Input size (MB): 0.00
2025-09-27 05:09:14,327 - MNIST_Training - INFO - Forward/backward pass size (MB): 0.95
2025-09-27 05:09:14,327 - MNIST_Training - INFO - Params size (MB): 0.03
2025-09-27 05:09:14,327 - MNIST_Training - INFO - Estimated Total Size (MB): 0.98
2025-09-27 05:09:14,327 - MNIST_Training - INFO - ----------------------------------------------------------------
2025-09-27 05:09:14,327 - MNIST_Training - INFO - ==================================================
2025-09-27 05:09:14,327 - MNIST_Training - INFO - Setting up trainer...
2025-09-27 05:09:14,329 - MNIST_Training - INFO - Using device: cuda
2025-09-27 05:09:14,329 - MNIST_Training - INFO - Starting training process...
2025-09-27 05:09:14,329 - MNIST_Training - INFO - Starting training process...
2025-09-27 05:09:14,330 - MNIST_Training - INFO - Starting Epoch 1/20
2025-09-27 05:09:32,751 - MNIST_Training - INFO - Epoch  1: Train Loss: 0.3126, Train Acc: 89.82%, Test Loss: 0.0597, Test Acc: 98.22%
2025-09-27 05:09:32,751 - MNIST_Training - INFO - Starting Epoch 2/20
2025-09-27 05:09:50,890 - MNIST_Training - INFO - Epoch  2: Train Loss: 0.0949, Train Acc: 97.18%, Test Loss: 0.0667, Test Acc: 97.94%
2025-09-27 05:09:50,890 - MNIST_Training - INFO - Starting Epoch 3/20
2025-09-27 05:10:12,099 - MNIST_Training - INFO - Epoch  3: Train Loss: 0.0724, Train Acc: 97.84%, Test Loss: 0.0405, Test Acc: 98.69%
2025-09-27 05:10:12,099 - MNIST_Training - INFO - Starting Epoch 4/20
2025-09-27 05:10:30,529 - MNIST_Training - INFO - Epoch  4: Train Loss: 0.0619, Train Acc: 98.14%, Test Loss: 0.0353, Test Acc: 98.85%
2025-09-27 05:10:30,529 - MNIST_Training - INFO - Starting Epoch 5/20
2025-09-27 05:10:50,081 - MNIST_Training - INFO - Epoch  5: Train Loss: 0.0579, Train Acc: 98.20%, Test Loss: 0.0308, Test Acc: 99.05%
2025-09-27 05:10:50,081 - MNIST_Training - INFO - Starting Epoch 6/20
2025-09-27 05:11:12,889 - MNIST_Training - INFO - Epoch  6: Train Loss: 0.0543, Train Acc: 98.36%, Test Loss: 0.0331, Test Acc: 98.88%
2025-09-27 05:11:12,889 - MNIST_Training - INFO - Starting Epoch 7/20
2025-09-27 05:11:31,105 - MNIST_Training - INFO - Epoch  7: Train Loss: 0.0495, Train Acc: 98.55%, Test Loss: 0.0229, Test Acc: 99.18%
2025-09-27 05:11:31,105 - MNIST_Training - INFO - Starting Epoch 8/20
2025-09-27 05:11:50,118 - MNIST_Training - INFO - Epoch  8: Train Loss: 0.0461, Train Acc: 98.60%, Test Loss: 0.0271, Test Acc: 99.21%
2025-09-27 05:11:50,118 - MNIST_Training - INFO - Starting Epoch 9/20
2025-09-27 05:12:13,076 - MNIST_Training - INFO - Epoch  9: Train Loss: 0.0454, Train Acc: 98.66%, Test Loss: 0.0246, Test Acc: 99.22%
2025-09-27 05:12:13,076 - MNIST_Training - INFO - Starting Epoch 10/20
2025-09-27 05:12:32,259 - MNIST_Training - INFO - Epoch 10: Train Loss: 0.0424, Train Acc: 98.69%, Test Loss: 0.0239, Test Acc: 99.18%
2025-09-27 05:12:32,259 - MNIST_Training - INFO - Starting Epoch 11/20
2025-09-27 05:12:51,667 - MNIST_Training - INFO - Epoch 11: Train Loss: 0.0307, Train Acc: 99.04%, Test Loss: 0.0185, Test Acc: 99.41%
2025-09-27 05:12:51,667 - MNIST_Training - INFO - Starting Epoch 12/20
2025-09-27 05:13:13,546 - MNIST_Training - INFO - Epoch 12: Train Loss: 0.0291, Train Acc: 99.08%, Test Loss: 0.0184, Test Acc: 99.43%
2025-09-27 05:13:13,546 - MNIST_Training - INFO - Starting Epoch 13/20
2025-09-27 05:13:32,605 - MNIST_Training - INFO - Epoch 13: Train Loss: 0.0284, Train Acc: 99.13%, Test Loss: 0.0173, Test Acc: 99.45%
2025-09-27 05:13:32,605 - MNIST_Training - INFO - Starting Epoch 14/20
2025-09-27 05:13:51,854 - MNIST_Training - INFO - Epoch 14: Train Loss: 0.0287, Train Acc: 99.09%, Test Loss: 0.0172, Test Acc: 99.52%
2025-09-27 05:13:51,854 - MNIST_Training - INFO - Starting Epoch 15/20
2025-09-27 05:14:14,569 - MNIST_Training - INFO - Epoch 15: Train Loss: 0.0268, Train Acc: 99.15%, Test Loss: 0.0174, Test Acc: 99.44%
2025-09-27 05:14:14,569 - MNIST_Training - INFO - Starting Epoch 16/20
2025-09-27 05:14:33,848 - MNIST_Training - INFO - Epoch 16: Train Loss: 0.0275, Train Acc: 99.13%, Test Loss: 0.0166, Test Acc: 99.47%
2025-09-27 05:14:33,848 - MNIST_Training - INFO - Starting Epoch 17/20
2025-09-27 05:14:53,235 - MNIST_Training - INFO - Epoch 17: Train Loss: 0.0280, Train Acc: 99.20%, Test Loss: 0.0170, Test Acc: 99.45%
2025-09-27 05:14:53,235 - MNIST_Training - INFO - Starting Epoch 18/20
2025-09-27 05:15:16,327 - MNIST_Training - INFO - Epoch 18: Train Loss: 0.0275, Train Acc: 99.13%, Test Loss: 0.0165, Test Acc: 99.54%
2025-09-27 05:15:16,327 - MNIST_Training - INFO - Starting Epoch 19/20
2025-09-27 05:15:35,207 - MNIST_Training - INFO - Epoch 19: Train Loss: 0.0257, Train Acc: 99.21%, Test Loss: 0.0161, Test Acc: 99.51%
2025-09-27 05:15:35,207 - MNIST_Training - INFO - Starting Epoch 20/20
2025-09-27 05:15:53,624 - MNIST_Training - INFO - Epoch 20: Train Loss: 0.0279, Train Acc: 99.12%, Test Loss: 0.0155, Test Acc: 99.53%
2025-09-27 05:15:53,624 - MNIST_Training - INFO - Training completed!
2025-09-27 05:15:53,624 - MNIST_Training - INFO - Final Results: {'final_train_loss': 0.02789857661873941, 'final_test_loss': 0.015468245080532506, 'final_train_accuracy': 99.125, 'final_test_accuracy': 99.53, 'best_test_accuracy': 99.54}
2025-09-27 05:15:54,198 - MNIST_Training - INFO - Training curves saved to: C:\Users\krish\Documents\Krishnakanth\Learnings\Learnings\MNIST_Model\Reference\ERAS6\Model_Evolution\Fine_Tuning\logs\training_curves_20250927_051553.png
2025-09-27 05:16:02,007 - MNIST_Training - INFO - Model saved to: C:\Users\krish\Documents\Krishnakanth\Learnings\Learnings\MNIST_Model\Reference\ERAS6\Model_Evolution\Fine_Tuning\models\mnist_model_20250927_051601.pth
2025-09-27 05:16:02,007 - MNIST_Training - INFO - ==================================================
2025-09-27 05:16:02,007 - MNIST_Training - INFO - TRAINING PIPELINE COMPLETED SUCCESSFULLY
2025-09-27 05:16:02,007 - MNIST_Training - INFO - ==================================================
2025-09-27 05:16:02,007 - MNIST_Training - INFO - Final Metrics: {'final_train_loss': 0.02789857661873941, 'final_test_loss': 0.015468245080532506, 'final_train_accuracy': 99.125, 'final_test_accuracy': 99.53, 'best_test_accuracy': 99.54}
