2025-09-27 07:38:40,031 - MNIST_Training - INFO - Logger initialized. Log file: C:\Users\krish\Documents\Krishnakanth\Learnings\Learnings\MNIST_Model\Reference\ERAS6\Model_Evolution\Fine_Tuning\logs\20250927_073840_mnist_training.log
2025-09-27 07:38:40,031 - MNIST_Training - INFO - Updated Configuration (from main()):
2025-09-27 07:38:40,031 - MNIST_Training - INFO -   - Epochs: 20
2025-09-27 07:38:40,031 - MNIST_Training - INFO -   - Learning Rate: 0.005
2025-09-27 07:38:40,031 - MNIST_Training - INFO -   - Momentum: 0.9
2025-09-27 07:38:40,033 - MNIST_Training - INFO -   - Weight Decay: 0.0
2025-09-27 07:38:40,033 - MNIST_Training - INFO -   - Scheduler Step Size: 10
2025-09-27 07:38:40,033 - MNIST_Training - INFO -   - Scheduler Gamma: 0.1
2025-09-27 07:38:40,033 - MNIST_Training - INFO -   - Batch Size: 512
2025-09-27 07:38:40,034 - MNIST_Training - INFO -   - Num Workers: 4
2025-09-27 07:38:40,034 - MNIST_Training - INFO -   - Pin Memory: True
2025-09-27 07:38:40,034 - MNIST_Training - INFO -   - Shuffle: True
2025-09-27 07:38:40,035 - MNIST_Training - INFO -   - Dropout Rate: 0.05
2025-09-27 07:38:40,035 - MNIST_Training - INFO -   - Device: CUDA
2025-09-27 07:38:40,035 - MNIST_Training - INFO -   - Log Directory: C:\Users\krish\Documents\Krishnakanth\Learnings\Learnings\MNIST_Model\Reference\ERAS6\Model_Evolution\Fine_Tuning\logs
2025-09-27 07:38:40,035 - MNIST_Training - INFO -   - Model Save Directory: C:\Users\krish\Documents\Krishnakanth\Learnings\Learnings\MNIST_Model\Reference\ERAS6\Model_Evolution\Fine_Tuning\models
2025-09-27 07:38:40,035 - MNIST_Training - INFO -   - Save Model: True
2025-09-27 07:38:40,036 - MNIST_Training - INFO -   - Log Level: DEBUG
2025-09-27 07:38:40,036 - MNIST_Training - INFO - ==================================================
2025-09-27 07:38:40,037 - MNIST_Training - INFO - ==================================================
2025-09-27 07:38:40,037 - MNIST_Training - INFO - MNIST TRAINING EXPERIMENT STARTED
2025-09-27 07:38:40,038 - MNIST_Training - INFO - ==================================================
2025-09-27 07:38:40,038 - MNIST_Training - INFO - Data Config: DataConfig(data_dir='./data', batch_size=512, num_workers=4, pin_memory=True, shuffle=True, mean=(0.1307,), std=(0.3081,), rotation_range=(-7.0, 7.0), fill_value=1)
2025-09-27 07:38:40,038 - MNIST_Training - INFO - Model Config: ModelConfig(input_channels=1, input_size=(28, 28), num_classes=10, dropout_rate=0.05)
2025-09-27 07:38:40,038 - MNIST_Training - INFO - Training Config: TrainingConfig(epochs=20, learning_rate=0.005, momentum=0.9, weight_decay=0.0, scheduler_step_size=10, scheduler_gamma=0.1, seed=1)
2025-09-27 07:38:40,038 - MNIST_Training - INFO - ==================================================
2025-09-27 07:38:40,038 - MNIST_Training - INFO - Setting up data...
2025-09-27 07:38:40,038 - MNIST_Training - INFO - Loading MNIST dataset...
2025-09-27 07:38:40,149 - MNIST_Training - INFO - Dataset loaded successfully!
2025-09-27 07:38:40,150 - MNIST_Training - INFO - Train samples: 60000
2025-09-27 07:38:40,150 - MNIST_Training - INFO - Test samples: 10000
2025-09-27 07:38:40,150 - MNIST_Training - INFO - Computing data statistics...
2025-09-27 07:38:40,256 - MNIST_Training - INFO - Data Statistics:
2025-09-27 07:38:40,256 - MNIST_Training - INFO -   - Shape: torch.Size([60000, 28, 28])
2025-09-27 07:38:40,257 - MNIST_Training - INFO -   - Size: 47,040,000
2025-09-27 07:38:40,257 - MNIST_Training - INFO -   - Min: 0.0000
2025-09-27 07:38:40,258 - MNIST_Training - INFO -   - Max: 1.0000
2025-09-27 07:38:40,258 - MNIST_Training - INFO -   - Mean: 0.1307
2025-09-27 07:38:40,258 - MNIST_Training - INFO -   - Std: 0.3081
2025-09-27 07:38:40,258 - MNIST_Training - INFO -   - Variance: 0.0949
2025-09-27 07:38:46,941 - MNIST_Training - INFO - Batch Information:
2025-09-27 07:38:46,943 - MNIST_Training - INFO -   - Batch size: 512
2025-09-27 07:38:46,946 - MNIST_Training - INFO -   - Image shape: torch.Size([1, 28, 28])
2025-09-27 07:38:46,948 - MNIST_Training - INFO -   - Label shape: torch.Size([512])
2025-09-27 07:38:46,951 - MNIST_Training - INFO -   - Data type: torch.float32
2025-09-27 07:38:48,314 - MNIST_Training - INFO - Getting input size from data loader...
2025-09-27 07:38:52,729 - MNIST_Training - INFO - Input size from data loader: (1, 28, 28)
2025-09-27 07:38:53,998 - MNIST_Training - INFO - Setting up model...
2025-09-27 07:38:54,012 - MNIST_Training - INFO - Generating model summary...
2025-09-27 07:38:54,652 - MNIST_Training - INFO - Model Architecture Summary:
2025-09-27 07:38:54,656 - MNIST_Training - INFO -   - Total Parameters: 7,974
2025-09-27 07:38:54,657 - MNIST_Training - INFO -   - Batch Normalization: Yes
2025-09-27 07:38:54,658 - MNIST_Training - INFO -   - Dropout: Yes
2025-09-27 07:38:54,660 - MNIST_Training - INFO -   - GAP Layers: Yes
2025-09-27 07:38:54,662 - MNIST_Training - INFO -   - FC Layers: Yes
2025-09-27 07:38:54,663 - MNIST_Training - INFO - ==================================================
2025-09-27 07:38:54,664 - MNIST_Training - INFO - DETAILED MODEL ARCHITECTURE SUMMARY
2025-09-27 07:38:54,665 - MNIST_Training - INFO - ==================================================
2025-09-27 07:38:54,665 - MNIST_Training - INFO - ----------------------------------------------------------------
2025-09-27 07:38:54,669 - MNIST_Training - INFO -         Layer (type)               Output Shape         Param #
2025-09-27 07:38:54,672 - MNIST_Training - INFO - ================================================================
2025-09-27 07:38:54,673 - MNIST_Training - INFO -             Conv2d-1           [-1, 12, 28, 28]             108
2025-09-27 07:38:54,674 - MNIST_Training - INFO -        BatchNorm2d-2           [-1, 12, 28, 28]              24
2025-09-27 07:38:54,680 - MNIST_Training - INFO -               ReLU-3           [-1, 12, 28, 28]               0
2025-09-27 07:38:54,683 - MNIST_Training - INFO -             Conv2d-4           [-1, 12, 28, 28]           1,296
2025-09-27 07:38:54,684 - MNIST_Training - INFO -        BatchNorm2d-5           [-1, 12, 28, 28]              24
2025-09-27 07:38:54,685 - MNIST_Training - INFO -               ReLU-6           [-1, 12, 28, 28]               0
2025-09-27 07:38:54,686 - MNIST_Training - INFO -            Dropout-7           [-1, 12, 28, 28]               0
2025-09-27 07:38:54,687 - MNIST_Training - INFO -             Conv2d-8           [-1, 12, 28, 28]           1,296
2025-09-27 07:38:54,689 - MNIST_Training - INFO -        BatchNorm2d-9           [-1, 12, 28, 28]              24
2025-09-27 07:38:54,695 - MNIST_Training - INFO -              ReLU-10           [-1, 12, 28, 28]               0
2025-09-27 07:38:54,699 - MNIST_Training - INFO -           Dropout-11           [-1, 12, 28, 28]               0
2025-09-27 07:38:54,700 - MNIST_Training - INFO -         MaxPool2d-12           [-1, 12, 14, 14]               0
2025-09-27 07:38:54,701 - MNIST_Training - INFO -            Conv2d-13           [-1, 10, 14, 14]           1,080
2025-09-27 07:38:54,705 - MNIST_Training - INFO -       BatchNorm2d-14           [-1, 10, 14, 14]              20
2025-09-27 07:38:54,710 - MNIST_Training - INFO -              ReLU-15           [-1, 10, 14, 14]               0
2025-09-27 07:38:54,717 - MNIST_Training - INFO -           Dropout-16           [-1, 10, 14, 14]               0
2025-09-27 07:38:54,721 - MNIST_Training - INFO -            Conv2d-17           [-1, 10, 14, 14]             900
2025-09-27 07:38:54,722 - MNIST_Training - INFO -       BatchNorm2d-18           [-1, 10, 14, 14]              20
2025-09-27 07:38:54,726 - MNIST_Training - INFO -              ReLU-19           [-1, 10, 14, 14]               0
2025-09-27 07:38:54,729 - MNIST_Training - INFO -           Dropout-20           [-1, 10, 14, 14]               0
2025-09-27 07:38:54,737 - MNIST_Training - INFO -         MaxPool2d-21             [-1, 10, 7, 7]               0
2025-09-27 07:38:54,738 - MNIST_Training - INFO -            Conv2d-22             [-1, 16, 5, 5]           1,440
2025-09-27 07:38:54,739 - MNIST_Training - INFO -       BatchNorm2d-23             [-1, 16, 5, 5]              32
2025-09-27 07:38:54,743 - MNIST_Training - INFO -              ReLU-24             [-1, 16, 5, 5]               0
2025-09-27 07:38:54,748 - MNIST_Training - INFO -           Dropout-25             [-1, 16, 5, 5]               0
2025-09-27 07:38:54,755 - MNIST_Training - INFO -            Conv2d-26              [-1, 8, 3, 3]           1,152
2025-09-27 07:38:54,757 - MNIST_Training - INFO -       BatchNorm2d-27              [-1, 8, 3, 3]              16
2025-09-27 07:38:54,761 - MNIST_Training - INFO -              ReLU-28              [-1, 8, 3, 3]               0
2025-09-27 07:38:54,765 - MNIST_Training - INFO -           Dropout-29              [-1, 8, 3, 3]               0
2025-09-27 07:38:54,775 - MNIST_Training - INFO -         AvgPool2d-30              [-1, 8, 1, 1]               0
2025-09-27 07:38:54,779 - MNIST_Training - INFO -            Linear-31                   [-1, 28]             252
2025-09-27 07:38:54,783 - MNIST_Training - INFO -            Linear-32                   [-1, 10]             290
2025-09-27 07:38:54,785 - MNIST_Training - INFO - ================================================================
2025-09-27 07:38:54,794 - MNIST_Training - INFO - Total params: 7,974
2025-09-27 07:38:54,796 - MNIST_Training - INFO - Trainable params: 7,974
2025-09-27 07:38:54,799 - MNIST_Training - INFO - Non-trainable params: 0
2025-09-27 07:38:54,804 - MNIST_Training - INFO - ----------------------------------------------------------------
2025-09-27 07:38:54,816 - MNIST_Training - INFO - Input size (MB): 0.00
2025-09-27 07:38:54,824 - MNIST_Training - INFO - Forward/backward pass size (MB): 0.95
2025-09-27 07:38:54,828 - MNIST_Training - INFO - Params size (MB): 0.03
2025-09-27 07:38:54,835 - MNIST_Training - INFO - Estimated Total Size (MB): 0.98
2025-09-27 07:38:54,839 - MNIST_Training - INFO - ----------------------------------------------------------------
2025-09-27 07:38:54,842 - MNIST_Training - INFO - ==================================================
2025-09-27 07:38:54,846 - MNIST_Training - INFO - Setting up trainer...
2025-09-27 07:38:54,865 - MNIST_Training - INFO - Using device: cuda
2025-09-27 07:38:54,872 - MNIST_Training - INFO - Starting training process...
2025-09-27 07:38:54,875 - MNIST_Training - INFO - Starting training process...
2025-09-27 07:38:54,879 - MNIST_Training - INFO - Starting Epoch 1/20
2025-09-27 07:39:24,196 - MNIST_Training - INFO - Epoch  1: Train Loss: 2.1552, Train Acc: 20.60%, Test Loss: 1.9200, Test Acc: 29.87%
2025-09-27 07:39:24,198 - MNIST_Training - INFO - Starting Epoch 2/20
2025-09-27 07:39:42,535 - MNIST_Training - INFO - Epoch  2: Train Loss: 1.5786, Train Acc: 49.99%, Test Loss: 1.1959, Test Acc: 62.04%
2025-09-27 07:39:42,535 - MNIST_Training - INFO - Starting Epoch 3/20
2025-09-27 07:40:30,967 - MNIST_Training - INFO - Epoch  3: Train Loss: 0.8910, Train Acc: 77.04%, Test Loss: 0.5718, Test Acc: 90.57%
2025-09-27 07:40:30,972 - MNIST_Training - INFO - Starting Epoch 4/20
2025-09-27 07:41:45,272 - MNIST_Training - INFO - Epoch  4: Train Loss: 0.3894, Train Acc: 92.31%, Test Loss: 0.2552, Test Acc: 94.65%
2025-09-27 07:41:45,273 - MNIST_Training - INFO - Starting Epoch 5/20
2025-09-27 07:43:14,094 - MNIST_Training - INFO - Epoch  5: Train Loss: 0.2121, Train Acc: 95.11%, Test Loss: 0.1509, Test Acc: 96.61%
2025-09-27 07:43:14,094 - MNIST_Training - INFO - Starting Epoch 6/20
2025-09-27 07:45:50,110 - MNIST_Training - INFO - Epoch  6: Train Loss: 0.1545, Train Acc: 96.19%, Test Loss: 0.1049, Test Acc: 97.46%
2025-09-27 07:45:50,112 - MNIST_Training - INFO - Starting Epoch 7/20
2025-09-27 07:47:27,571 - MNIST_Training - INFO - Epoch  7: Train Loss: 0.1247, Train Acc: 96.78%, Test Loss: 0.0982, Test Acc: 97.33%
2025-09-27 07:47:27,571 - MNIST_Training - INFO - Starting Epoch 8/20
2025-09-27 07:48:45,016 - MNIST_Training - INFO - Epoch  8: Train Loss: 0.1094, Train Acc: 97.20%, Test Loss: 0.1255, Test Acc: 96.51%
2025-09-27 07:48:45,017 - MNIST_Training - INFO - Starting Epoch 9/20
2025-09-27 07:50:09,307 - MNIST_Training - INFO - Epoch  9: Train Loss: 0.1003, Train Acc: 97.37%, Test Loss: 0.0650, Test Acc: 98.45%
2025-09-27 07:50:09,308 - MNIST_Training - INFO - Starting Epoch 10/20
2025-09-27 07:51:26,072 - MNIST_Training - INFO - Epoch 10: Train Loss: 0.0881, Train Acc: 97.61%, Test Loss: 0.0573, Test Acc: 98.46%
2025-09-27 07:51:26,072 - MNIST_Training - INFO - Starting Epoch 11/20
2025-09-27 07:52:50,974 - MNIST_Training - INFO - Epoch 11: Train Loss: 0.0785, Train Acc: 97.95%, Test Loss: 0.0553, Test Acc: 98.55%
2025-09-27 07:52:50,974 - MNIST_Training - INFO - Starting Epoch 12/20
2025-09-27 07:54:38,817 - MNIST_Training - INFO - Epoch 12: Train Loss: 0.0773, Train Acc: 97.91%, Test Loss: 0.0579, Test Acc: 98.51%
2025-09-27 07:54:38,966 - MNIST_Training - INFO - Starting Epoch 13/20
2025-09-27 07:56:18,130 - MNIST_Training - INFO - Epoch 13: Train Loss: 0.0752, Train Acc: 98.02%, Test Loss: 0.0570, Test Acc: 98.52%
2025-09-27 07:56:18,131 - MNIST_Training - INFO - Starting Epoch 14/20
2025-09-27 07:58:04,734 - MNIST_Training - INFO - Epoch 14: Train Loss: 0.0750, Train Acc: 98.00%, Test Loss: 0.0572, Test Acc: 98.52%
2025-09-27 07:58:04,803 - MNIST_Training - INFO - Starting Epoch 15/20
2025-09-27 08:00:05,556 - MNIST_Training - INFO - Epoch 15: Train Loss: 0.0749, Train Acc: 98.02%, Test Loss: 0.0523, Test Acc: 98.64%
2025-09-27 08:00:05,556 - MNIST_Training - INFO - Starting Epoch 16/20
2025-09-27 08:00:20,283 - MNIST_Training - INFO - Epoch 16: Train Loss: 0.0736, Train Acc: 97.99%, Test Loss: 0.0512, Test Acc: 98.66%
2025-09-27 08:00:20,283 - MNIST_Training - INFO - Starting Epoch 17/20
2025-09-27 08:01:34,399 - MNIST_Training - INFO - Epoch 17: Train Loss: 0.0754, Train Acc: 97.98%, Test Loss: 0.0557, Test Acc: 98.58%
2025-09-27 08:01:34,399 - MNIST_Training - INFO - Starting Epoch 18/20
2025-09-27 08:02:42,642 - MNIST_Training - INFO - Epoch 18: Train Loss: 0.0722, Train Acc: 98.07%, Test Loss: 0.0543, Test Acc: 98.61%
2025-09-27 08:02:42,643 - MNIST_Training - INFO - Starting Epoch 19/20
2025-09-27 08:04:10,949 - MNIST_Training - INFO - Epoch 19: Train Loss: 0.0722, Train Acc: 98.05%, Test Loss: 0.0543, Test Acc: 98.57%
2025-09-27 08:04:10,951 - MNIST_Training - INFO - Starting Epoch 20/20
2025-09-27 08:05:30,486 - MNIST_Training - INFO - Epoch 20: Train Loss: 0.0728, Train Acc: 98.05%, Test Loss: 0.0499, Test Acc: 98.69%
2025-09-27 08:05:30,488 - MNIST_Training - INFO - Training completed!
2025-09-27 08:05:30,489 - MNIST_Training - INFO - Final Results: {'final_train_loss': 0.07275726343110456, 'final_test_loss': 0.04994619746208191, 'final_train_accuracy': 98.05333333333333, 'final_test_accuracy': 98.69, 'best_test_accuracy': 98.69}
2025-09-27 08:05:32,642 - MNIST_Training - INFO - Training curves saved to: C:\Users\krish\Documents\Krishnakanth\Learnings\Learnings\MNIST_Model\Reference\ERAS6\Model_Evolution\Fine_Tuning\logs\training_curves_20250927_080530.png
2025-09-27 08:05:55,790 - MNIST_Training - INFO - Model saved to: C:\Users\krish\Documents\Krishnakanth\Learnings\Learnings\MNIST_Model\Reference\ERAS6\Model_Evolution\Fine_Tuning\models\mnist_model_20250927_080555.pth
2025-09-27 08:05:55,800 - MNIST_Training - INFO - ==================================================
2025-09-27 08:05:55,802 - MNIST_Training - INFO - TRAINING PIPELINE COMPLETED SUCCESSFULLY
2025-09-27 08:05:55,802 - MNIST_Training - INFO - ==================================================
2025-09-27 08:05:55,802 - MNIST_Training - INFO - Final Metrics: {'final_train_loss': 0.07275726343110456, 'final_test_loss': 0.04994619746208191, 'final_train_accuracy': 98.05333333333333, 'final_test_accuracy': 98.69, 'best_test_accuracy': 98.69}
