2025-09-27 02:18:06,986 - MNIST_Training - INFO - Logger initialized. Log file: C:\Users\krish\Documents\Krishnakanth\Learnings\Learnings\MNIST_Model\Reference\ERAS6\Model_Evolution\Fine_Tuning\logs\20250927_021806_mnist_training.log
2025-09-27 02:18:06,986 - MNIST_Training - INFO - ==================================================
2025-09-27 02:18:06,986 - MNIST_Training - INFO - MNIST TRAINING EXPERIMENT STARTED
2025-09-27 02:18:06,986 - MNIST_Training - INFO - ==================================================
2025-09-27 02:18:06,986 - MNIST_Training - INFO - Data Config: DataConfig(data_dir='./data', batch_size=64, num_workers=4, pin_memory=True, shuffle=True, mean=(0.1307,), std=(0.3081,), rotation_range=(-7.0, 7.0), fill_value=1)
2025-09-27 02:18:06,986 - MNIST_Training - INFO - Model Config: ModelConfig(input_channels=1, input_size=(28, 28), num_classes=10, dropout_rate=0.05)
2025-09-27 02:18:06,990 - MNIST_Training - INFO - Training Config: TrainingConfig(epochs=20, learning_rate=0.01, momentum=0.9, weight_decay=0.0, scheduler_step_size=10, scheduler_gamma=0.1, seed=1)
2025-09-27 02:18:06,990 - MNIST_Training - INFO - ==================================================
2025-09-27 02:18:06,990 - MNIST_Training - INFO - Setting up data...
2025-09-27 02:18:06,990 - MNIST_Training - INFO - Loading MNIST dataset...
2025-09-27 02:18:07,039 - MNIST_Training - INFO - Dataset loaded successfully!
2025-09-27 02:18:07,039 - MNIST_Training - INFO - Train samples: 60000
2025-09-27 02:18:07,039 - MNIST_Training - INFO - Test samples: 10000
2025-09-27 02:18:07,040 - MNIST_Training - INFO - Computing data statistics...
2025-09-27 02:18:07,136 - MNIST_Training - INFO - Data Statistics:
2025-09-27 02:18:07,136 - MNIST_Training - INFO -   - Shape: torch.Size([60000, 28, 28])
2025-09-27 02:18:07,136 - MNIST_Training - INFO -   - Size: 47,040,000
2025-09-27 02:18:07,136 - MNIST_Training - INFO -   - Min: 0.0000
2025-09-27 02:18:07,136 - MNIST_Training - INFO -   - Max: 1.0000
2025-09-27 02:18:07,136 - MNIST_Training - INFO -   - Mean: 0.1307
2025-09-27 02:18:07,136 - MNIST_Training - INFO -   - Std: 0.3081
2025-09-27 02:18:07,136 - MNIST_Training - INFO -   - Variance: 0.0949
2025-09-27 02:18:11,528 - MNIST_Training - INFO - Batch Information:
2025-09-27 02:18:11,528 - MNIST_Training - INFO -   - Batch size: 64
2025-09-27 02:18:11,528 - MNIST_Training - INFO -   - Image shape: torch.Size([1, 28, 28])
2025-09-27 02:18:11,528 - MNIST_Training - INFO -   - Label shape: torch.Size([64])
2025-09-27 02:18:11,528 - MNIST_Training - INFO -   - Data type: torch.float32
2025-09-27 02:18:12,667 - MNIST_Training - INFO - Getting input size from data loader...
2025-09-27 02:18:16,279 - MNIST_Training - INFO - Input size from data loader: (1, 28, 28)
2025-09-27 02:18:17,311 - MNIST_Training - INFO - Setting up model...
2025-09-27 02:18:17,311 - MNIST_Training - INFO - Generating model summary...
2025-09-27 02:18:17,525 - MNIST_Training - INFO - Model Architecture Summary:
2025-09-27 02:18:17,525 - MNIST_Training - INFO -   - Total Parameters: 7,974
2025-09-27 02:18:17,525 - MNIST_Training - INFO -   - Batch Normalization: Yes
2025-09-27 02:18:17,525 - MNIST_Training - INFO -   - Dropout: Yes
2025-09-27 02:18:17,525 - MNIST_Training - INFO -   - GAP Layers: Yes
2025-09-27 02:18:17,525 - MNIST_Training - INFO -   - FC Layers: Yes
2025-09-27 02:18:17,525 - MNIST_Training - INFO - ==================================================
2025-09-27 02:18:17,525 - MNIST_Training - INFO - DETAILED MODEL ARCHITECTURE SUMMARY
2025-09-27 02:18:17,525 - MNIST_Training - INFO - ==================================================
2025-09-27 02:18:17,525 - MNIST_Training - INFO - ----------------------------------------------------------------
2025-09-27 02:18:17,525 - MNIST_Training - INFO -         Layer (type)               Output Shape         Param #
2025-09-27 02:18:17,525 - MNIST_Training - INFO - ================================================================
2025-09-27 02:18:17,525 - MNIST_Training - INFO -             Conv2d-1           [-1, 12, 28, 28]             108
2025-09-27 02:18:17,525 - MNIST_Training - INFO -        BatchNorm2d-2           [-1, 12, 28, 28]              24
2025-09-27 02:18:17,525 - MNIST_Training - INFO -               ReLU-3           [-1, 12, 28, 28]               0
2025-09-27 02:18:17,525 - MNIST_Training - INFO -             Conv2d-4           [-1, 12, 28, 28]           1,296
2025-09-27 02:18:17,525 - MNIST_Training - INFO -        BatchNorm2d-5           [-1, 12, 28, 28]              24
2025-09-27 02:18:17,525 - MNIST_Training - INFO -               ReLU-6           [-1, 12, 28, 28]               0
2025-09-27 02:18:17,525 - MNIST_Training - INFO -            Dropout-7           [-1, 12, 28, 28]               0
2025-09-27 02:18:17,525 - MNIST_Training - INFO -             Conv2d-8           [-1, 12, 28, 28]           1,296
2025-09-27 02:18:17,525 - MNIST_Training - INFO -        BatchNorm2d-9           [-1, 12, 28, 28]              24
2025-09-27 02:18:17,525 - MNIST_Training - INFO -              ReLU-10           [-1, 12, 28, 28]               0
2025-09-27 02:18:17,525 - MNIST_Training - INFO -           Dropout-11           [-1, 12, 28, 28]               0
2025-09-27 02:18:17,525 - MNIST_Training - INFO -         MaxPool2d-12           [-1, 12, 14, 14]               0
2025-09-27 02:18:17,525 - MNIST_Training - INFO -            Conv2d-13           [-1, 10, 14, 14]           1,080
2025-09-27 02:18:17,525 - MNIST_Training - INFO -       BatchNorm2d-14           [-1, 10, 14, 14]              20
2025-09-27 02:18:17,525 - MNIST_Training - INFO -              ReLU-15           [-1, 10, 14, 14]               0
2025-09-27 02:18:17,525 - MNIST_Training - INFO -           Dropout-16           [-1, 10, 14, 14]               0
2025-09-27 02:18:17,525 - MNIST_Training - INFO -            Conv2d-17           [-1, 10, 14, 14]             900
2025-09-27 02:18:17,525 - MNIST_Training - INFO -       BatchNorm2d-18           [-1, 10, 14, 14]              20
2025-09-27 02:18:17,525 - MNIST_Training - INFO -              ReLU-19           [-1, 10, 14, 14]               0
2025-09-27 02:18:17,525 - MNIST_Training - INFO -           Dropout-20           [-1, 10, 14, 14]               0
2025-09-27 02:18:17,525 - MNIST_Training - INFO -         MaxPool2d-21             [-1, 10, 7, 7]               0
2025-09-27 02:18:17,525 - MNIST_Training - INFO -            Conv2d-22             [-1, 16, 5, 5]           1,440
2025-09-27 02:18:17,525 - MNIST_Training - INFO -       BatchNorm2d-23             [-1, 16, 5, 5]              32
2025-09-27 02:18:17,525 - MNIST_Training - INFO -              ReLU-24             [-1, 16, 5, 5]               0
2025-09-27 02:18:17,525 - MNIST_Training - INFO -           Dropout-25             [-1, 16, 5, 5]               0
2025-09-27 02:18:17,525 - MNIST_Training - INFO -            Conv2d-26              [-1, 8, 3, 3]           1,152
2025-09-27 02:18:17,525 - MNIST_Training - INFO -       BatchNorm2d-27              [-1, 8, 3, 3]              16
2025-09-27 02:18:17,525 - MNIST_Training - INFO -              ReLU-28              [-1, 8, 3, 3]               0
2025-09-27 02:18:17,525 - MNIST_Training - INFO -           Dropout-29              [-1, 8, 3, 3]               0
2025-09-27 02:18:17,525 - MNIST_Training - INFO -         AvgPool2d-30              [-1, 8, 1, 1]               0
2025-09-27 02:18:17,525 - MNIST_Training - INFO -            Linear-31                   [-1, 28]             252
2025-09-27 02:18:17,525 - MNIST_Training - INFO -            Linear-32                   [-1, 10]             290
2025-09-27 02:18:17,525 - MNIST_Training - INFO - ================================================================
2025-09-27 02:18:17,525 - MNIST_Training - INFO - Total params: 7,974
2025-09-27 02:18:17,525 - MNIST_Training - INFO - Trainable params: 7,974
2025-09-27 02:18:17,525 - MNIST_Training - INFO - Non-trainable params: 0
2025-09-27 02:18:17,525 - MNIST_Training - INFO - ----------------------------------------------------------------
2025-09-27 02:18:17,525 - MNIST_Training - INFO - Input size (MB): 0.00
2025-09-27 02:18:17,525 - MNIST_Training - INFO - Forward/backward pass size (MB): 0.95
2025-09-27 02:18:17,525 - MNIST_Training - INFO - Params size (MB): 0.03
2025-09-27 02:18:17,525 - MNIST_Training - INFO - Estimated Total Size (MB): 0.98
2025-09-27 02:18:17,525 - MNIST_Training - INFO - ----------------------------------------------------------------
2025-09-27 02:18:17,525 - MNIST_Training - INFO - ==================================================
2025-09-27 02:18:17,525 - MNIST_Training - INFO - Setting up trainer...
2025-09-27 02:18:17,535 - MNIST_Training - INFO - Using device: cuda
2025-09-27 02:18:17,535 - MNIST_Training - INFO - Starting training process...
2025-09-27 02:18:17,535 - MNIST_Training - INFO - Starting training process...
2025-09-27 02:18:17,535 - MNIST_Training - INFO - Starting Epoch 1/20
2025-09-27 02:18:38,877 - MNIST_Training - INFO - Epoch  1: Train Loss: 0.5014, Train Acc: 84.39%, Test Loss: 0.0597, Test Acc: 98.19%
2025-09-27 02:18:38,877 - MNIST_Training - INFO - Starting Epoch 2/20
2025-09-27 02:18:58,044 - MNIST_Training - INFO - Epoch  2: Train Loss: 0.0892, Train Acc: 97.23%, Test Loss: 0.0489, Test Acc: 98.42%
2025-09-27 02:18:58,044 - MNIST_Training - INFO - Starting Epoch 3/20
2025-09-27 02:19:16,449 - MNIST_Training - INFO - Epoch  3: Train Loss: 0.0691, Train Acc: 97.92%, Test Loss: 0.0366, Test Acc: 98.78%
2025-09-27 02:19:16,465 - MNIST_Training - INFO - Starting Epoch 4/20
2025-09-27 02:19:34,180 - MNIST_Training - INFO - Epoch  4: Train Loss: 0.0633, Train Acc: 98.02%, Test Loss: 0.0320, Test Acc: 99.02%
2025-09-27 02:19:34,180 - MNIST_Training - INFO - Starting Epoch 5/20
2025-09-27 02:19:52,912 - MNIST_Training - INFO - Epoch  5: Train Loss: 0.0566, Train Acc: 98.28%, Test Loss: 0.0371, Test Acc: 98.81%
2025-09-27 02:19:52,912 - MNIST_Training - INFO - Starting Epoch 6/20
2025-09-27 02:20:11,491 - MNIST_Training - INFO - Epoch  6: Train Loss: 0.0532, Train Acc: 98.31%, Test Loss: 0.0321, Test Acc: 99.08%
2025-09-27 02:20:11,491 - MNIST_Training - INFO - Starting Epoch 7/20
2025-09-27 02:20:29,919 - MNIST_Training - INFO - Epoch  7: Train Loss: 0.0493, Train Acc: 98.47%, Test Loss: 0.0267, Test Acc: 99.14%
2025-09-27 02:20:29,919 - MNIST_Training - INFO - Starting Epoch 8/20
2025-09-27 02:20:47,914 - MNIST_Training - INFO - Epoch  8: Train Loss: 0.0469, Train Acc: 98.61%, Test Loss: 0.0277, Test Acc: 99.07%
2025-09-27 02:20:47,914 - MNIST_Training - INFO - Starting Epoch 9/20
2025-09-27 02:21:05,844 - MNIST_Training - INFO - Epoch  9: Train Loss: 0.0444, Train Acc: 98.61%, Test Loss: 0.0314, Test Acc: 99.09%
2025-09-27 02:21:05,844 - MNIST_Training - INFO - Starting Epoch 10/20
2025-09-27 02:21:24,144 - MNIST_Training - INFO - Epoch 10: Train Loss: 0.0416, Train Acc: 98.67%, Test Loss: 0.0239, Test Acc: 99.28%
2025-09-27 02:21:24,144 - MNIST_Training - INFO - Starting Epoch 11/20
2025-09-27 02:21:42,910 - MNIST_Training - INFO - Epoch 11: Train Loss: 0.0326, Train Acc: 98.97%, Test Loss: 0.0224, Test Acc: 99.32%
2025-09-27 02:21:42,912 - MNIST_Training - INFO - Starting Epoch 12/20
2025-09-27 02:22:03,227 - MNIST_Training - INFO - Epoch 12: Train Loss: 0.0314, Train Acc: 99.01%, Test Loss: 0.0225, Test Acc: 99.34%
2025-09-27 02:22:03,227 - MNIST_Training - INFO - Starting Epoch 13/20
2025-09-27 02:23:01,183 - MNIST_Training - INFO - Epoch 13: Train Loss: 0.0297, Train Acc: 99.04%, Test Loss: 0.0209, Test Acc: 99.37%
2025-09-27 02:23:01,183 - MNIST_Training - INFO - Starting Epoch 14/20
2025-09-27 02:23:37,451 - MNIST_Training - INFO - Epoch 14: Train Loss: 0.0300, Train Acc: 99.05%, Test Loss: 0.0211, Test Acc: 99.39%
2025-09-27 02:23:37,451 - MNIST_Training - INFO - Starting Epoch 15/20
2025-09-27 02:24:15,203 - MNIST_Training - INFO - Epoch 15: Train Loss: 0.0294, Train Acc: 99.11%, Test Loss: 0.0215, Test Acc: 99.33%
2025-09-27 02:24:15,206 - MNIST_Training - INFO - Starting Epoch 16/20
2025-09-27 02:24:39,035 - MNIST_Training - INFO - Epoch 16: Train Loss: 0.0297, Train Acc: 99.04%, Test Loss: 0.0220, Test Acc: 99.32%
2025-09-27 02:24:39,035 - MNIST_Training - INFO - Starting Epoch 17/20
2025-09-27 02:24:57,253 - MNIST_Training - INFO - Epoch 17: Train Loss: 0.0309, Train Acc: 99.03%, Test Loss: 0.0209, Test Acc: 99.40%
2025-09-27 02:24:57,253 - MNIST_Training - INFO - Starting Epoch 18/20
2025-09-27 02:25:15,313 - MNIST_Training - INFO - Epoch 18: Train Loss: 0.0294, Train Acc: 99.08%, Test Loss: 0.0210, Test Acc: 99.34%
2025-09-27 02:25:15,313 - MNIST_Training - INFO - Starting Epoch 19/20
2025-09-27 02:25:33,401 - MNIST_Training - INFO - Epoch 19: Train Loss: 0.0283, Train Acc: 99.11%, Test Loss: 0.0190, Test Acc: 99.43%
2025-09-27 02:25:33,401 - MNIST_Training - INFO - Starting Epoch 20/20
2025-09-27 02:25:50,951 - MNIST_Training - INFO - Epoch 20: Train Loss: 0.0290, Train Acc: 99.06%, Test Loss: 0.0199, Test Acc: 99.41%
2025-09-27 02:25:50,951 - MNIST_Training - INFO - Training completed!
2025-09-27 02:25:50,951 - MNIST_Training - INFO - Final Results: {'final_train_loss': 0.028979489296360232, 'final_test_loss': 0.019941341475397348, 'final_train_accuracy': 99.065, 'final_test_accuracy': 99.41, 'best_test_accuracy': 99.43}
2025-09-27 02:25:51,467 - MNIST_Training - INFO - Training curves saved to: C:\Users\krish\Documents\Krishnakanth\Learnings\Learnings\MNIST_Model\Reference\ERAS6\Model_Evolution\Fine_Tuning\logs\training_curves_20250927_022550.png
2025-09-27 02:25:57,715 - MNIST_Training - INFO - Model saved to: C:\Users\krish\Documents\Krishnakanth\Learnings\Learnings\MNIST_Model\Reference\ERAS6\Model_Evolution\Fine_Tuning\models\mnist_model_20250927_022557.pth
2025-09-27 02:25:57,715 - MNIST_Training - INFO - ==================================================
2025-09-27 02:25:57,719 - MNIST_Training - INFO - TRAINING PIPELINE COMPLETED SUCCESSFULLY
2025-09-27 02:25:57,719 - MNIST_Training - INFO - ==================================================
2025-09-27 02:25:57,719 - MNIST_Training - INFO - Final Metrics: {'final_train_loss': 0.028979489296360232, 'final_test_loss': 0.019941341475397348, 'final_train_accuracy': 99.065, 'final_test_accuracy': 99.41, 'best_test_accuracy': 99.43}
