2025-10-07 22:56:08,021 - CIFAR-100_Training - INFO - Logger initialized. Log file: C:\Users\krish\Documents\Krishnakanth\Learnings\Learnings\MNIST_Model\Reference\ERAS8\Model_Evolution\Optimize\logs\20251007_225608_cifar100_training.log
2025-10-07 22:56:08,021 - CIFAR-100_Training - INFO - Updated Configuration (from main()):
2025-10-07 22:56:08,021 - CIFAR-100_Training - INFO -   - Epochs: 100
2025-10-07 22:56:08,021 - CIFAR-100_Training - INFO -   - Learning Rate: 0.25
2025-10-07 22:56:08,021 - CIFAR-100_Training - INFO -   - Optimizer: AdamW
2025-10-07 22:56:08,022 - CIFAR-100_Training - INFO -   - Weight Decay: 0.0001
2025-10-07 22:56:08,022 - CIFAR-100_Training - INFO -   - Adam Betas: (0.9, 0.999)
2025-10-07 22:56:08,022 - CIFAR-100_Training - INFO -   - Adam Eps: 1e-08
2025-10-07 22:56:08,022 - CIFAR-100_Training - INFO -   - Scheduler: ReduceLROnPlateau
2025-10-07 22:56:08,022 - CIFAR-100_Training - INFO -   - Mode: min
2025-10-07 22:56:08,023 - CIFAR-100_Training - INFO -   - Factor: 0.5
2025-10-07 22:56:08,023 - CIFAR-100_Training - INFO -   - Patience: 10
2025-10-07 22:56:08,023 - CIFAR-100_Training - INFO -   - Threshold: 0.0001
2025-10-07 22:56:08,023 - CIFAR-100_Training - INFO -   - Batch Size: 128
2025-10-07 22:56:08,023 - CIFAR-100_Training - INFO -   - Num Workers: 4
2025-10-07 22:56:08,023 - CIFAR-100_Training - INFO -   - Pin Memory: True
2025-10-07 22:56:08,023 - CIFAR-100_Training - INFO -   - Shuffle: True
2025-10-07 22:56:08,024 - CIFAR-100_Training - INFO -   - Dropout Rate: 0.05
2025-10-07 22:56:08,024 - CIFAR-100_Training - INFO -   - Device: CUDA
2025-10-07 22:56:08,024 - CIFAR-100_Training - INFO -   - Log Directory: C:\Users\krish\Documents\Krishnakanth\Learnings\Learnings\MNIST_Model\Reference\ERAS8\Model_Evolution\Optimize\logs
2025-10-07 22:56:08,024 - CIFAR-100_Training - INFO -   - Model Save Directory: C:\Users\krish\Documents\Krishnakanth\Learnings\Learnings\MNIST_Model\Reference\ERAS8\Model_Evolution\Optimize\models
2025-10-07 22:56:08,024 - CIFAR-100_Training - INFO -   - Save Model: True
2025-10-07 22:56:08,024 - CIFAR-100_Training - INFO -   - Log Level: DEBUG
2025-10-07 22:56:08,024 - CIFAR-100_Training - INFO - ==================================================
2025-10-07 22:56:08,024 - CIFAR-100_Training - INFO - ==================================================
2025-10-07 22:56:08,024 - CIFAR-100_Training - INFO - CIFAR-100 TRAINING EXPERIMENT STARTED
2025-10-07 22:56:08,025 - CIFAR-100_Training - INFO - ==================================================
2025-10-07 22:56:08,025 - CIFAR-100_Training - INFO - Data Config: DataConfig(data_dir='./data', batch_size=128, num_workers=4, pin_memory=True, shuffle=True, cifar100_mean=(0.507076, 0.48655, 0.440919), cifar100_std=(0.267334, 0.256438, 0.27615), rotation_range=(-7.0, 7.0), fill_value=1)
2025-10-07 22:56:08,025 - CIFAR-100_Training - INFO - Model Config: ModelConfig(input_channels=3, input_size=(32, 32), num_classes=100, dropout_rate=0.05)
2025-10-07 22:56:08,025 - CIFAR-100_Training - INFO - Training Config: TrainingConfig(epochs=100, learning_rate=0.25, momentum=0.9, weight_decay=0.0001, scheduler_step_size=10, scheduler_gamma=0.1, seed=1, optimizer_type='AdamW', adam_betas=(0.9, 0.999), adam_eps=1e-08, rmsprop_alpha=0.99, scheduler_type='ReduceLROnPlateau', cosine_t_max=20, exponential_gamma=0.95, plateau_mode='min', plateau_factor=0.5, plateau_patience=10, plateau_threshold=0.0001)
2025-10-07 22:56:08,025 - CIFAR-100_Training - INFO - ==================================================
2025-10-07 22:56:08,025 - CIFAR-100_Training - INFO - Setting up data...
2025-10-07 22:56:08,026 - CIFAR-100_Training - INFO - Using Albumentations for data augmentation
2025-10-07 22:56:08,030 - CIFAR-100_Training - INFO - Loading CIFAR-100 dataset...
2025-10-07 22:56:09,375 - CIFAR-100_Training - INFO - CIFAR-100 dataset loaded successfully!
2025-10-07 22:56:09,375 - CIFAR-100_Training - INFO - Train samples: 50000
2025-10-07 22:56:09,375 - CIFAR-100_Training - INFO - Test samples: 10000
2025-10-07 22:56:09,375 - CIFAR-100_Training - INFO - Augmentation library: Albumentations
2025-10-07 22:56:09,375 - CIFAR-100_Training - INFO - Computing CIFAR-100 data statistics...
2025-10-07 22:56:11,338 - CIFAR-100_Training - INFO - CIFAR-100 Data Statistics:
2025-10-07 22:56:11,339 - CIFAR-100_Training - INFO -   - Shape: (50000, 32, 32, 3)
2025-10-07 22:56:11,339 - CIFAR-100_Training - INFO -   - Size: 153,600,000
2025-10-07 22:56:11,339 - CIFAR-100_Training - INFO -   - Min: 0.0000
2025-10-07 22:56:11,339 - CIFAR-100_Training - INFO -   - Max: 1.0000
2025-10-07 22:56:11,340 - CIFAR-100_Training - INFO -   - Mean: 0.4782
2025-10-07 22:56:11,341 - CIFAR-100_Training - INFO -   - Std: 0.2682
2025-10-07 22:56:11,341 - CIFAR-100_Training - INFO -   - Variance: 0.0719
2025-10-07 22:56:11,341 - CIFAR-100_Training - INFO - Channel-wise Statistics:
2025-10-07 22:56:11,341 - CIFAR-100_Training - INFO -   Red Channel:
2025-10-07 22:56:11,341 - CIFAR-100_Training - INFO -     - Mean: 0.5071
2025-10-07 22:56:11,341 - CIFAR-100_Training - INFO -     - Std: 0.2673
2025-10-07 22:56:11,342 - CIFAR-100_Training - INFO -     - Min: 0.0000
2025-10-07 22:56:11,342 - CIFAR-100_Training - INFO -     - Max: 1.0000
2025-10-07 22:56:11,342 - CIFAR-100_Training - INFO -   Green Channel:
2025-10-07 22:56:11,342 - CIFAR-100_Training - INFO -     - Mean: 0.4865
2025-10-07 22:56:11,343 - CIFAR-100_Training - INFO -     - Std: 0.2564
2025-10-07 22:56:11,343 - CIFAR-100_Training - INFO -     - Min: 0.0000
2025-10-07 22:56:11,343 - CIFAR-100_Training - INFO -     - Max: 1.0000
2025-10-07 22:56:11,343 - CIFAR-100_Training - INFO -   Blue Channel:
2025-10-07 22:56:11,343 - CIFAR-100_Training - INFO -     - Mean: 0.4409
2025-10-07 22:56:11,343 - CIFAR-100_Training - INFO -     - Std: 0.2762
2025-10-07 22:56:11,343 - CIFAR-100_Training - INFO -     - Min: 0.0000
2025-10-07 22:56:11,344 - CIFAR-100_Training - INFO -     - Max: 1.0000
2025-10-07 22:56:29,563 - CIFAR-100_Training - INFO - CIFAR-100 Batch Information:
2025-10-07 22:56:29,564 - CIFAR-100_Training - INFO -   - Batch size: 128
2025-10-07 22:56:29,565 - CIFAR-100_Training - INFO -   - Image shape: torch.Size([3, 32, 32])
2025-10-07 22:56:29,566 - CIFAR-100_Training - INFO -   - Label shape: torch.Size([128])
2025-10-07 22:56:29,567 - CIFAR-100_Training - INFO -   - Data type: torch.float32
2025-10-07 22:56:29,568 - CIFAR-100_Training - INFO -   - Number of classes: 100
2025-10-07 22:56:31,091 - CIFAR-100_Training - INFO - Getting input size from CIFAR-100 data loader...
2025-10-07 22:56:50,906 - CIFAR-100_Training - INFO - CIFAR-100 input size from data loader: (3, 32, 32)
2025-10-07 22:56:52,502 - CIFAR-100_Training - INFO - Setting up model...
2025-10-07 22:56:53,383 - CIFAR-100_Training - INFO - Generating model summary...
2025-10-07 22:56:54,535 - CIFAR-100_Training - INFO - Model Architecture Summary:
2025-10-07 22:56:54,537 - CIFAR-100_Training - INFO -   - Total Parameters: 23,182,440
2025-10-07 22:56:54,537 - CIFAR-100_Training - INFO -   - Batch Normalization: Yes
2025-10-07 22:56:54,537 - CIFAR-100_Training - INFO -   - Dropout: No
2025-10-07 22:56:54,537 - CIFAR-100_Training - INFO -   - GAP Layers: Yes
2025-10-07 22:56:54,537 - CIFAR-100_Training - INFO -   - FC Layers: No
2025-10-07 22:56:54,537 - CIFAR-100_Training - INFO - ==================================================
2025-10-07 22:56:54,537 - CIFAR-100_Training - INFO - DETAILED MODEL ARCHITECTURE SUMMARY
2025-10-07 22:56:54,544 - CIFAR-100_Training - INFO - ==================================================
2025-10-07 22:56:54,544 - CIFAR-100_Training - INFO - ----------------------------------------------------------------
2025-10-07 22:56:54,544 - CIFAR-100_Training - INFO -         Layer (type)               Output Shape         Param #
2025-10-07 22:56:54,544 - CIFAR-100_Training - INFO - ================================================================
2025-10-07 22:56:54,544 - CIFAR-100_Training - INFO -             Conv2d-1           [-1, 64, 34, 34]           9,472
2025-10-07 22:56:54,544 - CIFAR-100_Training - INFO -        BatchNorm2d-2           [-1, 64, 34, 34]             128
2025-10-07 22:56:54,550 - CIFAR-100_Training - INFO -               ReLU-3           [-1, 64, 34, 34]               0
2025-10-07 22:56:54,551 - CIFAR-100_Training - INFO -             Conv2d-4           [-1, 64, 34, 34]          36,928
2025-10-07 22:56:54,551 - CIFAR-100_Training - INFO -        BatchNorm2d-5           [-1, 64, 34, 34]             128
2025-10-07 22:56:54,551 - CIFAR-100_Training - INFO -               ReLU-6           [-1, 64, 34, 34]               0
2025-10-07 22:56:54,551 - CIFAR-100_Training - INFO -             Conv2d-7           [-1, 64, 34, 34]          36,928
2025-10-07 22:56:54,551 - CIFAR-100_Training - INFO -        BatchNorm2d-8           [-1, 64, 34, 34]             128
2025-10-07 22:56:54,551 - CIFAR-100_Training - INFO -               ReLU-9           [-1, 64, 34, 34]               0
2025-10-07 22:56:54,557 - CIFAR-100_Training - INFO -            Conv2d-10           [-1, 64, 34, 34]          36,928
2025-10-07 22:56:54,558 - CIFAR-100_Training - INFO -       BatchNorm2d-11           [-1, 64, 34, 34]             128
2025-10-07 22:56:54,559 - CIFAR-100_Training - INFO -              ReLU-12           [-1, 64, 34, 34]               0
2025-10-07 22:56:54,560 - CIFAR-100_Training - INFO -            Conv2d-13           [-1, 64, 34, 34]          36,928
2025-10-07 22:56:54,563 - CIFAR-100_Training - INFO -       BatchNorm2d-14           [-1, 64, 34, 34]             128
2025-10-07 22:56:54,564 - CIFAR-100_Training - INFO -              ReLU-15           [-1, 64, 34, 34]               0
2025-10-07 22:56:54,566 - CIFAR-100_Training - INFO -            Conv2d-16           [-1, 64, 34, 34]          36,928
2025-10-07 22:56:54,567 - CIFAR-100_Training - INFO -       BatchNorm2d-17           [-1, 64, 34, 34]             128
2025-10-07 22:56:54,569 - CIFAR-100_Training - INFO -              ReLU-18           [-1, 64, 34, 34]               0
2025-10-07 22:56:54,571 - CIFAR-100_Training - INFO -            Conv2d-19           [-1, 64, 34, 34]          36,928
2025-10-07 22:56:54,571 - CIFAR-100_Training - INFO -       BatchNorm2d-20           [-1, 64, 34, 34]             128
2025-10-07 22:56:54,571 - CIFAR-100_Training - INFO -              ReLU-21           [-1, 64, 34, 34]               0
2025-10-07 22:56:54,571 - CIFAR-100_Training - INFO -            Conv2d-22          [-1, 128, 34, 34]          73,856
2025-10-07 22:56:54,571 - CIFAR-100_Training - INFO -       BatchNorm2d-23          [-1, 128, 34, 34]             256
2025-10-07 22:56:54,571 - CIFAR-100_Training - INFO -              ReLU-24          [-1, 128, 34, 34]               0
2025-10-07 22:56:54,578 - CIFAR-100_Training - INFO -         MaxPool2d-25          [-1, 128, 17, 17]               0
2025-10-07 22:56:54,578 - CIFAR-100_Training - INFO -            Conv2d-26          [-1, 128, 34, 34]          73,856
2025-10-07 22:56:54,578 - CIFAR-100_Training - INFO -       BatchNorm2d-27          [-1, 128, 34, 34]             256
2025-10-07 22:56:54,578 - CIFAR-100_Training - INFO -              ReLU-28          [-1, 128, 34, 34]               0
2025-10-07 22:56:54,578 - CIFAR-100_Training - INFO -         MaxPool2d-29          [-1, 128, 17, 17]               0
2025-10-07 22:56:54,578 - CIFAR-100_Training - INFO -            Conv2d-30          [-1, 128, 17, 17]         147,584
2025-10-07 22:56:54,578 - CIFAR-100_Training - INFO -       BatchNorm2d-31          [-1, 128, 17, 17]             256
2025-10-07 22:56:54,578 - CIFAR-100_Training - INFO -              ReLU-32          [-1, 128, 17, 17]               0
2025-10-07 22:56:54,578 - CIFAR-100_Training - INFO -            Conv2d-33          [-1, 128, 17, 17]         147,584
2025-10-07 22:56:54,578 - CIFAR-100_Training - INFO -       BatchNorm2d-34          [-1, 128, 17, 17]             256
2025-10-07 22:56:54,578 - CIFAR-100_Training - INFO -              ReLU-35          [-1, 128, 17, 17]               0
2025-10-07 22:56:54,585 - CIFAR-100_Training - INFO -            Conv2d-36          [-1, 128, 17, 17]         147,584
2025-10-07 22:56:54,585 - CIFAR-100_Training - INFO -       BatchNorm2d-37          [-1, 128, 17, 17]             256
2025-10-07 22:56:54,585 - CIFAR-100_Training - INFO -              ReLU-38          [-1, 128, 17, 17]               0
2025-10-07 22:56:54,588 - CIFAR-100_Training - INFO -            Conv2d-39          [-1, 128, 17, 17]         147,584
2025-10-07 22:56:54,588 - CIFAR-100_Training - INFO -       BatchNorm2d-40          [-1, 128, 17, 17]             256
2025-10-07 22:56:54,588 - CIFAR-100_Training - INFO -              ReLU-41          [-1, 128, 17, 17]               0
2025-10-07 22:56:54,588 - CIFAR-100_Training - INFO -            Conv2d-42          [-1, 128, 17, 17]         147,584
2025-10-07 22:56:54,588 - CIFAR-100_Training - INFO -       BatchNorm2d-43          [-1, 128, 17, 17]             256
2025-10-07 22:56:54,588 - CIFAR-100_Training - INFO -              ReLU-44          [-1, 128, 17, 17]               0
2025-10-07 22:56:54,591 - CIFAR-100_Training - INFO -            Conv2d-45          [-1, 128, 17, 17]         147,584
2025-10-07 22:56:54,592 - CIFAR-100_Training - INFO -       BatchNorm2d-46          [-1, 128, 17, 17]             256
2025-10-07 22:56:54,592 - CIFAR-100_Training - INFO -              ReLU-47          [-1, 128, 17, 17]               0
2025-10-07 22:56:54,592 - CIFAR-100_Training - INFO -            Conv2d-48          [-1, 128, 17, 17]         147,584
2025-10-07 22:56:54,592 - CIFAR-100_Training - INFO -       BatchNorm2d-49          [-1, 128, 17, 17]             256
2025-10-07 22:56:54,592 - CIFAR-100_Training - INFO -              ReLU-50          [-1, 128, 17, 17]               0
2025-10-07 22:56:54,592 - CIFAR-100_Training - INFO -            Conv2d-51          [-1, 256, 17, 17]         295,168
2025-10-07 22:56:54,592 - CIFAR-100_Training - INFO -       BatchNorm2d-52          [-1, 256, 17, 17]             512
2025-10-07 22:56:54,592 - CIFAR-100_Training - INFO -              ReLU-53          [-1, 256, 17, 17]               0
2025-10-07 22:56:54,592 - CIFAR-100_Training - INFO -         MaxPool2d-54            [-1, 256, 8, 8]               0
2025-10-07 22:56:54,592 - CIFAR-100_Training - INFO -            Conv2d-55          [-1, 256, 17, 17]         295,168
2025-10-07 22:56:54,599 - CIFAR-100_Training - INFO -       BatchNorm2d-56          [-1, 256, 17, 17]             512
2025-10-07 22:56:54,599 - CIFAR-100_Training - INFO -              ReLU-57          [-1, 256, 17, 17]               0
2025-10-07 22:56:54,599 - CIFAR-100_Training - INFO -         MaxPool2d-58            [-1, 256, 8, 8]               0
2025-10-07 22:56:54,599 - CIFAR-100_Training - INFO -            Conv2d-59            [-1, 256, 8, 8]         590,080
2025-10-07 22:56:54,599 - CIFAR-100_Training - INFO -       BatchNorm2d-60            [-1, 256, 8, 8]             512
2025-10-07 22:56:54,599 - CIFAR-100_Training - INFO -              ReLU-61            [-1, 256, 8, 8]               0
2025-10-07 22:56:54,599 - CIFAR-100_Training - INFO -            Conv2d-62            [-1, 256, 8, 8]         590,080
2025-10-07 22:56:54,599 - CIFAR-100_Training - INFO -       BatchNorm2d-63            [-1, 256, 8, 8]             512
2025-10-07 22:56:54,599 - CIFAR-100_Training - INFO -              ReLU-64            [-1, 256, 8, 8]               0
2025-10-07 22:56:54,599 - CIFAR-100_Training - INFO -            Conv2d-65            [-1, 256, 8, 8]         590,080
2025-10-07 22:56:54,599 - CIFAR-100_Training - INFO -       BatchNorm2d-66            [-1, 256, 8, 8]             512
2025-10-07 22:56:54,599 - CIFAR-100_Training - INFO -              ReLU-67            [-1, 256, 8, 8]               0
2025-10-07 22:56:54,599 - CIFAR-100_Training - INFO -            Conv2d-68            [-1, 256, 8, 8]         590,080
2025-10-07 22:56:54,599 - CIFAR-100_Training - INFO -       BatchNorm2d-69            [-1, 256, 8, 8]             512
2025-10-07 22:56:54,605 - CIFAR-100_Training - INFO -              ReLU-70            [-1, 256, 8, 8]               0
2025-10-07 22:56:54,606 - CIFAR-100_Training - INFO -            Conv2d-71            [-1, 256, 8, 8]         590,080
2025-10-07 22:56:54,606 - CIFAR-100_Training - INFO -       BatchNorm2d-72            [-1, 256, 8, 8]             512
2025-10-07 22:56:54,606 - CIFAR-100_Training - INFO -              ReLU-73            [-1, 256, 8, 8]               0
2025-10-07 22:56:54,606 - CIFAR-100_Training - INFO -            Conv2d-74            [-1, 256, 8, 8]         590,080
2025-10-07 22:56:54,609 - CIFAR-100_Training - INFO -       BatchNorm2d-75            [-1, 256, 8, 8]             512
2025-10-07 22:56:54,609 - CIFAR-100_Training - INFO -              ReLU-76            [-1, 256, 8, 8]               0
2025-10-07 22:56:54,609 - CIFAR-100_Training - INFO -            Conv2d-77            [-1, 256, 8, 8]         590,080
2025-10-07 22:56:54,609 - CIFAR-100_Training - INFO -       BatchNorm2d-78            [-1, 256, 8, 8]             512
2025-10-07 22:56:54,609 - CIFAR-100_Training - INFO -              ReLU-79            [-1, 256, 8, 8]               0
2025-10-07 22:56:54,609 - CIFAR-100_Training - INFO -            Conv2d-80            [-1, 256, 8, 8]         590,080
2025-10-07 22:56:54,612 - CIFAR-100_Training - INFO -       BatchNorm2d-81            [-1, 256, 8, 8]             512
2025-10-07 22:56:54,613 - CIFAR-100_Training - INFO -              ReLU-82            [-1, 256, 8, 8]               0
2025-10-07 22:56:54,613 - CIFAR-100_Training - INFO -            Conv2d-83            [-1, 256, 8, 8]         590,080
2025-10-07 22:56:54,613 - CIFAR-100_Training - INFO -       BatchNorm2d-84            [-1, 256, 8, 8]             512
2025-10-07 22:56:54,613 - CIFAR-100_Training - INFO -              ReLU-85            [-1, 256, 8, 8]               0
2025-10-07 22:56:54,613 - CIFAR-100_Training - INFO -            Conv2d-86            [-1, 256, 8, 8]         590,080
2025-10-07 22:56:54,613 - CIFAR-100_Training - INFO -       BatchNorm2d-87            [-1, 256, 8, 8]             512
2025-10-07 22:56:54,613 - CIFAR-100_Training - INFO -              ReLU-88            [-1, 256, 8, 8]               0
2025-10-07 22:56:54,613 - CIFAR-100_Training - INFO -            Conv2d-89            [-1, 256, 8, 8]         590,080
2025-10-07 22:56:54,613 - CIFAR-100_Training - INFO -       BatchNorm2d-90            [-1, 256, 8, 8]             512
2025-10-07 22:56:54,613 - CIFAR-100_Training - INFO -              ReLU-91            [-1, 256, 8, 8]               0
2025-10-07 22:56:54,613 - CIFAR-100_Training - INFO -            Conv2d-92            [-1, 512, 8, 8]       1,180,160
2025-10-07 22:56:54,613 - CIFAR-100_Training - INFO -       BatchNorm2d-93            [-1, 512, 8, 8]           1,024
2025-10-07 22:56:54,613 - CIFAR-100_Training - INFO -              ReLU-94            [-1, 512, 8, 8]               0
2025-10-07 22:56:54,613 - CIFAR-100_Training - INFO -         MaxPool2d-95            [-1, 512, 4, 4]               0
2025-10-07 22:56:54,613 - CIFAR-100_Training - INFO -            Conv2d-96            [-1, 512, 8, 8]       1,180,160
2025-10-07 22:56:54,620 - CIFAR-100_Training - INFO -       BatchNorm2d-97            [-1, 512, 8, 8]           1,024
2025-10-07 22:56:54,620 - CIFAR-100_Training - INFO -              ReLU-98            [-1, 512, 8, 8]               0
2025-10-07 22:56:54,620 - CIFAR-100_Training - INFO -         MaxPool2d-99            [-1, 512, 4, 4]               0
2025-10-07 22:56:54,620 - CIFAR-100_Training - INFO -           Conv2d-100            [-1, 512, 4, 4]       2,359,808
2025-10-07 22:56:54,620 - CIFAR-100_Training - INFO -      BatchNorm2d-101            [-1, 512, 4, 4]           1,024
2025-10-07 22:56:54,620 - CIFAR-100_Training - INFO -             ReLU-102            [-1, 512, 4, 4]               0
2025-10-07 22:56:54,620 - CIFAR-100_Training - INFO -           Conv2d-103            [-1, 512, 4, 4]       2,359,808
2025-10-07 22:56:54,620 - CIFAR-100_Training - INFO -      BatchNorm2d-104            [-1, 512, 4, 4]           1,024
2025-10-07 22:56:54,620 - CIFAR-100_Training - INFO -             ReLU-105            [-1, 512, 4, 4]               0
2025-10-07 22:56:54,620 - CIFAR-100_Training - INFO -           Conv2d-106            [-1, 512, 4, 4]       2,359,808
2025-10-07 22:56:54,620 - CIFAR-100_Training - INFO -      BatchNorm2d-107            [-1, 512, 4, 4]           1,024
2025-10-07 22:56:54,620 - CIFAR-100_Training - INFO -             ReLU-108            [-1, 512, 4, 4]               0
2025-10-07 22:56:54,620 - CIFAR-100_Training - INFO -           Conv2d-109            [-1, 512, 4, 4]       2,359,808
2025-10-07 22:56:54,620 - CIFAR-100_Training - INFO -      BatchNorm2d-110            [-1, 512, 4, 4]           1,024
2025-10-07 22:56:54,620 - CIFAR-100_Training - INFO -             ReLU-111            [-1, 512, 4, 4]               0
2025-10-07 22:56:54,627 - CIFAR-100_Training - INFO -           Conv2d-112            [-1, 512, 4, 4]       2,359,808
2025-10-07 22:56:54,627 - CIFAR-100_Training - INFO -      BatchNorm2d-113            [-1, 512, 4, 4]           1,024
2025-10-07 22:56:54,627 - CIFAR-100_Training - INFO -             ReLU-114            [-1, 512, 4, 4]               0
2025-10-07 22:56:54,627 - CIFAR-100_Training - INFO - AdaptiveMaxPool2d-115            [-1, 512, 1, 1]               0
2025-10-07 22:56:54,627 - CIFAR-100_Training - INFO -          Flatten-116                  [-1, 512]               0
2025-10-07 22:56:54,627 - CIFAR-100_Training - INFO -           Linear-117                 [-1, 1000]         513,000
2025-10-07 22:56:54,627 - CIFAR-100_Training - INFO - ================================================================
2025-10-07 22:56:54,627 - CIFAR-100_Training - INFO - Total params: 23,182,440
2025-10-07 22:56:54,627 - CIFAR-100_Training - INFO - Trainable params: 23,182,440
2025-10-07 22:56:54,627 - CIFAR-100_Training - INFO - Non-trainable params: 0
2025-10-07 22:56:54,627 - CIFAR-100_Training - INFO - ----------------------------------------------------------------
2025-10-07 22:56:54,627 - CIFAR-100_Training - INFO - Input size (MB): 0.01
2025-10-07 22:56:54,627 - CIFAR-100_Training - INFO - Forward/backward pass size (MB): 35.46
2025-10-07 22:56:54,627 - CIFAR-100_Training - INFO - Params size (MB): 88.43
2025-10-07 22:56:54,627 - CIFAR-100_Training - INFO - Estimated Total Size (MB): 123.90
2025-10-07 22:56:54,627 - CIFAR-100_Training - INFO - ----------------------------------------------------------------
2025-10-07 22:56:54,634 - CIFAR-100_Training - INFO - ==================================================
2025-10-07 22:56:54,634 - CIFAR-100_Training - INFO - Setting up trainer...
2025-10-07 22:56:54,640 - CIFAR-100_Training - INFO - Using device: cuda
2025-10-07 22:56:54,640 - CIFAR-100_Training - INFO - Early stopping: Stop if train_acc - test_acc > 15.0% for 10 epochs
2025-10-07 22:56:54,640 - CIFAR-100_Training - INFO - Starting training process...
2025-10-07 22:56:54,640 - CIFAR-100_Training - INFO - Starting training process...
2025-10-07 22:56:54,640 - CIFAR-100_Training - INFO - Using optimizer: AdamW
2025-10-07 22:56:54,640 - CIFAR-100_Training - INFO - Using scheduler: ReduceLROnPlateau
2025-10-07 22:56:54,640 - CIFAR-100_Training - INFO - Optimizer Configuration:
2025-10-07 22:56:54,640 - CIFAR-100_Training - INFO -   - Learning Rate: 0.25
2025-10-07 22:56:54,640 - CIFAR-100_Training - INFO -   - Betas: (0.9, 0.999)
2025-10-07 22:56:54,640 - CIFAR-100_Training - INFO -   - Eps: 1e-08
2025-10-07 22:56:54,640 - CIFAR-100_Training - INFO -   - Weight Decay: 0.0001
2025-10-07 22:56:54,640 - CIFAR-100_Training - INFO - Scheduler Configuration:
2025-10-07 22:56:54,640 - CIFAR-100_Training - INFO -   - Mode: min
2025-10-07 22:56:54,648 - CIFAR-100_Training - INFO -   - Factor: 0.5
2025-10-07 22:56:54,648 - CIFAR-100_Training - INFO -   - Patience: 10
2025-10-07 22:56:54,648 - CIFAR-100_Training - INFO -   - Threshold: 0.0001
2025-10-07 22:56:54,648 - CIFAR-100_Training - INFO - Starting Epoch 1/100
2025-10-07 23:00:35,090 - CIFAR-100_Training - INFO - Epoch  1: Train Loss: 5.6821, Train Acc: 1.36%, Test Loss: 4.5020, Test Acc: 1.99%, Acc Diff: -0.63%, LR: 0.250000
2025-10-07 23:00:35,090 - CIFAR-100_Training - INFO - Starting Epoch 2/100
2025-10-07 23:04:07,681 - CIFAR-100_Training - INFO - Epoch  2: Train Loss: 4.4560, Train Acc: 2.23%, Test Loss: 4.3911, Test Acc: 2.75%, Acc Diff: -0.52%, LR: 0.250000
2025-10-07 23:04:07,681 - CIFAR-100_Training - INFO - Starting Epoch 3/100
2025-10-07 23:07:46,091 - CIFAR-100_Training - INFO - Epoch  3: Train Loss: 4.3916, Train Acc: 2.49%, Test Loss: 4.3639, Test Acc: 2.35%, Acc Diff: 0.14%, LR: 0.250000
2025-10-07 23:07:46,091 - CIFAR-100_Training - INFO - Starting Epoch 4/100
2025-10-07 23:11:28,295 - CIFAR-100_Training - INFO - Epoch  4: Train Loss: 4.3545, Train Acc: 2.42%, Test Loss: 4.3122, Test Acc: 2.81%, Acc Diff: -0.39%, LR: 0.250000
2025-10-07 23:11:28,295 - CIFAR-100_Training - INFO - Starting Epoch 5/100
2025-10-07 23:15:11,056 - CIFAR-100_Training - INFO - Epoch  5: Train Loss: 4.3276, Train Acc: 2.80%, Test Loss: 4.2805, Test Acc: 2.57%, Acc Diff: 0.23%, LR: 0.250000
2025-10-07 23:15:11,056 - CIFAR-100_Training - INFO - Starting Epoch 6/100
2025-10-07 23:18:53,739 - CIFAR-100_Training - INFO - Epoch  6: Train Loss: 4.3191, Train Acc: 2.74%, Test Loss: 4.3121, Test Acc: 2.57%, Acc Diff: 0.17%, LR: 0.250000
2025-10-07 23:18:53,739 - CIFAR-100_Training - INFO - Starting Epoch 7/100
2025-10-07 23:22:37,831 - CIFAR-100_Training - INFO - Epoch  7: Train Loss: 4.3089, Train Acc: 2.80%, Test Loss: 4.3974, Test Acc: 3.24%, Acc Diff: -0.44%, LR: 0.250000
2025-10-07 23:22:37,832 - CIFAR-100_Training - INFO - Starting Epoch 8/100
2025-10-07 23:26:19,530 - CIFAR-100_Training - INFO - Epoch  8: Train Loss: 14.7795, Train Acc: 1.64%, Test Loss: 99.5758, Test Acc: 1.08%, Acc Diff: 0.56%, LR: 0.250000
2025-10-07 23:26:19,532 - CIFAR-100_Training - INFO - Starting Epoch 9/100
