2025-10-01 12:42:02,985 - CIFAR-10_Training - INFO - Logger initialized. Log file: C:\Users\krish\Documents\Krishnakanth\Learnings\Learnings\MNIST_Model\Reference\ERAS7\Model_Evolution\Optimize\logs\20251001_124202_cifar10_training.log
2025-10-01 12:42:02,985 - CIFAR-10_Training - INFO - Updated Configuration (from main()):
2025-10-01 12:42:02,985 - CIFAR-10_Training - INFO -   - Epochs: 200
2025-10-01 12:42:02,986 - CIFAR-10_Training - INFO -   - Learning Rate: 0.05
2025-10-01 12:42:02,987 - CIFAR-10_Training - INFO -   - Optimizer: SGD
2025-10-01 12:42:02,987 - CIFAR-10_Training - INFO -   - Weight Decay: 0.0
2025-10-01 12:42:02,987 - CIFAR-10_Training - INFO -   - Momentum: 0.9
2025-10-01 12:42:02,987 - CIFAR-10_Training - INFO -   - Scheduler: StepLR
2025-10-01 12:42:02,988 - CIFAR-10_Training - INFO -   - Step Size: 30
2025-10-01 12:42:02,988 - CIFAR-10_Training - INFO -   - Gamma: 0.1
2025-10-01 12:42:02,988 - CIFAR-10_Training - INFO -   - Batch Size: 128
2025-10-01 12:42:02,988 - CIFAR-10_Training - INFO -   - Num Workers: 4
2025-10-01 12:42:02,988 - CIFAR-10_Training - INFO -   - Pin Memory: True
2025-10-01 12:42:02,988 - CIFAR-10_Training - INFO -   - Shuffle: True
2025-10-01 12:42:02,988 - CIFAR-10_Training - INFO -   - Dropout Rate: 0.05
2025-10-01 12:42:02,989 - CIFAR-10_Training - INFO -   - Device: CUDA
2025-10-01 12:42:02,989 - CIFAR-10_Training - INFO -   - Log Directory: C:\Users\krish\Documents\Krishnakanth\Learnings\Learnings\MNIST_Model\Reference\ERAS7\Model_Evolution\Optimize\logs
2025-10-01 12:42:02,989 - CIFAR-10_Training - INFO -   - Model Save Directory: C:\Users\krish\Documents\Krishnakanth\Learnings\Learnings\MNIST_Model\Reference\ERAS7\Model_Evolution\Optimize\models
2025-10-01 12:42:02,989 - CIFAR-10_Training - INFO -   - Save Model: True
2025-10-01 12:42:02,991 - CIFAR-10_Training - INFO -   - Log Level: DEBUG
2025-10-01 12:42:02,991 - CIFAR-10_Training - INFO - ==================================================
2025-10-01 12:42:02,991 - CIFAR-10_Training - INFO - ==================================================
2025-10-01 12:42:02,991 - CIFAR-10_Training - INFO - CIFAR-10 TRAINING EXPERIMENT STARTED
2025-10-01 12:42:02,991 - CIFAR-10_Training - INFO - ==================================================
2025-10-01 12:42:02,992 - CIFAR-10_Training - INFO - Data Config: DataConfig(data_dir='./data', batch_size=128, num_workers=4, pin_memory=True, shuffle=True, mean=(0.1307,), std=(0.3081,), cifar10_mean=(0.4914, 0.4822, 0.4465), cifar10_std=(0.247, 0.2435, 0.2616), rotation_range=(-7.0, 7.0), fill_value=1)
2025-10-01 12:42:02,992 - CIFAR-10_Training - INFO - Model Config: ModelConfig(input_channels=1, input_size=(28, 28), num_classes=10, dropout_rate=0.05)
2025-10-01 12:42:02,992 - CIFAR-10_Training - INFO - Training Config: TrainingConfig(epochs=200, learning_rate=0.05, momentum=0.9, weight_decay=0.0, scheduler_step_size=30, scheduler_gamma=0.1, seed=1, optimizer_type='SGD', adam_betas=(0.9, 0.999), adam_eps=1e-08, rmsprop_alpha=0.99, scheduler_type='StepLR', cosine_t_max=20, exponential_gamma=0.95, plateau_mode='min', plateau_factor=0.5, plateau_patience=5, plateau_threshold=0.0001)
2025-10-01 12:42:02,992 - CIFAR-10_Training - INFO - ==================================================
2025-10-01 12:42:02,992 - CIFAR-10_Training - INFO - Setting up data...
2025-10-01 12:42:02,992 - CIFAR-10_Training - INFO - Loading CIFAR-10 dataset...
2025-10-01 12:42:04,360 - CIFAR-10_Training - INFO - CIFAR-10 dataset loaded successfully!
2025-10-01 12:42:04,360 - CIFAR-10_Training - INFO - Train samples: 50000
2025-10-01 12:42:04,360 - CIFAR-10_Training - INFO - Test samples: 10000
2025-10-01 12:42:04,360 - CIFAR-10_Training - INFO - Computing CIFAR-10 data statistics...
2025-10-01 12:42:06,389 - CIFAR-10_Training - INFO - CIFAR-10 Data Statistics:
2025-10-01 12:42:06,389 - CIFAR-10_Training - INFO -   - Shape: (50000, 32, 32, 3)
2025-10-01 12:42:06,389 - CIFAR-10_Training - INFO -   - Size: 153,600,000
2025-10-01 12:42:06,389 - CIFAR-10_Training - INFO -   - Min: 0.0000
2025-10-01 12:42:06,389 - CIFAR-10_Training - INFO -   - Max: 1.0000
2025-10-01 12:42:06,389 - CIFAR-10_Training - INFO -   - Mean: 0.4734
2025-10-01 12:42:06,389 - CIFAR-10_Training - INFO -   - Std: 0.2516
2025-10-01 12:42:06,389 - CIFAR-10_Training - INFO -   - Variance: 0.0633
2025-10-01 12:42:06,389 - CIFAR-10_Training - INFO - Channel-wise Statistics:
2025-10-01 12:42:06,389 - CIFAR-10_Training - INFO -   Red Channel:
2025-10-01 12:42:06,389 - CIFAR-10_Training - INFO -     - Mean: 0.4914
2025-10-01 12:42:06,389 - CIFAR-10_Training - INFO -     - Std: 0.2470
2025-10-01 12:42:06,389 - CIFAR-10_Training - INFO -     - Min: 0.0000
2025-10-01 12:42:06,389 - CIFAR-10_Training - INFO -     - Max: 1.0000
2025-10-01 12:42:06,389 - CIFAR-10_Training - INFO -   Green Channel:
2025-10-01 12:42:06,389 - CIFAR-10_Training - INFO -     - Mean: 0.4822
2025-10-01 12:42:06,389 - CIFAR-10_Training - INFO -     - Std: 0.2435
2025-10-01 12:42:06,389 - CIFAR-10_Training - INFO -     - Min: 0.0000
2025-10-01 12:42:06,389 - CIFAR-10_Training - INFO -     - Max: 1.0000
2025-10-01 12:42:06,389 - CIFAR-10_Training - INFO -   Blue Channel:
2025-10-01 12:42:06,389 - CIFAR-10_Training - INFO -     - Mean: 0.4465
2025-10-01 12:42:06,389 - CIFAR-10_Training - INFO -     - Std: 0.2616
2025-10-01 12:42:06,389 - CIFAR-10_Training - INFO -     - Min: 0.0000
2025-10-01 12:42:06,389 - CIFAR-10_Training - INFO -     - Max: 1.0000
2025-10-01 12:42:18,565 - CIFAR-10_Training - INFO - CIFAR-10 Batch Information:
2025-10-01 12:42:18,573 - CIFAR-10_Training - INFO -   - Batch size: 128
2025-10-01 12:42:18,573 - CIFAR-10_Training - INFO -   - Image shape: torch.Size([3, 32, 32])
2025-10-01 12:42:18,573 - CIFAR-10_Training - INFO -   - Label shape: torch.Size([128])
2025-10-01 12:42:18,573 - CIFAR-10_Training - INFO -   - Data type: torch.float32
2025-10-01 12:42:18,573 - CIFAR-10_Training - INFO -   - Number of classes: 10
2025-10-01 12:42:19,657 - CIFAR-10_Training - INFO - Getting input size from CIFAR-10 data loader...
2025-10-01 12:42:29,755 - CIFAR-10_Training - INFO - CIFAR-10 input size from data loader: (3, 32, 32)
2025-10-01 12:42:30,408 - CIFAR-10_Training - INFO - Setting up model...
2025-10-01 12:42:30,433 - CIFAR-10_Training - INFO - Generating model summary...
2025-10-01 12:42:30,731 - CIFAR-10_Training - INFO - Model Architecture Summary:
2025-10-01 12:42:30,731 - CIFAR-10_Training - INFO -   - Total Parameters: 105,750
2025-10-01 12:42:30,731 - CIFAR-10_Training - INFO -   - Batch Normalization: Yes
2025-10-01 12:42:30,731 - CIFAR-10_Training - INFO -   - Dropout: No
2025-10-01 12:42:30,731 - CIFAR-10_Training - INFO -   - GAP Layers: Yes
2025-10-01 12:42:30,731 - CIFAR-10_Training - INFO -   - FC Layers: Yes
2025-10-01 12:42:30,736 - CIFAR-10_Training - INFO - ==================================================
2025-10-01 12:42:30,736 - CIFAR-10_Training - INFO - DETAILED MODEL ARCHITECTURE SUMMARY
2025-10-01 12:42:30,736 - CIFAR-10_Training - INFO - ==================================================
2025-10-01 12:42:30,736 - CIFAR-10_Training - INFO - ----------------------------------------------------------------
2025-10-01 12:42:30,736 - CIFAR-10_Training - INFO -         Layer (type)               Output Shape         Param #
2025-10-01 12:42:30,736 - CIFAR-10_Training - INFO - ================================================================
2025-10-01 12:42:30,737 - CIFAR-10_Training - INFO -             Conv2d-1            [-1, 8, 32, 32]             216
2025-10-01 12:42:30,737 - CIFAR-10_Training - INFO -        BatchNorm2d-2            [-1, 8, 32, 32]              16
2025-10-01 12:42:30,737 - CIFAR-10_Training - INFO -               ReLU-3            [-1, 8, 32, 32]               0
2025-10-01 12:42:30,737 - CIFAR-10_Training - INFO -          Dropout2d-4            [-1, 8, 32, 32]               0
2025-10-01 12:42:30,737 - CIFAR-10_Training - INFO -             Conv2d-5            [-1, 8, 32, 32]             576
2025-10-01 12:42:30,737 - CIFAR-10_Training - INFO -        BatchNorm2d-6            [-1, 8, 32, 32]              16
2025-10-01 12:42:30,737 - CIFAR-10_Training - INFO -               ReLU-7            [-1, 8, 32, 32]               0
2025-10-01 12:42:30,737 - CIFAR-10_Training - INFO -          Dropout2d-8            [-1, 8, 32, 32]               0
2025-10-01 12:42:30,737 - CIFAR-10_Training - INFO -             Conv2d-9            [-1, 8, 32, 32]             576
2025-10-01 12:42:30,737 - CIFAR-10_Training - INFO -       BatchNorm2d-10            [-1, 8, 32, 32]              16
2025-10-01 12:42:30,737 - CIFAR-10_Training - INFO -              ReLU-11            [-1, 8, 32, 32]               0
2025-10-01 12:42:30,737 - CIFAR-10_Training - INFO -         Dropout2d-12            [-1, 8, 32, 32]               0
2025-10-01 12:42:30,737 - CIFAR-10_Training - INFO -            Conv2d-13            [-1, 8, 32, 32]             576
2025-10-01 12:42:30,737 - CIFAR-10_Training - INFO -       BatchNorm2d-14            [-1, 8, 32, 32]              16
2025-10-01 12:42:30,737 - CIFAR-10_Training - INFO -              ReLU-15            [-1, 8, 32, 32]               0
2025-10-01 12:42:30,737 - CIFAR-10_Training - INFO -         Dropout2d-16            [-1, 8, 32, 32]               0
2025-10-01 12:42:30,737 - CIFAR-10_Training - INFO -            Conv2d-17            [-1, 8, 16, 16]             584
2025-10-01 12:42:30,737 - CIFAR-10_Training - INFO -       BatchNorm2d-18            [-1, 8, 16, 16]              16
2025-10-01 12:42:30,737 - CIFAR-10_Training - INFO -            Conv2d-19           [-1, 16, 16, 16]           1,152
2025-10-01 12:42:30,737 - CIFAR-10_Training - INFO -       BatchNorm2d-20           [-1, 16, 16, 16]              32
2025-10-01 12:42:30,737 - CIFAR-10_Training - INFO -              ReLU-21           [-1, 16, 16, 16]               0
2025-10-01 12:42:30,737 - CIFAR-10_Training - INFO -         Dropout2d-22           [-1, 16, 16, 16]               0
2025-10-01 12:42:30,737 - CIFAR-10_Training - INFO -            Conv2d-23           [-1, 16, 16, 16]           2,304
2025-10-01 12:42:30,737 - CIFAR-10_Training - INFO -       BatchNorm2d-24           [-1, 16, 16, 16]              32
2025-10-01 12:42:30,737 - CIFAR-10_Training - INFO -              ReLU-25           [-1, 16, 16, 16]               0
2025-10-01 12:42:30,737 - CIFAR-10_Training - INFO -         Dropout2d-26           [-1, 16, 16, 16]               0
2025-10-01 12:42:30,737 - CIFAR-10_Training - INFO -            Conv2d-27             [-1, 16, 8, 8]           2,320
2025-10-01 12:42:30,737 - CIFAR-10_Training - INFO -       BatchNorm2d-28             [-1, 16, 8, 8]              32
2025-10-01 12:42:30,737 - CIFAR-10_Training - INFO -            Conv2d-29             [-1, 16, 8, 8]             160
2025-10-01 12:42:30,737 - CIFAR-10_Training - INFO -            Conv2d-30             [-1, 32, 8, 8]             544
2025-10-01 12:42:30,737 - CIFAR-10_Training - INFO - depthwise_separable_conv-31             [-1, 32, 8, 8]               0
2025-10-01 12:42:30,737 - CIFAR-10_Training - INFO -       BatchNorm2d-32             [-1, 32, 8, 8]              64
2025-10-01 12:42:30,737 - CIFAR-10_Training - INFO -              ReLU-33             [-1, 32, 8, 8]               0
2025-10-01 12:42:30,737 - CIFAR-10_Training - INFO -         Dropout2d-34             [-1, 32, 8, 8]               0
2025-10-01 12:42:30,737 - CIFAR-10_Training - INFO -            Conv2d-35             [-1, 32, 8, 8]           9,216
2025-10-01 12:42:30,737 - CIFAR-10_Training - INFO -       BatchNorm2d-36             [-1, 32, 8, 8]              64
2025-10-01 12:42:30,737 - CIFAR-10_Training - INFO -              ReLU-37             [-1, 32, 8, 8]               0
2025-10-01 12:42:30,737 - CIFAR-10_Training - INFO -         Dropout2d-38             [-1, 32, 8, 8]               0
2025-10-01 12:42:30,737 - CIFAR-10_Training - INFO -            Conv2d-39             [-1, 32, 4, 4]           9,248
2025-10-01 12:42:30,737 - CIFAR-10_Training - INFO -       BatchNorm2d-40             [-1, 32, 4, 4]              64
2025-10-01 12:42:30,737 - CIFAR-10_Training - INFO -            Conv2d-41             [-1, 64, 4, 4]          18,432
2025-10-01 12:42:30,737 - CIFAR-10_Training - INFO -       BatchNorm2d-42             [-1, 64, 4, 4]             128
2025-10-01 12:42:30,737 - CIFAR-10_Training - INFO -              ReLU-43             [-1, 64, 4, 4]               0
2025-10-01 12:42:30,737 - CIFAR-10_Training - INFO -         Dropout2d-44             [-1, 64, 4, 4]               0
2025-10-01 12:42:30,737 - CIFAR-10_Training - INFO -            Conv2d-45             [-1, 64, 4, 4]          36,864
2025-10-01 12:42:30,737 - CIFAR-10_Training - INFO -       BatchNorm2d-46             [-1, 64, 4, 4]             128
2025-10-01 12:42:30,737 - CIFAR-10_Training - INFO -              ReLU-47             [-1, 64, 4, 4]               0
2025-10-01 12:42:30,737 - CIFAR-10_Training - INFO -         Dropout2d-48             [-1, 64, 4, 4]               0
2025-10-01 12:42:30,737 - CIFAR-10_Training - INFO -            Conv2d-49            [-1, 128, 4, 4]           8,192
2025-10-01 12:42:30,737 - CIFAR-10_Training - INFO -       BatchNorm2d-50            [-1, 128, 4, 4]             256
2025-10-01 12:42:30,737 - CIFAR-10_Training - INFO -              ReLU-51            [-1, 128, 4, 4]               0
2025-10-01 12:42:30,737 - CIFAR-10_Training - INFO -         Dropout2d-52            [-1, 128, 4, 4]               0
2025-10-01 12:42:30,737 - CIFAR-10_Training - INFO -         AvgPool2d-53            [-1, 128, 1, 1]               0
2025-10-01 12:42:30,737 - CIFAR-10_Training - INFO -            Linear-54                  [-1, 100]          12,900
2025-10-01 12:42:30,737 - CIFAR-10_Training - INFO -            Linear-55                   [-1, 10]           1,010
2025-10-01 12:42:30,737 - CIFAR-10_Training - INFO - ================================================================
2025-10-01 12:42:30,742 - CIFAR-10_Training - INFO - Total params: 105,750
2025-10-01 12:42:30,742 - CIFAR-10_Training - INFO - Trainable params: 105,750
2025-10-01 12:42:30,742 - CIFAR-10_Training - INFO - Non-trainable params: 0
2025-10-01 12:42:30,742 - CIFAR-10_Training - INFO - ----------------------------------------------------------------
2025-10-01 12:42:30,742 - CIFAR-10_Training - INFO - Input size (MB): 0.01
2025-10-01 12:42:30,742 - CIFAR-10_Training - INFO - Forward/backward pass size (MB): 1.58
2025-10-01 12:42:30,742 - CIFAR-10_Training - INFO - Params size (MB): 0.40
2025-10-01 12:42:30,742 - CIFAR-10_Training - INFO - Estimated Total Size (MB): 2.00
2025-10-01 12:42:30,742 - CIFAR-10_Training - INFO - ----------------------------------------------------------------
2025-10-01 12:42:30,743 - CIFAR-10_Training - INFO - ==================================================
2025-10-01 12:42:30,743 - CIFAR-10_Training - INFO - Setting up trainer...
2025-10-01 12:42:30,745 - CIFAR-10_Training - INFO - Using device: cuda
2025-10-01 12:42:30,745 - CIFAR-10_Training - INFO - Early stopping: Stop if train_acc - test_acc > 15.0% for 10 epochs
2025-10-01 12:42:30,745 - CIFAR-10_Training - INFO - Starting training process...
2025-10-01 12:42:30,745 - CIFAR-10_Training - INFO - Starting training process...
2025-10-01 12:42:30,746 - CIFAR-10_Training - INFO - Using optimizer: SGD
2025-10-01 12:42:30,746 - CIFAR-10_Training - INFO - Using scheduler: StepLR
2025-10-01 12:42:30,746 - CIFAR-10_Training - INFO - Optimizer Configuration:
2025-10-01 12:42:30,747 - CIFAR-10_Training - INFO -   - Learning Rate: 0.05
2025-10-01 12:42:30,747 - CIFAR-10_Training - INFO -   - Momentum: 0.9
2025-10-01 12:42:30,747 - CIFAR-10_Training - INFO -   - Weight Decay: 0.0
2025-10-01 12:42:30,747 - CIFAR-10_Training - INFO - Scheduler Configuration:
2025-10-01 12:42:30,747 - CIFAR-10_Training - INFO -   - Step Size: 30
2025-10-01 12:42:30,747 - CIFAR-10_Training - INFO -   - Gamma: 0.1
2025-10-01 12:42:30,747 - CIFAR-10_Training - INFO - Starting Epoch 1/200
2025-10-01 12:42:57,708 - CIFAR-10_Training - INFO - Epoch  1: Train Loss: 1.8788, Train Acc: 27.26%, Test Loss: 1.6730, Test Acc: 36.09%, Acc Diff: -8.83%, LR: 0.050000
2025-10-01 12:42:57,708 - CIFAR-10_Training - INFO - Starting Epoch 2/200
2025-10-01 12:43:24,293 - CIFAR-10_Training - INFO - Epoch  2: Train Loss: 1.6862, Train Acc: 35.91%, Test Loss: 1.5579, Test Acc: 38.81%, Acc Diff: -2.90%, LR: 0.050000
2025-10-01 12:43:24,293 - CIFAR-10_Training - INFO - Starting Epoch 3/200
2025-10-01 12:43:49,977 - CIFAR-10_Training - INFO - Epoch  3: Train Loss: 1.5985, Train Acc: 40.38%, Test Loss: 1.4486, Test Acc: 45.73%, Acc Diff: -5.35%, LR: 0.050000
2025-10-01 12:43:49,977 - CIFAR-10_Training - INFO - Starting Epoch 4/200
2025-10-01 12:44:15,796 - CIFAR-10_Training - INFO - Epoch  4: Train Loss: 1.5197, Train Acc: 44.24%, Test Loss: 1.3816, Test Acc: 49.15%, Acc Diff: -4.91%, LR: 0.050000
2025-10-01 12:44:15,796 - CIFAR-10_Training - INFO - Starting Epoch 5/200
2025-10-01 12:44:41,811 - CIFAR-10_Training - INFO - Epoch  5: Train Loss: 1.4579, Train Acc: 46.88%, Test Loss: 1.3201, Test Acc: 50.62%, Acc Diff: -3.74%, LR: 0.050000
2025-10-01 12:44:41,811 - CIFAR-10_Training - INFO - Starting Epoch 6/200
2025-10-01 12:45:07,574 - CIFAR-10_Training - INFO - Epoch  6: Train Loss: 1.4054, Train Acc: 48.97%, Test Loss: 1.2478, Test Acc: 55.10%, Acc Diff: -6.13%, LR: 0.050000
2025-10-01 12:45:07,574 - CIFAR-10_Training - INFO - Starting Epoch 7/200
2025-10-01 12:45:33,652 - CIFAR-10_Training - INFO - Epoch  7: Train Loss: 1.3614, Train Acc: 50.75%, Test Loss: 1.2033, Test Acc: 56.90%, Acc Diff: -6.15%, LR: 0.050000
2025-10-01 12:45:33,652 - CIFAR-10_Training - INFO - Starting Epoch 8/200
2025-10-01 12:45:59,529 - CIFAR-10_Training - INFO - Epoch  8: Train Loss: 1.3260, Train Acc: 52.14%, Test Loss: 1.1720, Test Acc: 56.43%, Acc Diff: -4.29%, LR: 0.050000
2025-10-01 12:45:59,529 - CIFAR-10_Training - INFO - Starting Epoch 9/200
2025-10-01 12:46:25,666 - CIFAR-10_Training - INFO - Epoch  9: Train Loss: 1.2966, Train Acc: 53.35%, Test Loss: 1.1705, Test Acc: 57.46%, Acc Diff: -4.11%, LR: 0.050000
2025-10-01 12:46:25,666 - CIFAR-10_Training - INFO - Starting Epoch 10/200
2025-10-01 12:46:54,103 - CIFAR-10_Training - INFO - Epoch 10: Train Loss: 1.2705, Train Acc: 54.44%, Test Loss: 1.1585, Test Acc: 58.17%, Acc Diff: -3.73%, LR: 0.050000
2025-10-01 12:46:54,103 - CIFAR-10_Training - INFO - Starting Epoch 11/200
2025-10-01 12:47:21,043 - CIFAR-10_Training - INFO - Epoch 11: Train Loss: 1.2481, Train Acc: 54.90%, Test Loss: 1.1725, Test Acc: 57.02%, Acc Diff: -2.12%, LR: 0.050000
2025-10-01 12:47:21,053 - CIFAR-10_Training - INFO - Starting Epoch 12/200
2025-10-01 12:47:47,180 - CIFAR-10_Training - INFO - Epoch 12: Train Loss: 1.2324, Train Acc: 55.26%, Test Loss: 1.1027, Test Acc: 60.27%, Acc Diff: -5.01%, LR: 0.050000
2025-10-01 12:47:47,180 - CIFAR-10_Training - INFO - Starting Epoch 13/200
2025-10-01 12:48:13,358 - CIFAR-10_Training - INFO - Epoch 13: Train Loss: 1.2163, Train Acc: 56.39%, Test Loss: 1.0869, Test Acc: 61.22%, Acc Diff: -4.83%, LR: 0.050000
2025-10-01 12:48:13,358 - CIFAR-10_Training - INFO - Starting Epoch 14/200
2025-10-01 12:48:39,800 - CIFAR-10_Training - INFO - Epoch 14: Train Loss: 1.2007, Train Acc: 56.87%, Test Loss: 1.0980, Test Acc: 60.11%, Acc Diff: -3.24%, LR: 0.050000
2025-10-01 12:48:39,800 - CIFAR-10_Training - INFO - Starting Epoch 15/200
2025-10-01 12:49:05,733 - CIFAR-10_Training - INFO - Epoch 15: Train Loss: 1.1868, Train Acc: 57.11%, Test Loss: 1.0597, Test Acc: 61.49%, Acc Diff: -4.38%, LR: 0.050000
2025-10-01 12:49:05,733 - CIFAR-10_Training - INFO - Starting Epoch 16/200
2025-10-01 12:49:31,965 - CIFAR-10_Training - INFO - Epoch 16: Train Loss: 1.1804, Train Acc: 57.26%, Test Loss: 1.0720, Test Acc: 61.00%, Acc Diff: -3.74%, LR: 0.050000
2025-10-01 12:49:31,967 - CIFAR-10_Training - INFO - Starting Epoch 17/200
2025-10-01 12:49:58,320 - CIFAR-10_Training - INFO - Epoch 17: Train Loss: 1.1684, Train Acc: 57.98%, Test Loss: 1.0639, Test Acc: 61.53%, Acc Diff: -3.55%, LR: 0.050000
2025-10-01 12:49:58,320 - CIFAR-10_Training - INFO - Starting Epoch 18/200
2025-10-01 12:50:24,318 - CIFAR-10_Training - INFO - Epoch 18: Train Loss: 1.1571, Train Acc: 58.45%, Test Loss: 1.0475, Test Acc: 61.99%, Acc Diff: -3.54%, LR: 0.050000
2025-10-01 12:50:24,318 - CIFAR-10_Training - INFO - Starting Epoch 19/200
2025-10-01 12:50:50,309 - CIFAR-10_Training - INFO - Epoch 19: Train Loss: 1.1472, Train Acc: 58.50%, Test Loss: 1.0535, Test Acc: 61.96%, Acc Diff: -3.46%, LR: 0.050000
2025-10-01 12:50:50,309 - CIFAR-10_Training - INFO - Starting Epoch 20/200
2025-10-01 12:51:16,718 - CIFAR-10_Training - INFO - Epoch 20: Train Loss: 1.1396, Train Acc: 59.19%, Test Loss: 1.0431, Test Acc: 62.62%, Acc Diff: -3.43%, LR: 0.050000
2025-10-01 12:51:16,718 - CIFAR-10_Training - INFO - Starting Epoch 21/200
2025-10-01 12:51:43,759 - CIFAR-10_Training - INFO - Epoch 21: Train Loss: 1.1368, Train Acc: 59.04%, Test Loss: 1.0490, Test Acc: 61.98%, Acc Diff: -2.94%, LR: 0.050000
2025-10-01 12:51:43,759 - CIFAR-10_Training - INFO - Starting Epoch 22/200
2025-10-01 12:52:09,899 - CIFAR-10_Training - INFO - Epoch 22: Train Loss: 1.1264, Train Acc: 59.49%, Test Loss: 1.0367, Test Acc: 62.80%, Acc Diff: -3.31%, LR: 0.050000
2025-10-01 12:52:09,899 - CIFAR-10_Training - INFO - Starting Epoch 23/200
2025-10-01 12:52:36,111 - CIFAR-10_Training - INFO - Epoch 23: Train Loss: 1.1205, Train Acc: 59.65%, Test Loss: 1.0399, Test Acc: 62.41%, Acc Diff: -2.76%, LR: 0.050000
2025-10-01 12:52:36,111 - CIFAR-10_Training - INFO - Starting Epoch 24/200
2025-10-01 12:53:02,043 - CIFAR-10_Training - INFO - Epoch 24: Train Loss: 1.1154, Train Acc: 60.09%, Test Loss: 1.0186, Test Acc: 63.04%, Acc Diff: -2.95%, LR: 0.050000
2025-10-01 12:53:02,043 - CIFAR-10_Training - INFO - Starting Epoch 25/200
2025-10-01 12:53:28,083 - CIFAR-10_Training - INFO - Epoch 25: Train Loss: 1.1054, Train Acc: 60.25%, Test Loss: 1.0054, Test Acc: 63.79%, Acc Diff: -3.54%, LR: 0.050000
2025-10-01 12:53:28,083 - CIFAR-10_Training - INFO - Starting Epoch 26/200
2025-10-01 12:53:53,963 - CIFAR-10_Training - INFO - Epoch 26: Train Loss: 1.0974, Train Acc: 60.54%, Test Loss: 1.0098, Test Acc: 63.46%, Acc Diff: -2.92%, LR: 0.050000
2025-10-01 12:53:53,963 - CIFAR-10_Training - INFO - Starting Epoch 27/200
2025-10-01 12:54:20,019 - CIFAR-10_Training - INFO - Epoch 27: Train Loss: 1.0911, Train Acc: 60.90%, Test Loss: 1.0082, Test Acc: 64.02%, Acc Diff: -3.12%, LR: 0.050000
2025-10-01 12:54:20,019 - CIFAR-10_Training - INFO - Starting Epoch 28/200
2025-10-01 12:54:46,339 - CIFAR-10_Training - INFO - Epoch 28: Train Loss: 1.0896, Train Acc: 61.10%, Test Loss: 1.0254, Test Acc: 63.23%, Acc Diff: -2.13%, LR: 0.050000
2025-10-01 12:54:46,339 - CIFAR-10_Training - INFO - Starting Epoch 29/200
2025-10-01 12:55:12,428 - CIFAR-10_Training - INFO - Epoch 29: Train Loss: 1.0831, Train Acc: 61.37%, Test Loss: 0.9996, Test Acc: 64.02%, Acc Diff: -2.65%, LR: 0.050000
2025-10-01 12:55:12,428 - CIFAR-10_Training - INFO - Starting Epoch 30/200
2025-10-01 12:55:38,458 - CIFAR-10_Training - INFO - Epoch 30: Train Loss: 1.0713, Train Acc: 61.69%, Test Loss: 0.9817, Test Acc: 64.62%, Acc Diff: -2.93%, LR: 0.005000
2025-10-01 12:55:38,458 - CIFAR-10_Training - INFO - Starting Epoch 31/200
2025-10-01 12:56:04,635 - CIFAR-10_Training - INFO - Epoch 31: Train Loss: 1.0280, Train Acc: 63.28%, Test Loss: 0.9511, Test Acc: 66.25%, Acc Diff: -2.97%, LR: 0.005000
2025-10-01 12:56:04,635 - CIFAR-10_Training - INFO - Starting Epoch 32/200
2025-10-01 12:56:31,085 - CIFAR-10_Training - INFO - Epoch 32: Train Loss: 1.0131, Train Acc: 63.69%, Test Loss: 0.9507, Test Acc: 65.98%, Acc Diff: -2.29%, LR: 0.005000
2025-10-01 12:56:31,085 - CIFAR-10_Training - INFO - Starting Epoch 33/200
2025-10-01 12:56:57,198 - CIFAR-10_Training - INFO - Epoch 33: Train Loss: 1.0102, Train Acc: 63.86%, Test Loss: 0.9492, Test Acc: 66.10%, Acc Diff: -2.24%, LR: 0.005000
2025-10-01 12:56:57,198 - CIFAR-10_Training - INFO - Starting Epoch 34/200
2025-10-01 12:57:23,233 - CIFAR-10_Training - INFO - Epoch 34: Train Loss: 1.0042, Train Acc: 63.88%, Test Loss: 0.9478, Test Acc: 66.20%, Acc Diff: -2.32%, LR: 0.005000
2025-10-01 12:57:23,233 - CIFAR-10_Training - INFO - Starting Epoch 35/200
2025-10-01 12:57:49,128 - CIFAR-10_Training - INFO - Epoch 35: Train Loss: 1.0048, Train Acc: 63.91%, Test Loss: 0.9477, Test Acc: 66.23%, Acc Diff: -2.32%, LR: 0.005000
2025-10-01 12:57:49,128 - CIFAR-10_Training - INFO - Starting Epoch 36/200
2025-10-01 12:58:14,958 - CIFAR-10_Training - INFO - Epoch 36: Train Loss: 0.9977, Train Acc: 64.41%, Test Loss: 0.9461, Test Acc: 66.20%, Acc Diff: -1.79%, LR: 0.005000
2025-10-01 12:58:14,958 - CIFAR-10_Training - INFO - Starting Epoch 37/200
2025-10-01 12:58:41,127 - CIFAR-10_Training - INFO - Epoch 37: Train Loss: 1.0020, Train Acc: 64.09%, Test Loss: 0.9472, Test Acc: 66.08%, Acc Diff: -1.99%, LR: 0.005000
2025-10-01 12:58:41,127 - CIFAR-10_Training - INFO - Starting Epoch 38/200
2025-10-01 12:59:07,158 - CIFAR-10_Training - INFO - Epoch 38: Train Loss: 1.0001, Train Acc: 64.13%, Test Loss: 0.9473, Test Acc: 66.11%, Acc Diff: -1.98%, LR: 0.005000
2025-10-01 12:59:07,158 - CIFAR-10_Training - INFO - Starting Epoch 39/200
2025-10-01 12:59:33,117 - CIFAR-10_Training - INFO - Epoch 39: Train Loss: 1.0012, Train Acc: 63.88%, Test Loss: 0.9477, Test Acc: 66.13%, Acc Diff: -2.25%, LR: 0.005000
2025-10-01 12:59:33,117 - CIFAR-10_Training - INFO - Starting Epoch 40/200
2025-10-01 12:59:59,044 - CIFAR-10_Training - INFO - Epoch 40: Train Loss: 0.9952, Train Acc: 64.41%, Test Loss: 0.9445, Test Acc: 66.21%, Acc Diff: -1.80%, LR: 0.005000
2025-10-01 12:59:59,044 - CIFAR-10_Training - INFO - Starting Epoch 41/200
2025-10-01 13:00:25,174 - CIFAR-10_Training - INFO - Epoch 41: Train Loss: 0.9948, Train Acc: 64.45%, Test Loss: 0.9437, Test Acc: 66.28%, Acc Diff: -1.83%, LR: 0.005000
2025-10-01 13:00:25,174 - CIFAR-10_Training - INFO - Starting Epoch 42/200
2025-10-01 13:00:51,124 - CIFAR-10_Training - INFO - Epoch 42: Train Loss: 0.9975, Train Acc: 64.38%, Test Loss: 0.9482, Test Acc: 66.16%, Acc Diff: -1.78%, LR: 0.005000
2025-10-01 13:00:51,124 - CIFAR-10_Training - INFO - Starting Epoch 43/200
2025-10-01 13:01:17,101 - CIFAR-10_Training - INFO - Epoch 43: Train Loss: 0.9946, Train Acc: 64.45%, Test Loss: 0.9459, Test Acc: 66.17%, Acc Diff: -1.72%, LR: 0.005000
2025-10-01 13:01:17,101 - CIFAR-10_Training - INFO - Starting Epoch 44/200
2025-10-01 13:01:43,041 - CIFAR-10_Training - INFO - Epoch 44: Train Loss: 0.9967, Train Acc: 64.14%, Test Loss: 0.9417, Test Acc: 66.40%, Acc Diff: -2.26%, LR: 0.005000
2025-10-01 13:01:43,041 - CIFAR-10_Training - INFO - Starting Epoch 45/200
2025-10-01 13:02:09,305 - CIFAR-10_Training - INFO - Epoch 45: Train Loss: 0.9939, Train Acc: 64.30%, Test Loss: 0.9426, Test Acc: 66.17%, Acc Diff: -1.87%, LR: 0.005000
2025-10-01 13:02:09,305 - CIFAR-10_Training - INFO - Starting Epoch 46/200
2025-10-01 13:02:35,507 - CIFAR-10_Training - INFO - Epoch 46: Train Loss: 0.9868, Train Acc: 64.65%, Test Loss: 0.9410, Test Acc: 66.39%, Acc Diff: -1.74%, LR: 0.005000
2025-10-01 13:02:35,507 - CIFAR-10_Training - INFO - Starting Epoch 47/200
2025-10-01 13:03:01,459 - CIFAR-10_Training - INFO - Epoch 47: Train Loss: 0.9877, Train Acc: 64.71%, Test Loss: 0.9443, Test Acc: 66.41%, Acc Diff: -1.70%, LR: 0.005000
2025-10-01 13:03:01,459 - CIFAR-10_Training - INFO - Starting Epoch 48/200
2025-10-01 13:03:27,463 - CIFAR-10_Training - INFO - Epoch 48: Train Loss: 0.9889, Train Acc: 64.70%, Test Loss: 0.9465, Test Acc: 66.32%, Acc Diff: -1.62%, LR: 0.005000
2025-10-01 13:03:27,463 - CIFAR-10_Training - INFO - Starting Epoch 49/200
2025-10-01 13:03:53,233 - CIFAR-10_Training - INFO - Epoch 49: Train Loss: 0.9863, Train Acc: 64.50%, Test Loss: 0.9446, Test Acc: 65.98%, Acc Diff: -1.48%, LR: 0.005000
2025-10-01 13:03:53,233 - CIFAR-10_Training - INFO - Starting Epoch 50/200
2025-10-01 13:04:19,184 - CIFAR-10_Training - INFO - Epoch 50: Train Loss: 0.9828, Train Acc: 64.65%, Test Loss: 0.9418, Test Acc: 66.11%, Acc Diff: -1.46%, LR: 0.005000
2025-10-01 13:04:19,184 - CIFAR-10_Training - INFO - Starting Epoch 51/200
2025-10-01 13:04:45,308 - CIFAR-10_Training - INFO - Epoch 51: Train Loss: 0.9863, Train Acc: 64.53%, Test Loss: 0.9435, Test Acc: 66.27%, Acc Diff: -1.74%, LR: 0.005000
2025-10-01 13:04:45,308 - CIFAR-10_Training - INFO - Starting Epoch 52/200
2025-10-01 13:05:11,614 - CIFAR-10_Training - INFO - Epoch 52: Train Loss: 0.9847, Train Acc: 64.57%, Test Loss: 0.9446, Test Acc: 66.09%, Acc Diff: -1.52%, LR: 0.005000
2025-10-01 13:05:11,614 - CIFAR-10_Training - INFO - Starting Epoch 53/200
2025-10-01 13:05:37,397 - CIFAR-10_Training - INFO - Epoch 53: Train Loss: 0.9838, Train Acc: 64.52%, Test Loss: 0.9434, Test Acc: 66.08%, Acc Diff: -1.56%, LR: 0.005000
2025-10-01 13:05:37,397 - CIFAR-10_Training - INFO - Starting Epoch 54/200
2025-10-01 13:06:03,410 - CIFAR-10_Training - INFO - Epoch 54: Train Loss: 0.9786, Train Acc: 64.86%, Test Loss: 0.9430, Test Acc: 66.49%, Acc Diff: -1.63%, LR: 0.005000
2025-10-01 13:06:03,410 - CIFAR-10_Training - INFO - Starting Epoch 55/200
2025-10-01 13:06:29,381 - CIFAR-10_Training - INFO - Epoch 55: Train Loss: 0.9818, Train Acc: 64.73%, Test Loss: 0.9433, Test Acc: 66.27%, Acc Diff: -1.54%, LR: 0.005000
2025-10-01 13:06:29,381 - CIFAR-10_Training - INFO - Starting Epoch 56/200
2025-10-01 13:06:55,400 - CIFAR-10_Training - INFO - Epoch 56: Train Loss: 0.9878, Train Acc: 64.38%, Test Loss: 0.9438, Test Acc: 66.12%, Acc Diff: -1.74%, LR: 0.005000
2025-10-01 13:06:55,400 - CIFAR-10_Training - INFO - Starting Epoch 57/200
2025-10-01 13:07:21,790 - CIFAR-10_Training - INFO - Epoch 57: Train Loss: 0.9831, Train Acc: 64.66%, Test Loss: 0.9470, Test Acc: 66.35%, Acc Diff: -1.69%, LR: 0.005000
2025-10-01 13:07:21,790 - CIFAR-10_Training - INFO - Starting Epoch 58/200
2025-10-01 13:07:48,040 - CIFAR-10_Training - INFO - Epoch 58: Train Loss: 0.9841, Train Acc: 64.90%, Test Loss: 0.9412, Test Acc: 66.33%, Acc Diff: -1.43%, LR: 0.005000
2025-10-01 13:07:48,040 - CIFAR-10_Training - INFO - Starting Epoch 59/200
2025-10-01 13:08:14,498 - CIFAR-10_Training - INFO - Epoch 59: Train Loss: 0.9788, Train Acc: 64.81%, Test Loss: 0.9444, Test Acc: 66.43%, Acc Diff: -1.62%, LR: 0.005000
2025-10-01 13:08:14,498 - CIFAR-10_Training - INFO - Starting Epoch 60/200
2025-10-01 13:08:40,824 - CIFAR-10_Training - INFO - Epoch 60: Train Loss: 0.9763, Train Acc: 64.96%, Test Loss: 0.9391, Test Acc: 66.40%, Acc Diff: -1.44%, LR: 0.000500
2025-10-01 13:08:40,824 - CIFAR-10_Training - INFO - Starting Epoch 61/200
2025-10-01 13:09:06,854 - CIFAR-10_Training - INFO - Epoch 61: Train Loss: 0.9708, Train Acc: 64.93%, Test Loss: 0.9347, Test Acc: 66.52%, Acc Diff: -1.59%, LR: 0.000500
2025-10-01 13:09:06,854 - CIFAR-10_Training - INFO - Starting Epoch 62/200
2025-10-01 13:09:32,990 - CIFAR-10_Training - INFO - Epoch 62: Train Loss: 0.9711, Train Acc: 65.19%, Test Loss: 0.9380, Test Acc: 66.59%, Acc Diff: -1.40%, LR: 0.000500
2025-10-01 13:09:32,990 - CIFAR-10_Training - INFO - Starting Epoch 63/200
2025-10-01 13:09:58,942 - CIFAR-10_Training - INFO - Epoch 63: Train Loss: 0.9685, Train Acc: 65.17%, Test Loss: 0.9346, Test Acc: 66.53%, Acc Diff: -1.36%, LR: 0.000500
2025-10-01 13:09:58,942 - CIFAR-10_Training - INFO - Starting Epoch 64/200
2025-10-01 13:10:25,163 - CIFAR-10_Training - INFO - Epoch 64: Train Loss: 0.9690, Train Acc: 65.14%, Test Loss: 0.9365, Test Acc: 66.56%, Acc Diff: -1.42%, LR: 0.000500
2025-10-01 13:10:25,163 - CIFAR-10_Training - INFO - Starting Epoch 65/200
2025-10-01 13:10:51,111 - CIFAR-10_Training - INFO - Epoch 65: Train Loss: 0.9662, Train Acc: 65.38%, Test Loss: 0.9333, Test Acc: 66.53%, Acc Diff: -1.15%, LR: 0.000500
2025-10-01 13:10:51,111 - CIFAR-10_Training - INFO - Starting Epoch 66/200
2025-10-01 13:11:17,557 - CIFAR-10_Training - INFO - Epoch 66: Train Loss: 0.9687, Train Acc: 65.31%, Test Loss: 0.9399, Test Acc: 66.46%, Acc Diff: -1.15%, LR: 0.000500
2025-10-01 13:11:17,557 - CIFAR-10_Training - INFO - Starting Epoch 67/200
2025-10-01 13:11:43,604 - CIFAR-10_Training - INFO - Epoch 67: Train Loss: 0.9676, Train Acc: 65.12%, Test Loss: 0.9355, Test Acc: 66.60%, Acc Diff: -1.48%, LR: 0.000500
2025-10-01 13:11:43,604 - CIFAR-10_Training - INFO - Starting Epoch 68/200
2025-10-01 13:12:09,454 - CIFAR-10_Training - INFO - Epoch 68: Train Loss: 0.9662, Train Acc: 65.32%, Test Loss: 0.9393, Test Acc: 66.40%, Acc Diff: -1.08%, LR: 0.000500
2025-10-01 13:12:09,454 - CIFAR-10_Training - INFO - Starting Epoch 69/200
2025-10-01 13:12:36,235 - CIFAR-10_Training - INFO - Epoch 69: Train Loss: 0.9690, Train Acc: 65.26%, Test Loss: 0.9359, Test Acc: 66.59%, Acc Diff: -1.33%, LR: 0.000500
2025-10-01 13:12:36,235 - CIFAR-10_Training - INFO - Starting Epoch 70/200
2025-10-01 14:27:25,865 - CIFAR-10_Training - INFO - Epoch 70: Train Loss: 0.9699, Train Acc: 65.08%, Test Loss: 0.9379, Test Acc: 66.37%, Acc Diff: -1.29%, LR: 0.000500
2025-10-01 14:27:25,865 - CIFAR-10_Training - INFO - Starting Epoch 71/200
