2025-09-30 22:14:46,776 - CIFAR-10_Training - INFO - Logger initialized. Log file: C:\Users\krish\Documents\Krishnakanth\Learnings\Learnings\MNIST_Model\Reference\ERAS7\Model_Evolution\Optimize\logs\20250930_221446_cifar10_training.log
2025-09-30 22:14:46,777 - CIFAR-10_Training - INFO - Updated Configuration (from main()):
2025-09-30 22:14:46,777 - CIFAR-10_Training - INFO -   - Epochs: 100
2025-09-30 22:14:46,779 - CIFAR-10_Training - INFO -   - Learning Rate: 0.05
2025-09-30 22:14:46,779 - CIFAR-10_Training - INFO -   - Optimizer: SGD
2025-09-30 22:14:46,779 - CIFAR-10_Training - INFO -   - Weight Decay: 0.0
2025-09-30 22:14:46,779 - CIFAR-10_Training - INFO -   - Momentum: 0.9
2025-09-30 22:14:46,780 - CIFAR-10_Training - INFO -   - Scheduler: StepLR
2025-09-30 22:14:46,780 - CIFAR-10_Training - INFO -   - Step Size: 15
2025-09-30 22:14:46,781 - CIFAR-10_Training - INFO -   - Gamma: 0.1
2025-09-30 22:14:46,781 - CIFAR-10_Training - INFO -   - Batch Size: 128
2025-09-30 22:14:46,781 - CIFAR-10_Training - INFO -   - Num Workers: 4
2025-09-30 22:14:46,782 - CIFAR-10_Training - INFO -   - Pin Memory: True
2025-09-30 22:14:46,782 - CIFAR-10_Training - INFO -   - Shuffle: True
2025-09-30 22:14:46,782 - CIFAR-10_Training - INFO -   - Dropout Rate: 0.05
2025-09-30 22:14:46,782 - CIFAR-10_Training - INFO -   - Device: CUDA
2025-09-30 22:14:46,782 - CIFAR-10_Training - INFO -   - Log Directory: C:\Users\krish\Documents\Krishnakanth\Learnings\Learnings\MNIST_Model\Reference\ERAS7\Model_Evolution\Optimize\logs
2025-09-30 22:14:46,782 - CIFAR-10_Training - INFO -   - Model Save Directory: C:\Users\krish\Documents\Krishnakanth\Learnings\Learnings\MNIST_Model\Reference\ERAS7\Model_Evolution\Optimize\models
2025-09-30 22:14:46,782 - CIFAR-10_Training - INFO -   - Save Model: True
2025-09-30 22:14:46,782 - CIFAR-10_Training - INFO -   - Log Level: DEBUG
2025-09-30 22:14:46,782 - CIFAR-10_Training - INFO - ==================================================
2025-09-30 22:14:46,782 - CIFAR-10_Training - INFO - ==================================================
2025-09-30 22:14:46,782 - CIFAR-10_Training - INFO - CIFAR-10 TRAINING EXPERIMENT STARTED
2025-09-30 22:14:46,782 - CIFAR-10_Training - INFO - ==================================================
2025-09-30 22:14:46,782 - CIFAR-10_Training - INFO - Data Config: DataConfig(data_dir='./data', batch_size=128, num_workers=4, pin_memory=True, shuffle=True, mean=(0.1307,), std=(0.3081,), cifar10_mean=(0.4914, 0.4822, 0.4465), cifar10_std=(0.247, 0.2435, 0.2616), rotation_range=(-7.0, 7.0), fill_value=1)
2025-09-30 22:14:46,782 - CIFAR-10_Training - INFO - Model Config: ModelConfig(input_channels=1, input_size=(28, 28), num_classes=10, dropout_rate=0.05)
2025-09-30 22:14:46,782 - CIFAR-10_Training - INFO - Training Config: TrainingConfig(epochs=100, learning_rate=0.05, momentum=0.9, weight_decay=0.0, scheduler_step_size=15, scheduler_gamma=0.1, seed=1, optimizer_type='SGD', adam_betas=(0.9, 0.999), adam_eps=1e-08, rmsprop_alpha=0.99, scheduler_type='StepLR', cosine_t_max=20, exponential_gamma=0.95, plateau_mode='min', plateau_factor=0.5, plateau_patience=5, plateau_threshold=0.0001)
2025-09-30 22:14:46,782 - CIFAR-10_Training - INFO - ==================================================
2025-09-30 22:14:46,782 - CIFAR-10_Training - INFO - Setting up data...
2025-09-30 22:14:46,786 - CIFAR-10_Training - INFO - Loading CIFAR-10 dataset...
2025-09-30 22:14:48,679 - CIFAR-10_Training - INFO - CIFAR-10 dataset loaded successfully!
2025-09-30 22:14:48,687 - CIFAR-10_Training - INFO - Train samples: 50000
2025-09-30 22:14:48,688 - CIFAR-10_Training - INFO - Test samples: 10000
2025-09-30 22:14:48,688 - CIFAR-10_Training - INFO - Computing CIFAR-10 data statistics...
2025-09-30 22:14:52,587 - CIFAR-10_Training - INFO - CIFAR-10 Data Statistics:
2025-09-30 22:14:52,587 - CIFAR-10_Training - INFO -   - Shape: (50000, 32, 32, 3)
2025-09-30 22:14:52,587 - CIFAR-10_Training - INFO -   - Size: 153,600,000
2025-09-30 22:14:52,587 - CIFAR-10_Training - INFO -   - Min: 0.0000
2025-09-30 22:14:52,592 - CIFAR-10_Training - INFO -   - Max: 1.0000
2025-09-30 22:14:52,592 - CIFAR-10_Training - INFO -   - Mean: 0.4734
2025-09-30 22:14:52,592 - CIFAR-10_Training - INFO -   - Std: 0.2516
2025-09-30 22:14:52,592 - CIFAR-10_Training - INFO -   - Variance: 0.0633
2025-09-30 22:14:52,592 - CIFAR-10_Training - INFO - Channel-wise Statistics:
2025-09-30 22:14:52,592 - CIFAR-10_Training - INFO -   Red Channel:
2025-09-30 22:14:52,592 - CIFAR-10_Training - INFO -     - Mean: 0.4914
2025-09-30 22:14:52,592 - CIFAR-10_Training - INFO -     - Std: 0.2470
2025-09-30 22:14:52,592 - CIFAR-10_Training - INFO -     - Min: 0.0000
2025-09-30 22:14:52,592 - CIFAR-10_Training - INFO -     - Max: 1.0000
2025-09-30 22:14:52,592 - CIFAR-10_Training - INFO -   Green Channel:
2025-09-30 22:14:52,592 - CIFAR-10_Training - INFO -     - Mean: 0.4822
2025-09-30 22:14:52,592 - CIFAR-10_Training - INFO -     - Std: 0.2435
2025-09-30 22:14:52,592 - CIFAR-10_Training - INFO -     - Min: 0.0000
2025-09-30 22:14:52,597 - CIFAR-10_Training - INFO -     - Max: 1.0000
2025-09-30 22:14:52,597 - CIFAR-10_Training - INFO -   Blue Channel:
2025-09-30 22:14:52,597 - CIFAR-10_Training - INFO -     - Mean: 0.4465
2025-09-30 22:14:52,597 - CIFAR-10_Training - INFO -     - Std: 0.2616
2025-09-30 22:14:52,597 - CIFAR-10_Training - INFO -     - Min: 0.0000
2025-09-30 22:14:52,597 - CIFAR-10_Training - INFO -     - Max: 1.0000
2025-09-30 22:15:14,756 - CIFAR-10_Training - INFO - CIFAR-10 Batch Information:
2025-09-30 22:15:14,757 - CIFAR-10_Training - INFO -   - Batch size: 128
2025-09-30 22:15:14,757 - CIFAR-10_Training - INFO -   - Image shape: torch.Size([3, 32, 32])
2025-09-30 22:15:14,757 - CIFAR-10_Training - INFO -   - Label shape: torch.Size([128])
2025-09-30 22:15:14,757 - CIFAR-10_Training - INFO -   - Data type: torch.float32
2025-09-30 22:15:14,757 - CIFAR-10_Training - INFO -   - Number of classes: 10
2025-09-30 22:15:16,191 - CIFAR-10_Training - INFO - Getting input size from CIFAR-10 data loader...
2025-09-30 22:15:36,142 - CIFAR-10_Training - INFO - CIFAR-10 input size from data loader: (3, 32, 32)
2025-09-30 22:15:38,142 - CIFAR-10_Training - INFO - Setting up model...
2025-09-30 22:15:38,192 - CIFAR-10_Training - INFO - Generating model summary...
2025-09-30 22:15:39,865 - CIFAR-10_Training - INFO - Model Architecture Summary:
2025-09-30 22:15:39,868 - CIFAR-10_Training - INFO -   - Total Parameters: 173,764
2025-09-30 22:15:39,869 - CIFAR-10_Training - INFO -   - Batch Normalization: Yes
2025-09-30 22:15:39,869 - CIFAR-10_Training - INFO -   - Dropout: No
2025-09-30 22:15:39,869 - CIFAR-10_Training - INFO -   - GAP Layers: Yes
2025-09-30 22:15:39,869 - CIFAR-10_Training - INFO -   - FC Layers: Yes
2025-09-30 22:15:39,869 - CIFAR-10_Training - INFO - ==================================================
2025-09-30 22:15:39,869 - CIFAR-10_Training - INFO - DETAILED MODEL ARCHITECTURE SUMMARY
2025-09-30 22:15:39,869 - CIFAR-10_Training - INFO - ==================================================
2025-09-30 22:15:39,869 - CIFAR-10_Training - INFO - ----------------------------------------------------------------
2025-09-30 22:15:39,869 - CIFAR-10_Training - INFO -         Layer (type)               Output Shape         Param #
2025-09-30 22:15:39,869 - CIFAR-10_Training - INFO - ================================================================
2025-09-30 22:15:39,869 - CIFAR-10_Training - INFO -             Conv2d-1           [-1, 16, 32, 32]             432
2025-09-30 22:15:39,873 - CIFAR-10_Training - INFO -        BatchNorm2d-2           [-1, 16, 32, 32]              32
2025-09-30 22:15:39,873 - CIFAR-10_Training - INFO -               ReLU-3           [-1, 16, 32, 32]               0
2025-09-30 22:15:39,873 - CIFAR-10_Training - INFO -          Dropout2d-4           [-1, 16, 32, 32]               0
2025-09-30 22:15:39,875 - CIFAR-10_Training - INFO -             Conv2d-5           [-1, 16, 32, 32]           2,304
2025-09-30 22:15:39,876 - CIFAR-10_Training - INFO -        BatchNorm2d-6           [-1, 16, 32, 32]              32
2025-09-30 22:15:39,876 - CIFAR-10_Training - INFO -               ReLU-7           [-1, 16, 32, 32]               0
2025-09-30 22:15:39,877 - CIFAR-10_Training - INFO -          Dropout2d-8           [-1, 16, 32, 32]               0
2025-09-30 22:15:39,877 - CIFAR-10_Training - INFO -             Conv2d-9           [-1, 16, 32, 32]           2,304
2025-09-30 22:15:39,877 - CIFAR-10_Training - INFO -       BatchNorm2d-10           [-1, 16, 32, 32]              32
2025-09-30 22:15:39,877 - CIFAR-10_Training - INFO -              ReLU-11           [-1, 16, 32, 32]               0
2025-09-30 22:15:39,877 - CIFAR-10_Training - INFO -         Dropout2d-12           [-1, 16, 32, 32]               0
2025-09-30 22:15:39,880 - CIFAR-10_Training - INFO -            Conv2d-13           [-1, 16, 32, 32]           2,304
2025-09-30 22:15:39,880 - CIFAR-10_Training - INFO -       BatchNorm2d-14           [-1, 16, 32, 32]              32
2025-09-30 22:15:39,882 - CIFAR-10_Training - INFO -              ReLU-15           [-1, 16, 32, 32]               0
2025-09-30 22:15:39,882 - CIFAR-10_Training - INFO -         Dropout2d-16           [-1, 16, 32, 32]               0
2025-09-30 22:15:39,882 - CIFAR-10_Training - INFO -            Conv2d-17           [-1, 16, 16, 16]           2,320
2025-09-30 22:15:39,882 - CIFAR-10_Training - INFO -       BatchNorm2d-18           [-1, 16, 16, 16]              32
2025-09-30 22:15:39,882 - CIFAR-10_Training - INFO -            Conv2d-19           [-1, 32, 16, 16]           4,608
2025-09-30 22:15:39,882 - CIFAR-10_Training - INFO -       BatchNorm2d-20           [-1, 32, 16, 16]              64
2025-09-30 22:15:39,882 - CIFAR-10_Training - INFO -              ReLU-21           [-1, 32, 16, 16]               0
2025-09-30 22:15:39,882 - CIFAR-10_Training - INFO -         Dropout2d-22           [-1, 32, 16, 16]               0
2025-09-30 22:15:39,882 - CIFAR-10_Training - INFO -            Conv2d-23           [-1, 32, 16, 16]           9,216
2025-09-30 22:15:39,886 - CIFAR-10_Training - INFO -       BatchNorm2d-24           [-1, 32, 16, 16]              64
2025-09-30 22:15:39,887 - CIFAR-10_Training - INFO -              ReLU-25           [-1, 32, 16, 16]               0
2025-09-30 22:15:39,887 - CIFAR-10_Training - INFO -         Dropout2d-26           [-1, 32, 16, 16]               0
2025-09-30 22:15:39,887 - CIFAR-10_Training - INFO -            Conv2d-27           [-1, 32, 16, 16]           9,216
2025-09-30 22:15:39,889 - CIFAR-10_Training - INFO -       BatchNorm2d-28           [-1, 32, 16, 16]              64
2025-09-30 22:15:39,890 - CIFAR-10_Training - INFO -              ReLU-29           [-1, 32, 16, 16]               0
2025-09-30 22:15:39,892 - CIFAR-10_Training - INFO -         Dropout2d-30           [-1, 32, 16, 16]               0
2025-09-30 22:15:39,892 - CIFAR-10_Training - INFO -            Conv2d-31             [-1, 32, 8, 8]           9,248
2025-09-30 22:15:39,892 - CIFAR-10_Training - INFO -       BatchNorm2d-32             [-1, 32, 8, 8]              64
2025-09-30 22:15:39,894 - CIFAR-10_Training - INFO -            Conv2d-33             [-1, 32, 8, 8]           9,216
2025-09-30 22:15:39,894 - CIFAR-10_Training - INFO -       BatchNorm2d-34             [-1, 32, 8, 8]              64
2025-09-30 22:15:39,894 - CIFAR-10_Training - INFO -              ReLU-35             [-1, 32, 8, 8]               0
2025-09-30 22:15:39,896 - CIFAR-10_Training - INFO -         Dropout2d-36             [-1, 32, 8, 8]               0
2025-09-30 22:15:39,899 - CIFAR-10_Training - INFO -            Conv2d-37             [-1, 32, 8, 8]           9,216
2025-09-30 22:15:39,899 - CIFAR-10_Training - INFO -       BatchNorm2d-38             [-1, 32, 8, 8]              64
2025-09-30 22:15:39,901 - CIFAR-10_Training - INFO -              ReLU-39             [-1, 32, 8, 8]               0
2025-09-30 22:15:39,901 - CIFAR-10_Training - INFO -         Dropout2d-40             [-1, 32, 8, 8]               0
2025-09-30 22:15:39,903 - CIFAR-10_Training - INFO -            Conv2d-41             [-1, 32, 8, 8]           9,216
2025-09-30 22:15:39,910 - CIFAR-10_Training - INFO -       BatchNorm2d-42             [-1, 32, 8, 8]              64
2025-09-30 22:15:39,912 - CIFAR-10_Training - INFO -              ReLU-43             [-1, 32, 8, 8]               0
2025-09-30 22:15:39,912 - CIFAR-10_Training - INFO -         Dropout2d-44             [-1, 32, 8, 8]               0
2025-09-30 22:15:39,912 - CIFAR-10_Training - INFO -            Conv2d-45             [-1, 32, 4, 4]           9,248
2025-09-30 22:15:39,914 - CIFAR-10_Training - INFO -       BatchNorm2d-46             [-1, 32, 4, 4]              64
2025-09-30 22:15:39,914 - CIFAR-10_Training - INFO -            Conv2d-47             [-1, 64, 4, 4]          18,432
2025-09-30 22:15:39,914 - CIFAR-10_Training - INFO -       BatchNorm2d-48             [-1, 64, 4, 4]             128
2025-09-30 22:15:39,932 - CIFAR-10_Training - INFO -              ReLU-49             [-1, 64, 4, 4]               0
2025-09-30 22:15:39,937 - CIFAR-10_Training - INFO -         Dropout2d-50             [-1, 64, 4, 4]               0
2025-09-30 22:15:39,941 - CIFAR-10_Training - INFO -            Conv2d-51             [-1, 64, 4, 4]          36,864
2025-09-30 22:15:39,943 - CIFAR-10_Training - INFO -       BatchNorm2d-52             [-1, 64, 4, 4]             128
2025-09-30 22:15:39,943 - CIFAR-10_Training - INFO -              ReLU-53             [-1, 64, 4, 4]               0
2025-09-30 22:15:39,943 - CIFAR-10_Training - INFO -         Dropout2d-54             [-1, 64, 4, 4]               0
2025-09-30 22:15:39,943 - CIFAR-10_Training - INFO -            Conv2d-55             [-1, 64, 4, 4]          36,864
2025-09-30 22:15:39,946 - CIFAR-10_Training - INFO -       BatchNorm2d-56             [-1, 64, 4, 4]             128
2025-09-30 22:15:39,946 - CIFAR-10_Training - INFO -              ReLU-57             [-1, 64, 4, 4]               0
2025-09-30 22:15:39,947 - CIFAR-10_Training - INFO -         Dropout2d-58             [-1, 64, 4, 4]               0
2025-09-30 22:15:39,947 - CIFAR-10_Training - INFO -            Conv2d-59             [-1, 10, 4, 4]             640
2025-09-30 22:15:39,948 - CIFAR-10_Training - INFO -         AvgPool2d-60             [-1, 10, 1, 1]               0
2025-09-30 22:15:39,948 - CIFAR-10_Training - INFO -            Linear-61                   [-1, 50]             550
2025-09-30 22:15:39,948 - CIFAR-10_Training - INFO -            Linear-62                   [-1, 10]             510
2025-09-30 22:15:39,948 - CIFAR-10_Training - INFO - ================================================================
2025-09-30 22:15:39,948 - CIFAR-10_Training - INFO - Total params: 173,764
2025-09-30 22:15:39,948 - CIFAR-10_Training - INFO - Trainable params: 173,764
2025-09-30 22:15:39,951 - CIFAR-10_Training - INFO - Non-trainable params: 0
2025-09-30 22:15:39,953 - CIFAR-10_Training - INFO - ----------------------------------------------------------------
2025-09-30 22:15:39,953 - CIFAR-10_Training - INFO - Input size (MB): 0.01
2025-09-30 22:15:39,953 - CIFAR-10_Training - INFO - Forward/backward pass size (MB): 3.13
2025-09-30 22:15:39,955 - CIFAR-10_Training - INFO - Params size (MB): 0.66
2025-09-30 22:15:39,957 - CIFAR-10_Training - INFO - Estimated Total Size (MB): 3.81
2025-09-30 22:15:39,960 - CIFAR-10_Training - INFO - ----------------------------------------------------------------
2025-09-30 22:15:39,960 - CIFAR-10_Training - INFO - ==================================================
2025-09-30 22:15:39,960 - CIFAR-10_Training - INFO - Setting up trainer...
2025-09-30 22:15:39,973 - CIFAR-10_Training - INFO - Using device: cuda
2025-09-30 22:15:39,975 - CIFAR-10_Training - INFO - Early stopping: Stop if train_acc - test_acc > 15.0% for 10 epochs
2025-09-30 22:15:39,977 - CIFAR-10_Training - INFO - Starting training process...
2025-09-30 22:15:39,981 - CIFAR-10_Training - INFO - Starting training process...
2025-09-30 22:15:39,983 - CIFAR-10_Training - INFO - Using optimizer: SGD
2025-09-30 22:15:39,983 - CIFAR-10_Training - INFO - Using scheduler: StepLR
2025-09-30 22:15:39,987 - CIFAR-10_Training - INFO - Optimizer Configuration:
2025-09-30 22:15:39,989 - CIFAR-10_Training - INFO -   - Learning Rate: 0.05
2025-09-30 22:15:39,989 - CIFAR-10_Training - INFO -   - Momentum: 0.9
2025-09-30 22:15:39,989 - CIFAR-10_Training - INFO -   - Weight Decay: 0.0
2025-09-30 22:15:39,989 - CIFAR-10_Training - INFO - Scheduler Configuration:
2025-09-30 22:15:39,992 - CIFAR-10_Training - INFO -   - Step Size: 15
2025-09-30 22:15:39,995 - CIFAR-10_Training - INFO -   - Gamma: 0.1
2025-09-30 22:15:39,995 - CIFAR-10_Training - INFO - Starting Epoch 1/100
2025-09-30 22:16:38,799 - CIFAR-10_Training - INFO - Epoch  1: Train Loss: 1.9051, Train Acc: 24.81%, Test Loss: 1.6851, Test Acc: 33.87%, Acc Diff: -9.06%, LR: 0.050000
2025-09-30 22:16:38,799 - CIFAR-10_Training - INFO - Starting Epoch 2/100
2025-09-30 22:17:35,187 - CIFAR-10_Training - INFO - Epoch  2: Train Loss: 1.6695, Train Acc: 35.62%, Test Loss: 1.5154, Test Acc: 43.17%, Acc Diff: -7.55%, LR: 0.050000
2025-09-30 22:17:35,187 - CIFAR-10_Training - INFO - Starting Epoch 3/100
2025-09-30 22:18:33,679 - CIFAR-10_Training - INFO - Epoch  3: Train Loss: 1.5270, Train Acc: 42.80%, Test Loss: 1.3824, Test Acc: 49.01%, Acc Diff: -6.21%, LR: 0.050000
2025-09-30 22:18:33,679 - CIFAR-10_Training - INFO - Starting Epoch 4/100
2025-09-30 22:19:31,835 - CIFAR-10_Training - INFO - Epoch  4: Train Loss: 1.4083, Train Acc: 48.74%, Test Loss: 1.2470, Test Acc: 54.58%, Acc Diff: -5.84%, LR: 0.050000
2025-09-30 22:19:31,836 - CIFAR-10_Training - INFO - Starting Epoch 5/100
2025-09-30 22:20:28,756 - CIFAR-10_Training - INFO - Epoch  5: Train Loss: 1.3311, Train Acc: 52.17%, Test Loss: 1.2099, Test Acc: 56.06%, Acc Diff: -3.89%, LR: 0.050000
2025-09-30 22:20:28,756 - CIFAR-10_Training - INFO - Starting Epoch 6/100
2025-09-30 22:21:23,176 - CIFAR-10_Training - INFO - Epoch  6: Train Loss: 1.2681, Train Acc: 55.02%, Test Loss: 1.1636, Test Acc: 58.86%, Acc Diff: -3.84%, LR: 0.050000
2025-09-30 22:21:23,176 - CIFAR-10_Training - INFO - Starting Epoch 7/100
2025-09-30 22:22:16,733 - CIFAR-10_Training - INFO - Epoch  7: Train Loss: 1.2241, Train Acc: 56.73%, Test Loss: 1.0709, Test Acc: 61.85%, Acc Diff: -5.12%, LR: 0.050000
2025-09-30 22:22:16,733 - CIFAR-10_Training - INFO - Starting Epoch 8/100
2025-09-30 22:23:15,523 - CIFAR-10_Training - INFO - Epoch  8: Train Loss: 1.1807, Train Acc: 58.50%, Test Loss: 1.0655, Test Acc: 61.74%, Acc Diff: -3.24%, LR: 0.050000
2025-09-30 22:23:15,523 - CIFAR-10_Training - INFO - Starting Epoch 9/100
2025-09-30 22:24:30,975 - CIFAR-10_Training - INFO - Epoch  9: Train Loss: 1.1549, Train Acc: 59.30%, Test Loss: 1.0145, Test Acc: 63.95%, Acc Diff: -4.65%, LR: 0.050000
2025-09-30 22:24:30,975 - CIFAR-10_Training - INFO - Starting Epoch 10/100
2025-09-30 22:26:07,554 - CIFAR-10_Training - INFO - Epoch 10: Train Loss: 1.1227, Train Acc: 60.89%, Test Loss: 0.9859, Test Acc: 65.01%, Acc Diff: -4.12%, LR: 0.050000
2025-09-30 22:26:07,554 - CIFAR-10_Training - INFO - Starting Epoch 11/100
2025-09-30 22:27:44,666 - CIFAR-10_Training - INFO - Epoch 11: Train Loss: 1.1065, Train Acc: 61.22%, Test Loss: 0.9881, Test Acc: 65.04%, Acc Diff: -3.82%, LR: 0.050000
2025-09-30 22:27:44,666 - CIFAR-10_Training - INFO - Starting Epoch 12/100
2025-09-30 22:29:20,089 - CIFAR-10_Training - INFO - Epoch 12: Train Loss: 1.0798, Train Acc: 62.23%, Test Loss: 0.9592, Test Acc: 66.78%, Acc Diff: -4.55%, LR: 0.050000
2025-09-30 22:29:20,091 - CIFAR-10_Training - INFO - Starting Epoch 13/100
2025-09-30 22:30:56,703 - CIFAR-10_Training - INFO - Epoch 13: Train Loss: 1.0630, Train Acc: 62.86%, Test Loss: 0.9435, Test Acc: 67.09%, Acc Diff: -4.23%, LR: 0.050000
2025-09-30 22:30:56,703 - CIFAR-10_Training - INFO - Starting Epoch 14/100
2025-09-30 22:32:39,992 - CIFAR-10_Training - INFO - Epoch 14: Train Loss: 1.0480, Train Acc: 63.51%, Test Loss: 0.9333, Test Acc: 67.69%, Acc Diff: -4.18%, LR: 0.050000
2025-09-30 22:32:39,992 - CIFAR-10_Training - INFO - Starting Epoch 15/100
2025-09-30 22:34:17,797 - CIFAR-10_Training - INFO - Epoch 15: Train Loss: 1.0341, Train Acc: 63.74%, Test Loss: 0.9170, Test Acc: 67.72%, Acc Diff: -3.98%, LR: 0.005000
2025-09-30 22:34:17,797 - CIFAR-10_Training - INFO - Starting Epoch 16/100
2025-09-30 22:35:54,171 - CIFAR-10_Training - INFO - Epoch 16: Train Loss: 0.9592, Train Acc: 66.23%, Test Loss: 0.8558, Test Acc: 70.07%, Acc Diff: -3.84%, LR: 0.005000
2025-09-30 22:35:54,171 - CIFAR-10_Training - INFO - Starting Epoch 17/100
2025-09-30 22:37:29,309 - CIFAR-10_Training - INFO - Epoch 17: Train Loss: 0.9393, Train Acc: 67.05%, Test Loss: 0.8491, Test Acc: 70.15%, Acc Diff: -3.10%, LR: 0.005000
2025-09-30 22:37:29,309 - CIFAR-10_Training - INFO - Starting Epoch 18/100
2025-09-30 22:38:12,432 - CIFAR-10_Training - INFO - Epoch 18: Train Loss: 0.9393, Train Acc: 67.12%, Test Loss: 0.8567, Test Acc: 69.89%, Acc Diff: -2.77%, LR: 0.005000
2025-09-30 22:38:12,432 - CIFAR-10_Training - INFO - Starting Epoch 19/100
2025-09-30 22:38:45,710 - CIFAR-10_Training - INFO - Epoch 19: Train Loss: 0.9306, Train Acc: 67.53%, Test Loss: 0.8380, Test Acc: 70.98%, Acc Diff: -3.45%, LR: 0.005000
2025-09-30 22:38:45,710 - CIFAR-10_Training - INFO - Starting Epoch 20/100
