2025-10-01 09:42:06,310 - CIFAR-10_Training - INFO - Logger initialized. Log file: C:\Users\krish\Documents\Krishnakanth\Learnings\Learnings\MNIST_Model\Reference\ERAS7\Model_Evolution\Optimize\logs\20251001_094206_cifar10_training.log
2025-10-01 09:42:06,310 - CIFAR-10_Training - INFO - Updated Configuration (from main()):
2025-10-01 09:42:06,310 - CIFAR-10_Training - INFO -   - Epochs: 200
2025-10-01 09:42:06,310 - CIFAR-10_Training - INFO -   - Learning Rate: 0.01
2025-10-01 09:42:06,310 - CIFAR-10_Training - INFO -   - Optimizer: SGD
2025-10-01 09:42:06,310 - CIFAR-10_Training - INFO -   - Weight Decay: 0.0
2025-10-01 09:42:06,310 - CIFAR-10_Training - INFO -   - Momentum: 0.9
2025-10-01 09:42:06,310 - CIFAR-10_Training - INFO -   - Scheduler: StepLR
2025-10-01 09:42:06,310 - CIFAR-10_Training - INFO -   - Step Size: 50
2025-10-01 09:42:06,310 - CIFAR-10_Training - INFO -   - Gamma: 0.1
2025-10-01 09:42:06,310 - CIFAR-10_Training - INFO -   - Batch Size: 64
2025-10-01 09:42:06,310 - CIFAR-10_Training - INFO -   - Num Workers: 4
2025-10-01 09:42:06,310 - CIFAR-10_Training - INFO -   - Pin Memory: True
2025-10-01 09:42:06,310 - CIFAR-10_Training - INFO -   - Shuffle: True
2025-10-01 09:42:06,310 - CIFAR-10_Training - INFO -   - Dropout Rate: 0.05
2025-10-01 09:42:06,310 - CIFAR-10_Training - INFO -   - Device: CUDA
2025-10-01 09:42:06,310 - CIFAR-10_Training - INFO -   - Log Directory: C:\Users\krish\Documents\Krishnakanth\Learnings\Learnings\MNIST_Model\Reference\ERAS7\Model_Evolution\Optimize\logs
2025-10-01 09:42:06,310 - CIFAR-10_Training - INFO -   - Model Save Directory: C:\Users\krish\Documents\Krishnakanth\Learnings\Learnings\MNIST_Model\Reference\ERAS7\Model_Evolution\Optimize\models
2025-10-01 09:42:06,310 - CIFAR-10_Training - INFO -   - Save Model: True
2025-10-01 09:42:06,310 - CIFAR-10_Training - INFO -   - Log Level: DEBUG
2025-10-01 09:42:06,310 - CIFAR-10_Training - INFO - ==================================================
2025-10-01 09:42:06,310 - CIFAR-10_Training - INFO - ==================================================
2025-10-01 09:42:06,310 - CIFAR-10_Training - INFO - CIFAR-10 TRAINING EXPERIMENT STARTED
2025-10-01 09:42:06,310 - CIFAR-10_Training - INFO - ==================================================
2025-10-01 09:42:06,310 - CIFAR-10_Training - INFO - Data Config: DataConfig(data_dir='./data', batch_size=64, num_workers=4, pin_memory=True, shuffle=True, mean=(0.1307,), std=(0.3081,), cifar10_mean=(0.4914, 0.4822, 0.4465), cifar10_std=(0.247, 0.2435, 0.2616), rotation_range=(-7.0, 7.0), fill_value=1)
2025-10-01 09:42:06,310 - CIFAR-10_Training - INFO - Model Config: ModelConfig(input_channels=1, input_size=(28, 28), num_classes=10, dropout_rate=0.05)
2025-10-01 09:42:06,310 - CIFAR-10_Training - INFO - Training Config: TrainingConfig(epochs=200, learning_rate=0.01, momentum=0.9, weight_decay=0.0, scheduler_step_size=50, scheduler_gamma=0.1, seed=1, optimizer_type='SGD', adam_betas=(0.9, 0.999), adam_eps=1e-08, rmsprop_alpha=0.99, scheduler_type='StepLR', cosine_t_max=20, exponential_gamma=0.95, plateau_mode='min', plateau_factor=0.5, plateau_patience=5, plateau_threshold=0.0001)
2025-10-01 09:42:06,310 - CIFAR-10_Training - INFO - ==================================================
2025-10-01 09:42:06,310 - CIFAR-10_Training - INFO - Setting up data...
2025-10-01 09:42:06,310 - CIFAR-10_Training - INFO - Loading CIFAR-10 dataset...
2025-10-01 09:42:07,672 - CIFAR-10_Training - INFO - CIFAR-10 dataset loaded successfully!
2025-10-01 09:42:07,672 - CIFAR-10_Training - INFO - Train samples: 50000
2025-10-01 09:42:07,672 - CIFAR-10_Training - INFO - Test samples: 10000
2025-10-01 09:42:07,672 - CIFAR-10_Training - INFO - Computing CIFAR-10 data statistics...
2025-10-01 09:42:09,518 - CIFAR-10_Training - INFO - CIFAR-10 Data Statistics:
2025-10-01 09:42:09,518 - CIFAR-10_Training - INFO -   - Shape: (50000, 32, 32, 3)
2025-10-01 09:42:09,518 - CIFAR-10_Training - INFO -   - Size: 153,600,000
2025-10-01 09:42:09,522 - CIFAR-10_Training - INFO -   - Min: 0.0000
2025-10-01 09:42:09,522 - CIFAR-10_Training - INFO -   - Max: 1.0000
2025-10-01 09:42:09,522 - CIFAR-10_Training - INFO -   - Mean: 0.4734
2025-10-01 09:42:09,522 - CIFAR-10_Training - INFO -   - Std: 0.2516
2025-10-01 09:42:09,522 - CIFAR-10_Training - INFO -   - Variance: 0.0633
2025-10-01 09:42:09,522 - CIFAR-10_Training - INFO - Channel-wise Statistics:
2025-10-01 09:42:09,522 - CIFAR-10_Training - INFO -   Red Channel:
2025-10-01 09:42:09,522 - CIFAR-10_Training - INFO -     - Mean: 0.4914
2025-10-01 09:42:09,522 - CIFAR-10_Training - INFO -     - Std: 0.2470
2025-10-01 09:42:09,522 - CIFAR-10_Training - INFO -     - Min: 0.0000
2025-10-01 09:42:09,522 - CIFAR-10_Training - INFO -     - Max: 1.0000
2025-10-01 09:42:09,522 - CIFAR-10_Training - INFO -   Green Channel:
2025-10-01 09:42:09,522 - CIFAR-10_Training - INFO -     - Mean: 0.4822
2025-10-01 09:42:09,522 - CIFAR-10_Training - INFO -     - Std: 0.2435
2025-10-01 09:42:09,522 - CIFAR-10_Training - INFO -     - Min: 0.0000
2025-10-01 09:42:09,522 - CIFAR-10_Training - INFO -     - Max: 1.0000
2025-10-01 09:42:09,522 - CIFAR-10_Training - INFO -   Blue Channel:
2025-10-01 09:42:09,522 - CIFAR-10_Training - INFO -     - Mean: 0.4465
2025-10-01 09:42:09,522 - CIFAR-10_Training - INFO -     - Std: 0.2616
2025-10-01 09:42:09,522 - CIFAR-10_Training - INFO -     - Min: 0.0000
2025-10-01 09:42:09,522 - CIFAR-10_Training - INFO -     - Max: 1.0000
2025-10-01 09:42:23,249 - CIFAR-10_Training - INFO - CIFAR-10 Batch Information:
2025-10-01 09:42:23,249 - CIFAR-10_Training - INFO -   - Batch size: 64
2025-10-01 09:42:23,249 - CIFAR-10_Training - INFO -   - Image shape: torch.Size([3, 32, 32])
2025-10-01 09:42:23,249 - CIFAR-10_Training - INFO -   - Label shape: torch.Size([64])
2025-10-01 09:42:23,249 - CIFAR-10_Training - INFO -   - Data type: torch.float32
2025-10-01 09:42:23,249 - CIFAR-10_Training - INFO -   - Number of classes: 10
2025-10-01 09:42:24,211 - CIFAR-10_Training - INFO - Getting input size from CIFAR-10 data loader...
2025-10-01 09:42:34,820 - CIFAR-10_Training - INFO - CIFAR-10 input size from data loader: (3, 32, 32)
2025-10-01 09:42:35,871 - CIFAR-10_Training - INFO - Setting up model...
2025-10-01 09:42:35,899 - CIFAR-10_Training - INFO - Generating model summary...
2025-10-01 09:42:36,450 - CIFAR-10_Training - INFO - Model Architecture Summary:
2025-10-01 09:42:36,450 - CIFAR-10_Training - INFO -   - Total Parameters: 173,764
2025-10-01 09:42:36,450 - CIFAR-10_Training - INFO -   - Batch Normalization: Yes
2025-10-01 09:42:36,450 - CIFAR-10_Training - INFO -   - Dropout: No
2025-10-01 09:42:36,450 - CIFAR-10_Training - INFO -   - GAP Layers: Yes
2025-10-01 09:42:36,450 - CIFAR-10_Training - INFO -   - FC Layers: Yes
2025-10-01 09:42:36,450 - CIFAR-10_Training - INFO - ==================================================
2025-10-01 09:42:36,450 - CIFAR-10_Training - INFO - DETAILED MODEL ARCHITECTURE SUMMARY
2025-10-01 09:42:36,450 - CIFAR-10_Training - INFO - ==================================================
2025-10-01 09:42:36,450 - CIFAR-10_Training - INFO - ----------------------------------------------------------------
2025-10-01 09:42:36,450 - CIFAR-10_Training - INFO -         Layer (type)               Output Shape         Param #
2025-10-01 09:42:36,450 - CIFAR-10_Training - INFO - ================================================================
2025-10-01 09:42:36,450 - CIFAR-10_Training - INFO -             Conv2d-1           [-1, 16, 32, 32]             432
2025-10-01 09:42:36,450 - CIFAR-10_Training - INFO -        BatchNorm2d-2           [-1, 16, 32, 32]              32
2025-10-01 09:42:36,450 - CIFAR-10_Training - INFO -               ReLU-3           [-1, 16, 32, 32]               0
2025-10-01 09:42:36,450 - CIFAR-10_Training - INFO -          Dropout2d-4           [-1, 16, 32, 32]               0
2025-10-01 09:42:36,450 - CIFAR-10_Training - INFO -             Conv2d-5           [-1, 16, 32, 32]           2,304
2025-10-01 09:42:36,450 - CIFAR-10_Training - INFO -        BatchNorm2d-6           [-1, 16, 32, 32]              32
2025-10-01 09:42:36,450 - CIFAR-10_Training - INFO -               ReLU-7           [-1, 16, 32, 32]               0
2025-10-01 09:42:36,450 - CIFAR-10_Training - INFO -          Dropout2d-8           [-1, 16, 32, 32]               0
2025-10-01 09:42:36,450 - CIFAR-10_Training - INFO -             Conv2d-9           [-1, 16, 32, 32]           2,304
2025-10-01 09:42:36,450 - CIFAR-10_Training - INFO -       BatchNorm2d-10           [-1, 16, 32, 32]              32
2025-10-01 09:42:36,450 - CIFAR-10_Training - INFO -              ReLU-11           [-1, 16, 32, 32]               0
2025-10-01 09:42:36,450 - CIFAR-10_Training - INFO -         Dropout2d-12           [-1, 16, 32, 32]               0
2025-10-01 09:42:36,450 - CIFAR-10_Training - INFO -            Conv2d-13           [-1, 16, 32, 32]           2,304
2025-10-01 09:42:36,450 - CIFAR-10_Training - INFO -       BatchNorm2d-14           [-1, 16, 32, 32]              32
2025-10-01 09:42:36,450 - CIFAR-10_Training - INFO -              ReLU-15           [-1, 16, 32, 32]               0
2025-10-01 09:42:36,450 - CIFAR-10_Training - INFO -         Dropout2d-16           [-1, 16, 32, 32]               0
2025-10-01 09:42:36,450 - CIFAR-10_Training - INFO -            Conv2d-17           [-1, 16, 16, 16]           2,320
2025-10-01 09:42:36,450 - CIFAR-10_Training - INFO -       BatchNorm2d-18           [-1, 16, 16, 16]              32
2025-10-01 09:42:36,450 - CIFAR-10_Training - INFO -            Conv2d-19           [-1, 32, 16, 16]           4,608
2025-10-01 09:42:36,450 - CIFAR-10_Training - INFO -       BatchNorm2d-20           [-1, 32, 16, 16]              64
2025-10-01 09:42:36,450 - CIFAR-10_Training - INFO -              ReLU-21           [-1, 32, 16, 16]               0
2025-10-01 09:42:36,450 - CIFAR-10_Training - INFO -         Dropout2d-22           [-1, 32, 16, 16]               0
2025-10-01 09:42:36,450 - CIFAR-10_Training - INFO -            Conv2d-23           [-1, 32, 16, 16]           9,216
2025-10-01 09:42:36,450 - CIFAR-10_Training - INFO -       BatchNorm2d-24           [-1, 32, 16, 16]              64
2025-10-01 09:42:36,450 - CIFAR-10_Training - INFO -              ReLU-25           [-1, 32, 16, 16]               0
2025-10-01 09:42:36,450 - CIFAR-10_Training - INFO -         Dropout2d-26           [-1, 32, 16, 16]               0
2025-10-01 09:42:36,450 - CIFAR-10_Training - INFO -            Conv2d-27           [-1, 32, 16, 16]           9,216
2025-10-01 09:42:36,450 - CIFAR-10_Training - INFO -       BatchNorm2d-28           [-1, 32, 16, 16]              64
2025-10-01 09:42:36,450 - CIFAR-10_Training - INFO -              ReLU-29           [-1, 32, 16, 16]               0
2025-10-01 09:42:36,450 - CIFAR-10_Training - INFO -         Dropout2d-30           [-1, 32, 16, 16]               0
2025-10-01 09:42:36,450 - CIFAR-10_Training - INFO -            Conv2d-31             [-1, 32, 8, 8]           9,248
2025-10-01 09:42:36,450 - CIFAR-10_Training - INFO -       BatchNorm2d-32             [-1, 32, 8, 8]              64
2025-10-01 09:42:36,465 - CIFAR-10_Training - INFO -            Conv2d-33             [-1, 32, 8, 8]           9,216
2025-10-01 09:42:36,465 - CIFAR-10_Training - INFO -       BatchNorm2d-34             [-1, 32, 8, 8]              64
2025-10-01 09:42:36,465 - CIFAR-10_Training - INFO -              ReLU-35             [-1, 32, 8, 8]               0
2025-10-01 09:42:36,465 - CIFAR-10_Training - INFO -         Dropout2d-36             [-1, 32, 8, 8]               0
2025-10-01 09:42:36,465 - CIFAR-10_Training - INFO -            Conv2d-37             [-1, 32, 8, 8]           9,216
2025-10-01 09:42:36,465 - CIFAR-10_Training - INFO -       BatchNorm2d-38             [-1, 32, 8, 8]              64
2025-10-01 09:42:36,465 - CIFAR-10_Training - INFO -              ReLU-39             [-1, 32, 8, 8]               0
2025-10-01 09:42:36,465 - CIFAR-10_Training - INFO -         Dropout2d-40             [-1, 32, 8, 8]               0
2025-10-01 09:42:36,465 - CIFAR-10_Training - INFO -            Conv2d-41             [-1, 32, 8, 8]           9,216
2025-10-01 09:42:36,465 - CIFAR-10_Training - INFO -       BatchNorm2d-42             [-1, 32, 8, 8]              64
2025-10-01 09:42:36,465 - CIFAR-10_Training - INFO -              ReLU-43             [-1, 32, 8, 8]               0
2025-10-01 09:42:36,465 - CIFAR-10_Training - INFO -         Dropout2d-44             [-1, 32, 8, 8]               0
2025-10-01 09:42:36,465 - CIFAR-10_Training - INFO -            Conv2d-45             [-1, 32, 4, 4]           9,248
2025-10-01 09:42:36,465 - CIFAR-10_Training - INFO -       BatchNorm2d-46             [-1, 32, 4, 4]              64
2025-10-01 09:42:36,465 - CIFAR-10_Training - INFO -            Conv2d-47             [-1, 64, 4, 4]          18,432
2025-10-01 09:42:36,465 - CIFAR-10_Training - INFO -       BatchNorm2d-48             [-1, 64, 4, 4]             128
2025-10-01 09:42:36,465 - CIFAR-10_Training - INFO -              ReLU-49             [-1, 64, 4, 4]               0
2025-10-01 09:42:36,465 - CIFAR-10_Training - INFO -         Dropout2d-50             [-1, 64, 4, 4]               0
2025-10-01 09:42:36,465 - CIFAR-10_Training - INFO -            Conv2d-51             [-1, 64, 4, 4]          36,864
2025-10-01 09:42:36,465 - CIFAR-10_Training - INFO -       BatchNorm2d-52             [-1, 64, 4, 4]             128
2025-10-01 09:42:36,465 - CIFAR-10_Training - INFO -              ReLU-53             [-1, 64, 4, 4]               0
2025-10-01 09:42:36,465 - CIFAR-10_Training - INFO -         Dropout2d-54             [-1, 64, 4, 4]               0
2025-10-01 09:42:36,465 - CIFAR-10_Training - INFO -            Conv2d-55             [-1, 64, 4, 4]          36,864
2025-10-01 09:42:36,465 - CIFAR-10_Training - INFO -       BatchNorm2d-56             [-1, 64, 4, 4]             128
2025-10-01 09:42:36,468 - CIFAR-10_Training - INFO -              ReLU-57             [-1, 64, 4, 4]               0
2025-10-01 09:42:36,468 - CIFAR-10_Training - INFO -         Dropout2d-58             [-1, 64, 4, 4]               0
2025-10-01 09:42:36,468 - CIFAR-10_Training - INFO -            Conv2d-59             [-1, 10, 4, 4]             640
2025-10-01 09:42:36,469 - CIFAR-10_Training - INFO -         AvgPool2d-60             [-1, 10, 1, 1]               0
2025-10-01 09:42:36,469 - CIFAR-10_Training - INFO -            Linear-61                   [-1, 50]             550
2025-10-01 09:42:36,469 - CIFAR-10_Training - INFO -            Linear-62                   [-1, 10]             510
2025-10-01 09:42:36,469 - CIFAR-10_Training - INFO - ================================================================
2025-10-01 09:42:36,469 - CIFAR-10_Training - INFO - Total params: 173,764
2025-10-01 09:42:36,470 - CIFAR-10_Training - INFO - Trainable params: 173,764
2025-10-01 09:42:36,470 - CIFAR-10_Training - INFO - Non-trainable params: 0
2025-10-01 09:42:36,470 - CIFAR-10_Training - INFO - ----------------------------------------------------------------
2025-10-01 09:42:36,470 - CIFAR-10_Training - INFO - Input size (MB): 0.01
2025-10-01 09:42:36,471 - CIFAR-10_Training - INFO - Forward/backward pass size (MB): 3.13
2025-10-01 09:42:36,471 - CIFAR-10_Training - INFO - Params size (MB): 0.66
2025-10-01 09:42:36,471 - CIFAR-10_Training - INFO - Estimated Total Size (MB): 3.81
2025-10-01 09:42:36,471 - CIFAR-10_Training - INFO - ----------------------------------------------------------------
2025-10-01 09:42:36,472 - CIFAR-10_Training - INFO - ==================================================
2025-10-01 09:42:36,472 - CIFAR-10_Training - INFO - Setting up trainer...
2025-10-01 09:42:36,474 - CIFAR-10_Training - INFO - Using device: cuda
2025-10-01 09:42:36,474 - CIFAR-10_Training - INFO - Early stopping: Stop if train_acc - test_acc > 15.0% for 10 epochs
2025-10-01 09:42:36,475 - CIFAR-10_Training - INFO - Starting training process...
2025-10-01 09:42:36,475 - CIFAR-10_Training - INFO - Starting training process...
2025-10-01 09:42:36,475 - CIFAR-10_Training - INFO - Using optimizer: SGD
2025-10-01 09:42:36,475 - CIFAR-10_Training - INFO - Using scheduler: StepLR
2025-10-01 09:42:36,475 - CIFAR-10_Training - INFO - Optimizer Configuration:
2025-10-01 09:42:36,475 - CIFAR-10_Training - INFO -   - Learning Rate: 0.01
2025-10-01 09:42:36,476 - CIFAR-10_Training - INFO -   - Momentum: 0.9
2025-10-01 09:42:36,476 - CIFAR-10_Training - INFO -   - Weight Decay: 0.0
2025-10-01 09:42:36,476 - CIFAR-10_Training - INFO - Scheduler Configuration:
2025-10-01 09:42:36,476 - CIFAR-10_Training - INFO -   - Step Size: 50
2025-10-01 09:42:36,476 - CIFAR-10_Training - INFO -   - Gamma: 0.1
2025-10-01 09:42:36,476 - CIFAR-10_Training - INFO - Starting Epoch 1/200
2025-10-01 09:43:08,591 - CIFAR-10_Training - INFO - Epoch  1: Train Loss: 1.8769, Train Acc: 26.35%, Test Loss: 1.6856, Test Acc: 34.94%, Acc Diff: -8.59%, LR: 0.010000
2025-10-01 09:43:08,591 - CIFAR-10_Training - INFO - Starting Epoch 2/200
