2025-10-13 20:12:56,830 - CIFAR-100_Training - INFO - Logger initialized. Log file: C:\Users\krish\Documents\Krishnakanth\Learnings\Learnings\MNIST_Model\Reference\ERAS8\Model_Evolution\FineTune\logs\20251013_201256_cifar100_training.log
2025-10-13 20:12:56,830 - CIFAR-100_Training - INFO - Updated Configuration (from main()):
2025-10-13 20:12:56,830 - CIFAR-100_Training - INFO -   - Epochs: 50
2025-10-13 20:12:56,830 - CIFAR-100_Training - INFO -   - Learning Rate: 0.001
2025-10-13 20:12:56,830 - CIFAR-100_Training - INFO -   - Optimizer: Adam
2025-10-13 20:12:56,830 - CIFAR-100_Training - INFO -   - Weight Decay: 0.0001
2025-10-13 20:12:56,830 - CIFAR-100_Training - INFO -   - Adam Betas: (0.9, 0.999)
2025-10-13 20:12:56,830 - CIFAR-100_Training - INFO -   - Adam Eps: 1e-08
2025-10-13 20:12:56,830 - CIFAR-100_Training - INFO -   - Scheduler: OneCycleLR
2025-10-13 20:12:56,830 - CIFAR-100_Training - INFO -   - Max LR: 0.003
2025-10-13 20:12:56,830 - CIFAR-100_Training - INFO -   - Pct Start: 0.3
2025-10-13 20:12:56,830 - CIFAR-100_Training - INFO -   - Div Factor: 5
2025-10-13 20:12:56,830 - CIFAR-100_Training - INFO -   - Final Div Factor: 1000.0
2025-10-13 20:12:56,830 - CIFAR-100_Training - INFO -   - Anneal Strategy: cos
2025-10-13 20:12:56,830 - CIFAR-100_Training - INFO -   - Batch Size: 128
2025-10-13 20:12:56,830 - CIFAR-100_Training - INFO -   - Num Workers: 4
2025-10-13 20:12:56,830 - CIFAR-100_Training - INFO -   - Pin Memory: True
2025-10-13 20:12:56,830 - CIFAR-100_Training - INFO -   - Shuffle: True
2025-10-13 20:12:56,830 - CIFAR-100_Training - INFO -   - Dropout Rate: 0.0
2025-10-13 20:12:56,830 - CIFAR-100_Training - INFO -   - Gradient Accumulation Steps: 2
2025-10-13 20:12:56,830 - CIFAR-100_Training - INFO -   - Device: CUDA
2025-10-13 20:12:56,843 - CIFAR-100_Training - INFO -   - Log Directory: C:\Users\krish\Documents\Krishnakanth\Learnings\Learnings\MNIST_Model\Reference\ERAS8\Model_Evolution\FineTune\logs
2025-10-13 20:12:56,843 - CIFAR-100_Training - INFO -   - Model Save Directory: C:\Users\krish\Documents\Krishnakanth\Learnings\Learnings\MNIST_Model\Reference\ERAS8\Model_Evolution\FineTune\models
2025-10-13 20:12:56,844 - CIFAR-100_Training - INFO -   - Save Model: True
2025-10-13 20:12:56,844 - CIFAR-100_Training - INFO -   - Log Level: INFO
2025-10-13 20:12:56,844 - CIFAR-100_Training - INFO - ==================================================
2025-10-13 20:12:56,844 - CIFAR-100_Training - INFO - ==================================================
2025-10-13 20:12:56,844 - CIFAR-100_Training - INFO - CIFAR-100 TRAINING EXPERIMENT STARTED
2025-10-13 20:12:56,844 - CIFAR-100_Training - INFO - ==================================================
2025-10-13 20:12:56,844 - CIFAR-100_Training - INFO - Data Config: DataConfig(data_dir='./data', batch_size=128, num_workers=4, pin_memory=True, shuffle=True, cifar100_mean=(0.507076, 0.48655, 0.440919), cifar100_std=(0.267334, 0.256438, 0.27615), rotation_range=(-7.0, 7.0), fill_value=1)
2025-10-13 20:12:56,844 - CIFAR-100_Training - INFO - Model Config: ModelConfig(input_channels=3, input_size=(32, 32), num_classes=100, dropout_rate=0.0)
2025-10-13 20:12:56,844 - CIFAR-100_Training - INFO - Training Config: TrainingConfig(epochs=50, learning_rate=0.001, momentum=0.9, weight_decay=0.0001, scheduler_step_size=10, scheduler_gamma=0.1, seed=1, gradient_accumulation_steps=2, optimizer_type='Adam', adam_betas=(0.9, 0.999), adam_eps=1e-08, rmsprop_alpha=0.99, scheduler_type='OneCycleLR', cosine_t_max=20, exponential_gamma=0.95, plateau_mode='min', plateau_factor=0.5, plateau_patience=5, plateau_threshold=0.0001, onecycle_max_lr=0.003, onecycle_pct_start=0.3, onecycle_div_factor=5, onecycle_final_div_factor=1000.0, onecycle_anneal_strategy='cos')
2025-10-13 20:12:56,844 - CIFAR-100_Training - INFO - ==================================================
2025-10-13 20:12:56,844 - CIFAR-100_Training - INFO - Setting up data...
2025-10-13 20:12:56,844 - CIFAR-100_Training - INFO - Using Albumentations for data augmentation
2025-10-13 20:12:56,856 - CIFAR-100_Training - INFO - Loading CIFAR-100 dataset...
2025-10-13 20:12:58,939 - CIFAR-100_Training - INFO - CIFAR-100 dataset loaded successfully!
2025-10-13 20:12:58,939 - CIFAR-100_Training - INFO - Train samples: 50000
2025-10-13 20:12:58,939 - CIFAR-100_Training - INFO - Test samples: 10000
2025-10-13 20:12:58,939 - CIFAR-100_Training - INFO - Augmentation library: Albumentations
2025-10-13 20:12:58,939 - CIFAR-100_Training - INFO - Computing CIFAR-100 data statistics...
2025-10-13 20:13:03,899 - CIFAR-100_Training - INFO - CIFAR-100 Data Statistics:
2025-10-13 20:13:03,915 - CIFAR-100_Training - INFO -   - Shape: (50000, 32, 32, 3)
2025-10-13 20:13:03,915 - CIFAR-100_Training - INFO -   - Size: 153,600,000
2025-10-13 20:13:03,915 - CIFAR-100_Training - INFO -   - Min: 0.0000
2025-10-13 20:13:03,915 - CIFAR-100_Training - INFO -   - Max: 1.0000
2025-10-13 20:13:03,915 - CIFAR-100_Training - INFO -   - Mean: 0.4782
2025-10-13 20:13:03,915 - CIFAR-100_Training - INFO -   - Std: 0.2682
2025-10-13 20:13:03,915 - CIFAR-100_Training - INFO -   - Variance: 0.0719
2025-10-13 20:13:03,915 - CIFAR-100_Training - INFO - Channel-wise Statistics:
2025-10-13 20:13:03,915 - CIFAR-100_Training - INFO -   Red Channel:
2025-10-13 20:13:03,915 - CIFAR-100_Training - INFO -     - Mean: 0.5071
2025-10-13 20:13:03,915 - CIFAR-100_Training - INFO -     - Std: 0.2673
2025-10-13 20:13:03,915 - CIFAR-100_Training - INFO -     - Min: 0.0000
2025-10-13 20:13:03,915 - CIFAR-100_Training - INFO -     - Max: 1.0000
2025-10-13 20:13:03,915 - CIFAR-100_Training - INFO -   Green Channel:
2025-10-13 20:13:03,915 - CIFAR-100_Training - INFO -     - Mean: 0.4865
2025-10-13 20:13:03,915 - CIFAR-100_Training - INFO -     - Std: 0.2564
2025-10-13 20:13:03,927 - CIFAR-100_Training - INFO -     - Min: 0.0000
2025-10-13 20:13:03,927 - CIFAR-100_Training - INFO -     - Max: 1.0000
2025-10-13 20:13:03,927 - CIFAR-100_Training - INFO -   Blue Channel:
2025-10-13 20:13:03,927 - CIFAR-100_Training - INFO -     - Mean: 0.4409
2025-10-13 20:13:03,927 - CIFAR-100_Training - INFO -     - Std: 0.2762
2025-10-13 20:13:03,927 - CIFAR-100_Training - INFO -     - Min: 0.0000
2025-10-13 20:13:03,927 - CIFAR-100_Training - INFO -     - Max: 1.0000
2025-10-13 20:13:27,317 - CIFAR-100_Training - INFO - CIFAR-100 Batch Information:
2025-10-13 20:13:27,319 - CIFAR-100_Training - INFO -   - Batch size: 128
2025-10-13 20:13:27,319 - CIFAR-100_Training - INFO -   - Image shape: torch.Size([3, 32, 32])
2025-10-13 20:13:27,321 - CIFAR-100_Training - INFO -   - Label shape: torch.Size([128])
2025-10-13 20:13:27,321 - CIFAR-100_Training - INFO -   - Data type: torch.float32
2025-10-13 20:13:27,321 - CIFAR-100_Training - INFO -   - Number of classes: 100
2025-10-13 20:13:28,470 - CIFAR-100_Training - INFO - Getting input size from CIFAR-100 data loader...
2025-10-13 20:13:47,036 - CIFAR-100_Training - INFO - CIFAR-100 input size from data loader: (3, 32, 32)
2025-10-13 20:13:48,035 - CIFAR-100_Training - INFO - Setting up model...
2025-10-13 20:13:49,217 - CIFAR-100_Training - INFO - Generating ResNet-34 summary...
2025-10-13 20:13:50,409 - CIFAR-100_Training - INFO - ResNet-34 Architecture Summary:
2025-10-13 20:13:50,409 - CIFAR-100_Training - INFO -   - Total Parameters: 21,890,092
2025-10-13 20:13:50,409 - CIFAR-100_Training - INFO -   - Batch Normalization: Yes
2025-10-13 20:13:50,409 - CIFAR-100_Training - INFO -   - Dropout: Yes
2025-10-13 20:13:50,409 - CIFAR-100_Training - INFO -   - FC Layers: Yes
2025-10-13 20:13:50,409 - CIFAR-100_Training - INFO -   - GAP Layers: Yes
2025-10-13 20:13:50,409 - CIFAR-100_Training - INFO - ==================================================
2025-10-13 20:13:50,409 - CIFAR-100_Training - INFO - DETAILED MODEL ARCHITECTURE SUMMARY
2025-10-13 20:13:50,409 - CIFAR-100_Training - INFO - ==================================================
2025-10-13 20:13:50,409 - CIFAR-100_Training - INFO - ----------------------------------------------------------------
2025-10-13 20:13:50,409 - CIFAR-100_Training - INFO -         Layer (type)               Output Shape         Param #
2025-10-13 20:13:50,409 - CIFAR-100_Training - INFO - ================================================================
2025-10-13 20:13:50,409 - CIFAR-100_Training - INFO -             Conv2d-1           [-1, 64, 32, 32]           1,728
2025-10-13 20:13:50,409 - CIFAR-100_Training - INFO -        BatchNorm2d-2           [-1, 64, 32, 32]             128
2025-10-13 20:13:50,409 - CIFAR-100_Training - INFO -               ReLU-3           [-1, 64, 32, 32]               0
2025-10-13 20:13:50,409 - CIFAR-100_Training - INFO -             Conv2d-4           [-1, 64, 32, 32]          36,864
2025-10-13 20:13:50,409 - CIFAR-100_Training - INFO -        BatchNorm2d-5           [-1, 64, 32, 32]             128
2025-10-13 20:13:50,409 - CIFAR-100_Training - INFO -               ReLU-6           [-1, 64, 32, 32]               0
2025-10-13 20:13:50,409 - CIFAR-100_Training - INFO -             Conv2d-7           [-1, 64, 32, 32]          36,864
2025-10-13 20:13:50,409 - CIFAR-100_Training - INFO -        BatchNorm2d-8           [-1, 64, 32, 32]             128
2025-10-13 20:13:50,409 - CIFAR-100_Training - INFO -               ReLU-9           [-1, 64, 32, 32]               0
2025-10-13 20:13:50,409 - CIFAR-100_Training - INFO -        BasicBlock-10           [-1, 64, 32, 32]               0
2025-10-13 20:13:50,418 - CIFAR-100_Training - INFO -            Conv2d-11           [-1, 64, 32, 32]          36,864
2025-10-13 20:13:50,418 - CIFAR-100_Training - INFO -       BatchNorm2d-12           [-1, 64, 32, 32]             128
2025-10-13 20:13:50,418 - CIFAR-100_Training - INFO -              ReLU-13           [-1, 64, 32, 32]               0
2025-10-13 20:13:50,418 - CIFAR-100_Training - INFO -            Conv2d-14           [-1, 64, 32, 32]          36,864
2025-10-13 20:13:50,418 - CIFAR-100_Training - INFO -       BatchNorm2d-15           [-1, 64, 32, 32]             128
2025-10-13 20:13:50,418 - CIFAR-100_Training - INFO -              ReLU-16           [-1, 64, 32, 32]               0
2025-10-13 20:13:50,418 - CIFAR-100_Training - INFO -        BasicBlock-17           [-1, 64, 32, 32]               0
2025-10-13 20:13:50,418 - CIFAR-100_Training - INFO -            Conv2d-18           [-1, 64, 32, 32]          36,864
2025-10-13 20:13:50,418 - CIFAR-100_Training - INFO -       BatchNorm2d-19           [-1, 64, 32, 32]             128
2025-10-13 20:13:50,418 - CIFAR-100_Training - INFO -              ReLU-20           [-1, 64, 32, 32]               0
2025-10-13 20:13:50,418 - CIFAR-100_Training - INFO -            Conv2d-21           [-1, 64, 32, 32]          36,864
2025-10-13 20:13:50,418 - CIFAR-100_Training - INFO -       BatchNorm2d-22           [-1, 64, 32, 32]             128
2025-10-13 20:13:50,420 - CIFAR-100_Training - INFO -              ReLU-23           [-1, 64, 32, 32]               0
2025-10-13 20:13:50,420 - CIFAR-100_Training - INFO -        BasicBlock-24           [-1, 64, 32, 32]               0
2025-10-13 20:13:50,420 - CIFAR-100_Training - INFO -            Conv2d-25          [-1, 128, 16, 16]          73,728
2025-10-13 20:13:50,420 - CIFAR-100_Training - INFO -       BatchNorm2d-26          [-1, 128, 16, 16]             256
2025-10-13 20:13:50,422 - CIFAR-100_Training - INFO -              ReLU-27          [-1, 128, 16, 16]               0
2025-10-13 20:13:50,422 - CIFAR-100_Training - INFO -            Conv2d-28          [-1, 128, 16, 16]         147,456
2025-10-13 20:13:50,422 - CIFAR-100_Training - INFO -       BatchNorm2d-29          [-1, 128, 16, 16]             256
2025-10-13 20:13:50,422 - CIFAR-100_Training - INFO -            Conv2d-30          [-1, 128, 16, 16]           8,192
2025-10-13 20:13:50,422 - CIFAR-100_Training - INFO -       BatchNorm2d-31          [-1, 128, 16, 16]             256
2025-10-13 20:13:50,422 - CIFAR-100_Training - INFO -              ReLU-32          [-1, 128, 16, 16]               0
2025-10-13 20:13:50,422 - CIFAR-100_Training - INFO -        BasicBlock-33          [-1, 128, 16, 16]               0
2025-10-13 20:13:50,422 - CIFAR-100_Training - INFO -            Conv2d-34          [-1, 128, 16, 16]         147,456
2025-10-13 20:13:50,422 - CIFAR-100_Training - INFO -       BatchNorm2d-35          [-1, 128, 16, 16]             256
2025-10-13 20:13:50,422 - CIFAR-100_Training - INFO -              ReLU-36          [-1, 128, 16, 16]               0
2025-10-13 20:13:50,424 - CIFAR-100_Training - INFO -            Conv2d-37          [-1, 128, 16, 16]         147,456
2025-10-13 20:13:50,424 - CIFAR-100_Training - INFO -       BatchNorm2d-38          [-1, 128, 16, 16]             256
2025-10-13 20:13:50,424 - CIFAR-100_Training - INFO -              ReLU-39          [-1, 128, 16, 16]               0
2025-10-13 20:13:50,424 - CIFAR-100_Training - INFO -        BasicBlock-40          [-1, 128, 16, 16]               0
2025-10-13 20:13:50,426 - CIFAR-100_Training - INFO -            Conv2d-41          [-1, 128, 16, 16]         147,456
2025-10-13 20:13:50,426 - CIFAR-100_Training - INFO -       BatchNorm2d-42          [-1, 128, 16, 16]             256
2025-10-13 20:13:50,426 - CIFAR-100_Training - INFO -              ReLU-43          [-1, 128, 16, 16]               0
2025-10-13 20:13:50,426 - CIFAR-100_Training - INFO -            Conv2d-44          [-1, 128, 16, 16]         147,456
2025-10-13 20:13:50,426 - CIFAR-100_Training - INFO -       BatchNorm2d-45          [-1, 128, 16, 16]             256
2025-10-13 20:13:50,426 - CIFAR-100_Training - INFO -              ReLU-46          [-1, 128, 16, 16]               0
2025-10-13 20:13:50,426 - CIFAR-100_Training - INFO -        BasicBlock-47          [-1, 128, 16, 16]               0
2025-10-13 20:13:50,426 - CIFAR-100_Training - INFO -            Conv2d-48          [-1, 128, 16, 16]         147,456
2025-10-13 20:13:50,426 - CIFAR-100_Training - INFO -       BatchNorm2d-49          [-1, 128, 16, 16]             256
2025-10-13 20:13:50,426 - CIFAR-100_Training - INFO -              ReLU-50          [-1, 128, 16, 16]               0
2025-10-13 20:13:50,426 - CIFAR-100_Training - INFO -            Conv2d-51          [-1, 128, 16, 16]         147,456
2025-10-13 20:13:50,426 - CIFAR-100_Training - INFO -       BatchNorm2d-52          [-1, 128, 16, 16]             256
2025-10-13 20:13:50,426 - CIFAR-100_Training - INFO -              ReLU-53          [-1, 128, 16, 16]               0
2025-10-13 20:13:50,426 - CIFAR-100_Training - INFO -        BasicBlock-54          [-1, 128, 16, 16]               0
2025-10-13 20:13:50,426 - CIFAR-100_Training - INFO -            Conv2d-55            [-1, 256, 8, 8]         294,912
2025-10-13 20:13:50,431 - CIFAR-100_Training - INFO -       BatchNorm2d-56            [-1, 256, 8, 8]             512
2025-10-13 20:13:50,431 - CIFAR-100_Training - INFO -              ReLU-57            [-1, 256, 8, 8]               0
2025-10-13 20:13:50,432 - CIFAR-100_Training - INFO -            Conv2d-58            [-1, 256, 8, 8]         589,824
2025-10-13 20:13:50,432 - CIFAR-100_Training - INFO -       BatchNorm2d-59            [-1, 256, 8, 8]             512
2025-10-13 20:13:50,432 - CIFAR-100_Training - INFO -            Conv2d-60            [-1, 256, 8, 8]          32,768
2025-10-13 20:13:50,432 - CIFAR-100_Training - INFO -       BatchNorm2d-61            [-1, 256, 8, 8]             512
2025-10-13 20:13:50,432 - CIFAR-100_Training - INFO -              ReLU-62            [-1, 256, 8, 8]               0
2025-10-13 20:13:50,434 - CIFAR-100_Training - INFO -        BasicBlock-63            [-1, 256, 8, 8]               0
2025-10-13 20:13:50,434 - CIFAR-100_Training - INFO -            Conv2d-64            [-1, 256, 8, 8]         589,824
2025-10-13 20:13:50,434 - CIFAR-100_Training - INFO -       BatchNorm2d-65            [-1, 256, 8, 8]             512
2025-10-13 20:13:50,434 - CIFAR-100_Training - INFO -              ReLU-66            [-1, 256, 8, 8]               0
2025-10-13 20:13:50,434 - CIFAR-100_Training - INFO -            Conv2d-67            [-1, 256, 8, 8]         589,824
2025-10-13 20:13:50,434 - CIFAR-100_Training - INFO -       BatchNorm2d-68            [-1, 256, 8, 8]             512
2025-10-13 20:13:50,434 - CIFAR-100_Training - INFO -              ReLU-69            [-1, 256, 8, 8]               0
2025-10-13 20:13:50,434 - CIFAR-100_Training - INFO -        BasicBlock-70            [-1, 256, 8, 8]               0
2025-10-13 20:13:50,434 - CIFAR-100_Training - INFO -            Conv2d-71            [-1, 256, 8, 8]         589,824
2025-10-13 20:13:50,437 - CIFAR-100_Training - INFO -       BatchNorm2d-72            [-1, 256, 8, 8]             512
2025-10-13 20:13:50,437 - CIFAR-100_Training - INFO -              ReLU-73            [-1, 256, 8, 8]               0
2025-10-13 20:13:50,437 - CIFAR-100_Training - INFO -            Conv2d-74            [-1, 256, 8, 8]         589,824
2025-10-13 20:13:50,439 - CIFAR-100_Training - INFO -       BatchNorm2d-75            [-1, 256, 8, 8]             512
2025-10-13 20:13:50,439 - CIFAR-100_Training - INFO -              ReLU-76            [-1, 256, 8, 8]               0
2025-10-13 20:13:50,439 - CIFAR-100_Training - INFO -        BasicBlock-77            [-1, 256, 8, 8]               0
2025-10-13 20:13:50,439 - CIFAR-100_Training - INFO -            Conv2d-78            [-1, 256, 8, 8]         589,824
2025-10-13 20:13:50,439 - CIFAR-100_Training - INFO -       BatchNorm2d-79            [-1, 256, 8, 8]             512
2025-10-13 20:13:50,439 - CIFAR-100_Training - INFO -              ReLU-80            [-1, 256, 8, 8]               0
2025-10-13 20:13:50,442 - CIFAR-100_Training - INFO -            Conv2d-81            [-1, 256, 8, 8]         589,824
2025-10-13 20:13:50,442 - CIFAR-100_Training - INFO -       BatchNorm2d-82            [-1, 256, 8, 8]             512
2025-10-13 20:13:50,442 - CIFAR-100_Training - INFO -              ReLU-83            [-1, 256, 8, 8]               0
2025-10-13 20:13:50,444 - CIFAR-100_Training - INFO -        BasicBlock-84            [-1, 256, 8, 8]               0
2025-10-13 20:13:50,444 - CIFAR-100_Training - INFO -            Conv2d-85            [-1, 256, 8, 8]         589,824
2025-10-13 20:13:50,445 - CIFAR-100_Training - INFO -       BatchNorm2d-86            [-1, 256, 8, 8]             512
2025-10-13 20:13:50,445 - CIFAR-100_Training - INFO -              ReLU-87            [-1, 256, 8, 8]               0
2025-10-13 20:13:50,445 - CIFAR-100_Training - INFO -            Conv2d-88            [-1, 256, 8, 8]         589,824
2025-10-13 20:13:50,445 - CIFAR-100_Training - INFO -       BatchNorm2d-89            [-1, 256, 8, 8]             512
2025-10-13 20:13:50,445 - CIFAR-100_Training - INFO -              ReLU-90            [-1, 256, 8, 8]               0
2025-10-13 20:13:50,445 - CIFAR-100_Training - INFO -        BasicBlock-91            [-1, 256, 8, 8]               0
2025-10-13 20:13:50,445 - CIFAR-100_Training - INFO -            Conv2d-92            [-1, 256, 8, 8]         589,824
2025-10-13 20:13:50,445 - CIFAR-100_Training - INFO -       BatchNorm2d-93            [-1, 256, 8, 8]             512
2025-10-13 20:13:50,445 - CIFAR-100_Training - INFO -              ReLU-94            [-1, 256, 8, 8]               0
2025-10-13 20:13:50,445 - CIFAR-100_Training - INFO -            Conv2d-95            [-1, 256, 8, 8]         589,824
2025-10-13 20:13:50,445 - CIFAR-100_Training - INFO -       BatchNorm2d-96            [-1, 256, 8, 8]             512
2025-10-13 20:13:50,445 - CIFAR-100_Training - INFO -              ReLU-97            [-1, 256, 8, 8]               0
2025-10-13 20:13:50,445 - CIFAR-100_Training - INFO -        BasicBlock-98            [-1, 256, 8, 8]               0
2025-10-13 20:13:50,445 - CIFAR-100_Training - INFO -            Conv2d-99            [-1, 512, 4, 4]       1,179,648
2025-10-13 20:13:50,445 - CIFAR-100_Training - INFO -      BatchNorm2d-100            [-1, 512, 4, 4]           1,024
2025-10-13 20:13:50,450 - CIFAR-100_Training - INFO -             ReLU-101            [-1, 512, 4, 4]               0
2025-10-13 20:13:50,450 - CIFAR-100_Training - INFO -           Conv2d-102            [-1, 512, 4, 4]       2,359,296
2025-10-13 20:13:50,450 - CIFAR-100_Training - INFO -      BatchNorm2d-103            [-1, 512, 4, 4]           1,024
2025-10-13 20:13:50,450 - CIFAR-100_Training - INFO -           Conv2d-104            [-1, 512, 4, 4]         131,072
2025-10-13 20:13:50,450 - CIFAR-100_Training - INFO -      BatchNorm2d-105            [-1, 512, 4, 4]           1,024
2025-10-13 20:13:50,450 - CIFAR-100_Training - INFO -             ReLU-106            [-1, 512, 4, 4]               0
2025-10-13 20:13:50,450 - CIFAR-100_Training - INFO -       BasicBlock-107            [-1, 512, 4, 4]               0
2025-10-13 20:13:50,452 - CIFAR-100_Training - INFO -           Conv2d-108            [-1, 512, 4, 4]       2,359,296
2025-10-13 20:13:50,452 - CIFAR-100_Training - INFO -      BatchNorm2d-109            [-1, 512, 4, 4]           1,024
2025-10-13 20:13:50,453 - CIFAR-100_Training - INFO -             ReLU-110            [-1, 512, 4, 4]               0
2025-10-13 20:13:50,453 - CIFAR-100_Training - INFO -           Conv2d-111            [-1, 512, 4, 4]       2,359,296
2025-10-13 20:13:50,453 - CIFAR-100_Training - INFO -      BatchNorm2d-112            [-1, 512, 4, 4]           1,024
2025-10-13 20:13:50,453 - CIFAR-100_Training - INFO -             ReLU-113            [-1, 512, 4, 4]               0
2025-10-13 20:13:50,453 - CIFAR-100_Training - INFO -       BasicBlock-114            [-1, 512, 4, 4]               0
2025-10-13 20:13:50,453 - CIFAR-100_Training - INFO -           Conv2d-115            [-1, 512, 4, 4]       2,359,296
2025-10-13 20:13:50,453 - CIFAR-100_Training - INFO -      BatchNorm2d-116            [-1, 512, 4, 4]           1,024
2025-10-13 20:13:50,453 - CIFAR-100_Training - INFO -             ReLU-117            [-1, 512, 4, 4]               0
2025-10-13 20:13:50,453 - CIFAR-100_Training - INFO -           Conv2d-118            [-1, 512, 4, 4]       2,359,296
2025-10-13 20:13:50,453 - CIFAR-100_Training - INFO -      BatchNorm2d-119            [-1, 512, 4, 4]           1,024
2025-10-13 20:13:50,453 - CIFAR-100_Training - INFO -             ReLU-120            [-1, 512, 4, 4]               0
2025-10-13 20:13:50,453 - CIFAR-100_Training - INFO -       BasicBlock-121            [-1, 512, 4, 4]               0
2025-10-13 20:13:50,456 - CIFAR-100_Training - INFO - AdaptiveAvgPool2d-122            [-1, 512, 1, 1]               0
2025-10-13 20:13:50,456 - CIFAR-100_Training - INFO -          Dropout-123                  [-1, 512]               0
2025-10-13 20:13:50,456 - CIFAR-100_Training - INFO -           Linear-124                 [-1, 1000]         513,000
2025-10-13 20:13:50,456 - CIFAR-100_Training - INFO -          Dropout-125                 [-1, 1000]               0
2025-10-13 20:13:50,457 - CIFAR-100_Training - INFO -           Linear-126                  [-1, 100]         100,100
2025-10-13 20:13:50,458 - CIFAR-100_Training - INFO - ================================================================
2025-10-13 20:13:50,458 - CIFAR-100_Training - INFO - Total params: 21,890,092
2025-10-13 20:13:50,458 - CIFAR-100_Training - INFO - Trainable params: 21,890,092
2025-10-13 20:13:50,458 - CIFAR-100_Training - INFO - Non-trainable params: 0
2025-10-13 20:13:50,458 - CIFAR-100_Training - INFO - ----------------------------------------------------------------
2025-10-13 20:13:50,458 - CIFAR-100_Training - INFO - Input size (MB): 0.01
2025-10-13 20:13:50,458 - CIFAR-100_Training - INFO - Forward/backward pass size (MB): 26.46
2025-10-13 20:13:50,458 - CIFAR-100_Training - INFO - Params size (MB): 83.50
2025-10-13 20:13:50,460 - CIFAR-100_Training - INFO - Estimated Total Size (MB): 109.98
2025-10-13 20:13:50,460 - CIFAR-100_Training - INFO - ----------------------------------------------------------------
2025-10-13 20:13:50,460 - CIFAR-100_Training - INFO - ==================================================
2025-10-13 20:13:50,460 - CIFAR-100_Training - INFO - Setting up trainer...
2025-10-13 20:13:50,485 - CIFAR-100_Training - INFO - Using device: cuda
2025-10-13 20:13:50,485 - CIFAR-100_Training - INFO - Early stopping: Stop if train_acc - test_acc > 15.0% for 10 epochs
2025-10-13 20:13:50,485 - CIFAR-100_Training - INFO - Starting training process...
2025-10-13 20:13:50,485 - CIFAR-100_Training - INFO - Starting training process...
2025-10-13 20:13:50,494 - CIFAR-100_Training - INFO - Using optimizer: Adam
2025-10-13 20:13:50,494 - CIFAR-100_Training - INFO - Using scheduler: OneCycleLR
2025-10-13 20:13:50,494 - CIFAR-100_Training - INFO - Optimizer Configuration:
2025-10-13 20:13:50,494 - CIFAR-100_Training - INFO -   - Learning Rate: 0.001
2025-10-13 20:13:50,494 - CIFAR-100_Training - INFO -   - Betas: (0.9, 0.999)
2025-10-13 20:13:50,494 - CIFAR-100_Training - INFO -   - Eps: 1e-08
2025-10-13 20:13:50,494 - CIFAR-100_Training - INFO -   - Weight Decay: 0.0001
2025-10-13 20:13:50,494 - CIFAR-100_Training - INFO - Scheduler Configuration:
2025-10-13 20:13:50,494 - CIFAR-100_Training - INFO -   - Max LR: 0.003
2025-10-13 20:13:50,497 - CIFAR-100_Training - INFO -   - Steps per Epoch: 391
2025-10-13 20:13:50,497 - CIFAR-100_Training - INFO -   - Pct Start: 0.3
2025-10-13 20:13:50,497 - CIFAR-100_Training - INFO -   - Div Factor: 5
2025-10-13 20:13:50,497 - CIFAR-100_Training - INFO -   - Final Div Factor: 1000.0
2025-10-13 20:13:50,497 - CIFAR-100_Training - INFO -   - Anneal Strategy: cos
2025-10-13 20:13:50,497 - CIFAR-100_Training - INFO - Starting Epoch 1/50
2025-10-13 20:18:01,756 - CIFAR-100_Training - INFO - Epoch  1: Train Loss: 4.1218, Train Acc: 6.41%, Test Loss: 3.7935, Test Acc: 10.92%, Acc Diff: -4.51%, LR: 0.000627
2025-10-13 20:18:01,756 - CIFAR-100_Training - INFO - Starting Epoch 2/50
2025-10-13 20:21:57,723 - CIFAR-100_Training - INFO - Epoch  2: Train Loss: 3.5931, Train Acc: 14.11%, Test Loss: 3.4133, Test Acc: 18.09%, Acc Diff: -3.98%, LR: 0.000705
2025-10-13 20:21:57,723 - CIFAR-100_Training - INFO - Starting Epoch 3/50
2025-10-13 20:25:50,809 - CIFAR-100_Training - INFO - Epoch  3: Train Loss: 3.2144, Train Acc: 20.96%, Test Loss: 2.9183, Test Acc: 25.97%, Acc Diff: -5.01%, LR: 0.000832
2025-10-13 20:25:50,809 - CIFAR-100_Training - INFO - Starting Epoch 4/50
2025-10-13 20:29:42,700 - CIFAR-100_Training - INFO - Epoch  4: Train Loss: 2.9265, Train Acc: 26.45%, Test Loss: 2.6714, Test Acc: 31.53%, Acc Diff: -5.08%, LR: 0.001001
2025-10-13 20:29:42,700 - CIFAR-100_Training - INFO - Starting Epoch 5/50
2025-10-13 20:33:34,987 - CIFAR-100_Training - INFO - Epoch  5: Train Loss: 2.7413, Train Acc: 30.05%, Test Loss: 2.5265, Test Acc: 35.77%, Acc Diff: -5.72%, LR: 0.001206
2025-10-13 20:33:34,987 - CIFAR-100_Training - INFO - Starting Epoch 6/50
2025-10-13 20:37:49,031 - CIFAR-100_Training - INFO - Epoch  6: Train Loss: 2.5906, Train Acc: 33.47%, Test Loss: 2.5607, Test Acc: 37.24%, Acc Diff: -3.77%, LR: 0.001437
2025-10-13 20:37:49,031 - CIFAR-100_Training - INFO - Starting Epoch 7/50
2025-10-13 20:42:22,040 - CIFAR-100_Training - INFO - Epoch  7: Train Loss: 2.4684, Train Acc: 35.80%, Test Loss: 2.6660, Test Acc: 34.41%, Acc Diff: 1.39%, LR: 0.001684
2025-10-13 20:42:22,040 - CIFAR-100_Training - INFO - Starting Epoch 8/50
2025-10-13 20:47:00,658 - CIFAR-100_Training - INFO - Epoch  8: Train Loss: 2.3995, Train Acc: 37.47%, Test Loss: 2.3798, Test Acc: 38.09%, Acc Diff: -0.62%, LR: 0.001936
2025-10-13 20:47:00,658 - CIFAR-100_Training - INFO - Starting Epoch 9/50
2025-10-13 20:51:34,454 - CIFAR-100_Training - INFO - Epoch  9: Train Loss: 2.3320, Train Acc: 38.83%, Test Loss: 2.9629, Test Acc: 32.88%, Acc Diff: 5.95%, LR: 0.002183
2025-10-13 20:51:34,454 - CIFAR-100_Training - INFO - Starting Epoch 10/50
2025-10-13 20:55:33,184 - CIFAR-100_Training - INFO - Epoch 10: Train Loss: 2.2685, Train Acc: 40.35%, Test Loss: 2.1824, Test Acc: 42.77%, Acc Diff: -2.42%, LR: 0.002412
2025-10-13 20:55:33,184 - CIFAR-100_Training - INFO - Starting Epoch 11/50
2025-10-13 20:57:59,114 - CIFAR-100_Training - INFO - Epoch 11: Train Loss: 2.1920, Train Acc: 42.05%, Test Loss: 2.0764, Test Acc: 45.07%, Acc Diff: -3.02%, LR: 0.002614
2025-10-13 20:57:59,114 - CIFAR-100_Training - INFO - Starting Epoch 12/50
2025-10-13 21:00:26,360 - CIFAR-100_Training - INFO - Epoch 12: Train Loss: 2.1616, Train Acc: 42.54%, Test Loss: 3.2248, Test Acc: 40.85%, Acc Diff: 1.69%, LR: 0.002780
2025-10-13 21:00:26,360 - CIFAR-100_Training - INFO - Starting Epoch 13/50
2025-10-13 21:02:52,762 - CIFAR-100_Training - INFO - Epoch 13: Train Loss: 2.1483, Train Acc: 43.23%, Test Loss: 2.1762, Test Acc: 46.43%, Acc Diff: -3.20%, LR: 0.002903
2025-10-13 21:02:52,762 - CIFAR-100_Training - INFO - Starting Epoch 14/50
2025-10-13 21:05:17,533 - CIFAR-100_Training - INFO - Epoch 14: Train Loss: 2.0767, Train Acc: 44.68%, Test Loss: 2.0743, Test Acc: 45.80%, Acc Diff: -1.12%, LR: 0.002978
2025-10-13 21:05:17,533 - CIFAR-100_Training - INFO - Starting Epoch 15/50
2025-10-13 21:07:42,013 - CIFAR-100_Training - INFO - Epoch 15: Train Loss: 2.0198, Train Acc: 46.25%, Test Loss: 1.9640, Test Acc: 46.71%, Acc Diff: -0.46%, LR: 0.003000
2025-10-13 21:07:42,013 - CIFAR-100_Training - INFO - Starting Epoch 16/50
2025-10-13 21:10:06,779 - CIFAR-100_Training - INFO - Epoch 16: Train Loss: 1.9800, Train Acc: 47.03%, Test Loss: 1.8444, Test Acc: 49.37%, Acc Diff: -2.34%, LR: 0.002993
2025-10-13 21:10:06,779 - CIFAR-100_Training - INFO - Starting Epoch 17/50
2025-10-13 21:12:31,492 - CIFAR-100_Training - INFO - Epoch 17: Train Loss: 1.9099, Train Acc: 48.61%, Test Loss: 1.8199, Test Acc: 50.79%, Acc Diff: -2.18%, LR: 0.002974
2025-10-13 21:12:31,492 - CIFAR-100_Training - INFO - Starting Epoch 18/50
2025-10-13 21:14:56,602 - CIFAR-100_Training - INFO - Epoch 18: Train Loss: 1.8739, Train Acc: 49.51%, Test Loss: 1.8063, Test Acc: 50.54%, Acc Diff: -1.03%, LR: 0.002942
2025-10-13 21:14:56,602 - CIFAR-100_Training - INFO - Starting Epoch 19/50
2025-10-13 21:17:22,048 - CIFAR-100_Training - INFO - Epoch 19: Train Loss: 1.8232, Train Acc: 50.84%, Test Loss: 1.6511, Test Acc: 54.39%, Acc Diff: -3.55%, LR: 0.002899
2025-10-13 21:17:22,048 - CIFAR-100_Training - INFO - Starting Epoch 20/50
2025-10-13 21:19:46,764 - CIFAR-100_Training - INFO - Epoch 20: Train Loss: 1.7954, Train Acc: 51.53%, Test Loss: 1.7437, Test Acc: 52.37%, Acc Diff: -0.84%, LR: 0.002845
2025-10-13 21:19:46,764 - CIFAR-100_Training - INFO - Starting Epoch 21/50
2025-10-13 21:22:11,921 - CIFAR-100_Training - INFO - Epoch 21: Train Loss: 1.7472, Train Acc: 52.65%, Test Loss: 1.7770, Test Acc: 52.54%, Acc Diff: 0.11%, LR: 0.002780
2025-10-13 21:22:11,921 - CIFAR-100_Training - INFO - Starting Epoch 22/50
2025-10-13 21:24:37,311 - CIFAR-100_Training - INFO - Epoch 22: Train Loss: 1.7133, Train Acc: 53.08%, Test Loss: 1.7497, Test Acc: 52.97%, Acc Diff: 0.11%, LR: 0.002704
2025-10-13 21:24:37,311 - CIFAR-100_Training - INFO - Starting Epoch 23/50
2025-10-13 21:27:02,446 - CIFAR-100_Training - INFO - Epoch 23: Train Loss: 1.6759, Train Acc: 54.10%, Test Loss: 1.6489, Test Acc: 55.60%, Acc Diff: -1.50%, LR: 0.002619
2025-10-13 21:27:02,446 - CIFAR-100_Training - INFO - Starting Epoch 24/50
2025-10-13 21:29:26,813 - CIFAR-100_Training - INFO - Epoch 24: Train Loss: 1.6320, Train Acc: 55.35%, Test Loss: 1.6733, Test Acc: 55.33%, Acc Diff: 0.02%, LR: 0.002524
2025-10-13 21:29:26,813 - CIFAR-100_Training - INFO - Starting Epoch 25/50
2025-10-13 21:31:51,186 - CIFAR-100_Training - INFO - Epoch 25: Train Loss: 1.5896, Train Acc: 56.13%, Test Loss: 1.5114, Test Acc: 57.89%, Acc Diff: -1.76%, LR: 0.002421
2025-10-13 21:31:51,186 - CIFAR-100_Training - INFO - Starting Epoch 26/50
2025-10-13 21:34:16,074 - CIFAR-100_Training - INFO - Epoch 26: Train Loss: 1.5527, Train Acc: 57.22%, Test Loss: 1.5135, Test Acc: 57.94%, Acc Diff: -0.72%, LR: 0.002311
2025-10-13 21:34:16,074 - CIFAR-100_Training - INFO - Starting Epoch 27/50
2025-10-13 21:36:40,255 - CIFAR-100_Training - INFO - Epoch 27: Train Loss: 1.5065, Train Acc: 58.54%, Test Loss: 1.4614, Test Acc: 60.52%, Acc Diff: -1.98%, LR: 0.002194
2025-10-13 21:36:40,255 - CIFAR-100_Training - INFO - Starting Epoch 28/50
2025-10-13 21:39:04,314 - CIFAR-100_Training - INFO - Epoch 28: Train Loss: 1.4633, Train Acc: 59.54%, Test Loss: 1.4966, Test Acc: 59.58%, Acc Diff: -0.04%, LR: 0.002071
2025-10-13 21:39:04,314 - CIFAR-100_Training - INFO - Starting Epoch 29/50
2025-10-13 21:41:28,141 - CIFAR-100_Training - INFO - Epoch 29: Train Loss: 1.4275, Train Acc: 60.41%, Test Loss: 1.4220, Test Acc: 60.94%, Acc Diff: -0.53%, LR: 0.001944
2025-10-13 21:41:28,141 - CIFAR-100_Training - INFO - Starting Epoch 30/50
2025-10-13 21:43:52,280 - CIFAR-100_Training - INFO - Epoch 30: Train Loss: 1.3749, Train Acc: 61.77%, Test Loss: 1.4370, Test Acc: 60.94%, Acc Diff: 0.83%, LR: 0.001813
2025-10-13 21:43:52,280 - CIFAR-100_Training - INFO - Starting Epoch 31/50
2025-10-13 21:46:16,329 - CIFAR-100_Training - INFO - Epoch 31: Train Loss: 1.3207, Train Acc: 63.11%, Test Loss: 1.4202, Test Acc: 61.57%, Acc Diff: 1.54%, LR: 0.001680
2025-10-13 21:46:16,329 - CIFAR-100_Training - INFO - Starting Epoch 32/50
2025-10-13 21:48:40,496 - CIFAR-100_Training - INFO - Epoch 32: Train Loss: 1.2735, Train Acc: 64.17%, Test Loss: 1.3603, Test Acc: 62.72%, Acc Diff: 1.45%, LR: 0.001545
2025-10-13 21:48:40,496 - CIFAR-100_Training - INFO - Starting Epoch 33/50
2025-10-13 21:51:04,330 - CIFAR-100_Training - INFO - Epoch 33: Train Loss: 1.2157, Train Acc: 65.92%, Test Loss: 1.3512, Test Acc: 62.63%, Acc Diff: 3.29%, LR: 0.001410
2025-10-13 21:51:04,330 - CIFAR-100_Training - INFO - Starting Epoch 34/50
2025-10-13 21:53:28,199 - CIFAR-100_Training - INFO - Epoch 34: Train Loss: 1.1641, Train Acc: 67.30%, Test Loss: 1.3245, Test Acc: 64.56%, Acc Diff: 2.74%, LR: 0.001275
2025-10-13 21:53:28,199 - CIFAR-100_Training - INFO - Starting Epoch 35/50
2025-10-13 21:55:51,889 - CIFAR-100_Training - INFO - Epoch 35: Train Loss: 1.1166, Train Acc: 68.41%, Test Loss: 1.3484, Test Acc: 64.06%, Acc Diff: 4.35%, LR: 0.001142
2025-10-13 21:55:51,889 - CIFAR-100_Training - INFO - Starting Epoch 36/50
2025-10-13 21:58:16,629 - CIFAR-100_Training - INFO - Epoch 36: Train Loss: 1.0478, Train Acc: 70.35%, Test Loss: 1.3051, Test Acc: 65.05%, Acc Diff: 5.30%, LR: 0.001013
2025-10-13 21:58:16,629 - CIFAR-100_Training - INFO - Starting Epoch 37/50
2025-10-13 22:00:43,008 - CIFAR-100_Training - INFO - Epoch 37: Train Loss: 1.0011, Train Acc: 71.88%, Test Loss: 1.2629, Test Acc: 66.17%, Acc Diff: 5.71%, LR: 0.000887
2025-10-13 22:00:43,008 - CIFAR-100_Training - INFO - Starting Epoch 38/50
2025-10-13 22:03:08,693 - CIFAR-100_Training - INFO - Epoch 38: Train Loss: 0.9418, Train Acc: 73.50%, Test Loss: 1.2667, Test Acc: 66.67%, Acc Diff: 6.83%, LR: 0.000766
2025-10-13 22:03:08,693 - CIFAR-100_Training - INFO - Starting Epoch 39/50
2025-10-13 22:05:33,973 - CIFAR-100_Training - INFO - Epoch 39: Train Loss: 0.8877, Train Acc: 74.93%, Test Loss: 1.2861, Test Acc: 66.47%, Acc Diff: 8.46%, LR: 0.000651
2025-10-13 22:05:33,973 - CIFAR-100_Training - INFO - Starting Epoch 40/50
2025-10-13 22:07:59,201 - CIFAR-100_Training - INFO - Epoch 40: Train Loss: 0.8357, Train Acc: 76.45%, Test Loss: 1.2718, Test Acc: 67.14%, Acc Diff: 9.31%, LR: 0.000543
2025-10-13 22:07:59,201 - CIFAR-100_Training - INFO - Starting Epoch 41/50
2025-10-13 22:10:30,554 - CIFAR-100_Training - INFO - Epoch 41: Train Loss: 0.7867, Train Acc: 77.59%, Test Loss: 1.2817, Test Acc: 67.42%, Acc Diff: 10.17%, LR: 0.000443
2025-10-13 22:10:30,555 - CIFAR-100_Training - INFO - Starting Epoch 42/50
2025-10-13 22:13:12,599 - CIFAR-100_Training - INFO - Epoch 42: Train Loss: 0.7356, Train Acc: 79.37%, Test Loss: 1.2766, Test Acc: 67.65%, Acc Diff: 11.72%, LR: 0.000352
2025-10-13 22:13:12,599 - CIFAR-100_Training - INFO - Starting Epoch 43/50
2025-10-13 22:15:37,533 - CIFAR-100_Training - INFO - Epoch 43: Train Loss: 0.6909, Train Acc: 80.66%, Test Loss: 1.2613, Test Acc: 68.48%, Acc Diff: 12.18%, LR: 0.000269
2025-10-13 22:15:37,534 - CIFAR-100_Training - INFO - Starting Epoch 44/50
2025-10-13 22:18:08,254 - CIFAR-100_Training - INFO - Epoch 44: Train Loss: 0.6643, Train Acc: 81.47%, Test Loss: 1.2723, Test Acc: 68.26%, Acc Diff: 13.21%, LR: 0.000197
2025-10-13 22:18:08,254 - CIFAR-100_Training - INFO - Starting Epoch 45/50
2025-10-13 22:20:52,892 - CIFAR-100_Training - INFO - Epoch 45: Train Loss: 0.6338, Train Acc: 82.39%, Test Loss: 1.2580, Test Acc: 68.69%, Acc Diff: 13.70%, LR: 0.000136
2025-10-13 22:20:52,893 - CIFAR-100_Training - INFO - Starting Epoch 46/50
2025-10-13 22:23:48,435 - CIFAR-100_Training - INFO - Epoch 46: Train Loss: 0.6138, Train Acc: 83.18%, Test Loss: 1.2702, Test Acc: 68.61%, Acc Diff: 14.57%, LR: 0.000085
2025-10-13 22:23:48,436 - CIFAR-100_Training - INFO - Starting Epoch 47/50
2025-10-13 22:26:24,648 - CIFAR-100_Training - INFO - Epoch 47: Train Loss: 0.5928, Train Acc: 83.86%, Test Loss: 1.2510, Test Acc: 69.04%, Acc Diff: 14.82%, LR: 0.000046
2025-10-13 22:26:24,648 - CIFAR-100_Training - INFO - Starting Epoch 48/50
2025-10-13 22:28:57,443 - CIFAR-100_Training - INFO - Epoch 48: Train Loss: 0.5789, Train Acc: 84.09%, Test Loss: 1.2610, Test Acc: 69.08%, Acc Diff: 15.01%, LR: 0.000019 (OVERFITTING: 1 epochs)
2025-10-13 22:28:57,443 - CIFAR-100_Training - INFO - Starting Epoch 49/50
2025-10-13 22:31:28,631 - CIFAR-100_Training - INFO - Epoch 49: Train Loss: 0.5772, Train Acc: 84.19%, Test Loss: 1.2527, Test Acc: 69.06%, Acc Diff: 15.13%, LR: 0.000004 (OVERFITTING: 2 epochs)
2025-10-13 22:31:28,631 - CIFAR-100_Training - INFO - Starting Epoch 50/50
2025-10-13 22:33:10,334 - CIFAR-100_Training - ERROR - Training pipeline failed: Tried to step 9751 times. The specified number of total steps is 9750
