2025-10-11 07:07:05,759 - CIFAR-100_Training - INFO - Logger initialized. Log file: C:\Users\krish\Documents\Krishnakanth\Learnings\Learnings\MNIST_Model\Reference\ERAS8\Model_Evolution\FineTune\logs\20251011_070705_cifar100_training.log
2025-10-11 07:07:05,760 - CIFAR-100_Training - INFO - Updated Configuration (from main()):
2025-10-11 07:07:05,760 - CIFAR-100_Training - INFO -   - Epochs: 100
2025-10-11 07:07:05,761 - CIFAR-100_Training - INFO -   - Learning Rate: 0.00251
2025-10-11 07:07:05,761 - CIFAR-100_Training - INFO -   - Optimizer: SGD
2025-10-11 07:07:05,761 - CIFAR-100_Training - INFO -   - Weight Decay: 0.0001
2025-10-11 07:07:05,761 - CIFAR-100_Training - INFO -   - Momentum: 0.9
2025-10-11 07:07:05,761 - CIFAR-100_Training - INFO -   - Scheduler: OneCycleLR
2025-10-11 07:07:05,762 - CIFAR-100_Training - INFO -   - Max LR: 0.0251
2025-10-11 07:07:05,762 - CIFAR-100_Training - INFO -   - Pct Start: 0.1
2025-10-11 07:07:05,762 - CIFAR-100_Training - INFO -   - Div Factor: 25.0
2025-10-11 07:07:05,762 - CIFAR-100_Training - INFO -   - Final Div Factor: 10000.0
2025-10-11 07:07:05,762 - CIFAR-100_Training - INFO -   - Anneal Strategy: cos
2025-10-11 07:07:05,762 - CIFAR-100_Training - INFO -   - Batch Size: 128
2025-10-11 07:07:05,763 - CIFAR-100_Training - INFO -   - Num Workers: 4
2025-10-11 07:07:05,765 - CIFAR-100_Training - INFO -   - Pin Memory: True
2025-10-11 07:07:05,765 - CIFAR-100_Training - INFO -   - Shuffle: True
2025-10-11 07:07:05,765 - CIFAR-100_Training - INFO -   - Dropout Rate: 0.2
2025-10-11 07:07:05,765 - CIFAR-100_Training - INFO -   - Device: CUDA
2025-10-11 07:07:05,765 - CIFAR-100_Training - INFO -   - Log Directory: C:\Users\krish\Documents\Krishnakanth\Learnings\Learnings\MNIST_Model\Reference\ERAS8\Model_Evolution\FineTune\logs
2025-10-11 07:07:05,765 - CIFAR-100_Training - INFO -   - Model Save Directory: C:\Users\krish\Documents\Krishnakanth\Learnings\Learnings\MNIST_Model\Reference\ERAS8\Model_Evolution\FineTune\models
2025-10-11 07:07:05,765 - CIFAR-100_Training - INFO -   - Save Model: True
2025-10-11 07:07:05,766 - CIFAR-100_Training - INFO -   - Log Level: INFO
2025-10-11 07:07:05,766 - CIFAR-100_Training - INFO - ==================================================
2025-10-11 07:07:05,766 - CIFAR-100_Training - INFO - ==================================================
2025-10-11 07:07:05,766 - CIFAR-100_Training - INFO - CIFAR-100 TRAINING EXPERIMENT STARTED
2025-10-11 07:07:05,766 - CIFAR-100_Training - INFO - ==================================================
2025-10-11 07:07:05,767 - CIFAR-100_Training - INFO - Data Config: DataConfig(data_dir='./data', batch_size=128, num_workers=4, pin_memory=True, shuffle=True, cifar100_mean=(0.507076, 0.48655, 0.440919), cifar100_std=(0.267334, 0.256438, 0.27615), rotation_range=(-7.0, 7.0), fill_value=1)
2025-10-11 07:07:05,767 - CIFAR-100_Training - INFO - Model Config: ModelConfig(input_channels=3, input_size=(32, 32), num_classes=100, dropout_rate=0.2)
2025-10-11 07:07:05,767 - CIFAR-100_Training - INFO - Training Config: TrainingConfig(epochs=100, learning_rate=0.00251, momentum=0.9, weight_decay=0.0001, scheduler_step_size=10, scheduler_gamma=0.1, seed=1, optimizer_type='SGD', adam_betas=(0.9, 0.999), adam_eps=1e-08, rmsprop_alpha=0.99, scheduler_type='OneCycleLR', cosine_t_max=20, exponential_gamma=0.95, plateau_mode='min', plateau_factor=0.5, plateau_patience=5, plateau_threshold=0.0001, onecycle_max_lr=0.0251, onecycle_pct_start=0.1, onecycle_div_factor=25.0, onecycle_final_div_factor=10000.0, onecycle_anneal_strategy='cos')
2025-10-11 07:07:05,767 - CIFAR-100_Training - INFO - ==================================================
2025-10-11 07:07:05,767 - CIFAR-100_Training - INFO - Setting up data...
2025-10-11 07:07:05,767 - CIFAR-100_Training - INFO - Using Albumentations for data augmentation
2025-10-11 07:07:05,778 - CIFAR-100_Training - INFO - Loading CIFAR-100 dataset...
2025-10-11 07:07:09,383 - CIFAR-100_Training - INFO - CIFAR-100 dataset loaded successfully!
2025-10-11 07:07:09,385 - CIFAR-100_Training - INFO - Train samples: 50000
2025-10-11 07:07:09,385 - CIFAR-100_Training - INFO - Test samples: 10000
2025-10-11 07:07:09,386 - CIFAR-100_Training - INFO - Augmentation library: Albumentations
2025-10-11 07:07:09,386 - CIFAR-100_Training - INFO - Computing CIFAR-100 data statistics...
2025-10-11 07:07:15,551 - CIFAR-100_Training - INFO - CIFAR-100 Data Statistics:
2025-10-11 07:07:15,553 - CIFAR-100_Training - INFO -   - Shape: (50000, 32, 32, 3)
2025-10-11 07:07:15,553 - CIFAR-100_Training - INFO -   - Size: 153,600,000
2025-10-11 07:07:15,554 - CIFAR-100_Training - INFO -   - Min: 0.0000
2025-10-11 07:07:15,554 - CIFAR-100_Training - INFO -   - Max: 1.0000
2025-10-11 07:07:15,554 - CIFAR-100_Training - INFO -   - Mean: 0.4782
2025-10-11 07:07:15,554 - CIFAR-100_Training - INFO -   - Std: 0.2682
2025-10-11 07:07:15,555 - CIFAR-100_Training - INFO -   - Variance: 0.0719
2025-10-11 07:07:15,555 - CIFAR-100_Training - INFO - Channel-wise Statistics:
2025-10-11 07:07:15,556 - CIFAR-100_Training - INFO -   Red Channel:
2025-10-11 07:07:15,556 - CIFAR-100_Training - INFO -     - Mean: 0.5071
2025-10-11 07:07:15,557 - CIFAR-100_Training - INFO -     - Std: 0.2673
2025-10-11 07:07:15,558 - CIFAR-100_Training - INFO -     - Min: 0.0000
2025-10-11 07:07:15,559 - CIFAR-100_Training - INFO -     - Max: 1.0000
2025-10-11 07:07:15,560 - CIFAR-100_Training - INFO -   Green Channel:
2025-10-11 07:07:15,560 - CIFAR-100_Training - INFO -     - Mean: 0.4865
2025-10-11 07:07:15,561 - CIFAR-100_Training - INFO -     - Std: 0.2564
2025-10-11 07:07:15,562 - CIFAR-100_Training - INFO -     - Min: 0.0000
2025-10-11 07:07:15,562 - CIFAR-100_Training - INFO -     - Max: 1.0000
2025-10-11 07:07:15,562 - CIFAR-100_Training - INFO -   Blue Channel:
2025-10-11 07:07:15,563 - CIFAR-100_Training - INFO -     - Mean: 0.4409
2025-10-11 07:07:15,563 - CIFAR-100_Training - INFO -     - Std: 0.2762
2025-10-11 07:07:15,565 - CIFAR-100_Training - INFO -     - Min: 0.0000
2025-10-11 07:07:15,565 - CIFAR-100_Training - INFO -     - Max: 1.0000
2025-10-11 07:07:40,251 - CIFAR-100_Training - INFO - CIFAR-100 Batch Information:
2025-10-11 07:07:40,252 - CIFAR-100_Training - INFO -   - Batch size: 128
2025-10-11 07:07:40,254 - CIFAR-100_Training - INFO -   - Image shape: torch.Size([3, 32, 32])
2025-10-11 07:07:40,255 - CIFAR-100_Training - INFO -   - Label shape: torch.Size([128])
2025-10-11 07:07:40,257 - CIFAR-100_Training - INFO -   - Data type: torch.float32
2025-10-11 07:07:40,257 - CIFAR-100_Training - INFO -   - Number of classes: 100
2025-10-11 07:07:43,195 - CIFAR-100_Training - INFO - Getting input size from CIFAR-100 data loader...
2025-10-11 07:08:02,517 - CIFAR-100_Training - INFO - CIFAR-100 input size from data loader: (3, 32, 32)
2025-10-11 07:08:05,342 - CIFAR-100_Training - INFO - Setting up model...
2025-10-11 07:08:05,994 - CIFAR-100_Training - INFO - Generating ResNet-34 summary...
2025-10-11 07:08:06,944 - CIFAR-100_Training - INFO - ResNet-34 Architecture Summary:
2025-10-11 07:08:06,944 - CIFAR-100_Training - INFO -   - Total Parameters: 21,328,292
2025-10-11 07:08:06,946 - CIFAR-100_Training - INFO -   - Batch Normalization: Yes
2025-10-11 07:08:06,946 - CIFAR-100_Training - INFO -   - Dropout: Yes
2025-10-11 07:08:06,947 - CIFAR-100_Training - INFO -   - FC Layers: Yes
2025-10-11 07:08:06,947 - CIFAR-100_Training - INFO -   - GAP Layers: Yes
2025-10-11 07:08:06,947 - CIFAR-100_Training - INFO - ==================================================
2025-10-11 07:08:06,947 - CIFAR-100_Training - INFO - DETAILED MODEL ARCHITECTURE SUMMARY
2025-10-11 07:08:06,948 - CIFAR-100_Training - INFO - ==================================================
2025-10-11 07:08:06,948 - CIFAR-100_Training - INFO - ----------------------------------------------------------------
2025-10-11 07:08:06,955 - CIFAR-100_Training - INFO -         Layer (type)               Output Shape         Param #
2025-10-11 07:08:06,957 - CIFAR-100_Training - INFO - ================================================================
2025-10-11 07:08:06,958 - CIFAR-100_Training - INFO -             Conv2d-1           [-1, 64, 32, 32]           1,728
2025-10-11 07:08:06,958 - CIFAR-100_Training - INFO -        BatchNorm2d-2           [-1, 64, 32, 32]             128
2025-10-11 07:08:06,959 - CIFAR-100_Training - INFO -               ReLU-3           [-1, 64, 32, 32]               0
2025-10-11 07:08:06,959 - CIFAR-100_Training - INFO -             Conv2d-4           [-1, 64, 32, 32]          36,864
2025-10-11 07:08:06,960 - CIFAR-100_Training - INFO -        BatchNorm2d-5           [-1, 64, 32, 32]             128
2025-10-11 07:08:06,960 - CIFAR-100_Training - INFO -               ReLU-6           [-1, 64, 32, 32]               0
2025-10-11 07:08:06,961 - CIFAR-100_Training - INFO -             Conv2d-7           [-1, 64, 32, 32]          36,864
2025-10-11 07:08:06,961 - CIFAR-100_Training - INFO -        BatchNorm2d-8           [-1, 64, 32, 32]             128
2025-10-11 07:08:06,961 - CIFAR-100_Training - INFO -               ReLU-9           [-1, 64, 32, 32]               0
2025-10-11 07:08:06,965 - CIFAR-100_Training - INFO -         Dropout2d-10           [-1, 64, 32, 32]               0
2025-10-11 07:08:06,978 - CIFAR-100_Training - INFO -        BasicBlock-11           [-1, 64, 32, 32]               0
2025-10-11 07:08:06,978 - CIFAR-100_Training - INFO -            Conv2d-12           [-1, 64, 32, 32]          36,864
2025-10-11 07:08:06,980 - CIFAR-100_Training - INFO -       BatchNorm2d-13           [-1, 64, 32, 32]             128
2025-10-11 07:08:06,986 - CIFAR-100_Training - INFO -              ReLU-14           [-1, 64, 32, 32]               0
2025-10-11 07:08:06,988 - CIFAR-100_Training - INFO -            Conv2d-15           [-1, 64, 32, 32]          36,864
2025-10-11 07:08:06,988 - CIFAR-100_Training - INFO -       BatchNorm2d-16           [-1, 64, 32, 32]             128
2025-10-11 07:08:06,988 - CIFAR-100_Training - INFO -              ReLU-17           [-1, 64, 32, 32]               0
2025-10-11 07:08:06,988 - CIFAR-100_Training - INFO -         Dropout2d-18           [-1, 64, 32, 32]               0
2025-10-11 07:08:06,990 - CIFAR-100_Training - INFO -        BasicBlock-19           [-1, 64, 32, 32]               0
2025-10-11 07:08:06,990 - CIFAR-100_Training - INFO -            Conv2d-20           [-1, 64, 32, 32]          36,864
2025-10-11 07:08:06,990 - CIFAR-100_Training - INFO -       BatchNorm2d-21           [-1, 64, 32, 32]             128
2025-10-11 07:08:06,990 - CIFAR-100_Training - INFO -              ReLU-22           [-1, 64, 32, 32]               0
2025-10-11 07:08:06,990 - CIFAR-100_Training - INFO -            Conv2d-23           [-1, 64, 32, 32]          36,864
2025-10-11 07:08:06,992 - CIFAR-100_Training - INFO -       BatchNorm2d-24           [-1, 64, 32, 32]             128
2025-10-11 07:08:06,992 - CIFAR-100_Training - INFO -              ReLU-25           [-1, 64, 32, 32]               0
2025-10-11 07:08:06,992 - CIFAR-100_Training - INFO -         Dropout2d-26           [-1, 64, 32, 32]               0
2025-10-11 07:08:06,992 - CIFAR-100_Training - INFO -        BasicBlock-27           [-1, 64, 32, 32]               0
2025-10-11 07:08:06,992 - CIFAR-100_Training - INFO -            Conv2d-28          [-1, 128, 16, 16]          73,728
2025-10-11 07:08:06,992 - CIFAR-100_Training - INFO -       BatchNorm2d-29          [-1, 128, 16, 16]             256
2025-10-11 07:08:06,992 - CIFAR-100_Training - INFO -              ReLU-30          [-1, 128, 16, 16]               0
2025-10-11 07:08:06,993 - CIFAR-100_Training - INFO -            Conv2d-31          [-1, 128, 16, 16]         147,456
2025-10-11 07:08:06,993 - CIFAR-100_Training - INFO -       BatchNorm2d-32          [-1, 128, 16, 16]             256
2025-10-11 07:08:06,993 - CIFAR-100_Training - INFO -            Conv2d-33          [-1, 128, 16, 16]           8,192
2025-10-11 07:08:06,993 - CIFAR-100_Training - INFO -       BatchNorm2d-34          [-1, 128, 16, 16]             256
2025-10-11 07:08:06,995 - CIFAR-100_Training - INFO -              ReLU-35          [-1, 128, 16, 16]               0
2025-10-11 07:08:06,996 - CIFAR-100_Training - INFO -         Dropout2d-36          [-1, 128, 16, 16]               0
2025-10-11 07:08:06,996 - CIFAR-100_Training - INFO -        BasicBlock-37          [-1, 128, 16, 16]               0
2025-10-11 07:08:06,996 - CIFAR-100_Training - INFO -            Conv2d-38          [-1, 128, 16, 16]         147,456
2025-10-11 07:08:06,998 - CIFAR-100_Training - INFO -       BatchNorm2d-39          [-1, 128, 16, 16]             256
2025-10-11 07:08:06,998 - CIFAR-100_Training - INFO -              ReLU-40          [-1, 128, 16, 16]               0
2025-10-11 07:08:07,000 - CIFAR-100_Training - INFO -            Conv2d-41          [-1, 128, 16, 16]         147,456
2025-10-11 07:08:07,000 - CIFAR-100_Training - INFO -       BatchNorm2d-42          [-1, 128, 16, 16]             256
2025-10-11 07:08:07,003 - CIFAR-100_Training - INFO -              ReLU-43          [-1, 128, 16, 16]               0
2025-10-11 07:08:07,007 - CIFAR-100_Training - INFO -         Dropout2d-44          [-1, 128, 16, 16]               0
2025-10-11 07:08:07,007 - CIFAR-100_Training - INFO -        BasicBlock-45          [-1, 128, 16, 16]               0
2025-10-11 07:08:07,009 - CIFAR-100_Training - INFO -            Conv2d-46          [-1, 128, 16, 16]         147,456
2025-10-11 07:08:07,010 - CIFAR-100_Training - INFO -       BatchNorm2d-47          [-1, 128, 16, 16]             256
2025-10-11 07:08:07,017 - CIFAR-100_Training - INFO -              ReLU-48          [-1, 128, 16, 16]               0
2025-10-11 07:08:07,017 - CIFAR-100_Training - INFO -            Conv2d-49          [-1, 128, 16, 16]         147,456
2025-10-11 07:08:07,021 - CIFAR-100_Training - INFO -       BatchNorm2d-50          [-1, 128, 16, 16]             256
2025-10-11 07:08:07,023 - CIFAR-100_Training - INFO -              ReLU-51          [-1, 128, 16, 16]               0
2025-10-11 07:08:07,024 - CIFAR-100_Training - INFO -         Dropout2d-52          [-1, 128, 16, 16]               0
2025-10-11 07:08:07,026 - CIFAR-100_Training - INFO -        BasicBlock-53          [-1, 128, 16, 16]               0
2025-10-11 07:08:07,131 - CIFAR-100_Training - INFO -            Conv2d-54          [-1, 128, 16, 16]         147,456
2025-10-11 07:08:07,131 - CIFAR-100_Training - INFO -       BatchNorm2d-55          [-1, 128, 16, 16]             256
2025-10-11 07:08:07,132 - CIFAR-100_Training - INFO -              ReLU-56          [-1, 128, 16, 16]               0
2025-10-11 07:08:07,135 - CIFAR-100_Training - INFO -            Conv2d-57          [-1, 128, 16, 16]         147,456
2025-10-11 07:08:07,135 - CIFAR-100_Training - INFO -       BatchNorm2d-58          [-1, 128, 16, 16]             256
2025-10-11 07:08:07,139 - CIFAR-100_Training - INFO -              ReLU-59          [-1, 128, 16, 16]               0
2025-10-11 07:08:07,139 - CIFAR-100_Training - INFO -         Dropout2d-60          [-1, 128, 16, 16]               0
2025-10-11 07:08:07,147 - CIFAR-100_Training - INFO -        BasicBlock-61          [-1, 128, 16, 16]               0
2025-10-11 07:08:07,149 - CIFAR-100_Training - INFO -            Conv2d-62            [-1, 256, 8, 8]         294,912
2025-10-11 07:08:07,149 - CIFAR-100_Training - INFO -       BatchNorm2d-63            [-1, 256, 8, 8]             512
2025-10-11 07:08:07,150 - CIFAR-100_Training - INFO -              ReLU-64            [-1, 256, 8, 8]               0
2025-10-11 07:08:07,157 - CIFAR-100_Training - INFO -            Conv2d-65            [-1, 256, 8, 8]         589,824
2025-10-11 07:08:07,157 - CIFAR-100_Training - INFO -       BatchNorm2d-66            [-1, 256, 8, 8]             512
2025-10-11 07:08:07,159 - CIFAR-100_Training - INFO -            Conv2d-67            [-1, 256, 8, 8]          32,768
2025-10-11 07:08:07,159 - CIFAR-100_Training - INFO -       BatchNorm2d-68            [-1, 256, 8, 8]             512
2025-10-11 07:08:07,159 - CIFAR-100_Training - INFO -              ReLU-69            [-1, 256, 8, 8]               0
2025-10-11 07:08:07,161 - CIFAR-100_Training - INFO -         Dropout2d-70            [-1, 256, 8, 8]               0
2025-10-11 07:08:07,162 - CIFAR-100_Training - INFO -        BasicBlock-71            [-1, 256, 8, 8]               0
2025-10-11 07:08:07,162 - CIFAR-100_Training - INFO -            Conv2d-72            [-1, 256, 8, 8]         589,824
2025-10-11 07:08:07,167 - CIFAR-100_Training - INFO -       BatchNorm2d-73            [-1, 256, 8, 8]             512
2025-10-11 07:08:07,171 - CIFAR-100_Training - INFO -              ReLU-74            [-1, 256, 8, 8]               0
2025-10-11 07:08:07,173 - CIFAR-100_Training - INFO -            Conv2d-75            [-1, 256, 8, 8]         589,824
2025-10-11 07:08:07,176 - CIFAR-100_Training - INFO -       BatchNorm2d-76            [-1, 256, 8, 8]             512
2025-10-11 07:08:07,177 - CIFAR-100_Training - INFO -              ReLU-77            [-1, 256, 8, 8]               0
2025-10-11 07:08:07,180 - CIFAR-100_Training - INFO -         Dropout2d-78            [-1, 256, 8, 8]               0
2025-10-11 07:08:07,181 - CIFAR-100_Training - INFO -        BasicBlock-79            [-1, 256, 8, 8]               0
2025-10-11 07:08:07,182 - CIFAR-100_Training - INFO -            Conv2d-80            [-1, 256, 8, 8]         589,824
2025-10-11 07:08:07,185 - CIFAR-100_Training - INFO -       BatchNorm2d-81            [-1, 256, 8, 8]             512
2025-10-11 07:08:07,187 - CIFAR-100_Training - INFO -              ReLU-82            [-1, 256, 8, 8]               0
2025-10-11 07:08:07,187 - CIFAR-100_Training - INFO -            Conv2d-83            [-1, 256, 8, 8]         589,824
2025-10-11 07:08:07,187 - CIFAR-100_Training - INFO -       BatchNorm2d-84            [-1, 256, 8, 8]             512
2025-10-11 07:08:07,188 - CIFAR-100_Training - INFO -              ReLU-85            [-1, 256, 8, 8]               0
2025-10-11 07:08:07,188 - CIFAR-100_Training - INFO -         Dropout2d-86            [-1, 256, 8, 8]               0
2025-10-11 07:08:07,188 - CIFAR-100_Training - INFO -        BasicBlock-87            [-1, 256, 8, 8]               0
2025-10-11 07:08:07,188 - CIFAR-100_Training - INFO -            Conv2d-88            [-1, 256, 8, 8]         589,824
2025-10-11 07:08:07,191 - CIFAR-100_Training - INFO -       BatchNorm2d-89            [-1, 256, 8, 8]             512
2025-10-11 07:08:07,192 - CIFAR-100_Training - INFO -              ReLU-90            [-1, 256, 8, 8]               0
2025-10-11 07:08:07,192 - CIFAR-100_Training - INFO -            Conv2d-91            [-1, 256, 8, 8]         589,824
2025-10-11 07:08:07,193 - CIFAR-100_Training - INFO -       BatchNorm2d-92            [-1, 256, 8, 8]             512
2025-10-11 07:08:07,195 - CIFAR-100_Training - INFO -              ReLU-93            [-1, 256, 8, 8]               0
2025-10-11 07:08:07,196 - CIFAR-100_Training - INFO -         Dropout2d-94            [-1, 256, 8, 8]               0
2025-10-11 07:08:07,206 - CIFAR-100_Training - INFO -        BasicBlock-95            [-1, 256, 8, 8]               0
2025-10-11 07:08:07,208 - CIFAR-100_Training - INFO -            Conv2d-96            [-1, 256, 8, 8]         589,824
2025-10-11 07:08:07,208 - CIFAR-100_Training - INFO -       BatchNorm2d-97            [-1, 256, 8, 8]             512
2025-10-11 07:08:07,208 - CIFAR-100_Training - INFO -              ReLU-98            [-1, 256, 8, 8]               0
2025-10-11 07:08:07,212 - CIFAR-100_Training - INFO -            Conv2d-99            [-1, 256, 8, 8]         589,824
2025-10-11 07:08:07,213 - CIFAR-100_Training - INFO -      BatchNorm2d-100            [-1, 256, 8, 8]             512
2025-10-11 07:08:07,213 - CIFAR-100_Training - INFO -             ReLU-101            [-1, 256, 8, 8]               0
2025-10-11 07:08:07,213 - CIFAR-100_Training - INFO -        Dropout2d-102            [-1, 256, 8, 8]               0
2025-10-11 07:08:07,214 - CIFAR-100_Training - INFO -       BasicBlock-103            [-1, 256, 8, 8]               0
2025-10-11 07:08:07,214 - CIFAR-100_Training - INFO -           Conv2d-104            [-1, 256, 8, 8]         589,824
2025-10-11 07:08:07,214 - CIFAR-100_Training - INFO -      BatchNorm2d-105            [-1, 256, 8, 8]             512
2025-10-11 07:08:07,215 - CIFAR-100_Training - INFO -             ReLU-106            [-1, 256, 8, 8]               0
2025-10-11 07:08:07,215 - CIFAR-100_Training - INFO -           Conv2d-107            [-1, 256, 8, 8]         589,824
2025-10-11 07:08:07,215 - CIFAR-100_Training - INFO -      BatchNorm2d-108            [-1, 256, 8, 8]             512
2025-10-11 07:08:07,215 - CIFAR-100_Training - INFO -             ReLU-109            [-1, 256, 8, 8]               0
2025-10-11 07:08:07,216 - CIFAR-100_Training - INFO -        Dropout2d-110            [-1, 256, 8, 8]               0
2025-10-11 07:08:07,216 - CIFAR-100_Training - INFO -       BasicBlock-111            [-1, 256, 8, 8]               0
2025-10-11 07:08:07,216 - CIFAR-100_Training - INFO -           Conv2d-112            [-1, 512, 4, 4]       1,179,648
2025-10-11 07:08:07,216 - CIFAR-100_Training - INFO -      BatchNorm2d-113            [-1, 512, 4, 4]           1,024
2025-10-11 07:08:07,217 - CIFAR-100_Training - INFO -             ReLU-114            [-1, 512, 4, 4]               0
2025-10-11 07:08:07,217 - CIFAR-100_Training - INFO -           Conv2d-115            [-1, 512, 4, 4]       2,359,296
2025-10-11 07:08:07,217 - CIFAR-100_Training - INFO -      BatchNorm2d-116            [-1, 512, 4, 4]           1,024
2025-10-11 07:08:07,218 - CIFAR-100_Training - INFO -           Conv2d-117            [-1, 512, 4, 4]         131,072
2025-10-11 07:08:07,218 - CIFAR-100_Training - INFO -      BatchNorm2d-118            [-1, 512, 4, 4]           1,024
2025-10-11 07:08:07,218 - CIFAR-100_Training - INFO -             ReLU-119            [-1, 512, 4, 4]               0
2025-10-11 07:08:07,220 - CIFAR-100_Training - INFO -        Dropout2d-120            [-1, 512, 4, 4]               0
2025-10-11 07:08:07,333 - CIFAR-100_Training - INFO -       BasicBlock-121            [-1, 512, 4, 4]               0
2025-10-11 07:08:07,337 - CIFAR-100_Training - INFO -           Conv2d-122            [-1, 512, 4, 4]       2,359,296
2025-10-11 07:08:07,414 - CIFAR-100_Training - INFO -      BatchNorm2d-123            [-1, 512, 4, 4]           1,024
2025-10-11 07:08:07,421 - CIFAR-100_Training - INFO -             ReLU-124            [-1, 512, 4, 4]               0
2025-10-11 07:08:07,429 - CIFAR-100_Training - INFO -           Conv2d-125            [-1, 512, 4, 4]       2,359,296
2025-10-11 07:08:07,433 - CIFAR-100_Training - INFO -      BatchNorm2d-126            [-1, 512, 4, 4]           1,024
2025-10-11 07:08:07,438 - CIFAR-100_Training - INFO -             ReLU-127            [-1, 512, 4, 4]               0
2025-10-11 07:08:07,547 - CIFAR-100_Training - INFO -        Dropout2d-128            [-1, 512, 4, 4]               0
2025-10-11 07:08:07,549 - CIFAR-100_Training - INFO -       BasicBlock-129            [-1, 512, 4, 4]               0
2025-10-11 07:08:07,554 - CIFAR-100_Training - INFO -           Conv2d-130            [-1, 512, 4, 4]       2,359,296
2025-10-11 07:08:07,555 - CIFAR-100_Training - INFO -      BatchNorm2d-131            [-1, 512, 4, 4]           1,024
2025-10-11 07:08:07,556 - CIFAR-100_Training - INFO -             ReLU-132            [-1, 512, 4, 4]               0
2025-10-11 07:08:07,557 - CIFAR-100_Training - INFO -           Conv2d-133            [-1, 512, 4, 4]       2,359,296
2025-10-11 07:08:07,558 - CIFAR-100_Training - INFO -      BatchNorm2d-134            [-1, 512, 4, 4]           1,024
2025-10-11 07:08:07,559 - CIFAR-100_Training - INFO -             ReLU-135            [-1, 512, 4, 4]               0
2025-10-11 07:08:07,560 - CIFAR-100_Training - INFO -        Dropout2d-136            [-1, 512, 4, 4]               0
2025-10-11 07:08:07,562 - CIFAR-100_Training - INFO -       BasicBlock-137            [-1, 512, 4, 4]               0
2025-10-11 07:08:07,562 - CIFAR-100_Training - INFO - AdaptiveAvgPool2d-138            [-1, 512, 1, 1]               0
2025-10-11 07:08:07,564 - CIFAR-100_Training - INFO -          Dropout-139                  [-1, 512]               0
2025-10-11 07:08:07,566 - CIFAR-100_Training - INFO -           Linear-140                  [-1, 100]          51,300
2025-10-11 07:08:07,566 - CIFAR-100_Training - INFO - ================================================================
2025-10-11 07:08:07,567 - CIFAR-100_Training - INFO - Total params: 21,328,292
2025-10-11 07:08:07,567 - CIFAR-100_Training - INFO - Trainable params: 21,328,292
2025-10-11 07:08:07,592 - CIFAR-100_Training - INFO - Non-trainable params: 0
2025-10-11 07:08:07,595 - CIFAR-100_Training - INFO - ----------------------------------------------------------------
2025-10-11 07:08:07,604 - CIFAR-100_Training - INFO - Input size (MB): 0.01
2025-10-11 07:08:07,608 - CIFAR-100_Training - INFO - Forward/backward pass size (MB): 29.88
2025-10-11 07:08:07,608 - CIFAR-100_Training - INFO - Params size (MB): 81.36
2025-10-11 07:08:07,609 - CIFAR-100_Training - INFO - Estimated Total Size (MB): 111.26
2025-10-11 07:08:07,609 - CIFAR-100_Training - INFO - ----------------------------------------------------------------
2025-10-11 07:08:07,609 - CIFAR-100_Training - INFO - ==================================================
2025-10-11 07:08:07,609 - CIFAR-100_Training - INFO - Setting up trainer...
2025-10-11 07:08:07,651 - CIFAR-100_Training - INFO - Using device: cuda
2025-10-11 07:08:07,653 - CIFAR-100_Training - INFO - Early stopping: Stop if train_acc - test_acc > 15.0% for 10 epochs
2025-10-11 07:08:07,655 - CIFAR-100_Training - INFO - Starting training process...
2025-10-11 07:08:07,656 - CIFAR-100_Training - INFO - Starting training process...
2025-10-11 07:08:07,700 - CIFAR-100_Training - INFO - Using optimizer: SGD
2025-10-11 07:08:07,720 - CIFAR-100_Training - INFO - Using scheduler: OneCycleLR
2025-10-11 07:08:07,722 - CIFAR-100_Training - INFO - Optimizer Configuration:
2025-10-11 07:08:07,725 - CIFAR-100_Training - INFO -   - Learning Rate: 0.00251
2025-10-11 07:08:07,725 - CIFAR-100_Training - INFO -   - Momentum: 0.9
2025-10-11 07:08:07,727 - CIFAR-100_Training - INFO -   - Weight Decay: 0.0001
2025-10-11 07:08:07,728 - CIFAR-100_Training - INFO - Scheduler Configuration:
2025-10-11 07:08:07,729 - CIFAR-100_Training - INFO -   - Max LR: 0.0251
2025-10-11 07:08:07,729 - CIFAR-100_Training - INFO -   - Steps per Epoch: 391
2025-10-11 07:08:07,731 - CIFAR-100_Training - INFO -   - Pct Start: 0.1
2025-10-11 07:08:07,731 - CIFAR-100_Training - INFO -   - Div Factor: 25.0
2025-10-11 07:08:07,731 - CIFAR-100_Training - INFO -   - Final Div Factor: 10000.0
2025-10-11 07:08:07,733 - CIFAR-100_Training - INFO -   - Anneal Strategy: cos
2025-10-11 07:08:07,739 - CIFAR-100_Training - INFO - Starting Epoch 1/100
2025-10-11 07:10:52,141 - CIFAR-100_Training - INFO - Epoch  1: Train Loss: 4.6756, Train Acc: 1.58%, Test Loss: 4.6580, Test Acc: 1.16%, Acc Diff: 0.42%, LR: 0.001594
2025-10-11 07:10:52,141 - CIFAR-100_Training - INFO - Starting Epoch 2/100
2025-10-11 07:13:34,674 - CIFAR-100_Training - INFO - Epoch  2: Train Loss: 4.4784, Train Acc: 2.14%, Test Loss: 4.8200, Test Acc: 1.06%, Acc Diff: 1.08%, LR: 0.003306
2025-10-11 07:13:34,674 - CIFAR-100_Training - INFO - Starting Epoch 3/100
2025-10-11 07:16:14,132 - CIFAR-100_Training - INFO - Epoch  3: Train Loss: 4.3955, Train Acc: 2.65%, Test Loss: 5.4590, Test Acc: 1.59%, Acc Diff: 1.06%, LR: 0.005973
2025-10-11 07:16:14,132 - CIFAR-100_Training - INFO - Starting Epoch 4/100
2025-10-11 07:18:59,182 - CIFAR-100_Training - INFO - Epoch  4: Train Loss: 4.3073, Train Acc: 3.07%, Test Loss: 5.2695, Test Acc: 1.52%, Acc Diff: 1.55%, LR: 0.009333
2025-10-11 07:18:59,182 - CIFAR-100_Training - INFO - Starting Epoch 5/100
2025-10-11 07:21:41,018 - CIFAR-100_Training - INFO - Epoch  5: Train Loss: 4.2368, Train Acc: 3.81%, Test Loss: 4.6928, Test Acc: 2.69%, Acc Diff: 1.12%, LR: 0.013057
2025-10-11 07:21:41,029 - CIFAR-100_Training - INFO - Starting Epoch 6/100
2025-10-11 07:24:26,992 - CIFAR-100_Training - INFO - Epoch  6: Train Loss: 4.1225, Train Acc: 5.17%, Test Loss: 4.4364, Test Acc: 4.63%, Acc Diff: 0.54%, LR: 0.016781
2025-10-11 07:24:26,993 - CIFAR-100_Training - INFO - Starting Epoch 7/100
2025-10-11 07:27:10,337 - CIFAR-100_Training - INFO - Epoch  7: Train Loss: 4.0190, Train Acc: 6.75%, Test Loss: 4.3151, Test Acc: 5.02%, Acc Diff: 1.73%, LR: 0.020139
2025-10-11 07:27:10,338 - CIFAR-100_Training - INFO - Starting Epoch 8/100
2025-10-11 07:29:51,286 - CIFAR-100_Training - INFO - Epoch  8: Train Loss: 3.9201, Train Acc: 8.41%, Test Loss: 4.2239, Test Acc: 6.60%, Acc Diff: 1.81%, LR: 0.022804
2025-10-11 07:29:51,286 - CIFAR-100_Training - INFO - Starting Epoch 9/100
2025-10-11 07:32:32,680 - CIFAR-100_Training - INFO - Epoch  9: Train Loss: 3.8338, Train Acc: 9.77%, Test Loss: 4.0823, Test Acc: 7.88%, Acc Diff: 1.89%, LR: 0.024513
2025-10-11 07:32:32,680 - CIFAR-100_Training - INFO - Starting Epoch 10/100
2025-10-11 07:35:13,768 - CIFAR-100_Training - INFO - Epoch 10: Train Loss: 3.7467, Train Acc: 11.30%, Test Loss: 3.8180, Test Acc: 10.02%, Acc Diff: 1.28%, LR: 0.025100
2025-10-11 07:35:13,768 - CIFAR-100_Training - INFO - Starting Epoch 11/100
2025-10-11 07:37:47,774 - CIFAR-100_Training - INFO - Epoch 11: Train Loss: 3.6609, Train Acc: 12.84%, Test Loss: 3.7575, Test Acc: 12.80%, Acc Diff: 0.04%, LR: 0.025092
2025-10-11 07:37:47,774 - CIFAR-100_Training - INFO - Starting Epoch 12/100
2025-10-11 07:40:31,918 - CIFAR-100_Training - INFO - Epoch 12: Train Loss: 3.5793, Train Acc: 14.41%, Test Loss: 3.8560, Test Acc: 12.62%, Acc Diff: 1.79%, LR: 0.025069
2025-10-11 07:40:31,921 - CIFAR-100_Training - INFO - Starting Epoch 13/100
2025-10-11 07:43:11,747 - CIFAR-100_Training - INFO - Epoch 13: Train Loss: 3.5071, Train Acc: 15.61%, Test Loss: 3.6070, Test Acc: 14.92%, Acc Diff: 0.69%, LR: 0.025031
2025-10-11 07:43:11,747 - CIFAR-100_Training - INFO - Starting Epoch 14/100
2025-10-11 07:45:55,957 - CIFAR-100_Training - INFO - Epoch 14: Train Loss: 3.4353, Train Acc: 16.98%, Test Loss: 3.6191, Test Acc: 14.55%, Acc Diff: 2.43%, LR: 0.024978
2025-10-11 07:45:55,959 - CIFAR-100_Training - INFO - Starting Epoch 15/100
2025-10-11 07:48:36,224 - CIFAR-100_Training - INFO - Epoch 15: Train Loss: 3.3748, Train Acc: 18.01%, Test Loss: 3.3593, Test Acc: 19.97%, Acc Diff: -1.96%, LR: 0.024909
2025-10-11 07:48:36,224 - CIFAR-100_Training - INFO - Starting Epoch 16/100
2025-10-11 07:51:20,838 - CIFAR-100_Training - INFO - Epoch 16: Train Loss: 3.3153, Train Acc: 19.10%, Test Loss: 3.3046, Test Acc: 20.07%, Acc Diff: -0.97%, LR: 0.024826
2025-10-11 07:51:20,838 - CIFAR-100_Training - INFO - Starting Epoch 17/100
2025-10-11 07:54:04,306 - CIFAR-100_Training - INFO - Epoch 17: Train Loss: 3.2626, Train Acc: 20.03%, Test Loss: 3.3524, Test Acc: 19.83%, Acc Diff: 0.20%, LR: 0.024727
2025-10-11 07:54:04,306 - CIFAR-100_Training - INFO - Starting Epoch 18/100
2025-10-11 07:56:43,789 - CIFAR-100_Training - INFO - Epoch 18: Train Loss: 3.2089, Train Acc: 20.99%, Test Loss: 3.1238, Test Acc: 23.58%, Acc Diff: -2.59%, LR: 0.024614
2025-10-11 07:56:43,789 - CIFAR-100_Training - INFO - Starting Epoch 19/100
2025-10-11 07:59:27,264 - CIFAR-100_Training - INFO - Epoch 19: Train Loss: 3.1589, Train Acc: 22.03%, Test Loss: 3.1832, Test Acc: 22.59%, Acc Diff: -0.56%, LR: 0.024485
2025-10-11 07:59:27,268 - CIFAR-100_Training - INFO - Starting Epoch 20/100
2025-10-11 08:02:09,958 - CIFAR-100_Training - INFO - Epoch 20: Train Loss: 3.1042, Train Acc: 23.44%, Test Loss: 2.9976, Test Acc: 26.05%, Acc Diff: -2.61%, LR: 0.024343
2025-10-11 08:02:09,958 - CIFAR-100_Training - INFO - Starting Epoch 21/100
2025-10-11 08:04:56,081 - CIFAR-100_Training - INFO - Epoch 21: Train Loss: 3.0554, Train Acc: 24.14%, Test Loss: 3.0821, Test Acc: 24.97%, Acc Diff: -0.83%, LR: 0.024186
2025-10-11 08:04:56,081 - CIFAR-100_Training - INFO - Starting Epoch 22/100
2025-10-11 08:07:40,195 - CIFAR-100_Training - INFO - Epoch 22: Train Loss: 3.0027, Train Acc: 25.39%, Test Loss: 2.8854, Test Acc: 28.31%, Acc Diff: -2.92%, LR: 0.024015
2025-10-11 08:07:40,197 - CIFAR-100_Training - INFO - Starting Epoch 23/100
2025-10-11 08:10:26,079 - CIFAR-100_Training - INFO - Epoch 23: Train Loss: 2.9521, Train Acc: 25.92%, Test Loss: 2.8520, Test Acc: 28.89%, Acc Diff: -2.97%, LR: 0.023829
2025-10-11 08:10:26,082 - CIFAR-100_Training - INFO - Starting Epoch 24/100
2025-10-11 08:13:11,227 - CIFAR-100_Training - INFO - Epoch 24: Train Loss: 2.9002, Train Acc: 26.94%, Test Loss: 2.7197, Test Acc: 31.13%, Acc Diff: -4.19%, LR: 0.023630
2025-10-11 08:13:11,227 - CIFAR-100_Training - INFO - Starting Epoch 25/100
2025-10-11 08:15:56,058 - CIFAR-100_Training - INFO - Epoch 25: Train Loss: 2.8508, Train Acc: 28.27%, Test Loss: 2.7309, Test Acc: 31.32%, Acc Diff: -3.05%, LR: 0.023418
2025-10-11 08:15:56,060 - CIFAR-100_Training - INFO - Starting Epoch 26/100
2025-10-11 08:18:41,628 - CIFAR-100_Training - INFO - Epoch 26: Train Loss: 2.8042, Train Acc: 28.99%, Test Loss: 2.6787, Test Acc: 32.55%, Acc Diff: -3.56%, LR: 0.023192
2025-10-11 08:18:41,628 - CIFAR-100_Training - INFO - Starting Epoch 27/100
2025-10-11 08:21:23,860 - CIFAR-100_Training - INFO - Epoch 27: Train Loss: 2.7632, Train Acc: 30.05%, Test Loss: 2.6325, Test Acc: 33.17%, Acc Diff: -3.12%, LR: 0.022954
2025-10-11 08:21:23,860 - CIFAR-100_Training - INFO - Starting Epoch 28/100
2025-10-11 08:24:19,758 - CIFAR-100_Training - INFO - Epoch 28: Train Loss: 2.7109, Train Acc: 30.97%, Test Loss: 2.5771, Test Acc: 34.77%, Acc Diff: -3.80%, LR: 0.022703
2025-10-11 08:24:19,758 - CIFAR-100_Training - INFO - Starting Epoch 29/100
2025-10-11 08:27:06,700 - CIFAR-100_Training - INFO - Epoch 29: Train Loss: 2.6719, Train Acc: 31.67%, Test Loss: 2.5407, Test Acc: 35.24%, Acc Diff: -3.57%, LR: 0.022439
2025-10-11 08:27:06,700 - CIFAR-100_Training - INFO - Starting Epoch 30/100
2025-10-11 08:29:49,054 - CIFAR-100_Training - INFO - Epoch 30: Train Loss: 2.6241, Train Acc: 32.69%, Test Loss: 2.4841, Test Acc: 36.27%, Acc Diff: -3.58%, LR: 0.022163
2025-10-11 08:29:49,054 - CIFAR-100_Training - INFO - Starting Epoch 31/100
2025-10-11 08:32:32,735 - CIFAR-100_Training - INFO - Epoch 31: Train Loss: 2.5828, Train Acc: 33.77%, Test Loss: 2.4262, Test Acc: 37.92%, Acc Diff: -4.15%, LR: 0.021876
2025-10-11 08:32:32,736 - CIFAR-100_Training - INFO - Starting Epoch 32/100
2025-10-11 08:35:15,072 - CIFAR-100_Training - INFO - Epoch 32: Train Loss: 2.5314, Train Acc: 34.91%, Test Loss: 2.3771, Test Acc: 38.66%, Acc Diff: -3.75%, LR: 0.021577
2025-10-11 08:35:15,072 - CIFAR-100_Training - INFO - Starting Epoch 33/100
2025-10-11 08:37:57,217 - CIFAR-100_Training - INFO - Epoch 33: Train Loss: 2.4954, Train Acc: 35.51%, Test Loss: 2.3485, Test Acc: 39.29%, Acc Diff: -3.78%, LR: 0.021267
2025-10-11 08:37:57,217 - CIFAR-100_Training - INFO - Starting Epoch 34/100
2025-10-11 08:40:41,003 - CIFAR-100_Training - INFO - Epoch 34: Train Loss: 2.4512, Train Acc: 36.29%, Test Loss: 2.3399, Test Acc: 39.47%, Acc Diff: -3.18%, LR: 0.020947
2025-10-11 08:40:41,005 - CIFAR-100_Training - INFO - Starting Epoch 35/100
2025-10-11 08:43:23,643 - CIFAR-100_Training - INFO - Epoch 35: Train Loss: 2.4129, Train Acc: 37.09%, Test Loss: 2.3355, Test Acc: 39.81%, Acc Diff: -2.72%, LR: 0.020616
2025-10-11 08:43:23,643 - CIFAR-100_Training - INFO - Starting Epoch 36/100
2025-10-11 08:46:04,986 - CIFAR-100_Training - INFO - Epoch 36: Train Loss: 2.3724, Train Acc: 38.14%, Test Loss: 2.2416, Test Acc: 41.72%, Acc Diff: -3.58%, LR: 0.020276
2025-10-11 08:46:04,987 - CIFAR-100_Training - INFO - Starting Epoch 37/100
2025-10-11 08:48:48,551 - CIFAR-100_Training - INFO - Epoch 37: Train Loss: 2.3240, Train Acc: 39.27%, Test Loss: 2.2174, Test Acc: 42.45%, Acc Diff: -3.18%, LR: 0.019926
2025-10-11 08:48:48,551 - CIFAR-100_Training - INFO - Starting Epoch 38/100
2025-10-11 08:51:31,377 - CIFAR-100_Training - INFO - Epoch 38: Train Loss: 2.2957, Train Acc: 39.94%, Test Loss: 2.1930, Test Acc: 42.72%, Acc Diff: -2.78%, LR: 0.019567
2025-10-11 08:51:31,378 - CIFAR-100_Training - INFO - Starting Epoch 39/100
2025-10-11 08:54:14,579 - CIFAR-100_Training - INFO - Epoch 39: Train Loss: 2.2508, Train Acc: 40.40%, Test Loss: 2.1575, Test Acc: 43.51%, Acc Diff: -3.11%, LR: 0.019200
2025-10-11 08:54:14,579 - CIFAR-100_Training - INFO - Starting Epoch 40/100
2025-10-11 08:56:59,728 - CIFAR-100_Training - INFO - Epoch 40: Train Loss: 2.2224, Train Acc: 41.30%, Test Loss: 2.1015, Test Acc: 44.31%, Acc Diff: -3.01%, LR: 0.018824
2025-10-11 08:56:59,728 - CIFAR-100_Training - INFO - Starting Epoch 41/100
2025-10-11 08:59:42,998 - CIFAR-100_Training - INFO - Epoch 41: Train Loss: 2.1838, Train Acc: 41.98%, Test Loss: 2.0785, Test Acc: 45.89%, Acc Diff: -3.91%, LR: 0.018441
2025-10-11 08:59:43,000 - CIFAR-100_Training - INFO - Starting Epoch 42/100
2025-10-11 09:02:26,344 - CIFAR-100_Training - INFO - Epoch 42: Train Loss: 2.1428, Train Acc: 43.04%, Test Loss: 2.0837, Test Acc: 45.14%, Acc Diff: -2.10%, LR: 0.018051
2025-10-11 09:02:26,345 - CIFAR-100_Training - INFO - Starting Epoch 43/100
2025-10-11 09:05:09,386 - CIFAR-100_Training - INFO - Epoch 43: Train Loss: 2.1033, Train Acc: 43.79%, Test Loss: 2.0684, Test Acc: 45.53%, Acc Diff: -1.74%, LR: 0.017654
2025-10-11 09:05:09,387 - CIFAR-100_Training - INFO - Starting Epoch 44/100
2025-10-11 09:07:54,084 - CIFAR-100_Training - INFO - Epoch 44: Train Loss: 2.0697, Train Acc: 44.77%, Test Loss: 2.0024, Test Acc: 47.29%, Acc Diff: -2.52%, LR: 0.017250
2025-10-11 09:07:54,086 - CIFAR-100_Training - INFO - Starting Epoch 45/100
2025-10-11 09:10:36,151 - CIFAR-100_Training - INFO - Epoch 45: Train Loss: 2.0358, Train Acc: 45.71%, Test Loss: 1.9814, Test Acc: 47.33%, Acc Diff: -1.62%, LR: 0.016841
2025-10-11 09:10:36,151 - CIFAR-100_Training - INFO - Starting Epoch 46/100
2025-10-11 09:13:19,432 - CIFAR-100_Training - INFO - Epoch 46: Train Loss: 2.0013, Train Acc: 46.38%, Test Loss: 1.9565, Test Acc: 48.06%, Acc Diff: -1.68%, LR: 0.016427
2025-10-11 09:13:19,432 - CIFAR-100_Training - INFO - Starting Epoch 47/100
2025-10-11 09:16:02,996 - CIFAR-100_Training - INFO - Epoch 47: Train Loss: 1.9715, Train Acc: 46.98%, Test Loss: 1.9414, Test Acc: 48.61%, Acc Diff: -1.63%, LR: 0.016008
2025-10-11 09:16:02,996 - CIFAR-100_Training - INFO - Starting Epoch 48/100
2025-10-11 09:18:45,035 - CIFAR-100_Training - INFO - Epoch 48: Train Loss: 1.9303, Train Acc: 47.78%, Test Loss: 1.9423, Test Acc: 48.64%, Acc Diff: -0.86%, LR: 0.015585
2025-10-11 09:18:45,036 - CIFAR-100_Training - INFO - Starting Epoch 49/100
2025-10-11 09:21:27,023 - CIFAR-100_Training - INFO - Epoch 49: Train Loss: 1.9033, Train Acc: 48.41%, Test Loss: 1.9284, Test Acc: 48.60%, Acc Diff: -0.19%, LR: 0.015158
2025-10-11 09:21:27,023 - CIFAR-100_Training - INFO - Starting Epoch 50/100
2025-10-11 09:24:10,048 - CIFAR-100_Training - INFO - Epoch 50: Train Loss: 1.8780, Train Acc: 49.03%, Test Loss: 1.9294, Test Acc: 49.27%, Acc Diff: -0.24%, LR: 0.014728
2025-10-11 09:24:10,048 - CIFAR-100_Training - INFO - Starting Epoch 51/100
2025-10-11 09:26:54,132 - CIFAR-100_Training - INFO - Epoch 51: Train Loss: 1.8403, Train Acc: 49.97%, Test Loss: 1.9194, Test Acc: 48.76%, Acc Diff: 1.21%, LR: 0.014296
2025-10-11 09:26:54,136 - CIFAR-100_Training - INFO - Starting Epoch 52/100
2025-10-11 09:29:39,448 - CIFAR-100_Training - INFO - Epoch 52: Train Loss: 1.8190, Train Acc: 50.54%, Test Loss: 1.8897, Test Acc: 50.30%, Acc Diff: 0.24%, LR: 0.013861
2025-10-11 09:29:39,451 - CIFAR-100_Training - INFO - Starting Epoch 53/100
2025-10-11 09:32:25,205 - CIFAR-100_Training - INFO - Epoch 53: Train Loss: 1.7838, Train Acc: 51.42%, Test Loss: 1.8532, Test Acc: 50.99%, Acc Diff: 0.43%, LR: 0.013424
2025-10-11 09:32:25,207 - CIFAR-100_Training - INFO - Starting Epoch 54/100
2025-10-11 09:35:08,791 - CIFAR-100_Training - INFO - Epoch 54: Train Loss: 1.7530, Train Acc: 51.82%, Test Loss: 1.8166, Test Acc: 51.30%, Acc Diff: 0.52%, LR: 0.012987
2025-10-11 09:35:08,793 - CIFAR-100_Training - INFO - Starting Epoch 55/100
2025-10-11 09:37:50,095 - CIFAR-100_Training - INFO - Epoch 55: Train Loss: 1.7123, Train Acc: 52.91%, Test Loss: 1.8167, Test Acc: 51.56%, Acc Diff: 1.35%, LR: 0.012549
2025-10-11 09:37:50,095 - CIFAR-100_Training - INFO - Starting Epoch 56/100
2025-10-11 09:40:30,676 - CIFAR-100_Training - INFO - Epoch 56: Train Loss: 1.6978, Train Acc: 53.32%, Test Loss: 1.8284, Test Acc: 51.74%, Acc Diff: 1.58%, LR: 0.012111
2025-10-11 09:40:30,676 - CIFAR-100_Training - INFO - Starting Epoch 57/100
2025-10-11 09:43:16,049 - CIFAR-100_Training - INFO - Epoch 57: Train Loss: 1.6613, Train Acc: 54.10%, Test Loss: 1.7659, Test Acc: 52.98%, Acc Diff: 1.12%, LR: 0.011673
2025-10-11 09:43:16,051 - CIFAR-100_Training - INFO - Starting Epoch 58/100
2025-10-11 09:46:00,068 - CIFAR-100_Training - INFO - Epoch 58: Train Loss: 1.6303, Train Acc: 54.99%, Test Loss: 1.8245, Test Acc: 51.62%, Acc Diff: 3.37%, LR: 0.011237
2025-10-11 09:46:00,069 - CIFAR-100_Training - INFO - Starting Epoch 59/100
2025-10-11 09:48:42,836 - CIFAR-100_Training - INFO - Epoch 59: Train Loss: 1.6080, Train Acc: 55.41%, Test Loss: 1.8256, Test Acc: 51.92%, Acc Diff: 3.49%, LR: 0.010802
2025-10-11 09:48:42,836 - CIFAR-100_Training - INFO - Starting Epoch 60/100
2025-10-11 09:51:27,634 - CIFAR-100_Training - INFO - Epoch 60: Train Loss: 1.5727, Train Acc: 56.09%, Test Loss: 1.7755, Test Acc: 53.39%, Acc Diff: 2.70%, LR: 0.010370
2025-10-11 09:51:27,638 - CIFAR-100_Training - INFO - Starting Epoch 61/100
2025-10-11 09:54:12,098 - CIFAR-100_Training - INFO - Epoch 61: Train Loss: 1.5478, Train Acc: 56.69%, Test Loss: 1.7557, Test Acc: 54.04%, Acc Diff: 2.65%, LR: 0.009940
2025-10-11 09:54:12,098 - CIFAR-100_Training - INFO - Starting Epoch 62/100
2025-10-11 09:56:52,600 - CIFAR-100_Training - INFO - Epoch 62: Train Loss: 1.5228, Train Acc: 57.40%, Test Loss: 1.7473, Test Acc: 53.74%, Acc Diff: 3.66%, LR: 0.009513
2025-10-11 09:56:52,600 - CIFAR-100_Training - INFO - Starting Epoch 63/100
2025-10-11 09:59:34,492 - CIFAR-100_Training - INFO - Epoch 63: Train Loss: 1.4876, Train Acc: 58.62%, Test Loss: 1.7426, Test Acc: 54.16%, Acc Diff: 4.46%, LR: 0.009090
2025-10-11 09:59:34,495 - CIFAR-100_Training - INFO - Starting Epoch 64/100
2025-10-11 10:02:12,212 - CIFAR-100_Training - INFO - Epoch 64: Train Loss: 1.4641, Train Acc: 58.85%, Test Loss: 1.7678, Test Acc: 53.55%, Acc Diff: 5.30%, LR: 0.008671
2025-10-11 10:02:12,212 - CIFAR-100_Training - INFO - Starting Epoch 65/100
2025-10-11 10:04:50,305 - CIFAR-100_Training - INFO - Epoch 65: Train Loss: 1.4273, Train Acc: 59.50%, Test Loss: 1.7465, Test Acc: 54.11%, Acc Diff: 5.39%, LR: 0.008257
2025-10-11 10:04:50,306 - CIFAR-100_Training - INFO - Starting Epoch 66/100
2025-10-11 10:07:28,200 - CIFAR-100_Training - INFO - Epoch 66: Train Loss: 1.4005, Train Acc: 60.36%, Test Loss: 1.7789, Test Acc: 54.29%, Acc Diff: 6.07%, LR: 0.007848
2025-10-11 10:07:28,200 - CIFAR-100_Training - INFO - Starting Epoch 67/100
2025-10-11 10:10:07,388 - CIFAR-100_Training - INFO - Epoch 67: Train Loss: 1.3778, Train Acc: 61.02%, Test Loss: 1.7356, Test Acc: 55.06%, Acc Diff: 5.96%, LR: 0.007445
2025-10-11 10:10:07,388 - CIFAR-100_Training - INFO - Starting Epoch 68/100
2025-10-11 10:12:50,039 - CIFAR-100_Training - INFO - Epoch 68: Train Loss: 1.3465, Train Acc: 61.85%, Test Loss: 1.7444, Test Acc: 54.99%, Acc Diff: 6.86%, LR: 0.007048
2025-10-11 10:12:50,041 - CIFAR-100_Training - INFO - Starting Epoch 69/100
2025-10-11 10:15:29,905 - CIFAR-100_Training - INFO - Epoch 69: Train Loss: 1.3298, Train Acc: 62.34%, Test Loss: 1.7298, Test Acc: 55.17%, Acc Diff: 7.17%, LR: 0.006657
2025-10-11 10:15:29,906 - CIFAR-100_Training - INFO - Starting Epoch 70/100
2025-10-11 10:18:09,213 - CIFAR-100_Training - INFO - Epoch 70: Train Loss: 1.2875, Train Acc: 63.40%, Test Loss: 1.7067, Test Acc: 55.74%, Acc Diff: 7.66%, LR: 0.006274
2025-10-11 10:18:09,214 - CIFAR-100_Training - INFO - Starting Epoch 71/100
2025-10-11 10:20:49,395 - CIFAR-100_Training - INFO - Epoch 71: Train Loss: 1.2692, Train Acc: 63.71%, Test Loss: 1.7332, Test Acc: 55.13%, Acc Diff: 8.58%, LR: 0.005899
2025-10-11 10:20:49,396 - CIFAR-100_Training - INFO - Starting Epoch 72/100
2025-10-11 10:23:34,840 - CIFAR-100_Training - INFO - Epoch 72: Train Loss: 1.2365, Train Acc: 64.47%, Test Loss: 1.7073, Test Acc: 56.27%, Acc Diff: 8.20%, LR: 0.005531
2025-10-11 10:23:34,840 - CIFAR-100_Training - INFO - Starting Epoch 73/100
2025-10-11 10:26:09,684 - CIFAR-100_Training - INFO - Epoch 73: Train Loss: 1.2083, Train Acc: 65.15%, Test Loss: 1.6920, Test Acc: 56.64%, Acc Diff: 8.51%, LR: 0.005172
2025-10-11 10:26:09,685 - CIFAR-100_Training - INFO - Starting Epoch 74/100
2025-10-11 10:28:45,034 - CIFAR-100_Training - INFO - Epoch 74: Train Loss: 1.1849, Train Acc: 66.08%, Test Loss: 1.6949, Test Acc: 56.39%, Acc Diff: 9.69%, LR: 0.004823
2025-10-11 10:28:45,034 - CIFAR-100_Training - INFO - Starting Epoch 75/100
2025-10-11 10:31:21,389 - CIFAR-100_Training - INFO - Epoch 75: Train Loss: 1.1499, Train Acc: 66.75%, Test Loss: 1.7168, Test Acc: 55.82%, Acc Diff: 10.93%, LR: 0.004482
2025-10-11 10:31:21,389 - CIFAR-100_Training - INFO - Starting Epoch 76/100
2025-10-11 10:33:57,053 - CIFAR-100_Training - INFO - Epoch 76: Train Loss: 1.1314, Train Acc: 67.24%, Test Loss: 1.7235, Test Acc: 56.36%, Acc Diff: 10.88%, LR: 0.004152
2025-10-11 10:33:57,053 - CIFAR-100_Training - INFO - Starting Epoch 77/100
2025-10-11 10:36:31,887 - CIFAR-100_Training - INFO - Epoch 77: Train Loss: 1.1022, Train Acc: 68.22%, Test Loss: 1.7086, Test Acc: 56.49%, Acc Diff: 11.73%, LR: 0.003831
2025-10-11 10:36:31,888 - CIFAR-100_Training - INFO - Starting Epoch 78/100
2025-10-11 10:39:06,954 - CIFAR-100_Training - INFO - Epoch 78: Train Loss: 1.0750, Train Acc: 68.84%, Test Loss: 1.7006, Test Acc: 56.84%, Acc Diff: 12.00%, LR: 0.003522
2025-10-11 10:39:06,954 - CIFAR-100_Training - INFO - Starting Epoch 79/100
2025-10-11 10:41:40,310 - CIFAR-100_Training - INFO - Epoch 79: Train Loss: 1.0423, Train Acc: 69.81%, Test Loss: 1.7046, Test Acc: 56.89%, Acc Diff: 12.92%, LR: 0.003223
2025-10-11 10:41:40,310 - CIFAR-100_Training - INFO - Starting Epoch 80/100
2025-10-11 10:44:14,056 - CIFAR-100_Training - INFO - Epoch 80: Train Loss: 1.0187, Train Acc: 70.36%, Test Loss: 1.6895, Test Acc: 57.20%, Acc Diff: 13.16%, LR: 0.002936
2025-10-11 10:44:14,056 - CIFAR-100_Training - INFO - Starting Epoch 81/100
2025-10-11 10:46:48,611 - CIFAR-100_Training - INFO - Epoch 81: Train Loss: 0.9977, Train Acc: 70.80%, Test Loss: 1.7135, Test Acc: 56.92%, Acc Diff: 13.88%, LR: 0.002660
2025-10-11 10:46:48,611 - CIFAR-100_Training - INFO - Starting Epoch 82/100
2025-10-11 10:49:22,535 - CIFAR-100_Training - INFO - Epoch 82: Train Loss: 0.9667, Train Acc: 71.89%, Test Loss: 1.6984, Test Acc: 57.28%, Acc Diff: 14.61%, LR: 0.002396
2025-10-11 10:49:22,535 - CIFAR-100_Training - INFO - Starting Epoch 83/100
2025-10-11 10:51:55,082 - CIFAR-100_Training - INFO - Epoch 83: Train Loss: 0.9436, Train Acc: 72.46%, Test Loss: 1.7317, Test Acc: 57.09%, Acc Diff: 15.37%, LR: 0.002145 (OVERFITTING: 1 epochs)
2025-10-11 10:51:55,082 - CIFAR-100_Training - INFO - Starting Epoch 84/100
2025-10-11 10:54:28,063 - CIFAR-100_Training - INFO - Epoch 84: Train Loss: 0.9212, Train Acc: 73.15%, Test Loss: 1.7003, Test Acc: 57.79%, Acc Diff: 15.36%, LR: 0.001906 (OVERFITTING: 2 epochs)
2025-10-11 10:54:28,063 - CIFAR-100_Training - INFO - Starting Epoch 85/100
2025-10-11 10:57:01,041 - CIFAR-100_Training - INFO - Epoch 85: Train Loss: 0.9064, Train Acc: 73.75%, Test Loss: 1.6966, Test Acc: 58.49%, Acc Diff: 15.26%, LR: 0.001681 (OVERFITTING: 3 epochs)
2025-10-11 10:57:01,041 - CIFAR-100_Training - INFO - Starting Epoch 86/100
2025-10-11 10:59:34,769 - CIFAR-100_Training - INFO - Epoch 86: Train Loss: 0.8820, Train Acc: 74.18%, Test Loss: 1.7049, Test Acc: 57.74%, Acc Diff: 16.44%, LR: 0.001469 (OVERFITTING: 4 epochs)
2025-10-11 10:59:34,769 - CIFAR-100_Training - INFO - Starting Epoch 87/100
2025-10-11 11:02:07,944 - CIFAR-100_Training - INFO - Epoch 87: Train Loss: 0.8569, Train Acc: 74.96%, Test Loss: 1.6953, Test Acc: 57.97%, Acc Diff: 16.99%, LR: 0.001270 (OVERFITTING: 5 epochs)
2025-10-11 11:02:07,944 - CIFAR-100_Training - INFO - Starting Epoch 88/100
2025-10-11 11:04:42,484 - CIFAR-100_Training - INFO - Epoch 88: Train Loss: 0.8408, Train Acc: 75.38%, Test Loss: 1.7051, Test Acc: 57.82%, Acc Diff: 17.56%, LR: 0.001085 (OVERFITTING: 6 epochs)
2025-10-11 11:04:42,484 - CIFAR-100_Training - INFO - Starting Epoch 89/100
2025-10-11 11:07:22,240 - CIFAR-100_Training - INFO - Epoch 89: Train Loss: 0.8224, Train Acc: 75.96%, Test Loss: 1.7083, Test Acc: 58.25%, Acc Diff: 17.71%, LR: 0.000914 (OVERFITTING: 7 epochs)
2025-10-11 11:07:22,240 - CIFAR-100_Training - INFO - Starting Epoch 90/100
