2025-10-11 22:48:55,588 - CIFAR-100_Training - INFO - Logger initialized. Log file: C:\Users\krish\Documents\Krishnakanth\Learnings\Learnings\MNIST_Model\Reference\ERAS8\Model_Evolution\FineTune\logs\20251011_224855_cifar100_training.log
2025-10-11 22:48:55,588 - CIFAR-100_Training - INFO - Updated Configuration (from main()):
2025-10-11 22:48:55,588 - CIFAR-100_Training - INFO -   - Epochs: 50
2025-10-11 22:48:55,588 - CIFAR-100_Training - INFO -   - Learning Rate: 0.001
2025-10-11 22:48:55,588 - CIFAR-100_Training - INFO -   - Optimizer: Adam
2025-10-11 22:48:55,588 - CIFAR-100_Training - INFO -   - Weight Decay: 0.0001
2025-10-11 22:48:55,588 - CIFAR-100_Training - INFO -   - Adam Betas: (0.9, 0.999)
2025-10-11 22:48:55,588 - CIFAR-100_Training - INFO -   - Adam Eps: 1e-08
2025-10-11 22:48:55,588 - CIFAR-100_Training - INFO -   - Scheduler: OneCycleLR
2025-10-11 22:48:55,588 - CIFAR-100_Training - INFO -   - Max LR: 0.003
2025-10-11 22:48:55,588 - CIFAR-100_Training - INFO -   - Pct Start: 0.3
2025-10-11 22:48:55,588 - CIFAR-100_Training - INFO -   - Div Factor: 5
2025-10-11 22:48:55,588 - CIFAR-100_Training - INFO -   - Final Div Factor: 1000.0
2025-10-11 22:48:55,588 - CIFAR-100_Training - INFO -   - Anneal Strategy: cos
2025-10-11 22:48:55,588 - CIFAR-100_Training - INFO -   - Batch Size: 128
2025-10-11 22:48:55,588 - CIFAR-100_Training - INFO -   - Num Workers: 4
2025-10-11 22:48:55,588 - CIFAR-100_Training - INFO -   - Pin Memory: True
2025-10-11 22:48:55,588 - CIFAR-100_Training - INFO -   - Shuffle: True
2025-10-11 22:48:55,588 - CIFAR-100_Training - INFO -   - Dropout Rate: 0.0
2025-10-11 22:48:55,588 - CIFAR-100_Training - INFO -   - Device: CUDA
2025-10-11 22:48:55,588 - CIFAR-100_Training - INFO -   - Log Directory: C:\Users\krish\Documents\Krishnakanth\Learnings\Learnings\MNIST_Model\Reference\ERAS8\Model_Evolution\FineTune\logs
2025-10-11 22:48:55,588 - CIFAR-100_Training - INFO -   - Model Save Directory: C:\Users\krish\Documents\Krishnakanth\Learnings\Learnings\MNIST_Model\Reference\ERAS8\Model_Evolution\FineTune\models
2025-10-11 22:48:55,588 - CIFAR-100_Training - INFO -   - Save Model: True
2025-10-11 22:48:55,588 - CIFAR-100_Training - INFO -   - Log Level: INFO
2025-10-11 22:48:55,588 - CIFAR-100_Training - INFO - ==================================================
2025-10-11 22:48:55,588 - CIFAR-100_Training - INFO - ==================================================
2025-10-11 22:48:55,588 - CIFAR-100_Training - INFO - CIFAR-100 TRAINING EXPERIMENT STARTED
2025-10-11 22:48:55,588 - CIFAR-100_Training - INFO - ==================================================
2025-10-11 22:48:55,588 - CIFAR-100_Training - INFO - Data Config: DataConfig(data_dir='./data', batch_size=128, num_workers=4, pin_memory=True, shuffle=True, cifar100_mean=(0.507076, 0.48655, 0.440919), cifar100_std=(0.267334, 0.256438, 0.27615), rotation_range=(-7.0, 7.0), fill_value=1)
2025-10-11 22:48:55,588 - CIFAR-100_Training - INFO - Model Config: ModelConfig(input_channels=3, input_size=(32, 32), num_classes=100, dropout_rate=0.0)
2025-10-11 22:48:55,588 - CIFAR-100_Training - INFO - Training Config: TrainingConfig(epochs=50, learning_rate=0.001, momentum=0.9, weight_decay=0.0001, scheduler_step_size=10, scheduler_gamma=0.1, seed=1, optimizer_type='Adam', adam_betas=(0.9, 0.999), adam_eps=1e-08, rmsprop_alpha=0.99, scheduler_type='OneCycleLR', cosine_t_max=20, exponential_gamma=0.95, plateau_mode='min', plateau_factor=0.5, plateau_patience=5, plateau_threshold=0.0001, onecycle_max_lr=0.003, onecycle_pct_start=0.3, onecycle_div_factor=5, onecycle_final_div_factor=1000.0, onecycle_anneal_strategy='cos')
2025-10-11 22:48:55,588 - CIFAR-100_Training - INFO - ==================================================
2025-10-11 22:48:55,588 - CIFAR-100_Training - INFO - Setting up data...
2025-10-11 22:48:55,588 - CIFAR-100_Training - INFO - Using Albumentations for data augmentation
2025-10-11 22:48:55,607 - CIFAR-100_Training - INFO - Loading CIFAR-100 dataset...
2025-10-11 22:48:57,134 - CIFAR-100_Training - INFO - CIFAR-100 dataset loaded successfully!
2025-10-11 22:48:57,134 - CIFAR-100_Training - INFO - Train samples: 50000
2025-10-11 22:48:57,134 - CIFAR-100_Training - INFO - Test samples: 10000
2025-10-11 22:48:57,134 - CIFAR-100_Training - INFO - Augmentation library: Albumentations
2025-10-11 22:48:57,134 - CIFAR-100_Training - INFO - Computing CIFAR-100 data statistics...
2025-10-11 22:49:00,783 - CIFAR-100_Training - INFO - CIFAR-100 Data Statistics:
2025-10-11 22:49:00,783 - CIFAR-100_Training - INFO -   - Shape: (50000, 32, 32, 3)
2025-10-11 22:49:00,783 - CIFAR-100_Training - INFO -   - Size: 153,600,000
2025-10-11 22:49:00,783 - CIFAR-100_Training - INFO -   - Min: 0.0000
2025-10-11 22:49:00,783 - CIFAR-100_Training - INFO -   - Max: 1.0000
2025-10-11 22:49:00,783 - CIFAR-100_Training - INFO -   - Mean: 0.4782
2025-10-11 22:49:00,783 - CIFAR-100_Training - INFO -   - Std: 0.2682
2025-10-11 22:49:00,783 - CIFAR-100_Training - INFO -   - Variance: 0.0719
2025-10-11 22:49:00,783 - CIFAR-100_Training - INFO - Channel-wise Statistics:
2025-10-11 22:49:00,783 - CIFAR-100_Training - INFO -   Red Channel:
2025-10-11 22:49:00,783 - CIFAR-100_Training - INFO -     - Mean: 0.5071
2025-10-11 22:49:00,783 - CIFAR-100_Training - INFO -     - Std: 0.2673
2025-10-11 22:49:00,783 - CIFAR-100_Training - INFO -     - Min: 0.0000
2025-10-11 22:49:00,783 - CIFAR-100_Training - INFO -     - Max: 1.0000
2025-10-11 22:49:00,783 - CIFAR-100_Training - INFO -   Green Channel:
2025-10-11 22:49:00,783 - CIFAR-100_Training - INFO -     - Mean: 0.4865
2025-10-11 22:49:00,783 - CIFAR-100_Training - INFO -     - Std: 0.2564
2025-10-11 22:49:00,783 - CIFAR-100_Training - INFO -     - Min: 0.0000
2025-10-11 22:49:00,783 - CIFAR-100_Training - INFO -     - Max: 1.0000
2025-10-11 22:49:00,783 - CIFAR-100_Training - INFO -   Blue Channel:
2025-10-11 22:49:00,783 - CIFAR-100_Training - INFO -     - Mean: 0.4409
2025-10-11 22:49:00,783 - CIFAR-100_Training - INFO -     - Std: 0.2762
2025-10-11 22:49:00,783 - CIFAR-100_Training - INFO -     - Min: 0.0000
2025-10-11 22:49:00,783 - CIFAR-100_Training - INFO -     - Max: 1.0000
2025-10-11 22:49:16,461 - CIFAR-100_Training - INFO - CIFAR-100 Batch Information:
2025-10-11 22:49:16,461 - CIFAR-100_Training - INFO -   - Batch size: 128
2025-10-11 22:49:16,461 - CIFAR-100_Training - INFO -   - Image shape: torch.Size([3, 32, 32])
2025-10-11 22:49:16,461 - CIFAR-100_Training - INFO -   - Label shape: torch.Size([128])
2025-10-11 22:49:16,461 - CIFAR-100_Training - INFO -   - Data type: torch.float32
2025-10-11 22:49:16,461 - CIFAR-100_Training - INFO -   - Number of classes: 100
2025-10-11 22:49:17,667 - CIFAR-100_Training - INFO - Getting input size from CIFAR-100 data loader...
2025-10-11 22:49:30,061 - CIFAR-100_Training - INFO - CIFAR-100 input size from data loader: (3, 32, 32)
2025-10-11 22:49:30,923 - CIFAR-100_Training - INFO - Setting up model...
2025-10-11 22:49:31,317 - CIFAR-100_Training - INFO - Generating ResNet-34 summary...
2025-10-11 22:49:31,853 - CIFAR-100_Training - INFO - ResNet-34 Architecture Summary:
2025-10-11 22:49:31,853 - CIFAR-100_Training - INFO -   - Total Parameters: 21,328,292
2025-10-11 22:49:31,853 - CIFAR-100_Training - INFO -   - Batch Normalization: Yes
2025-10-11 22:49:31,853 - CIFAR-100_Training - INFO -   - Dropout: Yes
2025-10-11 22:49:31,853 - CIFAR-100_Training - INFO -   - FC Layers: Yes
2025-10-11 22:49:31,853 - CIFAR-100_Training - INFO -   - GAP Layers: Yes
2025-10-11 22:49:31,853 - CIFAR-100_Training - INFO - ==================================================
2025-10-11 22:49:31,853 - CIFAR-100_Training - INFO - DETAILED MODEL ARCHITECTURE SUMMARY
2025-10-11 22:49:31,853 - CIFAR-100_Training - INFO - ==================================================
2025-10-11 22:49:31,853 - CIFAR-100_Training - INFO - ----------------------------------------------------------------
2025-10-11 22:49:31,853 - CIFAR-100_Training - INFO -         Layer (type)               Output Shape         Param #
2025-10-11 22:49:31,853 - CIFAR-100_Training - INFO - ================================================================
2025-10-11 22:49:31,853 - CIFAR-100_Training - INFO -             Conv2d-1           [-1, 64, 32, 32]           1,728
2025-10-11 22:49:31,853 - CIFAR-100_Training - INFO -        BatchNorm2d-2           [-1, 64, 32, 32]             128
2025-10-11 22:49:31,853 - CIFAR-100_Training - INFO -               ReLU-3           [-1, 64, 32, 32]               0
2025-10-11 22:49:31,853 - CIFAR-100_Training - INFO -             Conv2d-4           [-1, 64, 32, 32]          36,864
2025-10-11 22:49:31,853 - CIFAR-100_Training - INFO -        BatchNorm2d-5           [-1, 64, 32, 32]             128
2025-10-11 22:49:31,853 - CIFAR-100_Training - INFO -               ReLU-6           [-1, 64, 32, 32]               0
2025-10-11 22:49:31,853 - CIFAR-100_Training - INFO -             Conv2d-7           [-1, 64, 32, 32]          36,864
2025-10-11 22:49:31,853 - CIFAR-100_Training - INFO -        BatchNorm2d-8           [-1, 64, 32, 32]             128
2025-10-11 22:49:31,853 - CIFAR-100_Training - INFO -               ReLU-9           [-1, 64, 32, 32]               0
2025-10-11 22:49:31,853 - CIFAR-100_Training - INFO -        BasicBlock-10           [-1, 64, 32, 32]               0
2025-10-11 22:49:31,853 - CIFAR-100_Training - INFO -            Conv2d-11           [-1, 64, 32, 32]          36,864
2025-10-11 22:49:31,853 - CIFAR-100_Training - INFO -       BatchNorm2d-12           [-1, 64, 32, 32]             128
2025-10-11 22:49:31,853 - CIFAR-100_Training - INFO -              ReLU-13           [-1, 64, 32, 32]               0
2025-10-11 22:49:31,853 - CIFAR-100_Training - INFO -            Conv2d-14           [-1, 64, 32, 32]          36,864
2025-10-11 22:49:31,853 - CIFAR-100_Training - INFO -       BatchNorm2d-15           [-1, 64, 32, 32]             128
2025-10-11 22:49:31,853 - CIFAR-100_Training - INFO -              ReLU-16           [-1, 64, 32, 32]               0
2025-10-11 22:49:31,853 - CIFAR-100_Training - INFO -        BasicBlock-17           [-1, 64, 32, 32]               0
2025-10-11 22:49:31,853 - CIFAR-100_Training - INFO -            Conv2d-18           [-1, 64, 32, 32]          36,864
2025-10-11 22:49:31,853 - CIFAR-100_Training - INFO -       BatchNorm2d-19           [-1, 64, 32, 32]             128
2025-10-11 22:49:31,853 - CIFAR-100_Training - INFO -              ReLU-20           [-1, 64, 32, 32]               0
2025-10-11 22:49:31,853 - CIFAR-100_Training - INFO -            Conv2d-21           [-1, 64, 32, 32]          36,864
2025-10-11 22:49:31,853 - CIFAR-100_Training - INFO -       BatchNorm2d-22           [-1, 64, 32, 32]             128
2025-10-11 22:49:31,853 - CIFAR-100_Training - INFO -              ReLU-23           [-1, 64, 32, 32]               0
2025-10-11 22:49:31,853 - CIFAR-100_Training - INFO -        BasicBlock-24           [-1, 64, 32, 32]               0
2025-10-11 22:49:31,853 - CIFAR-100_Training - INFO -            Conv2d-25          [-1, 128, 16, 16]          73,728
2025-10-11 22:49:31,853 - CIFAR-100_Training - INFO -       BatchNorm2d-26          [-1, 128, 16, 16]             256
2025-10-11 22:49:31,853 - CIFAR-100_Training - INFO -              ReLU-27          [-1, 128, 16, 16]               0
2025-10-11 22:49:31,853 - CIFAR-100_Training - INFO -            Conv2d-28          [-1, 128, 16, 16]         147,456
2025-10-11 22:49:31,853 - CIFAR-100_Training - INFO -       BatchNorm2d-29          [-1, 128, 16, 16]             256
2025-10-11 22:49:31,853 - CIFAR-100_Training - INFO -            Conv2d-30          [-1, 128, 16, 16]           8,192
2025-10-11 22:49:31,853 - CIFAR-100_Training - INFO -       BatchNorm2d-31          [-1, 128, 16, 16]             256
2025-10-11 22:49:31,853 - CIFAR-100_Training - INFO -              ReLU-32          [-1, 128, 16, 16]               0
2025-10-11 22:49:31,853 - CIFAR-100_Training - INFO -        BasicBlock-33          [-1, 128, 16, 16]               0
2025-10-11 22:49:31,853 - CIFAR-100_Training - INFO -            Conv2d-34          [-1, 128, 16, 16]         147,456
2025-10-11 22:49:31,853 - CIFAR-100_Training - INFO -       BatchNorm2d-35          [-1, 128, 16, 16]             256
2025-10-11 22:49:31,853 - CIFAR-100_Training - INFO -              ReLU-36          [-1, 128, 16, 16]               0
2025-10-11 22:49:31,853 - CIFAR-100_Training - INFO -            Conv2d-37          [-1, 128, 16, 16]         147,456
2025-10-11 22:49:31,869 - CIFAR-100_Training - INFO -       BatchNorm2d-38          [-1, 128, 16, 16]             256
2025-10-11 22:49:31,869 - CIFAR-100_Training - INFO -              ReLU-39          [-1, 128, 16, 16]               0
2025-10-11 22:49:31,869 - CIFAR-100_Training - INFO -        BasicBlock-40          [-1, 128, 16, 16]               0
2025-10-11 22:49:31,869 - CIFAR-100_Training - INFO -            Conv2d-41          [-1, 128, 16, 16]         147,456
2025-10-11 22:49:31,869 - CIFAR-100_Training - INFO -       BatchNorm2d-42          [-1, 128, 16, 16]             256
2025-10-11 22:49:31,869 - CIFAR-100_Training - INFO -              ReLU-43          [-1, 128, 16, 16]               0
2025-10-11 22:49:31,869 - CIFAR-100_Training - INFO -            Conv2d-44          [-1, 128, 16, 16]         147,456
2025-10-11 22:49:31,869 - CIFAR-100_Training - INFO -       BatchNorm2d-45          [-1, 128, 16, 16]             256
2025-10-11 22:49:31,870 - CIFAR-100_Training - INFO -              ReLU-46          [-1, 128, 16, 16]               0
2025-10-11 22:49:31,870 - CIFAR-100_Training - INFO -        BasicBlock-47          [-1, 128, 16, 16]               0
2025-10-11 22:49:31,870 - CIFAR-100_Training - INFO -            Conv2d-48          [-1, 128, 16, 16]         147,456
2025-10-11 22:49:31,870 - CIFAR-100_Training - INFO -       BatchNorm2d-49          [-1, 128, 16, 16]             256
2025-10-11 22:49:31,870 - CIFAR-100_Training - INFO -              ReLU-50          [-1, 128, 16, 16]               0
2025-10-11 22:49:31,870 - CIFAR-100_Training - INFO -            Conv2d-51          [-1, 128, 16, 16]         147,456
2025-10-11 22:49:31,870 - CIFAR-100_Training - INFO -       BatchNorm2d-52          [-1, 128, 16, 16]             256
2025-10-11 22:49:31,870 - CIFAR-100_Training - INFO -              ReLU-53          [-1, 128, 16, 16]               0
2025-10-11 22:49:31,870 - CIFAR-100_Training - INFO -        BasicBlock-54          [-1, 128, 16, 16]               0
2025-10-11 22:49:31,870 - CIFAR-100_Training - INFO -            Conv2d-55            [-1, 256, 8, 8]         294,912
2025-10-11 22:49:31,872 - CIFAR-100_Training - INFO -       BatchNorm2d-56            [-1, 256, 8, 8]             512
2025-10-11 22:49:31,873 - CIFAR-100_Training - INFO -              ReLU-57            [-1, 256, 8, 8]               0
2025-10-11 22:49:31,873 - CIFAR-100_Training - INFO -            Conv2d-58            [-1, 256, 8, 8]         589,824
2025-10-11 22:49:31,874 - CIFAR-100_Training - INFO -       BatchNorm2d-59            [-1, 256, 8, 8]             512
2025-10-11 22:49:31,874 - CIFAR-100_Training - INFO -            Conv2d-60            [-1, 256, 8, 8]          32,768
2025-10-11 22:49:31,875 - CIFAR-100_Training - INFO -       BatchNorm2d-61            [-1, 256, 8, 8]             512
2025-10-11 22:49:31,875 - CIFAR-100_Training - INFO -              ReLU-62            [-1, 256, 8, 8]               0
2025-10-11 22:49:31,876 - CIFAR-100_Training - INFO -        BasicBlock-63            [-1, 256, 8, 8]               0
2025-10-11 22:49:31,876 - CIFAR-100_Training - INFO -            Conv2d-64            [-1, 256, 8, 8]         589,824
2025-10-11 22:49:31,877 - CIFAR-100_Training - INFO -       BatchNorm2d-65            [-1, 256, 8, 8]             512
2025-10-11 22:49:31,877 - CIFAR-100_Training - INFO -              ReLU-66            [-1, 256, 8, 8]               0
2025-10-11 22:49:31,879 - CIFAR-100_Training - INFO -            Conv2d-67            [-1, 256, 8, 8]         589,824
2025-10-11 22:49:31,880 - CIFAR-100_Training - INFO -       BatchNorm2d-68            [-1, 256, 8, 8]             512
2025-10-11 22:49:31,880 - CIFAR-100_Training - INFO -              ReLU-69            [-1, 256, 8, 8]               0
2025-10-11 22:49:31,881 - CIFAR-100_Training - INFO -        BasicBlock-70            [-1, 256, 8, 8]               0
2025-10-11 22:49:31,881 - CIFAR-100_Training - INFO -            Conv2d-71            [-1, 256, 8, 8]         589,824
2025-10-11 22:49:31,881 - CIFAR-100_Training - INFO -       BatchNorm2d-72            [-1, 256, 8, 8]             512
2025-10-11 22:49:31,881 - CIFAR-100_Training - INFO -              ReLU-73            [-1, 256, 8, 8]               0
2025-10-11 22:49:31,881 - CIFAR-100_Training - INFO -            Conv2d-74            [-1, 256, 8, 8]         589,824
2025-10-11 22:49:31,881 - CIFAR-100_Training - INFO -       BatchNorm2d-75            [-1, 256, 8, 8]             512
2025-10-11 22:49:31,882 - CIFAR-100_Training - INFO -              ReLU-76            [-1, 256, 8, 8]               0
2025-10-11 22:49:31,882 - CIFAR-100_Training - INFO -        BasicBlock-77            [-1, 256, 8, 8]               0
2025-10-11 22:49:31,883 - CIFAR-100_Training - INFO -            Conv2d-78            [-1, 256, 8, 8]         589,824
2025-10-11 22:49:31,883 - CIFAR-100_Training - INFO -       BatchNorm2d-79            [-1, 256, 8, 8]             512
2025-10-11 22:49:31,883 - CIFAR-100_Training - INFO -              ReLU-80            [-1, 256, 8, 8]               0
2025-10-11 22:49:31,883 - CIFAR-100_Training - INFO -            Conv2d-81            [-1, 256, 8, 8]         589,824
2025-10-11 22:49:31,883 - CIFAR-100_Training - INFO -       BatchNorm2d-82            [-1, 256, 8, 8]             512
2025-10-11 22:49:31,883 - CIFAR-100_Training - INFO -              ReLU-83            [-1, 256, 8, 8]               0
2025-10-11 22:49:31,883 - CIFAR-100_Training - INFO -        BasicBlock-84            [-1, 256, 8, 8]               0
2025-10-11 22:49:31,883 - CIFAR-100_Training - INFO -            Conv2d-85            [-1, 256, 8, 8]         589,824
2025-10-11 22:49:31,883 - CIFAR-100_Training - INFO -       BatchNorm2d-86            [-1, 256, 8, 8]             512
2025-10-11 22:49:31,884 - CIFAR-100_Training - INFO -              ReLU-87            [-1, 256, 8, 8]               0
2025-10-11 22:49:31,884 - CIFAR-100_Training - INFO -            Conv2d-88            [-1, 256, 8, 8]         589,824
2025-10-11 22:49:31,884 - CIFAR-100_Training - INFO -       BatchNorm2d-89            [-1, 256, 8, 8]             512
2025-10-11 22:49:31,884 - CIFAR-100_Training - INFO -              ReLU-90            [-1, 256, 8, 8]               0
2025-10-11 22:49:31,884 - CIFAR-100_Training - INFO -        BasicBlock-91            [-1, 256, 8, 8]               0
2025-10-11 22:49:31,884 - CIFAR-100_Training - INFO -            Conv2d-92            [-1, 256, 8, 8]         589,824
2025-10-11 22:49:31,884 - CIFAR-100_Training - INFO -       BatchNorm2d-93            [-1, 256, 8, 8]             512
2025-10-11 22:49:31,885 - CIFAR-100_Training - INFO -              ReLU-94            [-1, 256, 8, 8]               0
2025-10-11 22:49:31,885 - CIFAR-100_Training - INFO -            Conv2d-95            [-1, 256, 8, 8]         589,824
2025-10-11 22:49:31,885 - CIFAR-100_Training - INFO -       BatchNorm2d-96            [-1, 256, 8, 8]             512
2025-10-11 22:49:31,885 - CIFAR-100_Training - INFO -              ReLU-97            [-1, 256, 8, 8]               0
2025-10-11 22:49:31,885 - CIFAR-100_Training - INFO -        BasicBlock-98            [-1, 256, 8, 8]               0
2025-10-11 22:49:31,885 - CIFAR-100_Training - INFO -            Conv2d-99            [-1, 512, 4, 4]       1,179,648
2025-10-11 22:49:31,885 - CIFAR-100_Training - INFO -      BatchNorm2d-100            [-1, 512, 4, 4]           1,024
2025-10-11 22:49:31,885 - CIFAR-100_Training - INFO -             ReLU-101            [-1, 512, 4, 4]               0
2025-10-11 22:49:31,885 - CIFAR-100_Training - INFO -           Conv2d-102            [-1, 512, 4, 4]       2,359,296
2025-10-11 22:49:31,885 - CIFAR-100_Training - INFO -      BatchNorm2d-103            [-1, 512, 4, 4]           1,024
2025-10-11 22:49:31,885 - CIFAR-100_Training - INFO -           Conv2d-104            [-1, 512, 4, 4]         131,072
2025-10-11 22:49:31,885 - CIFAR-100_Training - INFO -      BatchNorm2d-105            [-1, 512, 4, 4]           1,024
2025-10-11 22:49:31,885 - CIFAR-100_Training - INFO -             ReLU-106            [-1, 512, 4, 4]               0
2025-10-11 22:49:31,885 - CIFAR-100_Training - INFO -       BasicBlock-107            [-1, 512, 4, 4]               0
2025-10-11 22:49:31,886 - CIFAR-100_Training - INFO -           Conv2d-108            [-1, 512, 4, 4]       2,359,296
2025-10-11 22:49:31,886 - CIFAR-100_Training - INFO -      BatchNorm2d-109            [-1, 512, 4, 4]           1,024
2025-10-11 22:49:31,886 - CIFAR-100_Training - INFO -             ReLU-110            [-1, 512, 4, 4]               0
2025-10-11 22:49:31,886 - CIFAR-100_Training - INFO -           Conv2d-111            [-1, 512, 4, 4]       2,359,296
2025-10-11 22:49:31,886 - CIFAR-100_Training - INFO -      BatchNorm2d-112            [-1, 512, 4, 4]           1,024
2025-10-11 22:49:31,886 - CIFAR-100_Training - INFO -             ReLU-113            [-1, 512, 4, 4]               0
2025-10-11 22:49:31,886 - CIFAR-100_Training - INFO -       BasicBlock-114            [-1, 512, 4, 4]               0
2025-10-11 22:49:31,886 - CIFAR-100_Training - INFO -           Conv2d-115            [-1, 512, 4, 4]       2,359,296
2025-10-11 22:49:31,887 - CIFAR-100_Training - INFO -      BatchNorm2d-116            [-1, 512, 4, 4]           1,024
2025-10-11 22:49:31,887 - CIFAR-100_Training - INFO -             ReLU-117            [-1, 512, 4, 4]               0
2025-10-11 22:49:31,887 - CIFAR-100_Training - INFO -           Conv2d-118            [-1, 512, 4, 4]       2,359,296
2025-10-11 22:49:31,887 - CIFAR-100_Training - INFO -      BatchNorm2d-119            [-1, 512, 4, 4]           1,024
2025-10-11 22:49:31,887 - CIFAR-100_Training - INFO -             ReLU-120            [-1, 512, 4, 4]               0
2025-10-11 22:49:31,887 - CIFAR-100_Training - INFO -       BasicBlock-121            [-1, 512, 4, 4]               0
2025-10-11 22:49:31,888 - CIFAR-100_Training - INFO - AdaptiveAvgPool2d-122            [-1, 512, 1, 1]               0
2025-10-11 22:49:31,889 - CIFAR-100_Training - INFO -          Dropout-123                  [-1, 512]               0
2025-10-11 22:49:31,889 - CIFAR-100_Training - INFO -           Linear-124                  [-1, 100]          51,300
2025-10-11 22:49:31,889 - CIFAR-100_Training - INFO - ================================================================
2025-10-11 22:49:31,889 - CIFAR-100_Training - INFO - Total params: 21,328,292
2025-10-11 22:49:31,891 - CIFAR-100_Training - INFO - Trainable params: 21,328,292
2025-10-11 22:49:31,891 - CIFAR-100_Training - INFO - Non-trainable params: 0
2025-10-11 22:49:31,891 - CIFAR-100_Training - INFO - ----------------------------------------------------------------
2025-10-11 22:49:31,891 - CIFAR-100_Training - INFO - Input size (MB): 0.01
2025-10-11 22:49:31,891 - CIFAR-100_Training - INFO - Forward/backward pass size (MB): 26.45
2025-10-11 22:49:31,891 - CIFAR-100_Training - INFO - Params size (MB): 81.36
2025-10-11 22:49:31,891 - CIFAR-100_Training - INFO - Estimated Total Size (MB): 107.82
2025-10-11 22:49:31,891 - CIFAR-100_Training - INFO - ----------------------------------------------------------------
2025-10-11 22:49:31,891 - CIFAR-100_Training - INFO - ==================================================
2025-10-11 22:49:31,891 - CIFAR-100_Training - INFO - Setting up trainer...
2025-10-11 22:49:31,912 - CIFAR-100_Training - INFO - Using device: cuda
2025-10-11 22:49:31,912 - CIFAR-100_Training - INFO - Early stopping: Stop if train_acc - test_acc > 15.0% for 10 epochs
2025-10-11 22:49:31,913 - CIFAR-100_Training - INFO - Starting training process...
2025-10-11 22:49:31,913 - CIFAR-100_Training - INFO - Starting training process...
2025-10-11 22:49:31,917 - CIFAR-100_Training - INFO - Using optimizer: Adam
2025-10-11 22:49:31,917 - CIFAR-100_Training - INFO - Using scheduler: OneCycleLR
2025-10-11 22:49:31,917 - CIFAR-100_Training - INFO - Optimizer Configuration:
2025-10-11 22:49:31,918 - CIFAR-100_Training - INFO -   - Learning Rate: 0.001
2025-10-11 22:49:31,918 - CIFAR-100_Training - INFO -   - Betas: (0.9, 0.999)
2025-10-11 22:49:31,918 - CIFAR-100_Training - INFO -   - Eps: 1e-08
2025-10-11 22:49:31,918 - CIFAR-100_Training - INFO -   - Weight Decay: 0.0001
2025-10-11 22:49:31,918 - CIFAR-100_Training - INFO - Scheduler Configuration:
2025-10-11 22:49:31,918 - CIFAR-100_Training - INFO -   - Max LR: 0.003
2025-10-11 22:49:31,918 - CIFAR-100_Training - INFO -   - Steps per Epoch: 391
2025-10-11 22:49:31,918 - CIFAR-100_Training - INFO -   - Pct Start: 0.3
2025-10-11 22:49:31,918 - CIFAR-100_Training - INFO -   - Div Factor: 5
2025-10-11 22:49:31,919 - CIFAR-100_Training - INFO -   - Final Div Factor: 1000.0
2025-10-11 22:49:31,919 - CIFAR-100_Training - INFO -   - Anneal Strategy: cos
2025-10-11 22:49:31,919 - CIFAR-100_Training - INFO - Starting Epoch 1/50
2025-10-11 22:51:59,999 - CIFAR-100_Training - INFO - Epoch  1: Train Loss: 3.9836, Train Acc: 9.08%, Test Loss: 3.5500, Test Acc: 16.05%, Acc Diff: -6.97%, LR: 0.000626
2025-10-11 22:51:59,999 - CIFAR-100_Training - INFO - Starting Epoch 2/50
2025-10-11 22:54:26,733 - CIFAR-100_Training - INFO - Epoch  2: Train Loss: 3.3487, Train Acc: 18.96%, Test Loss: 3.1215, Test Acc: 22.98%, Acc Diff: -4.02%, LR: 0.000704
2025-10-11 22:54:26,733 - CIFAR-100_Training - INFO - Starting Epoch 3/50
2025-10-11 22:56:53,854 - CIFAR-100_Training - INFO - Epoch  3: Train Loss: 2.9564, Train Acc: 26.24%, Test Loss: 2.7310, Test Acc: 30.64%, Acc Diff: -4.40%, LR: 0.000829
2025-10-11 22:56:53,854 - CIFAR-100_Training - INFO - Starting Epoch 4/50
2025-10-11 22:59:21,640 - CIFAR-100_Training - INFO - Epoch  4: Train Loss: 2.7014, Train Acc: 31.22%, Test Loss: 2.4904, Test Acc: 35.39%, Acc Diff: -4.17%, LR: 0.000997
2025-10-11 22:59:21,640 - CIFAR-100_Training - INFO - Starting Epoch 5/50
2025-10-11 23:01:50,724 - CIFAR-100_Training - INFO - Epoch  5: Train Loss: 2.5497, Train Acc: 34.25%, Test Loss: 2.4649, Test Acc: 35.79%, Acc Diff: -1.54%, LR: 0.001200
2025-10-11 23:01:50,724 - CIFAR-100_Training - INFO - Starting Epoch 6/50
2025-10-11 23:04:21,448 - CIFAR-100_Training - INFO - Epoch  6: Train Loss: 2.4344, Train Acc: 36.50%, Test Loss: 2.4605, Test Acc: 37.32%, Acc Diff: -0.82%, LR: 0.001429
2025-10-11 23:04:21,448 - CIFAR-100_Training - INFO - Starting Epoch 7/50
2025-10-11 23:06:57,936 - CIFAR-100_Training - INFO - Epoch  7: Train Loss: 2.3490, Train Acc: 38.28%, Test Loss: 2.1855, Test Acc: 42.19%, Acc Diff: -3.91%, LR: 0.001675
2025-10-11 23:06:57,936 - CIFAR-100_Training - INFO - Starting Epoch 8/50
2025-10-11 23:09:35,741 - CIFAR-100_Training - INFO - Epoch  8: Train Loss: 2.2677, Train Acc: 40.13%, Test Loss: 2.1188, Test Acc: 42.96%, Acc Diff: -2.83%, LR: 0.001926
2025-10-11 23:09:35,741 - CIFAR-100_Training - INFO - Starting Epoch 9/50
2025-10-11 23:12:13,280 - CIFAR-100_Training - INFO - Epoch  9: Train Loss: 2.2259, Train Acc: 41.31%, Test Loss: 2.2315, Test Acc: 42.51%, Acc Diff: -1.20%, LR: 0.002171
2025-10-11 23:12:13,280 - CIFAR-100_Training - INFO - Starting Epoch 10/50
2025-10-11 23:14:49,597 - CIFAR-100_Training - INFO - Epoch 10: Train Loss: 2.1655, Train Acc: 42.66%, Test Loss: 2.0109, Test Acc: 45.54%, Acc Diff: -2.88%, LR: 0.002400
2025-10-11 23:14:49,597 - CIFAR-100_Training - INFO - Starting Epoch 11/50
2025-10-11 23:17:26,630 - CIFAR-100_Training - INFO - Epoch 11: Train Loss: 2.1286, Train Acc: 43.47%, Test Loss: 2.0142, Test Acc: 46.03%, Acc Diff: -2.56%, LR: 0.002603
2025-10-11 23:17:26,630 - CIFAR-100_Training - INFO - Starting Epoch 12/50
2025-10-11 23:20:10,255 - CIFAR-100_Training - INFO - Epoch 12: Train Loss: 2.0746, Train Acc: 44.58%, Test Loss: 2.0412, Test Acc: 45.54%, Acc Diff: -0.96%, LR: 0.002771
2025-10-11 23:20:10,257 - CIFAR-100_Training - INFO - Starting Epoch 13/50
2025-10-11 23:22:54,019 - CIFAR-100_Training - INFO - Epoch 13: Train Loss: 2.0344, Train Acc: 45.99%, Test Loss: 1.9333, Test Acc: 47.48%, Acc Diff: -1.49%, LR: 0.002896
2025-10-11 23:22:54,019 - CIFAR-100_Training - INFO - Starting Epoch 14/50
2025-10-11 23:25:33,863 - CIFAR-100_Training - INFO - Epoch 14: Train Loss: 1.9882, Train Acc: 46.69%, Test Loss: 1.8638, Test Acc: 48.63%, Acc Diff: -1.94%, LR: 0.002974
2025-10-11 23:25:33,865 - CIFAR-100_Training - INFO - Starting Epoch 15/50
2025-10-11 23:28:14,478 - CIFAR-100_Training - INFO - Epoch 15: Train Loss: 1.9351, Train Acc: 47.67%, Test Loss: 1.8895, Test Acc: 49.93%, Acc Diff: -2.26%, LR: 0.003000
2025-10-11 23:28:14,479 - CIFAR-100_Training - INFO - Starting Epoch 16/50
2025-10-11 23:30:52,477 - CIFAR-100_Training - INFO - Epoch 16: Train Loss: 1.8889, Train Acc: 49.12%, Test Loss: 1.7710, Test Acc: 51.45%, Acc Diff: -2.33%, LR: 0.002994
2025-10-11 23:30:52,479 - CIFAR-100_Training - INFO - Starting Epoch 17/50
2025-10-11 23:33:28,709 - CIFAR-100_Training - INFO - Epoch 17: Train Loss: 1.8368, Train Acc: 50.21%, Test Loss: 1.7630, Test Acc: 52.17%, Acc Diff: -1.96%, LR: 0.002976
2025-10-11 23:33:28,710 - CIFAR-100_Training - INFO - Starting Epoch 18/50
2025-10-11 23:36:04,437 - CIFAR-100_Training - INFO - Epoch 18: Train Loss: 1.7988, Train Acc: 51.25%, Test Loss: 1.7013, Test Acc: 53.36%, Acc Diff: -2.11%, LR: 0.002946
2025-10-11 23:36:04,437 - CIFAR-100_Training - INFO - Starting Epoch 19/50
2025-10-11 23:38:42,680 - CIFAR-100_Training - INFO - Epoch 19: Train Loss: 1.7600, Train Acc: 52.32%, Test Loss: 1.5949, Test Acc: 55.14%, Acc Diff: -2.82%, LR: 0.002904
2025-10-11 23:38:42,681 - CIFAR-100_Training - INFO - Starting Epoch 20/50
2025-10-11 23:41:21,720 - CIFAR-100_Training - INFO - Epoch 20: Train Loss: 1.7221, Train Acc: 53.12%, Test Loss: 1.6062, Test Acc: 55.48%, Acc Diff: -2.36%, LR: 0.002851
2025-10-11 23:41:21,722 - CIFAR-100_Training - INFO - Starting Epoch 21/50
2025-10-11 23:43:59,164 - CIFAR-100_Training - INFO - Epoch 21: Train Loss: 1.6813, Train Acc: 53.87%, Test Loss: 1.5445, Test Acc: 57.25%, Acc Diff: -3.38%, LR: 0.002788
2025-10-11 23:43:59,164 - CIFAR-100_Training - INFO - Starting Epoch 22/50
2025-10-11 23:46:34,685 - CIFAR-100_Training - INFO - Epoch 22: Train Loss: 1.6384, Train Acc: 55.30%, Test Loss: 1.5620, Test Acc: 56.82%, Acc Diff: -1.52%, LR: 0.002713
2025-10-11 23:46:34,686 - CIFAR-100_Training - INFO - Starting Epoch 23/50
2025-10-11 23:49:14,190 - CIFAR-100_Training - INFO - Epoch 23: Train Loss: 1.5995, Train Acc: 55.95%, Test Loss: 1.5346, Test Acc: 58.10%, Acc Diff: -2.15%, LR: 0.002629
2025-10-11 23:49:14,190 - CIFAR-100_Training - INFO - Starting Epoch 24/50
2025-10-11 23:51:52,558 - CIFAR-100_Training - INFO - Epoch 24: Train Loss: 1.5731, Train Acc: 56.76%, Test Loss: 1.5121, Test Acc: 58.13%, Acc Diff: -1.37%, LR: 0.002536
2025-10-11 23:51:52,559 - CIFAR-100_Training - INFO - Starting Epoch 25/50
2025-10-11 23:54:29,282 - CIFAR-100_Training - INFO - Epoch 25: Train Loss: 1.5190, Train Acc: 57.95%, Test Loss: 1.5002, Test Acc: 58.24%, Acc Diff: -0.29%, LR: 0.002435
2025-10-11 23:54:29,283 - CIFAR-100_Training - INFO - Starting Epoch 26/50
2025-10-11 23:57:12,448 - CIFAR-100_Training - INFO - Epoch 26: Train Loss: 1.4883, Train Acc: 58.85%, Test Loss: 1.4023, Test Acc: 60.71%, Acc Diff: -1.86%, LR: 0.002326
2025-10-11 23:57:12,449 - CIFAR-100_Training - INFO - Starting Epoch 27/50
2025-10-11 23:59:53,733 - CIFAR-100_Training - INFO - Epoch 27: Train Loss: 1.4515, Train Acc: 59.96%, Test Loss: 1.4248, Test Acc: 60.90%, Acc Diff: -0.94%, LR: 0.002211
2025-10-11 23:59:53,733 - CIFAR-100_Training - INFO - Starting Epoch 28/50
2025-10-12 00:02:34,276 - CIFAR-100_Training - INFO - Epoch 28: Train Loss: 1.4225, Train Acc: 60.50%, Test Loss: 1.3882, Test Acc: 61.06%, Acc Diff: -0.56%, LR: 0.002089
2025-10-12 00:02:34,277 - CIFAR-100_Training - INFO - Starting Epoch 29/50
2025-10-12 00:05:12,878 - CIFAR-100_Training - INFO - Epoch 29: Train Loss: 1.3808, Train Acc: 61.63%, Test Loss: 1.3407, Test Acc: 61.97%, Acc Diff: -0.34%, LR: 0.001963
2025-10-12 00:05:12,878 - CIFAR-100_Training - INFO - Starting Epoch 30/50
2025-10-12 00:07:54,015 - CIFAR-100_Training - INFO - Epoch 30: Train Loss: 1.3194, Train Acc: 63.23%, Test Loss: 1.3299, Test Acc: 62.52%, Acc Diff: 0.71%, LR: 0.001834
2025-10-12 00:07:54,015 - CIFAR-100_Training - INFO - Starting Epoch 31/50
2025-10-12 00:10:36,709 - CIFAR-100_Training - INFO - Epoch 31: Train Loss: 1.2850, Train Acc: 64.07%, Test Loss: 1.3159, Test Acc: 63.93%, Acc Diff: 0.14%, LR: 0.001701
2025-10-12 00:10:36,710 - CIFAR-100_Training - INFO - Starting Epoch 32/50
2025-10-12 00:13:11,677 - CIFAR-100_Training - INFO - Epoch 32: Train Loss: 1.2386, Train Acc: 64.96%, Test Loss: 1.3105, Test Acc: 63.38%, Acc Diff: 1.58%, LR: 0.001567
2025-10-12 00:13:11,677 - CIFAR-100_Training - INFO - Starting Epoch 33/50
2025-10-12 00:15:50,484 - CIFAR-100_Training - INFO - Epoch 33: Train Loss: 1.1963, Train Acc: 66.36%, Test Loss: 1.2994, Test Acc: 63.78%, Acc Diff: 2.58%, LR: 0.001433
2025-10-12 00:15:50,487 - CIFAR-100_Training - INFO - Starting Epoch 34/50
2025-10-12 00:18:28,911 - CIFAR-100_Training - INFO - Epoch 34: Train Loss: 1.1514, Train Acc: 67.80%, Test Loss: 1.2341, Test Acc: 65.78%, Acc Diff: 2.02%, LR: 0.001299
2025-10-12 00:18:28,911 - CIFAR-100_Training - INFO - Starting Epoch 35/50
2025-10-12 00:21:06,776 - CIFAR-100_Training - INFO - Epoch 35: Train Loss: 1.1036, Train Acc: 68.88%, Test Loss: 1.2274, Test Acc: 65.61%, Acc Diff: 3.27%, LR: 0.001166
2025-10-12 00:21:06,776 - CIFAR-100_Training - INFO - Starting Epoch 36/50
2025-10-12 00:23:43,527 - CIFAR-100_Training - INFO - Epoch 36: Train Loss: 1.0419, Train Acc: 70.62%, Test Loss: 1.2057, Test Acc: 66.63%, Acc Diff: 3.99%, LR: 0.001037
2025-10-12 00:23:43,528 - CIFAR-100_Training - INFO - Starting Epoch 37/50
2025-10-12 00:26:21,248 - CIFAR-100_Training - INFO - Epoch 37: Train Loss: 0.9927, Train Acc: 71.84%, Test Loss: 1.1796, Test Acc: 66.92%, Acc Diff: 4.92%, LR: 0.000911
2025-10-12 00:26:21,248 - CIFAR-100_Training - INFO - Starting Epoch 38/50
2025-10-12 00:28:52,533 - CIFAR-100_Training - INFO - Epoch 38: Train Loss: 0.9386, Train Acc: 73.24%, Test Loss: 1.1882, Test Acc: 67.43%, Acc Diff: 5.81%, LR: 0.000789
2025-10-12 00:28:52,533 - CIFAR-100_Training - INFO - Starting Epoch 39/50
2025-10-12 00:31:32,837 - CIFAR-100_Training - INFO - Epoch 39: Train Loss: 0.8913, Train Acc: 74.64%, Test Loss: 1.1847, Test Acc: 67.65%, Acc Diff: 6.99%, LR: 0.000674
2025-10-12 00:31:32,838 - CIFAR-100_Training - INFO - Starting Epoch 40/50
2025-10-12 00:34:13,135 - CIFAR-100_Training - INFO - Epoch 40: Train Loss: 0.8465, Train Acc: 76.17%, Test Loss: 1.1650, Test Acc: 68.18%, Acc Diff: 7.99%, LR: 0.000565
2025-10-12 00:34:13,136 - CIFAR-100_Training - INFO - Starting Epoch 41/50
2025-10-12 00:36:57,931 - CIFAR-100_Training - INFO - Epoch 41: Train Loss: 0.7953, Train Acc: 77.49%, Test Loss: 1.1512, Test Acc: 68.18%, Acc Diff: 9.31%, LR: 0.000464
2025-10-12 00:36:57,933 - CIFAR-100_Training - INFO - Starting Epoch 42/50
2025-10-12 00:39:39,567 - CIFAR-100_Training - INFO - Epoch 42: Train Loss: 0.7516, Train Acc: 78.85%, Test Loss: 1.1508, Test Acc: 68.55%, Acc Diff: 10.30%, LR: 0.000371
2025-10-12 00:39:39,567 - CIFAR-100_Training - INFO - Starting Epoch 43/50
2025-10-12 00:42:17,635 - CIFAR-100_Training - INFO - Epoch 43: Train Loss: 0.7101, Train Acc: 79.87%, Test Loss: 1.1354, Test Acc: 68.70%, Acc Diff: 11.17%, LR: 0.000287
2025-10-12 00:42:17,636 - CIFAR-100_Training - INFO - Starting Epoch 44/50
2025-10-12 00:44:48,469 - CIFAR-100_Training - INFO - Epoch 44: Train Loss: 0.6746, Train Acc: 81.07%, Test Loss: 1.1402, Test Acc: 68.82%, Acc Diff: 12.25%, LR: 0.000213
2025-10-12 00:44:48,469 - CIFAR-100_Training - INFO - Starting Epoch 45/50
2025-10-12 00:47:17,957 - CIFAR-100_Training - INFO - Epoch 45: Train Loss: 0.6436, Train Acc: 82.15%, Test Loss: 1.1314, Test Acc: 69.25%, Acc Diff: 12.90%, LR: 0.000149
2025-10-12 00:47:17,957 - CIFAR-100_Training - INFO - Starting Epoch 46/50
2025-10-12 00:49:49,568 - CIFAR-100_Training - INFO - Epoch 46: Train Loss: 0.6271, Train Acc: 82.75%, Test Loss: 1.1225, Test Acc: 69.46%, Acc Diff: 13.29%, LR: 0.000096
2025-10-12 00:49:49,568 - CIFAR-100_Training - INFO - Starting Epoch 47/50
2025-10-12 00:52:22,065 - CIFAR-100_Training - INFO - Epoch 47: Train Loss: 0.6038, Train Acc: 83.41%, Test Loss: 1.1196, Test Acc: 69.38%, Acc Diff: 14.03%, LR: 0.000055
2025-10-12 00:52:22,065 - CIFAR-100_Training - INFO - Starting Epoch 48/50
2025-10-12 00:54:49,830 - CIFAR-100_Training - INFO - Epoch 48: Train Loss: 0.5877, Train Acc: 83.94%, Test Loss: 1.1217, Test Acc: 69.47%, Acc Diff: 14.47%, LR: 0.000025
2025-10-12 00:54:49,831 - CIFAR-100_Training - INFO - Starting Epoch 49/50
2025-10-12 00:57:23,722 - CIFAR-100_Training - INFO - Epoch 49: Train Loss: 0.5750, Train Acc: 84.23%, Test Loss: 1.1187, Test Acc: 69.51%, Acc Diff: 14.72%, LR: 0.000007
2025-10-12 00:57:23,722 - CIFAR-100_Training - INFO - Starting Epoch 50/50
2025-10-12 00:59:50,592 - CIFAR-100_Training - INFO - Epoch 50: Train Loss: 0.5808, Train Acc: 84.26%, Test Loss: 1.1171, Test Acc: 69.46%, Acc Diff: 14.80%, LR: 0.000001
2025-10-12 00:59:50,592 - CIFAR-100_Training - INFO - Training completed!
2025-10-12 00:59:50,592 - CIFAR-100_Training - INFO - Final Results: {'final_train_loss': 0.5807641797205981, 'final_test_loss': 1.117113750076294, 'final_train_accuracy': 84.26, 'final_test_accuracy': 69.46, 'best_test_accuracy': 69.51, 'final_accuracy_difference': 14.800000000000011, 'max_accuracy_difference': 14.800000000000011, 'avg_accuracy_difference': 2.0264000000000006, 'overfitting_epochs': 0, 'stopped_due_to_overfitting': False}
2025-10-12 00:59:50,592 - CIFAR-100_Training - INFO - ==================================================
2025-10-12 00:59:50,592 - CIFAR-100_Training - INFO - OVERFITTING ANALYSIS
2025-10-12 00:59:50,592 - CIFAR-100_Training - INFO - ==================================================
2025-10-12 00:59:50,592 - CIFAR-100_Training - INFO - Final accuracy difference: 14.80%
2025-10-12 00:59:50,592 - CIFAR-100_Training - INFO - Maximum accuracy difference: 14.80%
2025-10-12 00:59:50,592 - CIFAR-100_Training - INFO - Average accuracy difference: 2.03%
2025-10-12 00:59:50,592 - CIFAR-100_Training - INFO - Consecutive overfitting epochs: 0
2025-10-12 00:59:50,592 - CIFAR-100_Training - INFO - Stopped due to overfitting: False
2025-10-12 00:59:50,592 - CIFAR-100_Training - INFO - ==================================================
2025-10-12 00:59:52,031 - CIFAR-100_Training - INFO - Training curves saved to: C:\Users\krish\Documents\Krishnakanth\Learnings\Learnings\MNIST_Model\Reference\ERAS8\Model_Evolution\FineTune\logs\training_curves_20251012_005950.png
2025-10-12 01:00:05,571 - CIFAR-100_Training - INFO - Model saved to: C:\Users\krish\Documents\Krishnakanth\Learnings\Learnings\MNIST_Model\Reference\ERAS8\Model_Evolution\FineTune\models\cifar100_model_20251012_010005.pth
2025-10-12 01:00:05,571 - CIFAR-100_Training - INFO - ==================================================
2025-10-12 01:00:05,571 - CIFAR-100_Training - INFO - TRAINING PIPELINE COMPLETED SUCCESSFULLY
2025-10-12 01:00:05,571 - CIFAR-100_Training - INFO - ==================================================
2025-10-12 01:00:05,571 - CIFAR-100_Training - INFO - Final Metrics: {'final_train_loss': 0.5807641797205981, 'final_test_loss': 1.117113750076294, 'final_train_accuracy': 84.26, 'final_test_accuracy': 69.46, 'best_test_accuracy': 69.51, 'final_accuracy_difference': 14.800000000000011, 'max_accuracy_difference': 14.800000000000011, 'avg_accuracy_difference': 2.0264000000000006, 'overfitting_epochs': 0, 'stopped_due_to_overfitting': False}
