2025-10-10 18:11:18,713 - CIFAR-100_Training - INFO - Logger initialized. Log file: C:\Users\krish\Documents\Krishnakanth\Learnings\Learnings\MNIST_Model\Reference\ERAS8\Model_Evolution\FineTune\logs\20251010_181118_cifar100_training.log
2025-10-10 18:11:18,713 - CIFAR-100_Training - INFO - Updated Configuration (from main()):
2025-10-10 18:11:18,713 - CIFAR-100_Training - INFO -   - Epochs: 200
2025-10-10 18:11:18,713 - CIFAR-100_Training - INFO -   - Learning Rate: 0.001
2025-10-10 18:11:18,714 - CIFAR-100_Training - INFO -   - Optimizer: Adam
2025-10-10 18:11:18,714 - CIFAR-100_Training - INFO -   - Weight Decay: 0.0001
2025-10-10 18:11:18,714 - CIFAR-100_Training - INFO -   - Adam Betas: (0.9, 0.999)
2025-10-10 18:11:18,714 - CIFAR-100_Training - INFO -   - Adam Eps: 1e-08
2025-10-10 18:11:18,714 - CIFAR-100_Training - INFO -   - Scheduler: ReduceLROnPlateau
2025-10-10 18:11:18,714 - CIFAR-100_Training - INFO -   - Mode: min
2025-10-10 18:11:18,715 - CIFAR-100_Training - INFO -   - Factor: 0.5
2025-10-10 18:11:18,715 - CIFAR-100_Training - INFO -   - Patience: 10
2025-10-10 18:11:18,715 - CIFAR-100_Training - INFO -   - Threshold: 0.0001
2025-10-10 18:11:18,715 - CIFAR-100_Training - INFO -   - Batch Size: 128
2025-10-10 18:11:18,715 - CIFAR-100_Training - INFO -   - Num Workers: 4
2025-10-10 18:11:18,715 - CIFAR-100_Training - INFO -   - Pin Memory: True
2025-10-10 18:11:18,715 - CIFAR-100_Training - INFO -   - Shuffle: True
2025-10-10 18:11:18,715 - CIFAR-100_Training - INFO -   - Dropout Rate: 0.05
2025-10-10 18:11:18,715 - CIFAR-100_Training - INFO -   - Device: CUDA
2025-10-10 18:11:18,715 - CIFAR-100_Training - INFO -   - Log Directory: C:\Users\krish\Documents\Krishnakanth\Learnings\Learnings\MNIST_Model\Reference\ERAS8\Model_Evolution\FineTune\logs
2025-10-10 18:11:18,715 - CIFAR-100_Training - INFO -   - Model Save Directory: C:\Users\krish\Documents\Krishnakanth\Learnings\Learnings\MNIST_Model\Reference\ERAS8\Model_Evolution\FineTune\models
2025-10-10 18:11:18,715 - CIFAR-100_Training - INFO -   - Save Model: True
2025-10-10 18:11:18,715 - CIFAR-100_Training - INFO -   - Log Level: DEBUG
2025-10-10 18:11:18,716 - CIFAR-100_Training - INFO - ==================================================
2025-10-10 18:11:18,716 - CIFAR-100_Training - INFO - ==================================================
2025-10-10 18:11:18,716 - CIFAR-100_Training - INFO - CIFAR-100 TRAINING EXPERIMENT STARTED
2025-10-10 18:11:18,716 - CIFAR-100_Training - INFO - ==================================================
2025-10-10 18:11:18,716 - CIFAR-100_Training - INFO - Data Config: DataConfig(data_dir='./data', batch_size=128, num_workers=4, pin_memory=True, shuffle=True, cifar100_mean=(0.507076, 0.48655, 0.440919), cifar100_std=(0.267334, 0.256438, 0.27615), rotation_range=(-7.0, 7.0), fill_value=1)
2025-10-10 18:11:18,716 - CIFAR-100_Training - INFO - Model Config: ModelConfig(input_channels=3, input_size=(32, 32), num_classes=100, dropout_rate=0.05)
2025-10-10 18:11:18,716 - CIFAR-100_Training - INFO - Training Config: TrainingConfig(epochs=200, learning_rate=0.001, momentum=0.9, weight_decay=0.0001, scheduler_step_size=10, scheduler_gamma=0.1, seed=1, optimizer_type='Adam', adam_betas=(0.9, 0.999), adam_eps=1e-08, rmsprop_alpha=0.99, scheduler_type='ReduceLROnPlateau', cosine_t_max=20, exponential_gamma=0.95, plateau_mode='min', plateau_factor=0.5, plateau_patience=10, plateau_threshold=0.0001, onecycle_max_lr=0.1, onecycle_pct_start=0.3, onecycle_div_factor=25.0, onecycle_final_div_factor=10000.0, onecycle_anneal_strategy='cos')
2025-10-10 18:11:18,716 - CIFAR-100_Training - INFO - ==================================================
2025-10-10 18:11:18,717 - CIFAR-100_Training - INFO - Setting up data...
2025-10-10 18:11:18,717 - CIFAR-100_Training - INFO - Using Albumentations for data augmentation
2025-10-10 18:11:18,727 - CIFAR-100_Training - INFO - Loading CIFAR-100 dataset...
2025-10-10 18:11:20,063 - CIFAR-100_Training - INFO - CIFAR-100 dataset loaded successfully!
2025-10-10 18:11:20,063 - CIFAR-100_Training - INFO - Train samples: 50000
2025-10-10 18:11:20,063 - CIFAR-100_Training - INFO - Test samples: 10000
2025-10-10 18:11:20,063 - CIFAR-100_Training - INFO - Augmentation library: Albumentations
2025-10-10 18:11:20,063 - CIFAR-100_Training - INFO - Computing CIFAR-100 data statistics...
2025-10-10 18:11:22,092 - CIFAR-100_Training - INFO - CIFAR-100 Data Statistics:
2025-10-10 18:11:22,092 - CIFAR-100_Training - INFO -   - Shape: (50000, 32, 32, 3)
2025-10-10 18:11:22,092 - CIFAR-100_Training - INFO -   - Size: 153,600,000
2025-10-10 18:11:22,092 - CIFAR-100_Training - INFO -   - Min: 0.0000
2025-10-10 18:11:22,092 - CIFAR-100_Training - INFO -   - Max: 1.0000
2025-10-10 18:11:22,092 - CIFAR-100_Training - INFO -   - Mean: 0.4782
2025-10-10 18:11:22,092 - CIFAR-100_Training - INFO -   - Std: 0.2682
2025-10-10 18:11:22,092 - CIFAR-100_Training - INFO -   - Variance: 0.0719
2025-10-10 18:11:22,092 - CIFAR-100_Training - INFO - Channel-wise Statistics:
2025-10-10 18:11:22,092 - CIFAR-100_Training - INFO -   Red Channel:
2025-10-10 18:11:22,092 - CIFAR-100_Training - INFO -     - Mean: 0.5071
2025-10-10 18:11:22,092 - CIFAR-100_Training - INFO -     - Std: 0.2673
2025-10-10 18:11:22,092 - CIFAR-100_Training - INFO -     - Min: 0.0000
2025-10-10 18:11:22,092 - CIFAR-100_Training - INFO -     - Max: 1.0000
2025-10-10 18:11:22,092 - CIFAR-100_Training - INFO -   Green Channel:
2025-10-10 18:11:22,092 - CIFAR-100_Training - INFO -     - Mean: 0.4865
2025-10-10 18:11:22,092 - CIFAR-100_Training - INFO -     - Std: 0.2564
2025-10-10 18:11:22,092 - CIFAR-100_Training - INFO -     - Min: 0.0000
2025-10-10 18:11:22,092 - CIFAR-100_Training - INFO -     - Max: 1.0000
2025-10-10 18:11:22,092 - CIFAR-100_Training - INFO -   Blue Channel:
2025-10-10 18:11:22,092 - CIFAR-100_Training - INFO -     - Mean: 0.4409
2025-10-10 18:11:22,092 - CIFAR-100_Training - INFO -     - Std: 0.2762
2025-10-10 18:11:22,092 - CIFAR-100_Training - INFO -     - Min: 0.0000
2025-10-10 18:11:22,092 - CIFAR-100_Training - INFO -     - Max: 1.0000
2025-10-10 18:11:35,962 - CIFAR-100_Training - INFO - CIFAR-100 Batch Information:
2025-10-10 18:11:35,962 - CIFAR-100_Training - INFO -   - Batch size: 128
2025-10-10 18:11:35,962 - CIFAR-100_Training - INFO -   - Image shape: torch.Size([3, 32, 32])
2025-10-10 18:11:35,962 - CIFAR-100_Training - INFO -   - Label shape: torch.Size([128])
2025-10-10 18:11:35,962 - CIFAR-100_Training - INFO -   - Data type: torch.float32
2025-10-10 18:11:35,962 - CIFAR-100_Training - INFO -   - Number of classes: 100
2025-10-10 18:11:37,128 - CIFAR-100_Training - INFO - Getting input size from CIFAR-100 data loader...
2025-10-10 18:11:49,209 - CIFAR-100_Training - INFO - CIFAR-100 input size from data loader: (3, 32, 32)
2025-10-10 18:11:50,010 - CIFAR-100_Training - INFO - Setting up model...
2025-10-10 18:11:50,199 - CIFAR-100_Training - INFO - Generating ResNet-18 with Bottleneck summary...
2025-10-10 18:11:50,694 - CIFAR-100_Training - INFO - ResNet-18 with Bottleneck Architecture Summary:
2025-10-10 18:11:50,694 - CIFAR-100_Training - INFO -   - Total Parameters: 11,220,132
2025-10-10 18:11:50,694 - CIFAR-100_Training - INFO -   - Batch Normalization: Yes
2025-10-10 18:11:50,694 - CIFAR-100_Training - INFO -   - Dropout: Yes
2025-10-10 18:11:50,694 - CIFAR-100_Training - INFO -   - FC Layers: Yes
2025-10-10 18:11:50,694 - CIFAR-100_Training - INFO -   - GAP Layers: Yes
2025-10-10 18:11:50,694 - CIFAR-100_Training - INFO - ==================================================
2025-10-10 18:11:50,694 - CIFAR-100_Training - INFO - DETAILED MODEL ARCHITECTURE SUMMARY
2025-10-10 18:11:50,694 - CIFAR-100_Training - INFO - ==================================================
2025-10-10 18:11:50,694 - CIFAR-100_Training - INFO - ----------------------------------------------------------------
2025-10-10 18:11:50,694 - CIFAR-100_Training - INFO -         Layer (type)               Output Shape         Param #
2025-10-10 18:11:50,694 - CIFAR-100_Training - INFO - ================================================================
2025-10-10 18:11:50,694 - CIFAR-100_Training - INFO -             Conv2d-1           [-1, 64, 32, 32]           1,728
2025-10-10 18:11:50,694 - CIFAR-100_Training - INFO -        BatchNorm2d-2           [-1, 64, 32, 32]             128
2025-10-10 18:11:50,694 - CIFAR-100_Training - INFO -               ReLU-3           [-1, 64, 32, 32]               0
2025-10-10 18:11:50,694 - CIFAR-100_Training - INFO -             Conv2d-4           [-1, 64, 32, 32]          36,864
2025-10-10 18:11:50,694 - CIFAR-100_Training - INFO -        BatchNorm2d-5           [-1, 64, 32, 32]             128
2025-10-10 18:11:50,694 - CIFAR-100_Training - INFO -               ReLU-6           [-1, 64, 32, 32]               0
2025-10-10 18:11:50,694 - CIFAR-100_Training - INFO -             Conv2d-7           [-1, 64, 32, 32]          36,864
2025-10-10 18:11:50,694 - CIFAR-100_Training - INFO -        BatchNorm2d-8           [-1, 64, 32, 32]             128
2025-10-10 18:11:50,694 - CIFAR-100_Training - INFO -               ReLU-9           [-1, 64, 32, 32]               0
2025-10-10 18:11:50,694 - CIFAR-100_Training - INFO -        BasicBlock-10           [-1, 64, 32, 32]               0
2025-10-10 18:11:50,694 - CIFAR-100_Training - INFO -            Conv2d-11           [-1, 64, 32, 32]          36,864
2025-10-10 18:11:50,694 - CIFAR-100_Training - INFO -       BatchNorm2d-12           [-1, 64, 32, 32]             128
2025-10-10 18:11:50,694 - CIFAR-100_Training - INFO -              ReLU-13           [-1, 64, 32, 32]               0
2025-10-10 18:11:50,694 - CIFAR-100_Training - INFO -            Conv2d-14           [-1, 64, 32, 32]          36,864
2025-10-10 18:11:50,694 - CIFAR-100_Training - INFO -       BatchNorm2d-15           [-1, 64, 32, 32]             128
2025-10-10 18:11:50,694 - CIFAR-100_Training - INFO -              ReLU-16           [-1, 64, 32, 32]               0
2025-10-10 18:11:50,694 - CIFAR-100_Training - INFO -        BasicBlock-17           [-1, 64, 32, 32]               0
2025-10-10 18:11:50,694 - CIFAR-100_Training - INFO -           Dropout-18           [-1, 64, 32, 32]               0
2025-10-10 18:11:50,694 - CIFAR-100_Training - INFO -            Conv2d-19          [-1, 128, 16, 16]          73,728
2025-10-10 18:11:50,694 - CIFAR-100_Training - INFO -       BatchNorm2d-20          [-1, 128, 16, 16]             256
2025-10-10 18:11:50,694 - CIFAR-100_Training - INFO -              ReLU-21          [-1, 128, 16, 16]               0
2025-10-10 18:11:50,694 - CIFAR-100_Training - INFO -            Conv2d-22          [-1, 128, 16, 16]         147,456
2025-10-10 18:11:50,694 - CIFAR-100_Training - INFO -       BatchNorm2d-23          [-1, 128, 16, 16]             256
2025-10-10 18:11:50,694 - CIFAR-100_Training - INFO -            Conv2d-24          [-1, 128, 16, 16]           8,192
2025-10-10 18:11:50,694 - CIFAR-100_Training - INFO -       BatchNorm2d-25          [-1, 128, 16, 16]             256
2025-10-10 18:11:50,694 - CIFAR-100_Training - INFO -              ReLU-26          [-1, 128, 16, 16]               0
2025-10-10 18:11:50,694 - CIFAR-100_Training - INFO -        BasicBlock-27          [-1, 128, 16, 16]               0
2025-10-10 18:11:50,694 - CIFAR-100_Training - INFO -            Conv2d-28          [-1, 128, 16, 16]         147,456
2025-10-10 18:11:50,694 - CIFAR-100_Training - INFO -       BatchNorm2d-29          [-1, 128, 16, 16]             256
2025-10-10 18:11:50,694 - CIFAR-100_Training - INFO -              ReLU-30          [-1, 128, 16, 16]               0
2025-10-10 18:11:50,694 - CIFAR-100_Training - INFO -            Conv2d-31          [-1, 128, 16, 16]         147,456
2025-10-10 18:11:50,694 - CIFAR-100_Training - INFO -       BatchNorm2d-32          [-1, 128, 16, 16]             256
2025-10-10 18:11:50,694 - CIFAR-100_Training - INFO -              ReLU-33          [-1, 128, 16, 16]               0
2025-10-10 18:11:50,694 - CIFAR-100_Training - INFO -        BasicBlock-34          [-1, 128, 16, 16]               0
2025-10-10 18:11:50,694 - CIFAR-100_Training - INFO -           Dropout-35          [-1, 128, 16, 16]               0
2025-10-10 18:11:50,694 - CIFAR-100_Training - INFO -            Conv2d-36            [-1, 256, 8, 8]         294,912
2025-10-10 18:11:50,694 - CIFAR-100_Training - INFO -       BatchNorm2d-37            [-1, 256, 8, 8]             512
2025-10-10 18:11:50,694 - CIFAR-100_Training - INFO -              ReLU-38            [-1, 256, 8, 8]               0
2025-10-10 18:11:50,694 - CIFAR-100_Training - INFO -            Conv2d-39            [-1, 256, 8, 8]         589,824
2025-10-10 18:11:50,694 - CIFAR-100_Training - INFO -       BatchNorm2d-40            [-1, 256, 8, 8]             512
2025-10-10 18:11:50,694 - CIFAR-100_Training - INFO -            Conv2d-41            [-1, 256, 8, 8]          32,768
2025-10-10 18:11:50,694 - CIFAR-100_Training - INFO -       BatchNorm2d-42            [-1, 256, 8, 8]             512
2025-10-10 18:11:50,694 - CIFAR-100_Training - INFO -              ReLU-43            [-1, 256, 8, 8]               0
2025-10-10 18:11:50,694 - CIFAR-100_Training - INFO -        BasicBlock-44            [-1, 256, 8, 8]               0
2025-10-10 18:11:50,705 - CIFAR-100_Training - INFO -            Conv2d-45            [-1, 256, 8, 8]         589,824
2025-10-10 18:11:50,705 - CIFAR-100_Training - INFO -       BatchNorm2d-46            [-1, 256, 8, 8]             512
2025-10-10 18:11:50,705 - CIFAR-100_Training - INFO -              ReLU-47            [-1, 256, 8, 8]               0
2025-10-10 18:11:50,705 - CIFAR-100_Training - INFO -            Conv2d-48            [-1, 256, 8, 8]         589,824
2025-10-10 18:11:50,705 - CIFAR-100_Training - INFO -       BatchNorm2d-49            [-1, 256, 8, 8]             512
2025-10-10 18:11:50,705 - CIFAR-100_Training - INFO -              ReLU-50            [-1, 256, 8, 8]               0
2025-10-10 18:11:50,705 - CIFAR-100_Training - INFO -        BasicBlock-51            [-1, 256, 8, 8]               0
2025-10-10 18:11:50,705 - CIFAR-100_Training - INFO -           Dropout-52            [-1, 256, 8, 8]               0
2025-10-10 18:11:50,705 - CIFAR-100_Training - INFO -            Conv2d-53            [-1, 512, 4, 4]       1,179,648
2025-10-10 18:11:50,705 - CIFAR-100_Training - INFO -       BatchNorm2d-54            [-1, 512, 4, 4]           1,024
2025-10-10 18:11:50,705 - CIFAR-100_Training - INFO -              ReLU-55            [-1, 512, 4, 4]               0
2025-10-10 18:11:50,705 - CIFAR-100_Training - INFO -            Conv2d-56            [-1, 512, 4, 4]       2,359,296
2025-10-10 18:11:50,705 - CIFAR-100_Training - INFO -       BatchNorm2d-57            [-1, 512, 4, 4]           1,024
2025-10-10 18:11:50,705 - CIFAR-100_Training - INFO -            Conv2d-58            [-1, 512, 4, 4]         131,072
2025-10-10 18:11:50,707 - CIFAR-100_Training - INFO -       BatchNorm2d-59            [-1, 512, 4, 4]           1,024
2025-10-10 18:11:50,707 - CIFAR-100_Training - INFO -              ReLU-60            [-1, 512, 4, 4]               0
2025-10-10 18:11:50,707 - CIFAR-100_Training - INFO -        BasicBlock-61            [-1, 512, 4, 4]               0
2025-10-10 18:11:50,707 - CIFAR-100_Training - INFO -            Conv2d-62            [-1, 512, 4, 4]       2,359,296
2025-10-10 18:11:50,707 - CIFAR-100_Training - INFO -       BatchNorm2d-63            [-1, 512, 4, 4]           1,024
2025-10-10 18:11:50,707 - CIFAR-100_Training - INFO -              ReLU-64            [-1, 512, 4, 4]               0
2025-10-10 18:11:50,707 - CIFAR-100_Training - INFO -            Conv2d-65            [-1, 512, 4, 4]       2,359,296
2025-10-10 18:11:50,707 - CIFAR-100_Training - INFO -       BatchNorm2d-66            [-1, 512, 4, 4]           1,024
2025-10-10 18:11:50,707 - CIFAR-100_Training - INFO -              ReLU-67            [-1, 512, 4, 4]               0
2025-10-10 18:11:50,707 - CIFAR-100_Training - INFO -        BasicBlock-68            [-1, 512, 4, 4]               0
2025-10-10 18:11:50,707 - CIFAR-100_Training - INFO -           Dropout-69            [-1, 512, 4, 4]               0
2025-10-10 18:11:50,709 - CIFAR-100_Training - INFO - AdaptiveAvgPool2d-70            [-1, 512, 1, 1]               0
2025-10-10 18:11:50,709 - CIFAR-100_Training - INFO -           Dropout-71                  [-1, 512]               0
2025-10-10 18:11:50,709 - CIFAR-100_Training - INFO -            Linear-72                  [-1, 100]          51,300
2025-10-10 18:11:50,709 - CIFAR-100_Training - INFO - ================================================================
2025-10-10 18:11:50,709 - CIFAR-100_Training - INFO - Total params: 11,220,132
2025-10-10 18:11:50,709 - CIFAR-100_Training - INFO - Trainable params: 11,220,132
2025-10-10 18:11:50,709 - CIFAR-100_Training - INFO - Non-trainable params: 0
2025-10-10 18:11:50,710 - CIFAR-100_Training - INFO - ----------------------------------------------------------------
2025-10-10 18:11:50,710 - CIFAR-100_Training - INFO - Input size (MB): 0.01
2025-10-10 18:11:50,710 - CIFAR-100_Training - INFO - Forward/backward pass size (MB): 16.45
2025-10-10 18:11:50,710 - CIFAR-100_Training - INFO - Params size (MB): 42.80
2025-10-10 18:11:50,710 - CIFAR-100_Training - INFO - Estimated Total Size (MB): 59.26
2025-10-10 18:11:50,710 - CIFAR-100_Training - INFO - ----------------------------------------------------------------
2025-10-10 18:11:50,710 - CIFAR-100_Training - INFO - ==================================================
2025-10-10 18:11:50,710 - CIFAR-100_Training - INFO - Setting up trainer...
2025-10-10 18:11:50,712 - CIFAR-100_Training - INFO - Using device: cuda
2025-10-10 18:11:50,714 - CIFAR-100_Training - INFO - Early stopping: Stop if train_acc - test_acc > 15.0% for 10 epochs
2025-10-10 18:11:50,714 - CIFAR-100_Training - INFO - Starting training process...
2025-10-10 18:11:50,714 - CIFAR-100_Training - INFO - Starting training process...
2025-10-10 18:11:50,714 - CIFAR-100_Training - INFO - Using optimizer: Adam
2025-10-10 18:11:50,714 - CIFAR-100_Training - INFO - Using scheduler: ReduceLROnPlateau
2025-10-10 18:11:50,716 - CIFAR-100_Training - INFO - Optimizer Configuration:
2025-10-10 18:11:50,716 - CIFAR-100_Training - INFO -   - Learning Rate: 0.001
2025-10-10 18:11:50,716 - CIFAR-100_Training - INFO -   - Betas: (0.9, 0.999)
2025-10-10 18:11:50,716 - CIFAR-100_Training - INFO -   - Eps: 1e-08
2025-10-10 18:11:50,716 - CIFAR-100_Training - INFO -   - Weight Decay: 0.0001
2025-10-10 18:11:50,716 - CIFAR-100_Training - INFO - Scheduler Configuration:
2025-10-10 18:11:50,716 - CIFAR-100_Training - INFO -   - Mode: min
2025-10-10 18:11:50,716 - CIFAR-100_Training - INFO -   - Factor: 0.5
2025-10-10 18:11:50,716 - CIFAR-100_Training - INFO -   - Patience: 10
2025-10-10 18:11:50,716 - CIFAR-100_Training - INFO -   - Threshold: 0.0001
2025-10-10 18:11:50,716 - CIFAR-100_Training - INFO - Starting Epoch 1/200
