2025-10-11 14:08:44,869 - CIFAR-100_Training - INFO - Logger initialized. Log file: C:\Users\krish\Documents\Krishnakanth\Learnings\Learnings\MNIST_Model\Reference\ERAS8\Model_Evolution\FineTune\logs\20251011_140844_cifar100_training.log
2025-10-11 14:08:44,869 - CIFAR-100_Training - INFO - Updated Configuration (from main()):
2025-10-11 14:08:44,869 - CIFAR-100_Training - INFO -   - Epochs: 100
2025-10-11 14:08:44,869 - CIFAR-100_Training - INFO -   - Learning Rate: 0.00251
2025-10-11 14:08:44,869 - CIFAR-100_Training - INFO -   - Optimizer: SGD
2025-10-11 14:08:44,869 - CIFAR-100_Training - INFO -   - Weight Decay: 0.0001
2025-10-11 14:08:44,869 - CIFAR-100_Training - INFO -   - Momentum: 0.9
2025-10-11 14:08:44,869 - CIFAR-100_Training - INFO -   - Scheduler: OneCycleLR
2025-10-11 14:08:44,869 - CIFAR-100_Training - INFO -   - Max LR: 0.01
2025-10-11 14:08:44,869 - CIFAR-100_Training - INFO -   - Pct Start: 0.3
2025-10-11 14:08:44,869 - CIFAR-100_Training - INFO -   - Div Factor: 10.0
2025-10-11 14:08:44,869 - CIFAR-100_Training - INFO -   - Final Div Factor: 1000.0
2025-10-11 14:08:44,869 - CIFAR-100_Training - INFO -   - Anneal Strategy: cos
2025-10-11 14:08:44,869 - CIFAR-100_Training - INFO -   - Batch Size: 128
2025-10-11 14:08:44,869 - CIFAR-100_Training - INFO -   - Num Workers: 4
2025-10-11 14:08:44,869 - CIFAR-100_Training - INFO -   - Pin Memory: True
2025-10-11 14:08:44,869 - CIFAR-100_Training - INFO -   - Shuffle: True
2025-10-11 14:08:44,869 - CIFAR-100_Training - INFO -   - Dropout Rate: 0.0
2025-10-11 14:08:44,869 - CIFAR-100_Training - INFO -   - Device: CUDA
2025-10-11 14:08:44,869 - CIFAR-100_Training - INFO -   - Log Directory: C:\Users\krish\Documents\Krishnakanth\Learnings\Learnings\MNIST_Model\Reference\ERAS8\Model_Evolution\FineTune\logs
2025-10-11 14:08:44,869 - CIFAR-100_Training - INFO -   - Model Save Directory: C:\Users\krish\Documents\Krishnakanth\Learnings\Learnings\MNIST_Model\Reference\ERAS8\Model_Evolution\FineTune\models
2025-10-11 14:08:44,869 - CIFAR-100_Training - INFO -   - Save Model: True
2025-10-11 14:08:44,869 - CIFAR-100_Training - INFO -   - Log Level: INFO
2025-10-11 14:08:44,869 - CIFAR-100_Training - INFO - ==================================================
2025-10-11 14:08:44,869 - CIFAR-100_Training - INFO - ==================================================
2025-10-11 14:08:44,869 - CIFAR-100_Training - INFO - CIFAR-100 TRAINING EXPERIMENT STARTED
2025-10-11 14:08:44,869 - CIFAR-100_Training - INFO - ==================================================
2025-10-11 14:08:44,869 - CIFAR-100_Training - INFO - Data Config: DataConfig(data_dir='./data', batch_size=128, num_workers=4, pin_memory=True, shuffle=True, cifar100_mean=(0.507076, 0.48655, 0.440919), cifar100_std=(0.267334, 0.256438, 0.27615), rotation_range=(-7.0, 7.0), fill_value=1)
2025-10-11 14:08:44,869 - CIFAR-100_Training - INFO - Model Config: ModelConfig(input_channels=3, input_size=(32, 32), num_classes=100, dropout_rate=0.0)
2025-10-11 14:08:44,869 - CIFAR-100_Training - INFO - Training Config: TrainingConfig(epochs=100, learning_rate=0.00251, momentum=0.9, weight_decay=0.0001, scheduler_step_size=10, scheduler_gamma=0.1, seed=1, optimizer_type='SGD', adam_betas=(0.9, 0.999), adam_eps=1e-08, rmsprop_alpha=0.99, scheduler_type='OneCycleLR', cosine_t_max=20, exponential_gamma=0.95, plateau_mode='min', plateau_factor=0.5, plateau_patience=5, plateau_threshold=0.0001, onecycle_max_lr=0.01, onecycle_pct_start=0.3, onecycle_div_factor=10.0, onecycle_final_div_factor=1000.0, onecycle_anneal_strategy='cos')
2025-10-11 14:08:44,869 - CIFAR-100_Training - INFO - ==================================================
2025-10-11 14:08:44,869 - CIFAR-100_Training - INFO - Setting up data...
2025-10-11 14:08:44,869 - CIFAR-100_Training - INFO - Using Albumentations for data augmentation
2025-10-11 14:08:44,881 - CIFAR-100_Training - INFO - Loading CIFAR-100 dataset...
2025-10-11 14:08:46,265 - CIFAR-100_Training - INFO - CIFAR-100 dataset loaded successfully!
2025-10-11 14:08:46,265 - CIFAR-100_Training - INFO - Train samples: 50000
2025-10-11 14:08:46,265 - CIFAR-100_Training - INFO - Test samples: 10000
2025-10-11 14:08:46,265 - CIFAR-100_Training - INFO - Augmentation library: Albumentations
2025-10-11 14:08:46,265 - CIFAR-100_Training - INFO - Computing CIFAR-100 data statistics...
2025-10-11 14:08:48,089 - CIFAR-100_Training - INFO - CIFAR-100 Data Statistics:
2025-10-11 14:08:48,089 - CIFAR-100_Training - INFO -   - Shape: (50000, 32, 32, 3)
2025-10-11 14:08:48,089 - CIFAR-100_Training - INFO -   - Size: 153,600,000
2025-10-11 14:08:48,089 - CIFAR-100_Training - INFO -   - Min: 0.0000
2025-10-11 14:08:48,089 - CIFAR-100_Training - INFO -   - Max: 1.0000
2025-10-11 14:08:48,089 - CIFAR-100_Training - INFO -   - Mean: 0.4782
2025-10-11 14:08:48,093 - CIFAR-100_Training - INFO -   - Std: 0.2682
2025-10-11 14:08:48,093 - CIFAR-100_Training - INFO -   - Variance: 0.0719
2025-10-11 14:08:48,093 - CIFAR-100_Training - INFO - Channel-wise Statistics:
2025-10-11 14:08:48,093 - CIFAR-100_Training - INFO -   Red Channel:
2025-10-11 14:08:48,093 - CIFAR-100_Training - INFO -     - Mean: 0.5071
2025-10-11 14:08:48,093 - CIFAR-100_Training - INFO -     - Std: 0.2673
2025-10-11 14:08:48,093 - CIFAR-100_Training - INFO -     - Min: 0.0000
2025-10-11 14:08:48,093 - CIFAR-100_Training - INFO -     - Max: 1.0000
2025-10-11 14:08:48,093 - CIFAR-100_Training - INFO -   Green Channel:
2025-10-11 14:08:48,093 - CIFAR-100_Training - INFO -     - Mean: 0.4865
2025-10-11 14:08:48,093 - CIFAR-100_Training - INFO -     - Std: 0.2564
2025-10-11 14:08:48,093 - CIFAR-100_Training - INFO -     - Min: 0.0000
2025-10-11 14:08:48,093 - CIFAR-100_Training - INFO -     - Max: 1.0000
2025-10-11 14:08:48,093 - CIFAR-100_Training - INFO -   Blue Channel:
2025-10-11 14:08:48,093 - CIFAR-100_Training - INFO -     - Mean: 0.4409
2025-10-11 14:08:48,093 - CIFAR-100_Training - INFO -     - Std: 0.2762
2025-10-11 14:08:48,093 - CIFAR-100_Training - INFO -     - Min: 0.0000
2025-10-11 14:08:48,093 - CIFAR-100_Training - INFO -     - Max: 1.0000
2025-10-11 14:09:02,448 - CIFAR-100_Training - INFO - CIFAR-100 Batch Information:
2025-10-11 14:09:02,448 - CIFAR-100_Training - INFO -   - Batch size: 128
2025-10-11 14:09:02,448 - CIFAR-100_Training - INFO -   - Image shape: torch.Size([3, 32, 32])
2025-10-11 14:09:02,448 - CIFAR-100_Training - INFO -   - Label shape: torch.Size([128])
2025-10-11 14:09:02,448 - CIFAR-100_Training - INFO -   - Data type: torch.float32
2025-10-11 14:09:02,448 - CIFAR-100_Training - INFO -   - Number of classes: 100
2025-10-11 14:09:03,623 - CIFAR-100_Training - INFO - Getting input size from CIFAR-100 data loader...
2025-10-11 14:09:15,926 - CIFAR-100_Training - INFO - CIFAR-100 input size from data loader: (3, 32, 32)
2025-10-11 14:09:17,037 - CIFAR-100_Training - INFO - Setting up model...
2025-10-11 14:09:17,395 - CIFAR-100_Training - INFO - Generating ResNet-34 summary...
2025-10-11 14:09:17,898 - CIFAR-100_Training - INFO - ResNet-34 Architecture Summary:
2025-10-11 14:09:17,898 - CIFAR-100_Training - INFO -   - Total Parameters: 21,890,092
2025-10-11 14:09:17,898 - CIFAR-100_Training - INFO -   - Batch Normalization: Yes
2025-10-11 14:09:17,898 - CIFAR-100_Training - INFO -   - Dropout: Yes
2025-10-11 14:09:17,898 - CIFAR-100_Training - INFO -   - FC Layers: Yes
2025-10-11 14:09:17,898 - CIFAR-100_Training - INFO -   - GAP Layers: Yes
2025-10-11 14:09:17,898 - CIFAR-100_Training - INFO - ==================================================
2025-10-11 14:09:17,898 - CIFAR-100_Training - INFO - DETAILED MODEL ARCHITECTURE SUMMARY
2025-10-11 14:09:17,898 - CIFAR-100_Training - INFO - ==================================================
2025-10-11 14:09:17,898 - CIFAR-100_Training - INFO - ----------------------------------------------------------------
2025-10-11 14:09:17,898 - CIFAR-100_Training - INFO -         Layer (type)               Output Shape         Param #
2025-10-11 14:09:17,898 - CIFAR-100_Training - INFO - ================================================================
2025-10-11 14:09:17,898 - CIFAR-100_Training - INFO -             Conv2d-1           [-1, 64, 32, 32]           1,728
2025-10-11 14:09:17,898 - CIFAR-100_Training - INFO -        BatchNorm2d-2           [-1, 64, 32, 32]             128
2025-10-11 14:09:17,898 - CIFAR-100_Training - INFO -               ReLU-3           [-1, 64, 32, 32]               0
2025-10-11 14:09:17,898 - CIFAR-100_Training - INFO -             Conv2d-4           [-1, 64, 32, 32]          36,864
2025-10-11 14:09:17,898 - CIFAR-100_Training - INFO -        BatchNorm2d-5           [-1, 64, 32, 32]             128
2025-10-11 14:09:17,914 - CIFAR-100_Training - INFO -               ReLU-6           [-1, 64, 32, 32]               0
2025-10-11 14:09:17,914 - CIFAR-100_Training - INFO -             Conv2d-7           [-1, 64, 32, 32]          36,864
2025-10-11 14:09:17,914 - CIFAR-100_Training - INFO -        BatchNorm2d-8           [-1, 64, 32, 32]             128
2025-10-11 14:09:17,914 - CIFAR-100_Training - INFO -               ReLU-9           [-1, 64, 32, 32]               0
2025-10-11 14:09:17,914 - CIFAR-100_Training - INFO -        BasicBlock-10           [-1, 64, 32, 32]               0
2025-10-11 14:09:17,914 - CIFAR-100_Training - INFO -            Conv2d-11           [-1, 64, 32, 32]          36,864
2025-10-11 14:09:17,914 - CIFAR-100_Training - INFO -       BatchNorm2d-12           [-1, 64, 32, 32]             128
2025-10-11 14:09:17,914 - CIFAR-100_Training - INFO -              ReLU-13           [-1, 64, 32, 32]               0
2025-10-11 14:09:17,914 - CIFAR-100_Training - INFO -            Conv2d-14           [-1, 64, 32, 32]          36,864
2025-10-11 14:09:17,914 - CIFAR-100_Training - INFO -       BatchNorm2d-15           [-1, 64, 32, 32]             128
2025-10-11 14:09:17,914 - CIFAR-100_Training - INFO -              ReLU-16           [-1, 64, 32, 32]               0
2025-10-11 14:09:17,914 - CIFAR-100_Training - INFO -        BasicBlock-17           [-1, 64, 32, 32]               0
2025-10-11 14:09:17,914 - CIFAR-100_Training - INFO -            Conv2d-18           [-1, 64, 32, 32]          36,864
2025-10-11 14:09:17,914 - CIFAR-100_Training - INFO -       BatchNorm2d-19           [-1, 64, 32, 32]             128
2025-10-11 14:09:17,914 - CIFAR-100_Training - INFO -              ReLU-20           [-1, 64, 32, 32]               0
2025-10-11 14:09:17,914 - CIFAR-100_Training - INFO -            Conv2d-21           [-1, 64, 32, 32]          36,864
2025-10-11 14:09:17,914 - CIFAR-100_Training - INFO -       BatchNorm2d-22           [-1, 64, 32, 32]             128
2025-10-11 14:09:17,914 - CIFAR-100_Training - INFO -              ReLU-23           [-1, 64, 32, 32]               0
2025-10-11 14:09:17,914 - CIFAR-100_Training - INFO -        BasicBlock-24           [-1, 64, 32, 32]               0
2025-10-11 14:09:17,914 - CIFAR-100_Training - INFO -            Conv2d-25          [-1, 128, 16, 16]          73,728
2025-10-11 14:09:17,914 - CIFAR-100_Training - INFO -       BatchNorm2d-26          [-1, 128, 16, 16]             256
2025-10-11 14:09:17,914 - CIFAR-100_Training - INFO -              ReLU-27          [-1, 128, 16, 16]               0
2025-10-11 14:09:17,914 - CIFAR-100_Training - INFO -            Conv2d-28          [-1, 128, 16, 16]         147,456
2025-10-11 14:09:17,914 - CIFAR-100_Training - INFO -       BatchNorm2d-29          [-1, 128, 16, 16]             256
2025-10-11 14:09:17,914 - CIFAR-100_Training - INFO -            Conv2d-30          [-1, 128, 16, 16]           8,192
2025-10-11 14:09:17,914 - CIFAR-100_Training - INFO -       BatchNorm2d-31          [-1, 128, 16, 16]             256
2025-10-11 14:09:17,914 - CIFAR-100_Training - INFO -              ReLU-32          [-1, 128, 16, 16]               0
2025-10-11 14:09:17,914 - CIFAR-100_Training - INFO -        BasicBlock-33          [-1, 128, 16, 16]               0
2025-10-11 14:09:17,914 - CIFAR-100_Training - INFO -            Conv2d-34          [-1, 128, 16, 16]         147,456
2025-10-11 14:09:17,914 - CIFAR-100_Training - INFO -       BatchNorm2d-35          [-1, 128, 16, 16]             256
2025-10-11 14:09:17,914 - CIFAR-100_Training - INFO -              ReLU-36          [-1, 128, 16, 16]               0
2025-10-11 14:09:17,914 - CIFAR-100_Training - INFO -            Conv2d-37          [-1, 128, 16, 16]         147,456
2025-10-11 14:09:17,914 - CIFAR-100_Training - INFO -       BatchNorm2d-38          [-1, 128, 16, 16]             256
2025-10-11 14:09:17,914 - CIFAR-100_Training - INFO -              ReLU-39          [-1, 128, 16, 16]               0
2025-10-11 14:09:17,917 - CIFAR-100_Training - INFO -        BasicBlock-40          [-1, 128, 16, 16]               0
2025-10-11 14:09:17,917 - CIFAR-100_Training - INFO -            Conv2d-41          [-1, 128, 16, 16]         147,456
2025-10-11 14:09:17,917 - CIFAR-100_Training - INFO -       BatchNorm2d-42          [-1, 128, 16, 16]             256
2025-10-11 14:09:17,917 - CIFAR-100_Training - INFO -              ReLU-43          [-1, 128, 16, 16]               0
2025-10-11 14:09:17,917 - CIFAR-100_Training - INFO -            Conv2d-44          [-1, 128, 16, 16]         147,456
2025-10-11 14:09:17,917 - CIFAR-100_Training - INFO -       BatchNorm2d-45          [-1, 128, 16, 16]             256
2025-10-11 14:09:17,918 - CIFAR-100_Training - INFO -              ReLU-46          [-1, 128, 16, 16]               0
2025-10-11 14:09:17,918 - CIFAR-100_Training - INFO -        BasicBlock-47          [-1, 128, 16, 16]               0
2025-10-11 14:09:17,918 - CIFAR-100_Training - INFO -            Conv2d-48          [-1, 128, 16, 16]         147,456
2025-10-11 14:09:17,918 - CIFAR-100_Training - INFO -       BatchNorm2d-49          [-1, 128, 16, 16]             256
2025-10-11 14:09:17,918 - CIFAR-100_Training - INFO -              ReLU-50          [-1, 128, 16, 16]               0
2025-10-11 14:09:17,918 - CIFAR-100_Training - INFO -            Conv2d-51          [-1, 128, 16, 16]         147,456
2025-10-11 14:09:17,918 - CIFAR-100_Training - INFO -       BatchNorm2d-52          [-1, 128, 16, 16]             256
2025-10-11 14:09:17,919 - CIFAR-100_Training - INFO -              ReLU-53          [-1, 128, 16, 16]               0
2025-10-11 14:09:17,919 - CIFAR-100_Training - INFO -        BasicBlock-54          [-1, 128, 16, 16]               0
2025-10-11 14:09:17,919 - CIFAR-100_Training - INFO -            Conv2d-55            [-1, 256, 8, 8]         294,912
2025-10-11 14:09:17,919 - CIFAR-100_Training - INFO -       BatchNorm2d-56            [-1, 256, 8, 8]             512
2025-10-11 14:09:17,919 - CIFAR-100_Training - INFO -              ReLU-57            [-1, 256, 8, 8]               0
2025-10-11 14:09:17,919 - CIFAR-100_Training - INFO -            Conv2d-58            [-1, 256, 8, 8]         589,824
2025-10-11 14:09:17,919 - CIFAR-100_Training - INFO -       BatchNorm2d-59            [-1, 256, 8, 8]             512
2025-10-11 14:09:17,920 - CIFAR-100_Training - INFO -            Conv2d-60            [-1, 256, 8, 8]          32,768
2025-10-11 14:09:17,920 - CIFAR-100_Training - INFO -       BatchNorm2d-61            [-1, 256, 8, 8]             512
2025-10-11 14:09:17,920 - CIFAR-100_Training - INFO -              ReLU-62            [-1, 256, 8, 8]               0
2025-10-11 14:09:17,920 - CIFAR-100_Training - INFO -        BasicBlock-63            [-1, 256, 8, 8]               0
2025-10-11 14:09:17,920 - CIFAR-100_Training - INFO -            Conv2d-64            [-1, 256, 8, 8]         589,824
2025-10-11 14:09:17,920 - CIFAR-100_Training - INFO -       BatchNorm2d-65            [-1, 256, 8, 8]             512
2025-10-11 14:09:17,920 - CIFAR-100_Training - INFO -              ReLU-66            [-1, 256, 8, 8]               0
2025-10-11 14:09:17,920 - CIFAR-100_Training - INFO -            Conv2d-67            [-1, 256, 8, 8]         589,824
2025-10-11 14:09:17,920 - CIFAR-100_Training - INFO -       BatchNorm2d-68            [-1, 256, 8, 8]             512
2025-10-11 14:09:17,920 - CIFAR-100_Training - INFO -              ReLU-69            [-1, 256, 8, 8]               0
2025-10-11 14:09:17,921 - CIFAR-100_Training - INFO -        BasicBlock-70            [-1, 256, 8, 8]               0
2025-10-11 14:09:17,921 - CIFAR-100_Training - INFO -            Conv2d-71            [-1, 256, 8, 8]         589,824
2025-10-11 14:09:17,921 - CIFAR-100_Training - INFO -       BatchNorm2d-72            [-1, 256, 8, 8]             512
2025-10-11 14:09:17,921 - CIFAR-100_Training - INFO -              ReLU-73            [-1, 256, 8, 8]               0
2025-10-11 14:09:17,921 - CIFAR-100_Training - INFO -            Conv2d-74            [-1, 256, 8, 8]         589,824
2025-10-11 14:09:17,921 - CIFAR-100_Training - INFO -       BatchNorm2d-75            [-1, 256, 8, 8]             512
2025-10-11 14:09:17,921 - CIFAR-100_Training - INFO -              ReLU-76            [-1, 256, 8, 8]               0
2025-10-11 14:09:17,921 - CIFAR-100_Training - INFO -        BasicBlock-77            [-1, 256, 8, 8]               0
2025-10-11 14:09:17,921 - CIFAR-100_Training - INFO -            Conv2d-78            [-1, 256, 8, 8]         589,824
2025-10-11 14:09:17,921 - CIFAR-100_Training - INFO -       BatchNorm2d-79            [-1, 256, 8, 8]             512
2025-10-11 14:09:17,921 - CIFAR-100_Training - INFO -              ReLU-80            [-1, 256, 8, 8]               0
2025-10-11 14:09:17,921 - CIFAR-100_Training - INFO -            Conv2d-81            [-1, 256, 8, 8]         589,824
2025-10-11 14:09:17,922 - CIFAR-100_Training - INFO -       BatchNorm2d-82            [-1, 256, 8, 8]             512
2025-10-11 14:09:17,922 - CIFAR-100_Training - INFO -              ReLU-83            [-1, 256, 8, 8]               0
2025-10-11 14:09:17,922 - CIFAR-100_Training - INFO -        BasicBlock-84            [-1, 256, 8, 8]               0
2025-10-11 14:09:17,922 - CIFAR-100_Training - INFO -            Conv2d-85            [-1, 256, 8, 8]         589,824
2025-10-11 14:09:17,922 - CIFAR-100_Training - INFO -       BatchNorm2d-86            [-1, 256, 8, 8]             512
2025-10-11 14:09:17,922 - CIFAR-100_Training - INFO -              ReLU-87            [-1, 256, 8, 8]               0
2025-10-11 14:09:17,923 - CIFAR-100_Training - INFO -            Conv2d-88            [-1, 256, 8, 8]         589,824
2025-10-11 14:09:17,923 - CIFAR-100_Training - INFO -       BatchNorm2d-89            [-1, 256, 8, 8]             512
2025-10-11 14:09:17,923 - CIFAR-100_Training - INFO -              ReLU-90            [-1, 256, 8, 8]               0
2025-10-11 14:09:17,923 - CIFAR-100_Training - INFO -        BasicBlock-91            [-1, 256, 8, 8]               0
2025-10-11 14:09:17,923 - CIFAR-100_Training - INFO -            Conv2d-92            [-1, 256, 8, 8]         589,824
2025-10-11 14:09:17,923 - CIFAR-100_Training - INFO -       BatchNorm2d-93            [-1, 256, 8, 8]             512
2025-10-11 14:09:17,923 - CIFAR-100_Training - INFO -              ReLU-94            [-1, 256, 8, 8]               0
2025-10-11 14:09:17,923 - CIFAR-100_Training - INFO -            Conv2d-95            [-1, 256, 8, 8]         589,824
2025-10-11 14:09:17,924 - CIFAR-100_Training - INFO -       BatchNorm2d-96            [-1, 256, 8, 8]             512
2025-10-11 14:09:17,924 - CIFAR-100_Training - INFO -              ReLU-97            [-1, 256, 8, 8]               0
2025-10-11 14:09:17,924 - CIFAR-100_Training - INFO -        BasicBlock-98            [-1, 256, 8, 8]               0
2025-10-11 14:09:17,924 - CIFAR-100_Training - INFO -            Conv2d-99            [-1, 512, 4, 4]       1,179,648
2025-10-11 14:09:17,924 - CIFAR-100_Training - INFO -      BatchNorm2d-100            [-1, 512, 4, 4]           1,024
2025-10-11 14:09:17,924 - CIFAR-100_Training - INFO -             ReLU-101            [-1, 512, 4, 4]               0
2025-10-11 14:09:17,924 - CIFAR-100_Training - INFO -           Conv2d-102            [-1, 512, 4, 4]       2,359,296
2025-10-11 14:09:17,924 - CIFAR-100_Training - INFO -      BatchNorm2d-103            [-1, 512, 4, 4]           1,024
2025-10-11 14:09:17,924 - CIFAR-100_Training - INFO -           Conv2d-104            [-1, 512, 4, 4]         131,072
2025-10-11 14:09:17,924 - CIFAR-100_Training - INFO -      BatchNorm2d-105            [-1, 512, 4, 4]           1,024
2025-10-11 14:09:17,924 - CIFAR-100_Training - INFO -             ReLU-106            [-1, 512, 4, 4]               0
2025-10-11 14:09:17,924 - CIFAR-100_Training - INFO -       BasicBlock-107            [-1, 512, 4, 4]               0
2025-10-11 14:09:17,924 - CIFAR-100_Training - INFO -           Conv2d-108            [-1, 512, 4, 4]       2,359,296
2025-10-11 14:09:17,924 - CIFAR-100_Training - INFO -      BatchNorm2d-109            [-1, 512, 4, 4]           1,024
2025-10-11 14:09:17,924 - CIFAR-100_Training - INFO -             ReLU-110            [-1, 512, 4, 4]               0
2025-10-11 14:09:17,924 - CIFAR-100_Training - INFO -           Conv2d-111            [-1, 512, 4, 4]       2,359,296
2025-10-11 14:09:17,924 - CIFAR-100_Training - INFO -      BatchNorm2d-112            [-1, 512, 4, 4]           1,024
2025-10-11 14:09:17,924 - CIFAR-100_Training - INFO -             ReLU-113            [-1, 512, 4, 4]               0
2025-10-11 14:09:17,924 - CIFAR-100_Training - INFO -       BasicBlock-114            [-1, 512, 4, 4]               0
2025-10-11 14:09:17,924 - CIFAR-100_Training - INFO -           Conv2d-115            [-1, 512, 4, 4]       2,359,296
2025-10-11 14:09:17,924 - CIFAR-100_Training - INFO -      BatchNorm2d-116            [-1, 512, 4, 4]           1,024
2025-10-11 14:09:17,924 - CIFAR-100_Training - INFO -             ReLU-117            [-1, 512, 4, 4]               0
2025-10-11 14:09:17,924 - CIFAR-100_Training - INFO -           Conv2d-118            [-1, 512, 4, 4]       2,359,296
2025-10-11 14:09:17,924 - CIFAR-100_Training - INFO -      BatchNorm2d-119            [-1, 512, 4, 4]           1,024
2025-10-11 14:09:17,924 - CIFAR-100_Training - INFO -             ReLU-120            [-1, 512, 4, 4]               0
2025-10-11 14:09:17,924 - CIFAR-100_Training - INFO -       BasicBlock-121            [-1, 512, 4, 4]               0
2025-10-11 14:09:17,924 - CIFAR-100_Training - INFO - AdaptiveAvgPool2d-122            [-1, 512, 1, 1]               0
2025-10-11 14:09:17,924 - CIFAR-100_Training - INFO -          Dropout-123                  [-1, 512]               0
2025-10-11 14:09:17,924 - CIFAR-100_Training - INFO -           Linear-124                 [-1, 1000]         513,000
2025-10-11 14:09:17,924 - CIFAR-100_Training - INFO -          Dropout-125                 [-1, 1000]               0
2025-10-11 14:09:17,924 - CIFAR-100_Training - INFO -           Linear-126                  [-1, 100]         100,100
2025-10-11 14:09:17,924 - CIFAR-100_Training - INFO - ================================================================
2025-10-11 14:09:17,924 - CIFAR-100_Training - INFO - Total params: 21,890,092
2025-10-11 14:09:17,924 - CIFAR-100_Training - INFO - Trainable params: 21,890,092
2025-10-11 14:09:17,924 - CIFAR-100_Training - INFO - Non-trainable params: 0
2025-10-11 14:09:17,924 - CIFAR-100_Training - INFO - ----------------------------------------------------------------
2025-10-11 14:09:17,924 - CIFAR-100_Training - INFO - Input size (MB): 0.01
2025-10-11 14:09:17,924 - CIFAR-100_Training - INFO - Forward/backward pass size (MB): 26.46
2025-10-11 14:09:17,924 - CIFAR-100_Training - INFO - Params size (MB): 83.50
2025-10-11 14:09:17,924 - CIFAR-100_Training - INFO - Estimated Total Size (MB): 109.98
2025-10-11 14:09:17,924 - CIFAR-100_Training - INFO - ----------------------------------------------------------------
2025-10-11 14:09:17,924 - CIFAR-100_Training - INFO - ==================================================
2025-10-11 14:09:17,924 - CIFAR-100_Training - INFO - Setting up trainer...
2025-10-11 14:09:17,924 - CIFAR-100_Training - INFO - Using device: cuda
2025-10-11 14:09:17,931 - CIFAR-100_Training - INFO - Early stopping: Stop if train_acc - test_acc > 15.0% for 10 epochs
2025-10-11 14:09:17,931 - CIFAR-100_Training - INFO - Starting training process...
2025-10-11 14:09:17,931 - CIFAR-100_Training - INFO - Starting training process...
2025-10-11 14:09:17,932 - CIFAR-100_Training - INFO - Using optimizer: SGD
2025-10-11 14:09:17,932 - CIFAR-100_Training - INFO - Using scheduler: OneCycleLR
2025-10-11 14:09:17,932 - CIFAR-100_Training - INFO - Optimizer Configuration:
2025-10-11 14:09:17,932 - CIFAR-100_Training - INFO -   - Learning Rate: 0.00251
2025-10-11 14:09:17,932 - CIFAR-100_Training - INFO -   - Momentum: 0.9
2025-10-11 14:09:17,934 - CIFAR-100_Training - INFO -   - Weight Decay: 0.0001
2025-10-11 14:09:17,934 - CIFAR-100_Training - INFO - Scheduler Configuration:
2025-10-11 14:09:17,934 - CIFAR-100_Training - INFO -   - Max LR: 0.01
2025-10-11 14:09:17,934 - CIFAR-100_Training - INFO -   - Steps per Epoch: 391
2025-10-11 14:09:17,934 - CIFAR-100_Training - INFO -   - Pct Start: 0.3
2025-10-11 14:09:17,934 - CIFAR-100_Training - INFO -   - Div Factor: 10.0
2025-10-11 14:09:17,934 - CIFAR-100_Training - INFO -   - Final Div Factor: 1000.0
2025-10-11 14:09:17,934 - CIFAR-100_Training - INFO -   - Anneal Strategy: cos
2025-10-11 14:09:17,934 - CIFAR-100_Training - INFO - Starting Epoch 1/100
