2025-10-11 09:03:18,774 - CIFAR-100_Training - INFO - Logger initialized. Log file: /content/logs/20251011_090318_cifar100_training.log
INFO:CIFAR-100_Training:Logger initialized. Log file: /content/logs/20251011_090318_cifar100_training.log
2025-10-11 09:03:18,776 - CIFAR-100_Training - INFO - Updated Configuration (from main()):
INFO:CIFAR-100_Training:Updated Configuration (from main()):
2025-10-11 09:03:18,777 - CIFAR-100_Training - INFO -   - Epochs: 30
INFO:CIFAR-100_Training:  - Epochs: 30
2025-10-11 09:03:18,778 - CIFAR-100_Training - INFO -   - Learning Rate: 0.001
INFO:CIFAR-100_Training:  - Learning Rate: 0.001
2025-10-11 09:03:18,779 - CIFAR-100_Training - INFO -   - Optimizer: Adam
INFO:CIFAR-100_Training:  - Optimizer: Adam
2025-10-11 09:03:18,780 - CIFAR-100_Training - INFO -   - Weight Decay: 0.0001
INFO:CIFAR-100_Training:  - Weight Decay: 0.0001
2025-10-11 09:03:18,781 - CIFAR-100_Training - INFO -   - Adam Betas: (0.9, 0.999)
INFO:CIFAR-100_Training:  - Adam Betas: (0.9, 0.999)
2025-10-11 09:03:18,782 - CIFAR-100_Training - INFO -   - Adam Eps: 1e-08
INFO:CIFAR-100_Training:  - Adam Eps: 1e-08
2025-10-11 09:03:18,783 - CIFAR-100_Training - INFO -   - Scheduler: OneCycleLR
INFO:CIFAR-100_Training:  - Scheduler: OneCycleLR
2025-10-11 09:03:18,784 - CIFAR-100_Training - INFO -   - Max LR: 0.003
INFO:CIFAR-100_Training:  - Max LR: 0.003
2025-10-11 09:03:18,785 - CIFAR-100_Training - INFO -   - Pct Start: 0.3
INFO:CIFAR-100_Training:  - Pct Start: 0.3
2025-10-11 09:03:18,786 - CIFAR-100_Training - INFO -   - Div Factor: 5
INFO:CIFAR-100_Training:  - Div Factor: 5
2025-10-11 09:03:18,787 - CIFAR-100_Training - INFO -   - Final Div Factor: 1000.0
INFO:CIFAR-100_Training:  - Final Div Factor: 1000.0
2025-10-11 09:03:18,789 - CIFAR-100_Training - INFO -   - Anneal Strategy: cos
INFO:CIFAR-100_Training:  - Anneal Strategy: cos
2025-10-11 09:03:18,790 - CIFAR-100_Training - INFO -   - Batch Size: 128
INFO:CIFAR-100_Training:  - Batch Size: 128
2025-10-11 09:03:18,790 - CIFAR-100_Training - INFO -   - Num Workers: 4
INFO:CIFAR-100_Training:  - Num Workers: 4
2025-10-11 09:03:18,791 - CIFAR-100_Training - INFO -   - Pin Memory: True
INFO:CIFAR-100_Training:  - Pin Memory: True
2025-10-11 09:03:18,793 - CIFAR-100_Training - INFO -   - Shuffle: True
INFO:CIFAR-100_Training:  - Shuffle: True
2025-10-11 09:03:18,794 - CIFAR-100_Training - INFO -   - Dropout Rate: 0.0
INFO:CIFAR-100_Training:  - Dropout Rate: 0.0
2025-10-11 09:03:18,795 - CIFAR-100_Training - INFO -   - Device: CUDA
INFO:CIFAR-100_Training:  - Device: CUDA
2025-10-11 09:03:18,796 - CIFAR-100_Training - INFO -   - Log Directory: /content/logs
INFO:CIFAR-100_Training:  - Log Directory: /content/logs
2025-10-11 09:03:18,797 - CIFAR-100_Training - INFO -   - Model Save Directory: /content/models
INFO:CIFAR-100_Training:  - Model Save Directory: /content/models
2025-10-11 09:03:18,799 - CIFAR-100_Training - INFO -   - Save Model: True
INFO:CIFAR-100_Training:  - Save Model: True
2025-10-11 09:03:18,800 - CIFAR-100_Training - INFO -   - Log Level: INFO
INFO:CIFAR-100_Training:  - Log Level: INFO
2025-10-11 09:03:18,800 - CIFAR-100_Training - INFO - ==================================================
INFO:CIFAR-100_Training:==================================================
2025-10-11 09:03:18,801 - CIFAR-100_Training - INFO - ==================================================
INFO:CIFAR-100_Training:==================================================
2025-10-11 09:03:18,802 - CIFAR-100_Training - INFO - CIFAR-100 TRAINING EXPERIMENT STARTED
INFO:CIFAR-100_Training:CIFAR-100 TRAINING EXPERIMENT STARTED
2025-10-11 09:03:18,804 - CIFAR-100_Training - INFO - ==================================================
INFO:CIFAR-100_Training:==================================================
2025-10-11 09:03:18,805 - CIFAR-100_Training - INFO - Data Config: DataConfig(data_dir='./data', batch_size=128, num_workers=4, pin_memory=True, shuffle=True, cifar100_mean=(0.507076, 0.48655, 0.440919), cifar100_std=(0.267334, 0.256438, 0.27615), rotation_range=(-7.0, 7.0), fill_value=1)
INFO:CIFAR-100_Training:Data Config: DataConfig(data_dir='./data', batch_size=128, num_workers=4, pin_memory=True, shuffle=True, cifar100_mean=(0.507076, 0.48655, 0.440919), cifar100_std=(0.267334, 0.256438, 0.27615), rotation_range=(-7.0, 7.0), fill_value=1)
2025-10-11 09:03:18,807 - CIFAR-100_Training - INFO - Model Config: ModelConfig(input_channels=3, input_size=(32, 32), num_classes=100, dropout_rate=0.0)
INFO:CIFAR-100_Training:Model Config: ModelConfig(input_channels=3, input_size=(32, 32), num_classes=100, dropout_rate=0.0)
2025-10-11 09:03:18,808 - CIFAR-100_Training - INFO - Training Config: TrainingConfig(epochs=30, learning_rate=0.001, momentum=0.9, weight_decay=0.0001, scheduler_step_size=10, scheduler_gamma=0.1, seed=1, optimizer_type='Adam', adam_betas=(0.9, 0.999), adam_eps=1e-08, rmsprop_alpha=0.99, scheduler_type='OneCycleLR', cosine_t_max=20, exponential_gamma=0.95, plateau_mode='min', plateau_factor=0.5, plateau_patience=5, plateau_threshold=0.0001, onecycle_max_lr=0.003, onecycle_pct_start=0.3, onecycle_div_factor=5, onecycle_final_div_factor=1000.0, onecycle_anneal_strategy='cos')
INFO:CIFAR-100_Training:Training Config: TrainingConfig(epochs=30, learning_rate=0.001, momentum=0.9, weight_decay=0.0001, scheduler_step_size=10, scheduler_gamma=0.1, seed=1, optimizer_type='Adam', adam_betas=(0.9, 0.999), adam_eps=1e-08, rmsprop_alpha=0.99, scheduler_type='OneCycleLR', cosine_t_max=20, exponential_gamma=0.95, plateau_mode='min', plateau_factor=0.5, plateau_patience=5, plateau_threshold=0.0001, onecycle_max_lr=0.003, onecycle_pct_start=0.3, onecycle_div_factor=5, onecycle_final_div_factor=1000.0, onecycle_anneal_strategy='cos')
2025-10-11 09:03:18,809 - CIFAR-100_Training - INFO - ==================================================
INFO:CIFAR-100_Training:==================================================
2025-10-11 09:03:18,810 - CIFAR-100_Training - INFO - Setting up data...
INFO:CIFAR-100_Training:Setting up data...
2025-10-11 09:03:18,811 - CIFAR-100_Training - INFO - Using Albumentations for data augmentation
INFO:CIFAR-100_Training:Using Albumentations for data augmentation
/usr/local/lib/python3.12/dist-packages/albumentations/core/validation.py:114: UserWarning: ShiftScaleRotate is a special case of Affine transform. Please use Affine transform instead.
  original_init(self, **validated_kwargs)
2025-10-11 09:03:18,821 - CIFAR-100_Training - INFO - Loading CIFAR-100 dataset...
INFO:CIFAR-100_Training:Loading CIFAR-100 dataset...
============================================================
CIFAR-100 TRAINING SCRIPT - MONOLITHIC IMPLEMENTATION
============================================================
Configuration:
  - Epochs: 30
  - Learning Rate: 0.001
  - Batch Size: 128
  - Device: CUDA
  - Log Directory: /content/logs
  - Model Save Directory: /content/models
============================================================
/usr/local/lib/python3.12/dist-packages/torch/utils/data/dataloader.py:627: UserWarning: This DataLoader will create 4 worker processes in total. Our suggested max number of worker in current system is 2, which is smaller than what this DataLoader is going to create. Please be aware that excessive worker creation might get DataLoader running slow or even freeze, lower the worker number to avoid potential slowness/freeze if necessary.
  warnings.warn(
2025-10-11 09:03:20,630 - CIFAR-100_Training - INFO - CIFAR-100 dataset loaded successfully!
INFO:CIFAR-100_Training:CIFAR-100 dataset loaded successfully!
2025-10-11 09:03:20,632 - CIFAR-100_Training - INFO - Train samples: 50000
INFO:CIFAR-100_Training:Train samples: 50000
2025-10-11 09:03:20,633 - CIFAR-100_Training - INFO - Test samples: 10000
INFO:CIFAR-100_Training:Test samples: 10000
2025-10-11 09:03:20,634 - CIFAR-100_Training - INFO - Augmentation library: Albumentations
INFO:CIFAR-100_Training:Augmentation library: Albumentations
2025-10-11 09:03:20,636 - CIFAR-100_Training - INFO - Computing CIFAR-100 data statistics...
INFO:CIFAR-100_Training:Computing CIFAR-100 data statistics...
2025-10-11 09:03:26,363 - CIFAR-100_Training - INFO - CIFAR-100 Data Statistics:
INFO:CIFAR-100_Training:CIFAR-100 Data Statistics:
2025-10-11 09:03:26,365 - CIFAR-100_Training - INFO -   - Shape: (50000, 32, 32, 3)
INFO:CIFAR-100_Training:  - Shape: (50000, 32, 32, 3)
2025-10-11 09:03:26,367 - CIFAR-100_Training - INFO -   - Size: 153,600,000
INFO:CIFAR-100_Training:  - Size: 153,600,000
2025-10-11 09:03:26,369 - CIFAR-100_Training - INFO -   - Min: 0.0000
INFO:CIFAR-100_Training:  - Min: 0.0000
2025-10-11 09:03:26,371 - CIFAR-100_Training - INFO -   - Max: 1.0000
INFO:CIFAR-100_Training:  - Max: 1.0000
2025-10-11 09:03:26,375 - CIFAR-100_Training - INFO -   - Mean: 0.4782
INFO:CIFAR-100_Training:  - Mean: 0.4782
2025-10-11 09:03:26,378 - CIFAR-100_Training - INFO -   - Std: 0.2682
INFO:CIFAR-100_Training:  - Std: 0.2682
2025-10-11 09:03:26,380 - CIFAR-100_Training - INFO -   - Variance: 0.0719
INFO:CIFAR-100_Training:  - Variance: 0.0719
2025-10-11 09:03:26,382 - CIFAR-100_Training - INFO - Channel-wise Statistics:
INFO:CIFAR-100_Training:Channel-wise Statistics:
2025-10-11 09:03:26,384 - CIFAR-100_Training - INFO -   Red Channel:
INFO:CIFAR-100_Training:  Red Channel:
2025-10-11 09:03:26,386 - CIFAR-100_Training - INFO -     - Mean: 0.5071
INFO:CIFAR-100_Training:    - Mean: 0.5071
2025-10-11 09:03:26,388 - CIFAR-100_Training - INFO -     - Std: 0.2673
INFO:CIFAR-100_Training:    - Std: 0.2673
2025-10-11 09:03:26,390 - CIFAR-100_Training - INFO -     - Min: 0.0000
INFO:CIFAR-100_Training:    - Min: 0.0000
2025-10-11 09:03:26,392 - CIFAR-100_Training - INFO -     - Max: 1.0000
INFO:CIFAR-100_Training:    - Max: 1.0000
2025-10-11 09:03:26,393 - CIFAR-100_Training - INFO -   Green Channel:
INFO:CIFAR-100_Training:  Green Channel:
2025-10-11 09:03:26,394 - CIFAR-100_Training - INFO -     - Mean: 0.4866
INFO:CIFAR-100_Training:    - Mean: 0.4866
2025-10-11 09:03:26,395 - CIFAR-100_Training - INFO -     - Std: 0.2564
INFO:CIFAR-100_Training:    - Std: 0.2564
2025-10-11 09:03:26,396 - CIFAR-100_Training - INFO -     - Min: 0.0000
INFO:CIFAR-100_Training:    - Min: 0.0000
2025-10-11 09:03:26,397 - CIFAR-100_Training - INFO -     - Max: 1.0000
INFO:CIFAR-100_Training:    - Max: 1.0000
2025-10-11 09:03:26,398 - CIFAR-100_Training - INFO -   Blue Channel:
INFO:CIFAR-100_Training:  Blue Channel:
2025-10-11 09:03:26,399 - CIFAR-100_Training - INFO -     - Mean: 0.4409
INFO:CIFAR-100_Training:    - Mean: 0.4409
2025-10-11 09:03:26,401 - CIFAR-100_Training - INFO -     - Std: 0.2762
INFO:CIFAR-100_Training:    - Std: 0.2762
2025-10-11 09:03:26,402 - CIFAR-100_Training - INFO -     - Min: 0.0000
INFO:CIFAR-100_Training:    - Min: 0.0000
2025-10-11 09:03:26,403 - CIFAR-100_Training - INFO -     - Max: 1.0000
INFO:CIFAR-100_Training:    - Max: 1.0000
2025-10-11 09:03:27,011 - CIFAR-100_Training - INFO - CIFAR-100 Batch Information:
INFO:CIFAR-100_Training:CIFAR-100 Batch Information:
2025-10-11 09:03:27,018 - CIFAR-100_Training - INFO -   - Batch size: 128
INFO:CIFAR-100_Training:  - Batch size: 128
2025-10-11 09:03:27,024 - CIFAR-100_Training - INFO -   - Image shape: torch.Size([3, 32, 32])
INFO:CIFAR-100_Training:  - Image shape: torch.Size([3, 32, 32])
2025-10-11 09:03:27,026 - CIFAR-100_Training - INFO -   - Label shape: torch.Size([128])
INFO:CIFAR-100_Training:  - Label shape: torch.Size([128])
2025-10-11 09:03:27,029 - CIFAR-100_Training - INFO -   - Data type: torch.float32
INFO:CIFAR-100_Training:  - Data type: torch.float32
2025-10-11 09:03:27,035 - CIFAR-100_Training - INFO -   - Number of classes: 100
INFO:CIFAR-100_Training:  - Number of classes: 100
2025-10-11 09:03:27,122 - CIFAR-100_Training - INFO - Getting input size from CIFAR-100 data loader...
INFO:CIFAR-100_Training:Getting input size from CIFAR-100 data loader...
2025-10-11 09:03:27,482 - CIFAR-100_Training - INFO - CIFAR-100 input size from data loader: (3, 32, 32)
INFO:CIFAR-100_Training:CIFAR-100 input size from data loader: (3, 32, 32)
2025-10-11 09:03:27,638 - CIFAR-100_Training - INFO - Setting up model...
INFO:CIFAR-100_Training:Setting up model...
2025-10-11 09:03:27,952 - CIFAR-100_Training - INFO - Generating ResNet-34 summary...
INFO:CIFAR-100_Training:Generating ResNet-34 summary...
2025-10-11 09:03:28,199 - CIFAR-100_Training - INFO - ResNet-34 Architecture Summary:
INFO:CIFAR-100_Training:ResNet-34 Architecture Summary:
2025-10-11 09:03:28,201 - CIFAR-100_Training - INFO -   - Total Parameters: 21,328,292
INFO:CIFAR-100_Training:  - Total Parameters: 21,328,292
2025-10-11 09:03:28,202 - CIFAR-100_Training - INFO -   - Batch Normalization: Yes
INFO:CIFAR-100_Training:  - Batch Normalization: Yes
2025-10-11 09:03:28,204 - CIFAR-100_Training - INFO -   - Dropout: Yes
INFO:CIFAR-100_Training:  - Dropout: Yes
2025-10-11 09:03:28,205 - CIFAR-100_Training - INFO -   - FC Layers: Yes
INFO:CIFAR-100_Training:  - FC Layers: Yes
2025-10-11 09:03:28,206 - CIFAR-100_Training - INFO -   - GAP Layers: Yes
INFO:CIFAR-100_Training:  - GAP Layers: Yes
2025-10-11 09:03:28,207 - CIFAR-100_Training - INFO - ==================================================
INFO:CIFAR-100_Training:==================================================
2025-10-11 09:03:28,208 - CIFAR-100_Training - INFO - DETAILED MODEL ARCHITECTURE SUMMARY
INFO:CIFAR-100_Training:DETAILED MODEL ARCHITECTURE SUMMARY
2025-10-11 09:03:28,209 - CIFAR-100_Training - INFO - ==================================================
INFO:CIFAR-100_Training:==================================================
2025-10-11 09:03:28,210 - CIFAR-100_Training - INFO - ----------------------------------------------------------------
INFO:CIFAR-100_Training:----------------------------------------------------------------
2025-10-11 09:03:28,212 - CIFAR-100_Training - INFO -         Layer (type)               Output Shape         Param #
INFO:CIFAR-100_Training:        Layer (type)               Output Shape         Param #
2025-10-11 09:03:28,213 - CIFAR-100_Training - INFO - ================================================================
INFO:CIFAR-100_Training:================================================================
2025-10-11 09:03:28,214 - CIFAR-100_Training - INFO -             Conv2d-1           [-1, 64, 32, 32]           1,728
INFO:CIFAR-100_Training:            Conv2d-1           [-1, 64, 32, 32]           1,728
2025-10-11 09:03:28,216 - CIFAR-100_Training - INFO -        BatchNorm2d-2           [-1, 64, 32, 32]             128
INFO:CIFAR-100_Training:       BatchNorm2d-2           [-1, 64, 32, 32]             128
2025-10-11 09:03:28,217 - CIFAR-100_Training - INFO -               ReLU-3           [-1, 64, 32, 32]               0
INFO:CIFAR-100_Training:              ReLU-3           [-1, 64, 32, 32]               0
2025-10-11 09:03:28,219 - CIFAR-100_Training - INFO -             Conv2d-4           [-1, 64, 32, 32]          36,864
INFO:CIFAR-100_Training:            Conv2d-4           [-1, 64, 32, 32]          36,864
2025-10-11 09:03:28,220 - CIFAR-100_Training - INFO -        BatchNorm2d-5           [-1, 64, 32, 32]             128
INFO:CIFAR-100_Training:       BatchNorm2d-5           [-1, 64, 32, 32]             128
2025-10-11 09:03:28,221 - CIFAR-100_Training - INFO -               ReLU-6           [-1, 64, 32, 32]               0
INFO:CIFAR-100_Training:              ReLU-6           [-1, 64, 32, 32]               0
2025-10-11 09:03:28,222 - CIFAR-100_Training - INFO -             Conv2d-7           [-1, 64, 32, 32]          36,864
INFO:CIFAR-100_Training:            Conv2d-7           [-1, 64, 32, 32]          36,864
2025-10-11 09:03:28,223 - CIFAR-100_Training - INFO -        BatchNorm2d-8           [-1, 64, 32, 32]             128
INFO:CIFAR-100_Training:       BatchNorm2d-8           [-1, 64, 32, 32]             128
2025-10-11 09:03:28,225 - CIFAR-100_Training - INFO -               ReLU-9           [-1, 64, 32, 32]               0
INFO:CIFAR-100_Training:              ReLU-9           [-1, 64, 32, 32]               0
2025-10-11 09:03:28,226 - CIFAR-100_Training - INFO -        BasicBlock-10           [-1, 64, 32, 32]               0
INFO:CIFAR-100_Training:       BasicBlock-10           [-1, 64, 32, 32]               0
2025-10-11 09:03:28,227 - CIFAR-100_Training - INFO -            Conv2d-11           [-1, 64, 32, 32]          36,864
INFO:CIFAR-100_Training:           Conv2d-11           [-1, 64, 32, 32]          36,864
2025-10-11 09:03:28,229 - CIFAR-100_Training - INFO -       BatchNorm2d-12           [-1, 64, 32, 32]             128
INFO:CIFAR-100_Training:      BatchNorm2d-12           [-1, 64, 32, 32]             128
2025-10-11 09:03:28,230 - CIFAR-100_Training - INFO -              ReLU-13           [-1, 64, 32, 32]               0
INFO:CIFAR-100_Training:             ReLU-13           [-1, 64, 32, 32]               0
2025-10-11 09:03:28,233 - CIFAR-100_Training - INFO -            Conv2d-14           [-1, 64, 32, 32]          36,864
INFO:CIFAR-100_Training:           Conv2d-14           [-1, 64, 32, 32]          36,864
2025-10-11 09:03:28,234 - CIFAR-100_Training - INFO -       BatchNorm2d-15           [-1, 64, 32, 32]             128
INFO:CIFAR-100_Training:      BatchNorm2d-15           [-1, 64, 32, 32]             128
2025-10-11 09:03:28,235 - CIFAR-100_Training - INFO -              ReLU-16           [-1, 64, 32, 32]               0
INFO:CIFAR-100_Training:             ReLU-16           [-1, 64, 32, 32]               0
2025-10-11 09:03:28,238 - CIFAR-100_Training - INFO -        BasicBlock-17           [-1, 64, 32, 32]               0
INFO:CIFAR-100_Training:       BasicBlock-17           [-1, 64, 32, 32]               0
2025-10-11 09:03:28,239 - CIFAR-100_Training - INFO -            Conv2d-18           [-1, 64, 32, 32]          36,864
INFO:CIFAR-100_Training:           Conv2d-18           [-1, 64, 32, 32]          36,864
2025-10-11 09:03:28,240 - CIFAR-100_Training - INFO -       BatchNorm2d-19           [-1, 64, 32, 32]             128
INFO:CIFAR-100_Training:      BatchNorm2d-19           [-1, 64, 32, 32]             128
2025-10-11 09:03:28,241 - CIFAR-100_Training - INFO -              ReLU-20           [-1, 64, 32, 32]               0
INFO:CIFAR-100_Training:             ReLU-20           [-1, 64, 32, 32]               0
2025-10-11 09:03:28,242 - CIFAR-100_Training - INFO -            Conv2d-21           [-1, 64, 32, 32]          36,864
INFO:CIFAR-100_Training:           Conv2d-21           [-1, 64, 32, 32]          36,864
2025-10-11 09:03:28,244 - CIFAR-100_Training - INFO -       BatchNorm2d-22           [-1, 64, 32, 32]             128
INFO:CIFAR-100_Training:      BatchNorm2d-22           [-1, 64, 32, 32]             128
2025-10-11 09:03:28,246 - CIFAR-100_Training - INFO -              ReLU-23           [-1, 64, 32, 32]               0
INFO:CIFAR-100_Training:             ReLU-23           [-1, 64, 32, 32]               0
2025-10-11 09:03:28,248 - CIFAR-100_Training - INFO -        BasicBlock-24           [-1, 64, 32, 32]               0
INFO:CIFAR-100_Training:       BasicBlock-24           [-1, 64, 32, 32]               0
2025-10-11 09:03:28,249 - CIFAR-100_Training - INFO -            Conv2d-25          [-1, 128, 16, 16]          73,728
INFO:CIFAR-100_Training:           Conv2d-25          [-1, 128, 16, 16]          73,728
2025-10-11 09:03:28,250 - CIFAR-100_Training - INFO -       BatchNorm2d-26          [-1, 128, 16, 16]             256
INFO:CIFAR-100_Training:      BatchNorm2d-26          [-1, 128, 16, 16]             256
2025-10-11 09:03:28,253 - CIFAR-100_Training - INFO -              ReLU-27          [-1, 128, 16, 16]               0
INFO:CIFAR-100_Training:             ReLU-27          [-1, 128, 16, 16]               0
2025-10-11 09:03:28,255 - CIFAR-100_Training - INFO -            Conv2d-28          [-1, 128, 16, 16]         147,456
INFO:CIFAR-100_Training:           Conv2d-28          [-1, 128, 16, 16]         147,456
2025-10-11 09:03:28,256 - CIFAR-100_Training - INFO -       BatchNorm2d-29          [-1, 128, 16, 16]             256
INFO:CIFAR-100_Training:      BatchNorm2d-29          [-1, 128, 16, 16]             256
2025-10-11 09:03:28,257 - CIFAR-100_Training - INFO -            Conv2d-30          [-1, 128, 16, 16]           8,192
INFO:CIFAR-100_Training:           Conv2d-30          [-1, 128, 16, 16]           8,192
2025-10-11 09:03:28,259 - CIFAR-100_Training - INFO -       BatchNorm2d-31          [-1, 128, 16, 16]             256
INFO:CIFAR-100_Training:      BatchNorm2d-31          [-1, 128, 16, 16]             256
2025-10-11 09:03:28,261 - CIFAR-100_Training - INFO -              ReLU-32          [-1, 128, 16, 16]               0
INFO:CIFAR-100_Training:             ReLU-32          [-1, 128, 16, 16]               0
2025-10-11 09:03:28,264 - CIFAR-100_Training - INFO -        BasicBlock-33          [-1, 128, 16, 16]               0
INFO:CIFAR-100_Training:       BasicBlock-33          [-1, 128, 16, 16]               0
2025-10-11 09:03:28,265 - CIFAR-100_Training - INFO -            Conv2d-34          [-1, 128, 16, 16]         147,456
INFO:CIFAR-100_Training:           Conv2d-34          [-1, 128, 16, 16]         147,456
2025-10-11 09:03:28,266 - CIFAR-100_Training - INFO -       BatchNorm2d-35          [-1, 128, 16, 16]             256
INFO:CIFAR-100_Training:      BatchNorm2d-35          [-1, 128, 16, 16]             256
2025-10-11 09:03:28,267 - CIFAR-100_Training - INFO -              ReLU-36          [-1, 128, 16, 16]               0
INFO:CIFAR-100_Training:             ReLU-36          [-1, 128, 16, 16]               0
2025-10-11 09:03:28,268 - CIFAR-100_Training - INFO -            Conv2d-37          [-1, 128, 16, 16]         147,456
INFO:CIFAR-100_Training:           Conv2d-37          [-1, 128, 16, 16]         147,456
2025-10-11 09:03:28,269 - CIFAR-100_Training - INFO -       BatchNorm2d-38          [-1, 128, 16, 16]             256
INFO:CIFAR-100_Training:      BatchNorm2d-38          [-1, 128, 16, 16]             256
2025-10-11 09:03:28,273 - CIFAR-100_Training - INFO -              ReLU-39          [-1, 128, 16, 16]               0
INFO:CIFAR-100_Training:             ReLU-39          [-1, 128, 16, 16]               0
2025-10-11 09:03:28,274 - CIFAR-100_Training - INFO -        BasicBlock-40          [-1, 128, 16, 16]               0
INFO:CIFAR-100_Training:       BasicBlock-40          [-1, 128, 16, 16]               0
2025-10-11 09:03:28,276 - CIFAR-100_Training - INFO -            Conv2d-41          [-1, 128, 16, 16]         147,456
INFO:CIFAR-100_Training:           Conv2d-41          [-1, 128, 16, 16]         147,456
2025-10-11 09:03:28,277 - CIFAR-100_Training - INFO -       BatchNorm2d-42          [-1, 128, 16, 16]             256
INFO:CIFAR-100_Training:      BatchNorm2d-42          [-1, 128, 16, 16]             256
2025-10-11 09:03:28,278 - CIFAR-100_Training - INFO -              ReLU-43          [-1, 128, 16, 16]               0
INFO:CIFAR-100_Training:             ReLU-43          [-1, 128, 16, 16]               0
2025-10-11 09:03:28,279 - CIFAR-100_Training - INFO -            Conv2d-44          [-1, 128, 16, 16]         147,456
INFO:CIFAR-100_Training:           Conv2d-44          [-1, 128, 16, 16]         147,456
2025-10-11 09:03:28,280 - CIFAR-100_Training - INFO -       BatchNorm2d-45          [-1, 128, 16, 16]             256
INFO:CIFAR-100_Training:      BatchNorm2d-45          [-1, 128, 16, 16]             256
2025-10-11 09:03:28,281 - CIFAR-100_Training - INFO -              ReLU-46          [-1, 128, 16, 16]               0
INFO:CIFAR-100_Training:             ReLU-46          [-1, 128, 16, 16]               0
2025-10-11 09:03:28,282 - CIFAR-100_Training - INFO -        BasicBlock-47          [-1, 128, 16, 16]               0
INFO:CIFAR-100_Training:       BasicBlock-47          [-1, 128, 16, 16]               0
2025-10-11 09:03:28,283 - CIFAR-100_Training - INFO -            Conv2d-48          [-1, 128, 16, 16]         147,456
INFO:CIFAR-100_Training:           Conv2d-48          [-1, 128, 16, 16]         147,456
2025-10-11 09:03:28,284 - CIFAR-100_Training - INFO -       BatchNorm2d-49          [-1, 128, 16, 16]             256
INFO:CIFAR-100_Training:      BatchNorm2d-49          [-1, 128, 16, 16]             256
2025-10-11 09:03:28,285 - CIFAR-100_Training - INFO -              ReLU-50          [-1, 128, 16, 16]               0
INFO:CIFAR-100_Training:             ReLU-50          [-1, 128, 16, 16]               0
2025-10-11 09:03:28,287 - CIFAR-100_Training - INFO -            Conv2d-51          [-1, 128, 16, 16]         147,456
INFO:CIFAR-100_Training:           Conv2d-51          [-1, 128, 16, 16]         147,456
2025-10-11 09:03:28,288 - CIFAR-100_Training - INFO -       BatchNorm2d-52          [-1, 128, 16, 16]             256
INFO:CIFAR-100_Training:      BatchNorm2d-52          [-1, 128, 16, 16]             256
2025-10-11 09:03:28,289 - CIFAR-100_Training - INFO -              ReLU-53          [-1, 128, 16, 16]               0
INFO:CIFAR-100_Training:             ReLU-53          [-1, 128, 16, 16]               0
2025-10-11 09:03:28,290 - CIFAR-100_Training - INFO -        BasicBlock-54          [-1, 128, 16, 16]               0
INFO:CIFAR-100_Training:       BasicBlock-54          [-1, 128, 16, 16]               0
2025-10-11 09:03:28,292 - CIFAR-100_Training - INFO -            Conv2d-55            [-1, 256, 8, 8]         294,912
INFO:CIFAR-100_Training:           Conv2d-55            [-1, 256, 8, 8]         294,912
2025-10-11 09:03:28,293 - CIFAR-100_Training - INFO -       BatchNorm2d-56            [-1, 256, 8, 8]             512
INFO:CIFAR-100_Training:      BatchNorm2d-56            [-1, 256, 8, 8]             512
2025-10-11 09:03:28,294 - CIFAR-100_Training - INFO -              ReLU-57            [-1, 256, 8, 8]               0
INFO:CIFAR-100_Training:             ReLU-57            [-1, 256, 8, 8]               0
2025-10-11 09:03:28,295 - CIFAR-100_Training - INFO -            Conv2d-58            [-1, 256, 8, 8]         589,824
INFO:CIFAR-100_Training:           Conv2d-58            [-1, 256, 8, 8]         589,824
2025-10-11 09:03:28,297 - CIFAR-100_Training - INFO -       BatchNorm2d-59            [-1, 256, 8, 8]             512
INFO:CIFAR-100_Training:      BatchNorm2d-59            [-1, 256, 8, 8]             512
2025-10-11 09:03:28,298 - CIFAR-100_Training - INFO -            Conv2d-60            [-1, 256, 8, 8]          32,768
INFO:CIFAR-100_Training:           Conv2d-60            [-1, 256, 8, 8]          32,768
2025-10-11 09:03:28,299 - CIFAR-100_Training - INFO -       BatchNorm2d-61            [-1, 256, 8, 8]             512
INFO:CIFAR-100_Training:      BatchNorm2d-61            [-1, 256, 8, 8]             512
2025-10-11 09:03:28,300 - CIFAR-100_Training - INFO -              ReLU-62            [-1, 256, 8, 8]               0
INFO:CIFAR-100_Training:             ReLU-62            [-1, 256, 8, 8]               0
2025-10-11 09:03:28,301 - CIFAR-100_Training - INFO -        BasicBlock-63            [-1, 256, 8, 8]               0
INFO:CIFAR-100_Training:       BasicBlock-63            [-1, 256, 8, 8]               0
2025-10-11 09:03:28,302 - CIFAR-100_Training - INFO -            Conv2d-64            [-1, 256, 8, 8]         589,824
INFO:CIFAR-100_Training:           Conv2d-64            [-1, 256, 8, 8]         589,824
2025-10-11 09:03:28,303 - CIFAR-100_Training - INFO -       BatchNorm2d-65            [-1, 256, 8, 8]             512
INFO:CIFAR-100_Training:      BatchNorm2d-65            [-1, 256, 8, 8]             512
2025-10-11 09:03:28,305 - CIFAR-100_Training - INFO -              ReLU-66            [-1, 256, 8, 8]               0
INFO:CIFAR-100_Training:             ReLU-66            [-1, 256, 8, 8]               0
2025-10-11 09:03:28,306 - CIFAR-100_Training - INFO -            Conv2d-67            [-1, 256, 8, 8]         589,824
INFO:CIFAR-100_Training:           Conv2d-67            [-1, 256, 8, 8]         589,824
2025-10-11 09:03:28,307 - CIFAR-100_Training - INFO -       BatchNorm2d-68            [-1, 256, 8, 8]             512
INFO:CIFAR-100_Training:      BatchNorm2d-68            [-1, 256, 8, 8]             512
2025-10-11 09:03:28,308 - CIFAR-100_Training - INFO -              ReLU-69            [-1, 256, 8, 8]               0
INFO:CIFAR-100_Training:             ReLU-69            [-1, 256, 8, 8]               0
2025-10-11 09:03:28,309 - CIFAR-100_Training - INFO -        BasicBlock-70            [-1, 256, 8, 8]               0
INFO:CIFAR-100_Training:       BasicBlock-70            [-1, 256, 8, 8]               0
2025-10-11 09:03:28,310 - CIFAR-100_Training - INFO -            Conv2d-71            [-1, 256, 8, 8]         589,824
INFO:CIFAR-100_Training:           Conv2d-71            [-1, 256, 8, 8]         589,824
2025-10-11 09:03:28,311 - CIFAR-100_Training - INFO -       BatchNorm2d-72            [-1, 256, 8, 8]             512
INFO:CIFAR-100_Training:      BatchNorm2d-72            [-1, 256, 8, 8]             512
2025-10-11 09:03:28,313 - CIFAR-100_Training - INFO -              ReLU-73            [-1, 256, 8, 8]               0
INFO:CIFAR-100_Training:             ReLU-73            [-1, 256, 8, 8]               0
2025-10-11 09:03:28,314 - CIFAR-100_Training - INFO -            Conv2d-74            [-1, 256, 8, 8]         589,824
INFO:CIFAR-100_Training:           Conv2d-74            [-1, 256, 8, 8]         589,824
2025-10-11 09:03:28,315 - CIFAR-100_Training - INFO -       BatchNorm2d-75            [-1, 256, 8, 8]             512
INFO:CIFAR-100_Training:      BatchNorm2d-75            [-1, 256, 8, 8]             512
2025-10-11 09:03:28,316 - CIFAR-100_Training - INFO -              ReLU-76            [-1, 256, 8, 8]               0
INFO:CIFAR-100_Training:             ReLU-76            [-1, 256, 8, 8]               0
2025-10-11 09:03:28,317 - CIFAR-100_Training - INFO -        BasicBlock-77            [-1, 256, 8, 8]               0
INFO:CIFAR-100_Training:       BasicBlock-77            [-1, 256, 8, 8]               0
2025-10-11 09:03:28,319 - CIFAR-100_Training - INFO -            Conv2d-78            [-1, 256, 8, 8]         589,824
INFO:CIFAR-100_Training:           Conv2d-78            [-1, 256, 8, 8]         589,824
2025-10-11 09:03:28,319 - CIFAR-100_Training - INFO -       BatchNorm2d-79            [-1, 256, 8, 8]             512
INFO:CIFAR-100_Training:      BatchNorm2d-79            [-1, 256, 8, 8]             512
2025-10-11 09:03:28,321 - CIFAR-100_Training - INFO -              ReLU-80            [-1, 256, 8, 8]               0
INFO:CIFAR-100_Training:             ReLU-80            [-1, 256, 8, 8]               0
2025-10-11 09:03:28,323 - CIFAR-100_Training - INFO -            Conv2d-81            [-1, 256, 8, 8]         589,824
INFO:CIFAR-100_Training:           Conv2d-81            [-1, 256, 8, 8]         589,824
2025-10-11 09:03:28,324 - CIFAR-100_Training - INFO -       BatchNorm2d-82            [-1, 256, 8, 8]             512
INFO:CIFAR-100_Training:      BatchNorm2d-82            [-1, 256, 8, 8]             512
2025-10-11 09:03:28,324 - CIFAR-100_Training - INFO -              ReLU-83            [-1, 256, 8, 8]               0
INFO:CIFAR-100_Training:             ReLU-83            [-1, 256, 8, 8]               0
2025-10-11 09:03:28,325 - CIFAR-100_Training - INFO -        BasicBlock-84            [-1, 256, 8, 8]               0
INFO:CIFAR-100_Training:       BasicBlock-84            [-1, 256, 8, 8]               0
2025-10-11 09:03:28,327 - CIFAR-100_Training - INFO -            Conv2d-85            [-1, 256, 8, 8]         589,824
INFO:CIFAR-100_Training:           Conv2d-85            [-1, 256, 8, 8]         589,824
2025-10-11 09:03:28,328 - CIFAR-100_Training - INFO -       BatchNorm2d-86            [-1, 256, 8, 8]             512
INFO:CIFAR-100_Training:      BatchNorm2d-86            [-1, 256, 8, 8]             512
2025-10-11 09:03:28,329 - CIFAR-100_Training - INFO -              ReLU-87            [-1, 256, 8, 8]               0
INFO:CIFAR-100_Training:             ReLU-87            [-1, 256, 8, 8]               0
2025-10-11 09:03:28,330 - CIFAR-100_Training - INFO -            Conv2d-88            [-1, 256, 8, 8]         589,824
INFO:CIFAR-100_Training:           Conv2d-88            [-1, 256, 8, 8]         589,824
2025-10-11 09:03:28,331 - CIFAR-100_Training - INFO -       BatchNorm2d-89            [-1, 256, 8, 8]             512
INFO:CIFAR-100_Training:      BatchNorm2d-89            [-1, 256, 8, 8]             512
2025-10-11 09:03:28,332 - CIFAR-100_Training - INFO -              ReLU-90            [-1, 256, 8, 8]               0
INFO:CIFAR-100_Training:             ReLU-90            [-1, 256, 8, 8]               0
2025-10-11 09:03:28,335 - CIFAR-100_Training - INFO -        BasicBlock-91            [-1, 256, 8, 8]               0
INFO:CIFAR-100_Training:       BasicBlock-91            [-1, 256, 8, 8]               0
2025-10-11 09:03:28,335 - CIFAR-100_Training - INFO -            Conv2d-92            [-1, 256, 8, 8]         589,824
INFO:CIFAR-100_Training:           Conv2d-92            [-1, 256, 8, 8]         589,824
2025-10-11 09:03:28,337 - CIFAR-100_Training - INFO -       BatchNorm2d-93            [-1, 256, 8, 8]             512
INFO:CIFAR-100_Training:      BatchNorm2d-93            [-1, 256, 8, 8]             512
2025-10-11 09:03:28,337 - CIFAR-100_Training - INFO -              ReLU-94            [-1, 256, 8, 8]               0
INFO:CIFAR-100_Training:             ReLU-94            [-1, 256, 8, 8]               0
2025-10-11 09:03:28,338 - CIFAR-100_Training - INFO -            Conv2d-95            [-1, 256, 8, 8]         589,824
INFO:CIFAR-100_Training:           Conv2d-95            [-1, 256, 8, 8]         589,824
2025-10-11 09:03:28,340 - CIFAR-100_Training - INFO -       BatchNorm2d-96            [-1, 256, 8, 8]             512
INFO:CIFAR-100_Training:      BatchNorm2d-96            [-1, 256, 8, 8]             512
2025-10-11 09:03:28,341 - CIFAR-100_Training - INFO -              ReLU-97            [-1, 256, 8, 8]               0
INFO:CIFAR-100_Training:             ReLU-97            [-1, 256, 8, 8]               0
2025-10-11 09:03:28,342 - CIFAR-100_Training - INFO -        BasicBlock-98            [-1, 256, 8, 8]               0
INFO:CIFAR-100_Training:       BasicBlock-98            [-1, 256, 8, 8]               0
2025-10-11 09:03:28,343 - CIFAR-100_Training - INFO -            Conv2d-99            [-1, 512, 4, 4]       1,179,648
INFO:CIFAR-100_Training:           Conv2d-99            [-1, 512, 4, 4]       1,179,648
2025-10-11 09:03:28,344 - CIFAR-100_Training - INFO -      BatchNorm2d-100            [-1, 512, 4, 4]           1,024
INFO:CIFAR-100_Training:     BatchNorm2d-100            [-1, 512, 4, 4]           1,024
2025-10-11 09:03:28,345 - CIFAR-100_Training - INFO -             ReLU-101            [-1, 512, 4, 4]               0
INFO:CIFAR-100_Training:            ReLU-101            [-1, 512, 4, 4]               0
2025-10-11 09:03:28,346 - CIFAR-100_Training - INFO -           Conv2d-102            [-1, 512, 4, 4]       2,359,296
INFO:CIFAR-100_Training:          Conv2d-102            [-1, 512, 4, 4]       2,359,296
2025-10-11 09:03:28,348 - CIFAR-100_Training - INFO -      BatchNorm2d-103            [-1, 512, 4, 4]           1,024
INFO:CIFAR-100_Training:     BatchNorm2d-103            [-1, 512, 4, 4]           1,024
2025-10-11 09:03:28,349 - CIFAR-100_Training - INFO -           Conv2d-104            [-1, 512, 4, 4]         131,072
INFO:CIFAR-100_Training:          Conv2d-104            [-1, 512, 4, 4]         131,072
2025-10-11 09:03:28,350 - CIFAR-100_Training - INFO -      BatchNorm2d-105            [-1, 512, 4, 4]           1,024
INFO:CIFAR-100_Training:     BatchNorm2d-105            [-1, 512, 4, 4]           1,024
2025-10-11 09:03:28,351 - CIFAR-100_Training - INFO -             ReLU-106            [-1, 512, 4, 4]               0
INFO:CIFAR-100_Training:            ReLU-106            [-1, 512, 4, 4]               0
2025-10-11 09:03:28,352 - CIFAR-100_Training - INFO -       BasicBlock-107            [-1, 512, 4, 4]               0
INFO:CIFAR-100_Training:      BasicBlock-107            [-1, 512, 4, 4]               0
2025-10-11 09:03:28,353 - CIFAR-100_Training - INFO -           Conv2d-108            [-1, 512, 4, 4]       2,359,296
INFO:CIFAR-100_Training:          Conv2d-108            [-1, 512, 4, 4]       2,359,296
2025-10-11 09:03:28,354 - CIFAR-100_Training - INFO -      BatchNorm2d-109            [-1, 512, 4, 4]           1,024
INFO:CIFAR-100_Training:     BatchNorm2d-109            [-1, 512, 4, 4]           1,024
2025-10-11 09:03:28,355 - CIFAR-100_Training - INFO -             ReLU-110            [-1, 512, 4, 4]               0
INFO:CIFAR-100_Training:            ReLU-110            [-1, 512, 4, 4]               0
2025-10-11 09:03:28,357 - CIFAR-100_Training - INFO -           Conv2d-111            [-1, 512, 4, 4]       2,359,296
INFO:CIFAR-100_Training:          Conv2d-111            [-1, 512, 4, 4]       2,359,296
2025-10-11 09:03:28,358 - CIFAR-100_Training - INFO -      BatchNorm2d-112            [-1, 512, 4, 4]           1,024
INFO:CIFAR-100_Training:     BatchNorm2d-112            [-1, 512, 4, 4]           1,024
2025-10-11 09:03:28,371 - CIFAR-100_Training - INFO -             ReLU-113            [-1, 512, 4, 4]               0
INFO:CIFAR-100_Training:            ReLU-113            [-1, 512, 4, 4]               0
2025-10-11 09:03:28,375 - CIFAR-100_Training - INFO -       BasicBlock-114            [-1, 512, 4, 4]               0
INFO:CIFAR-100_Training:      BasicBlock-114            [-1, 512, 4, 4]               0
2025-10-11 09:03:28,376 - CIFAR-100_Training - INFO -           Conv2d-115            [-1, 512, 4, 4]       2,359,296
INFO:CIFAR-100_Training:          Conv2d-115            [-1, 512, 4, 4]       2,359,296
2025-10-11 09:03:28,377 - CIFAR-100_Training - INFO -      BatchNorm2d-116            [-1, 512, 4, 4]           1,024
INFO:CIFAR-100_Training:     BatchNorm2d-116            [-1, 512, 4, 4]           1,024
2025-10-11 09:03:28,378 - CIFAR-100_Training - INFO -             ReLU-117            [-1, 512, 4, 4]               0
INFO:CIFAR-100_Training:            ReLU-117            [-1, 512, 4, 4]               0
2025-10-11 09:03:28,379 - CIFAR-100_Training - INFO -           Conv2d-118            [-1, 512, 4, 4]       2,359,296
INFO:CIFAR-100_Training:          Conv2d-118            [-1, 512, 4, 4]       2,359,296
2025-10-11 09:03:28,383 - CIFAR-100_Training - INFO -      BatchNorm2d-119            [-1, 512, 4, 4]           1,024
INFO:CIFAR-100_Training:     BatchNorm2d-119            [-1, 512, 4, 4]           1,024
2025-10-11 09:03:28,385 - CIFAR-100_Training - INFO -             ReLU-120            [-1, 512, 4, 4]               0
INFO:CIFAR-100_Training:            ReLU-120            [-1, 512, 4, 4]               0
2025-10-11 09:03:28,388 - CIFAR-100_Training - INFO -       BasicBlock-121            [-1, 512, 4, 4]               0
INFO:CIFAR-100_Training:      BasicBlock-121            [-1, 512, 4, 4]               0
2025-10-11 09:03:28,394 - CIFAR-100_Training - INFO - AdaptiveAvgPool2d-122            [-1, 512, 1, 1]               0
INFO:CIFAR-100_Training:AdaptiveAvgPool2d-122            [-1, 512, 1, 1]               0
2025-10-11 09:03:28,398 - CIFAR-100_Training - INFO -          Dropout-123                  [-1, 512]               0
INFO:CIFAR-100_Training:         Dropout-123                  [-1, 512]               0
2025-10-11 09:03:28,405 - CIFAR-100_Training - INFO -           Linear-124                  [-1, 100]          51,300
INFO:CIFAR-100_Training:          Linear-124                  [-1, 100]          51,300
2025-10-11 09:03:28,407 - CIFAR-100_Training - INFO - ================================================================
INFO:CIFAR-100_Training:================================================================
2025-10-11 09:03:28,410 - CIFAR-100_Training - INFO - Total params: 21,328,292
INFO:CIFAR-100_Training:Total params: 21,328,292
2025-10-11 09:03:28,412 - CIFAR-100_Training - INFO - Trainable params: 21,328,292
INFO:CIFAR-100_Training:Trainable params: 21,328,292
2025-10-11 09:03:28,413 - CIFAR-100_Training - INFO - Non-trainable params: 0
INFO:CIFAR-100_Training:Non-trainable params: 0
2025-10-11 09:03:28,414 - CIFAR-100_Training - INFO - ----------------------------------------------------------------
INFO:CIFAR-100_Training:----------------------------------------------------------------
2025-10-11 09:03:28,416 - CIFAR-100_Training - INFO - Input size (MB): 0.01
INFO:CIFAR-100_Training:Input size (MB): 0.01
2025-10-11 09:03:28,417 - CIFAR-100_Training - INFO - Forward/backward pass size (MB): 26.45
INFO:CIFAR-100_Training:Forward/backward pass size (MB): 26.45
2025-10-11 09:03:28,420 - CIFAR-100_Training - INFO - Params size (MB): 81.36
INFO:CIFAR-100_Training:Params size (MB): 81.36
2025-10-11 09:03:28,421 - CIFAR-100_Training - INFO - Estimated Total Size (MB): 107.82
INFO:CIFAR-100_Training:Estimated Total Size (MB): 107.82
2025-10-11 09:03:28,423 - CIFAR-100_Training - INFO - ----------------------------------------------------------------
INFO:CIFAR-100_Training:----------------------------------------------------------------
2025-10-11 09:03:28,424 - CIFAR-100_Training - INFO - ==================================================
INFO:CIFAR-100_Training:==================================================
2025-10-11 09:03:28,425 - CIFAR-100_Training - INFO - Setting up trainer...
INFO:CIFAR-100_Training:Setting up trainer...
2025-10-11 09:03:28,432 - CIFAR-100_Training - INFO - Using device: cuda
INFO:CIFAR-100_Training:Using device: cuda
2025-10-11 09:03:28,434 - CIFAR-100_Training - INFO - Early stopping: Stop if train_acc - test_acc > 15.0% for 10 epochs
INFO:CIFAR-100_Training:Early stopping: Stop if train_acc - test_acc > 15.0% for 10 epochs
2025-10-11 09:03:28,435 - CIFAR-100_Training - INFO - Starting training process...
INFO:CIFAR-100_Training:Starting training process...
2025-10-11 09:03:28,437 - CIFAR-100_Training - INFO - Starting training process...
INFO:CIFAR-100_Training:Starting training process...
2025-10-11 09:03:28,440 - CIFAR-100_Training - INFO - Using optimizer: Adam
INFO:CIFAR-100_Training:Using optimizer: Adam
2025-10-11 09:03:28,442 - CIFAR-100_Training - INFO - Using scheduler: OneCycleLR
INFO:CIFAR-100_Training:Using scheduler: OneCycleLR
2025-10-11 09:03:28,444 - CIFAR-100_Training - INFO - Optimizer Configuration:
INFO:CIFAR-100_Training:Optimizer Configuration:
2025-10-11 09:03:28,445 - CIFAR-100_Training - INFO -   - Learning Rate: 0.001
INFO:CIFAR-100_Training:  - Learning Rate: 0.001
2025-10-11 09:03:28,449 - CIFAR-100_Training - INFO -   - Betas: (0.9, 0.999)
INFO:CIFAR-100_Training:  - Betas: (0.9, 0.999)
2025-10-11 09:03:28,450 - CIFAR-100_Training - INFO -   - Eps: 1e-08
INFO:CIFAR-100_Training:  - Eps: 1e-08
2025-10-11 09:03:28,451 - CIFAR-100_Training - INFO -   - Weight Decay: 0.0001
INFO:CIFAR-100_Training:  - Weight Decay: 0.0001
2025-10-11 09:03:28,453 - CIFAR-100_Training - INFO - Scheduler Configuration:
INFO:CIFAR-100_Training:Scheduler Configuration:
2025-10-11 09:03:28,454 - CIFAR-100_Training - INFO -   - Max LR: 0.003
INFO:CIFAR-100_Training:  - Max LR: 0.003
2025-10-11 09:03:28,455 - CIFAR-100_Training - INFO -   - Steps per Epoch: 391
INFO:CIFAR-100_Training:  - Steps per Epoch: 391
2025-10-11 09:03:28,456 - CIFAR-100_Training - INFO -   - Pct Start: 0.3
INFO:CIFAR-100_Training:  - Pct Start: 0.3
2025-10-11 09:03:28,460 - CIFAR-100_Training - INFO -   - Div Factor: 5
INFO:CIFAR-100_Training:  - Div Factor: 5
2025-10-11 09:03:28,463 - CIFAR-100_Training - INFO -   - Final Div Factor: 1000.0
INFO:CIFAR-100_Training:  - Final Div Factor: 1000.0
2025-10-11 09:03:28,464 - CIFAR-100_Training - INFO -   - Anneal Strategy: cos
INFO:CIFAR-100_Training:  - Anneal Strategy: cos
2025-10-11 09:03:28,465 - CIFAR-100_Training - INFO - Starting Epoch 1/30
INFO:CIFAR-100_Training:Starting Epoch 1/30
Epoch 1 - Loss: 3.8129, Accuracy: 8.66%: 100%|██████████| 391/391 [01:09<00:00,  5.62it/s]
2025-10-11 09:04:42,212 - CIFAR-100_Training - INFO - Epoch  1: Train Loss: 3.9948, Train Acc: 8.66%, Test Loss: 3.6164, Test Acc: 13.68%, Acc Diff: -5.02%, LR: 0.000672
INFO:CIFAR-100_Training:Epoch  1: Train Loss: 3.9948, Train Acc: 8.66%, Test Loss: 3.6164, Test Acc: 13.68%, Acc Diff: -5.02%, LR: 0.000672
2025-10-11 09:04:42,214 - CIFAR-100_Training - INFO - Starting Epoch 2/30
INFO:CIFAR-100_Training:Starting Epoch 2/30
Epoch 2 - Loss: 3.5250, Accuracy: 17.78%: 100%|██████████| 391/391 [01:08<00:00,  5.68it/s]
2025-10-11 09:05:55,370 - CIFAR-100_Training - INFO - Epoch  2: Train Loss: 3.3979, Train Acc: 17.78%, Test Loss: 3.0545, Test Acc: 23.69%, Acc Diff: -5.91%, LR: 0.000881
INFO:CIFAR-100_Training:Epoch  2: Train Loss: 3.3979, Train Acc: 17.78%, Test Loss: 3.0545, Test Acc: 23.69%, Acc Diff: -5.91%, LR: 0.000881
2025-10-11 09:05:55,374 - CIFAR-100_Training - INFO - Starting Epoch 3/30
INFO:CIFAR-100_Training:Starting Epoch 3/30
Epoch 3 - Loss: 2.8654, Accuracy: 25.55%: 100%|██████████| 391/391 [01:08<00:00,  5.68it/s]
2025-10-11 09:07:08,388 - CIFAR-100_Training - INFO - Epoch  3: Train Loss: 2.9481, Train Acc: 25.55%, Test Loss: 2.7024, Test Acc: 31.18%, Acc Diff: -5.63%, LR: 0.001200
INFO:CIFAR-100_Training:Epoch  3: Train Loss: 2.9481, Train Acc: 25.55%, Test Loss: 2.7024, Test Acc: 31.18%, Acc Diff: -5.63%, LR: 0.001200
2025-10-11 09:07:08,389 - CIFAR-100_Training - INFO - Starting Epoch 4/30
INFO:CIFAR-100_Training:Starting Epoch 4/30
Epoch 4 - Loss: 2.5580, Accuracy: 32.37%: 100%|██████████| 391/391 [01:08<00:00,  5.68it/s]
2025-10-11 09:08:21,471 - CIFAR-100_Training - INFO - Epoch  4: Train Loss: 2.6175, Train Acc: 32.37%, Test Loss: 2.4147, Test Acc: 36.86%, Acc Diff: -4.49%, LR: 0.001592
INFO:CIFAR-100_Training:Epoch  4: Train Loss: 2.6175, Train Acc: 32.37%, Test Loss: 2.4147, Test Acc: 36.86%, Acc Diff: -4.49%, LR: 0.001592
2025-10-11 09:08:21,473 - CIFAR-100_Training - INFO - Starting Epoch 5/30
INFO:CIFAR-100_Training:Starting Epoch 5/30
Epoch 5 - Loss: 2.4534, Accuracy: 36.45%: 100%|██████████| 391/391 [01:08<00:00,  5.68it/s]
2025-10-11 09:09:34,622 - CIFAR-100_Training - INFO - Epoch  5: Train Loss: 2.4030, Train Acc: 36.45%, Test Loss: 2.3176, Test Acc: 39.03%, Acc Diff: -2.58%, LR: 0.002009
INFO:CIFAR-100_Training:Epoch  5: Train Loss: 2.4030, Train Acc: 36.45%, Test Loss: 2.3176, Test Acc: 39.03%, Acc Diff: -2.58%, LR: 0.002009
2025-10-11 09:09:34,626 - CIFAR-100_Training - INFO - Starting Epoch 6/30
INFO:CIFAR-100_Training:Starting Epoch 6/30
Epoch 6 - Loss: 2.2468, Accuracy: 40.33%: 100%|██████████| 391/391 [01:08<00:00,  5.69it/s]
2025-10-11 09:10:47,522 - CIFAR-100_Training - INFO - Epoch  6: Train Loss: 2.2322, Train Acc: 40.33%, Test Loss: 2.3176, Test Acc: 38.35%, Acc Diff: 1.98%, LR: 0.002401
INFO:CIFAR-100_Training:Epoch  6: Train Loss: 2.2322, Train Acc: 40.33%, Test Loss: 2.3176, Test Acc: 38.35%, Acc Diff: 1.98%, LR: 0.002401
2025-10-11 09:10:47,524 - CIFAR-100_Training - INFO - Starting Epoch 7/30
INFO:CIFAR-100_Training:Starting Epoch 7/30
Epoch 7 - Loss: 2.0017, Accuracy: 42.88%: 100%|██████████| 391/391 [01:08<00:00,  5.71it/s]
2025-10-11 09:12:00,233 - CIFAR-100_Training - INFO - Epoch  7: Train Loss: 2.1146, Train Acc: 42.88%, Test Loss: 2.4122, Test Acc: 38.66%, Acc Diff: 4.22%, LR: 0.002720
INFO:CIFAR-100_Training:Epoch  7: Train Loss: 2.1146, Train Acc: 42.88%, Test Loss: 2.4122, Test Acc: 38.66%, Acc Diff: 4.22%, LR: 0.002720
2025-10-11 09:12:00,237 - CIFAR-100_Training - INFO - Starting Epoch 8/30
INFO:CIFAR-100_Training:Starting Epoch 8/30
Epoch 8 - Loss: 2.2147, Accuracy: 45.35%: 100%|██████████| 391/391 [01:08<00:00,  5.73it/s]
2025-10-11 09:13:12,647 - CIFAR-100_Training - INFO - Epoch  8: Train Loss: 2.0173, Train Acc: 45.35%, Test Loss: 2.1097, Test Acc: 45.42%, Acc Diff: -0.07%, LR: 0.002928
INFO:CIFAR-100_Training:Epoch  8: Train Loss: 2.0173, Train Acc: 45.35%, Test Loss: 2.1097, Test Acc: 45.42%, Acc Diff: -0.07%, LR: 0.002928
2025-10-11 09:13:12,648 - CIFAR-100_Training - INFO - Starting Epoch 9/30
INFO:CIFAR-100_Training:Starting Epoch 9/30
Epoch 9 - Loss: 2.2325, Accuracy: 47.55%: 100%|██████████| 391/391 [01:08<00:00,  5.75it/s]
2025-10-11 09:14:24,857 - CIFAR-100_Training - INFO - Epoch  9: Train Loss: 1.9174, Train Acc: 47.55%, Test Loss: 2.0794, Test Acc: 45.67%, Acc Diff: 1.88%, LR: 0.003000
INFO:CIFAR-100_Training:Epoch  9: Train Loss: 1.9174, Train Acc: 47.55%, Test Loss: 2.0794, Test Acc: 45.67%, Acc Diff: 1.88%, LR: 0.003000
2025-10-11 09:14:24,859 - CIFAR-100_Training - INFO - Starting Epoch 10/30
INFO:CIFAR-100_Training:Starting Epoch 10/30
Epoch 10 - Loss: 1.6564, Accuracy: 49.37%: 100%|██████████| 391/391 [01:07<00:00,  5.75it/s]
2025-10-11 09:15:37,166 - CIFAR-100_Training - INFO - Epoch 10: Train Loss: 1.8320, Train Acc: 49.37%, Test Loss: 1.8956, Test Acc: 47.58%, Acc Diff: 1.79%, LR: 0.002983
INFO:CIFAR-100_Training:Epoch 10: Train Loss: 1.8320, Train Acc: 49.37%, Test Loss: 1.8956, Test Acc: 47.58%, Acc Diff: 1.79%, LR: 0.002983
2025-10-11 09:15:37,168 - CIFAR-100_Training - INFO - Starting Epoch 11/30
INFO:CIFAR-100_Training:Starting Epoch 11/30
Epoch 11 - Loss: 1.8591, Accuracy: 51.39%: 100%|██████████| 391/391 [01:07<00:00,  5.76it/s]
2025-10-11 09:16:49,156 - CIFAR-100_Training - INFO - Epoch 11: Train Loss: 1.7545, Train Acc: 51.39%, Test Loss: 1.7259, Test Acc: 52.06%, Acc Diff: -0.67%, LR: 0.002933
INFO:CIFAR-100_Training:Epoch 11: Train Loss: 1.7545, Train Acc: 51.39%, Test Loss: 1.7259, Test Acc: 52.06%, Acc Diff: -0.67%, LR: 0.002933
2025-10-11 09:16:49,158 - CIFAR-100_Training - INFO - Starting Epoch 12/30
INFO:CIFAR-100_Training:Starting Epoch 12/30
Epoch 12 - Loss: 1.8182, Accuracy: 53.34%: 100%|██████████| 391/391 [01:07<00:00,  5.77it/s]
2025-10-11 09:18:01,242 - CIFAR-100_Training - INFO - Epoch 12: Train Loss: 1.6736, Train Acc: 53.34%, Test Loss: 1.7286, Test Acc: 52.94%, Acc Diff: 0.40%, LR: 0.002851
INFO:CIFAR-100_Training:Epoch 12: Train Loss: 1.6736, Train Acc: 53.34%, Test Loss: 1.7286, Test Acc: 52.94%, Acc Diff: 0.40%, LR: 0.002851
2025-10-11 09:18:01,245 - CIFAR-100_Training - INFO - Starting Epoch 13/30
INFO:CIFAR-100_Training:Starting Epoch 13/30
Epoch 13 - Loss: 1.7220, Accuracy: 54.83%: 100%|██████████| 391/391 [01:07<00:00,  5.78it/s]
2025-10-11 09:19:13,150 - CIFAR-100_Training - INFO - Epoch 13: Train Loss: 1.6106, Train Acc: 54.83%, Test Loss: 1.6349, Test Acc: 54.71%, Acc Diff: 0.12%, LR: 0.002739
INFO:CIFAR-100_Training:Epoch 13: Train Loss: 1.6106, Train Acc: 54.83%, Test Loss: 1.6349, Test Acc: 54.71%, Acc Diff: 0.12%, LR: 0.002739
2025-10-11 09:19:13,154 - CIFAR-100_Training - INFO - Starting Epoch 14/30
INFO:CIFAR-100_Training:Starting Epoch 14/30
Epoch 14 - Loss: 1.4639, Accuracy: 56.48%: 100%|██████████| 391/391 [01:07<00:00,  5.77it/s]
2025-10-11 09:20:25,083 - CIFAR-100_Training - INFO - Epoch 14: Train Loss: 1.5451, Train Acc: 56.48%, Test Loss: 1.5481, Test Acc: 56.56%, Acc Diff: -0.08%, LR: 0.002599
INFO:CIFAR-100_Training:Epoch 14: Train Loss: 1.5451, Train Acc: 56.48%, Test Loss: 1.5481, Test Acc: 56.56%, Acc Diff: -0.08%, LR: 0.002599
2025-10-11 09:20:25,084 - CIFAR-100_Training - INFO - Starting Epoch 15/30
INFO:CIFAR-100_Training:Starting Epoch 15/30
Epoch 15 - Loss: 1.3975, Accuracy: 58.01%: 100%|██████████| 391/391 [01:07<00:00,  5.79it/s]
2025-10-11 09:21:36,863 - CIFAR-100_Training - INFO - Epoch 15: Train Loss: 1.4771, Train Acc: 58.01%, Test Loss: 1.5629, Test Acc: 57.48%, Acc Diff: 0.53%, LR: 0.002435
INFO:CIFAR-100_Training:Epoch 15: Train Loss: 1.4771, Train Acc: 58.01%, Test Loss: 1.5629, Test Acc: 57.48%, Acc Diff: 0.53%, LR: 0.002435
2025-10-11 09:21:36,865 - CIFAR-100_Training - INFO - Starting Epoch 16/30
INFO:CIFAR-100_Training:Starting Epoch 16/30
Epoch 16 - Loss: 1.4234, Accuracy: 59.87%: 100%|██████████| 391/391 [01:07<00:00,  5.78it/s]
2025-10-11 09:22:48,622 - CIFAR-100_Training - INFO - Epoch 16: Train Loss: 1.4091, Train Acc: 59.87%, Test Loss: 1.4085, Test Acc: 60.49%, Acc Diff: -0.62%, LR: 0.002250
INFO:CIFAR-100_Training:Epoch 16: Train Loss: 1.4091, Train Acc: 59.87%, Test Loss: 1.4085, Test Acc: 60.49%, Acc Diff: -0.62%, LR: 0.002250
2025-10-11 09:22:48,623 - CIFAR-100_Training - INFO - Starting Epoch 17/30
INFO:CIFAR-100_Training:Starting Epoch 17/30
Epoch 17 - Loss: 1.4349, Accuracy: 61.60%: 100%|██████████| 391/391 [01:07<00:00,  5.79it/s]
2025-10-11 09:24:00,383 - CIFAR-100_Training - INFO - Epoch 17: Train Loss: 1.3401, Train Acc: 61.60%, Test Loss: 1.4231, Test Acc: 60.20%, Acc Diff: 1.40%, LR: 0.002048
INFO:CIFAR-100_Training:Epoch 17: Train Loss: 1.3401, Train Acc: 61.60%, Test Loss: 1.4231, Test Acc: 60.20%, Acc Diff: 1.40%, LR: 0.002048
2025-10-11 09:24:00,385 - CIFAR-100_Training - INFO - Starting Epoch 18/30
INFO:CIFAR-100_Training:Starting Epoch 18/30
Epoch 18 - Loss: 1.6502, Accuracy: 63.44%: 100%|██████████| 391/391 [01:07<00:00,  5.79it/s]
2025-10-11 09:25:12,305 - CIFAR-100_Training - INFO - Epoch 18: Train Loss: 1.2754, Train Acc: 63.44%, Test Loss: 1.3476, Test Acc: 62.15%, Acc Diff: 1.29%, LR: 0.001833
INFO:CIFAR-100_Training:Epoch 18: Train Loss: 1.2754, Train Acc: 63.44%, Test Loss: 1.3476, Test Acc: 62.15%, Acc Diff: 1.29%, LR: 0.001833
2025-10-11 09:25:12,307 - CIFAR-100_Training - INFO - Starting Epoch 19/30
INFO:CIFAR-100_Training:Starting Epoch 19/30
Epoch 19 - Loss: 1.4521, Accuracy: 65.19%: 100%|██████████| 391/391 [01:07<00:00,  5.79it/s]
2025-10-11 09:26:23,950 - CIFAR-100_Training - INFO - Epoch 19: Train Loss: 1.1973, Train Acc: 65.19%, Test Loss: 1.2992, Test Acc: 63.50%, Acc Diff: 1.69%, LR: 0.001612
INFO:CIFAR-100_Training:Epoch 19: Train Loss: 1.1973, Train Acc: 65.19%, Test Loss: 1.2992, Test Acc: 63.50%, Acc Diff: 1.69%, LR: 0.001612
2025-10-11 09:26:23,952 - CIFAR-100_Training - INFO - Starting Epoch 20/30
INFO:CIFAR-100_Training:Starting Epoch 20/30
Epoch 20 - Loss: 1.1736, Accuracy: 67.07%: 100%|██████████| 391/391 [01:07<00:00,  5.81it/s]
2025-10-11 09:27:35,413 - CIFAR-100_Training - INFO - Epoch 20: Train Loss: 1.1302, Train Acc: 67.07%, Test Loss: 1.2331, Test Acc: 64.60%, Acc Diff: 2.47%, LR: 0.001388
INFO:CIFAR-100_Training:Epoch 20: Train Loss: 1.1302, Train Acc: 67.07%, Test Loss: 1.2331, Test Acc: 64.60%, Acc Diff: 2.47%, LR: 0.001388
2025-10-11 09:27:35,415 - CIFAR-100_Training - INFO - Starting Epoch 21/30
INFO:CIFAR-100_Training:Starting Epoch 21/30
Epoch 21 - Loss: 1.1973, Accuracy: 69.09%: 100%|██████████| 391/391 [01:07<00:00,  5.81it/s]
2025-10-11 09:28:46,973 - CIFAR-100_Training - INFO - Epoch 21: Train Loss: 1.0502, Train Acc: 69.09%, Test Loss: 1.1454, Test Acc: 67.32%, Acc Diff: 1.77%, LR: 0.001166
INFO:CIFAR-100_Training:Epoch 21: Train Loss: 1.0502, Train Acc: 69.09%, Test Loss: 1.1454, Test Acc: 67.32%, Acc Diff: 1.77%, LR: 0.001166
2025-10-11 09:28:46,975 - CIFAR-100_Training - INFO - Starting Epoch 22/30
INFO:CIFAR-100_Training:Starting Epoch 22/30
Epoch 22 - Loss: 1.0790, Accuracy: 71.30%: 100%|██████████| 391/391 [01:07<00:00,  5.83it/s]
2025-10-11 09:29:58,096 - CIFAR-100_Training - INFO - Epoch 22: Train Loss: 0.9704, Train Acc: 71.30%, Test Loss: 1.1119, Test Acc: 68.16%, Acc Diff: 3.14%, LR: 0.000952
INFO:CIFAR-100_Training:Epoch 22: Train Loss: 0.9704, Train Acc: 71.30%, Test Loss: 1.1119, Test Acc: 68.16%, Acc Diff: 3.14%, LR: 0.000952
2025-10-11 09:29:58,097 - CIFAR-100_Training - INFO - Starting Epoch 23/30
INFO:CIFAR-100_Training:Starting Epoch 23/30
Epoch 23 - Loss: 0.8310, Accuracy: 73.71%: 100%|██████████| 391/391 [01:07<00:00,  5.82it/s]
2025-10-11 09:31:09,549 - CIFAR-100_Training - INFO - Epoch 23: Train Loss: 0.8916, Train Acc: 73.71%, Test Loss: 1.0926, Test Acc: 69.15%, Acc Diff: 4.56%, LR: 0.000750
INFO:CIFAR-100_Training:Epoch 23: Train Loss: 0.8916, Train Acc: 73.71%, Test Loss: 1.0926, Test Acc: 69.15%, Acc Diff: 4.56%, LR: 0.000750
2025-10-11 09:31:09,551 - CIFAR-100_Training - INFO - Starting Epoch 24/30
INFO:CIFAR-100_Training:Starting Epoch 24/30
Epoch 24 - Loss: 0.8231, Accuracy: 75.69%: 100%|██████████| 391/391 [01:07<00:00,  5.83it/s]
2025-10-11 09:32:20,741 - CIFAR-100_Training - INFO - Epoch 24: Train Loss: 0.8135, Train Acc: 75.69%, Test Loss: 1.0296, Test Acc: 70.72%, Acc Diff: 4.97%, LR: 0.000565
INFO:CIFAR-100_Training:Epoch 24: Train Loss: 0.8135, Train Acc: 75.69%, Test Loss: 1.0296, Test Acc: 70.72%, Acc Diff: 4.97%, LR: 0.000565
2025-10-11 09:32:20,743 - CIFAR-100_Training - INFO - Starting Epoch 25/30
INFO:CIFAR-100_Training:Starting Epoch 25/30
Epoch 25 - Loss: 1.0348, Accuracy: 77.93%: 100%|██████████| 391/391 [01:07<00:00,  5.82it/s]
2025-10-11 09:33:32,177 - CIFAR-100_Training - INFO - Epoch 25: Train Loss: 0.7332, Train Acc: 77.93%, Test Loss: 1.0046, Test Acc: 71.37%, Acc Diff: 6.56%, LR: 0.000401
INFO:CIFAR-100_Training:Epoch 25: Train Loss: 0.7332, Train Acc: 77.93%, Test Loss: 1.0046, Test Acc: 71.37%, Acc Diff: 6.56%, LR: 0.000401
2025-10-11 09:33:32,179 - CIFAR-100_Training - INFO - Starting Epoch 26/30
INFO:CIFAR-100_Training:Starting Epoch 26/30
Epoch 26 - Loss: 0.6335, Accuracy: 80.04%: 100%|██████████| 391/391 [01:07<00:00,  5.83it/s]
2025-10-11 09:34:43,357 - CIFAR-100_Training - INFO - Epoch 26: Train Loss: 0.6596, Train Acc: 80.04%, Test Loss: 0.9795, Test Acc: 72.37%, Acc Diff: 7.67%, LR: 0.000261
INFO:CIFAR-100_Training:Epoch 26: Train Loss: 0.6596, Train Acc: 80.04%, Test Loss: 0.9795, Test Acc: 72.37%, Acc Diff: 7.67%, LR: 0.000261
2025-10-11 09:34:43,359 - CIFAR-100_Training - INFO - Starting Epoch 27/30
INFO:CIFAR-100_Training:Starting Epoch 27/30
Epoch 27 - Loss: 0.6793, Accuracy: 81.72%: 100%|██████████| 391/391 [01:07<00:00,  5.82it/s]
2025-10-11 09:35:54,673 - CIFAR-100_Training - INFO - Epoch 27: Train Loss: 0.6060, Train Acc: 81.72%, Test Loss: 0.9661, Test Acc: 72.90%, Acc Diff: 8.82%, LR: 0.000149
INFO:CIFAR-100_Training:Epoch 27: Train Loss: 0.6060, Train Acc: 81.72%, Test Loss: 0.9661, Test Acc: 72.90%, Acc Diff: 8.82%, LR: 0.000149
2025-10-11 09:35:54,676 - CIFAR-100_Training - INFO - Starting Epoch 28/30
INFO:CIFAR-100_Training:Starting Epoch 28/30
Epoch 28 - Loss: 0.3849, Accuracy: 83.17%: 100%|██████████| 391/391 [01:07<00:00,  5.80it/s]
2025-10-11 09:37:06,175 - CIFAR-100_Training - INFO - Epoch 28: Train Loss: 0.5608, Train Acc: 83.17%, Test Loss: 0.9552, Test Acc: 73.30%, Acc Diff: 9.87%, LR: 0.000067
INFO:CIFAR-100_Training:Epoch 28: Train Loss: 0.5608, Train Acc: 83.17%, Test Loss: 0.9552, Test Acc: 73.30%, Acc Diff: 9.87%, LR: 0.000067
2025-10-11 09:37:06,176 - CIFAR-100_Training - INFO - Starting Epoch 29/30
INFO:CIFAR-100_Training:Starting Epoch 29/30
Epoch 29 - Loss: 0.3965, Accuracy: 83.98%: 100%|██████████| 391/391 [01:07<00:00,  5.83it/s]
2025-10-11 09:38:17,410 - CIFAR-100_Training - INFO - Epoch 29: Train Loss: 0.5349, Train Acc: 83.98%, Test Loss: 0.9456, Test Acc: 73.36%, Acc Diff: 10.62%, LR: 0.000017
INFO:CIFAR-100_Training:Epoch 29: Train Loss: 0.5349, Train Acc: 83.98%, Test Loss: 0.9456, Test Acc: 73.36%, Acc Diff: 10.62%, LR: 0.000017
2025-10-11 09:38:17,413 - CIFAR-100_Training - INFO - Starting Epoch 30/30
INFO:CIFAR-100_Training:Starting Epoch 30/30
Epoch 30 - Loss: 0.6925, Accuracy: 84.35%: 100%|██████████| 391/391 [01:07<00:00,  5.79it/s]
2025-10-11 09:39:29,135 - CIFAR-100_Training - INFO - Epoch 30: Train Loss: 0.5268, Train Acc: 84.35%, Test Loss: 0.9430, Test Acc: 73.57%, Acc Diff: 10.78%, LR: 0.000001
INFO:CIFAR-100_Training:Epoch 30: Train Loss: 0.5268, Train Acc: 84.35%, Test Loss: 0.9430, Test Acc: 73.57%, Acc Diff: 10.78%, LR: 0.000001
2025-10-11 09:39:29,137 - CIFAR-100_Training - INFO - Training completed!
INFO:CIFAR-100_Training:Training completed!
2025-10-11 09:39:29,139 - CIFAR-100_Training - INFO - Final Results: {'final_train_loss': 0.5267726811759003, 'final_test_loss': 0.9429771265983582, 'final_train_accuracy': 84.346, 'final_test_accuracy': 73.57, 'best_test_accuracy': 73.57, 'final_accuracy_difference': 10.77600000000001, 'max_accuracy_difference': 10.77600000000001, 'avg_accuracy_difference': 2.0481999999999996, 'overfitting_epochs': 0, 'stopped_due_to_overfitting': False}
INFO:CIFAR-100_Training:Final Results: {'final_train_loss': 0.5267726811759003, 'final_test_loss': 0.9429771265983582, 'final_train_accuracy': 84.346, 'final_test_accuracy': 73.57, 'best_test_accuracy': 73.57, 'final_accuracy_difference': 10.77600000000001, 'max_accuracy_difference': 10.77600000000001, 'avg_accuracy_difference': 2.0481999999999996, 'overfitting_epochs': 0, 'stopped_due_to_overfitting': False}
2025-10-11 09:39:29,140 - CIFAR-100_Training - INFO - ==================================================
INFO:CIFAR-100_Training:==================================================
2025-10-11 09:39:29,141 - CIFAR-100_Training - INFO - OVERFITTING ANALYSIS
INFO:CIFAR-100_Training:OVERFITTING ANALYSIS
2025-10-11 09:39:29,143 - CIFAR-100_Training - INFO - ==================================================
INFO:CIFAR-100_Training:==================================================
2025-10-11 09:39:29,144 - CIFAR-100_Training - INFO - Final accuracy difference: 10.78%
INFO:CIFAR-100_Training:Final accuracy difference: 10.78%
2025-10-11 09:39:29,146 - CIFAR-100_Training - INFO - Maximum accuracy difference: 10.78%
INFO:CIFAR-100_Training:Maximum accuracy difference: 10.78%
2025-10-11 09:39:29,147 - CIFAR-100_Training - INFO - Average accuracy difference: 2.05%
INFO:CIFAR-100_Training:Average accuracy difference: 2.05%
2025-10-11 09:39:29,148 - CIFAR-100_Training - INFO - Consecutive overfitting epochs: 0
INFO:CIFAR-100_Training:Consecutive overfitting epochs: 0
2025-10-11 09:39:29,150 - CIFAR-100_Training - INFO - Stopped due to overfitting: False
INFO:CIFAR-100_Training:Stopped due to overfitting: False
2025-10-11 09:39:29,151 - CIFAR-100_Training - INFO - ==================================================
INFO:CIFAR-100_Training:==================================================
2025-10-11 09:39:30,409 - CIFAR-100_Training - INFO - Training curves saved to: /content/logs/training_curves_20251011_093929.png
INFO:CIFAR-100_Training:Training curves saved to: /content/logs/training_curves_20251011_093929.png

2025-10-11 09:39:31,115 - CIFAR-100_Training - INFO - Model saved to: /content/models/cifar100_model_20251011_093931.pth
INFO:CIFAR-100_Training:Model saved to: /content/models/cifar100_model_20251011_093931.pth
2025-10-11 09:39:31,116 - CIFAR-100_Training - INFO - ==================================================
INFO:CIFAR-100_Training:==================================================
2025-10-11 09:39:31,117 - CIFAR-100_Training - INFO - TRAINING PIPELINE COMPLETED SUCCESSFULLY
INFO:CIFAR-100_Training:TRAINING PIPELINE COMPLETED SUCCESSFULLY
2025-10-11 09:39:31,118 - CIFAR-100_Training - INFO - ==================================================
INFO:CIFAR-100_Training:==================================================
2025-10-11 09:39:31,120 - CIFAR-100_Training - INFO - Final Metrics: {'final_train_loss': 0.5267726811759003, 'final_test_loss': 0.9429771265983582, 'final_train_accuracy': 84.346, 'final_test_accuracy': 73.57, 'best_test_accuracy': 73.57, 'final_accuracy_difference': 10.77600000000001, 'max_accuracy_difference': 10.77600000000001, 'avg_accuracy_difference': 2.0481999999999996, 'overfitting_epochs': 0, 'stopped_due_to_overfitting': False}
INFO:CIFAR-100_Training:Final Metrics: {'final_train_loss': 0.5267726811759003, 'final_test_loss': 0.9429771265983582, 'final_train_accuracy': 84.346, 'final_test_accuracy': 73.57, 'best_test_accuracy': 73.57, 'final_accuracy_difference': 10.77600000000001, 'max_accuracy_difference': 10.77600000000001, 'avg_accuracy_difference': 2.0481999999999996, 'overfitting_epochs': 0, 'stopped_due_to_overfitting': False}

============================================================
TRAINING COMPLETED SUCCESSFULLY!
============================================================
Final Test Accuracy: 73.57%
Best Test Accuracy: 73.57%
Final Train Accuracy: 84.35%
============================================================
Check the logs/ directory for detailed logs and visualizations.
============================================================