2025-09-27 01:37:11,868 - MNIST_Training - INFO - Logger initialized. Log file: C:\Users\krish\Documents\Krishnakanth\Learnings\Learnings\MNIST_Model\Reference\ERAS6\Model_Evolution\Optimize\logs\20250927_013711_mnist_training.log
2025-09-27 01:37:11,868 - MNIST_Training - INFO - ==================================================
2025-09-27 01:37:11,868 - MNIST_Training - INFO - MNIST TRAINING EXPERIMENT STARTED
2025-09-27 01:37:11,868 - MNIST_Training - INFO - ==================================================
2025-09-27 01:37:11,868 - MNIST_Training - INFO - Data Config: DataConfig(data_dir='./data', batch_size=64, num_workers=4, pin_memory=True, shuffle=True, mean=(0.1307,), std=(0.3081,), rotation_range=(-7.0, 7.0), fill_value=1)
2025-09-27 01:37:11,868 - MNIST_Training - INFO - Model Config: ModelConfig(input_channels=1, input_size=(28, 28), num_classes=10, dropout_rate=0.05)
2025-09-27 01:37:11,868 - MNIST_Training - INFO - Training Config: TrainingConfig(epochs=20, learning_rate=0.01, momentum=0.9, weight_decay=0.0, scheduler_step_size=10, scheduler_gamma=0.1, seed=1)
2025-09-27 01:37:11,868 - MNIST_Training - INFO - ==================================================
2025-09-27 01:37:11,868 - MNIST_Training - INFO - Setting up data...
2025-09-27 01:37:11,868 - MNIST_Training - INFO - Loading MNIST dataset...
2025-09-27 01:37:11,925 - MNIST_Training - INFO - Dataset loaded successfully!
2025-09-27 01:37:11,925 - MNIST_Training - INFO - Train samples: 60000
2025-09-27 01:37:11,925 - MNIST_Training - INFO - Test samples: 10000
2025-09-27 01:37:11,925 - MNIST_Training - INFO - Computing data statistics...
2025-09-27 01:37:12,049 - MNIST_Training - INFO - Data Statistics:
2025-09-27 01:37:12,049 - MNIST_Training - INFO -   - Shape: torch.Size([60000, 28, 28])
2025-09-27 01:37:12,049 - MNIST_Training - INFO -   - Size: 47,040,000
2025-09-27 01:37:12,049 - MNIST_Training - INFO -   - Min: 0.0000
2025-09-27 01:37:12,049 - MNIST_Training - INFO -   - Max: 1.0000
2025-09-27 01:37:12,049 - MNIST_Training - INFO -   - Mean: 0.1307
2025-09-27 01:37:12,049 - MNIST_Training - INFO -   - Std: 0.3081
2025-09-27 01:37:12,049 - MNIST_Training - INFO -   - Variance: 0.0949
2025-09-27 01:37:15,815 - MNIST_Training - INFO - Batch Information:
2025-09-27 01:37:15,815 - MNIST_Training - INFO -   - Batch size: 64
2025-09-27 01:37:15,815 - MNIST_Training - INFO -   - Image shape: torch.Size([1, 28, 28])
2025-09-27 01:37:15,815 - MNIST_Training - INFO -   - Label shape: torch.Size([64])
2025-09-27 01:37:15,815 - MNIST_Training - INFO -   - Data type: torch.float32
2025-09-27 01:37:16,798 - MNIST_Training - INFO - Getting input size from data loader...
2025-09-27 01:37:19,749 - MNIST_Training - INFO - Input size from data loader: (1, 28, 28)
2025-09-27 01:37:20,835 - MNIST_Training - INFO - Setting up model...
2025-09-27 01:37:20,835 - MNIST_Training - INFO - Generating model summary...
2025-09-27 01:37:21,031 - MNIST_Training - INFO - Model Architecture Summary:
2025-09-27 01:37:21,031 - MNIST_Training - INFO -   - Total Parameters: 7,522
2025-09-27 01:37:21,031 - MNIST_Training - INFO -   - Batch Normalization: Yes
2025-09-27 01:37:21,031 - MNIST_Training - INFO -   - Dropout: Yes
2025-09-27 01:37:21,031 - MNIST_Training - INFO -   - GAP Layers: Yes
2025-09-27 01:37:21,031 - MNIST_Training - INFO -   - FC Layers: Yes
2025-09-27 01:37:21,031 - MNIST_Training - INFO - ==================================================
2025-09-27 01:37:21,031 - MNIST_Training - INFO - DETAILED MODEL ARCHITECTURE SUMMARY
2025-09-27 01:37:21,031 - MNIST_Training - INFO - ==================================================
2025-09-27 01:37:21,031 - MNIST_Training - INFO - ----------------------------------------------------------------
2025-09-27 01:37:21,031 - MNIST_Training - INFO -         Layer (type)               Output Shape         Param #
2025-09-27 01:37:21,031 - MNIST_Training - INFO - ================================================================
2025-09-27 01:37:21,031 - MNIST_Training - INFO -             Conv2d-1           [-1, 12, 28, 28]             108
2025-09-27 01:37:21,031 - MNIST_Training - INFO -        BatchNorm2d-2           [-1, 12, 28, 28]              24
2025-09-27 01:37:21,031 - MNIST_Training - INFO -               ReLU-3           [-1, 12, 28, 28]               0
2025-09-27 01:37:21,031 - MNIST_Training - INFO -             Conv2d-4           [-1, 12, 28, 28]           1,296
2025-09-27 01:37:21,031 - MNIST_Training - INFO -        BatchNorm2d-5           [-1, 12, 28, 28]              24
2025-09-27 01:37:21,031 - MNIST_Training - INFO -               ReLU-6           [-1, 12, 28, 28]               0
2025-09-27 01:37:21,031 - MNIST_Training - INFO -            Dropout-7           [-1, 12, 28, 28]               0
2025-09-27 01:37:21,031 - MNIST_Training - INFO -             Conv2d-8           [-1, 12, 28, 28]           1,296
2025-09-27 01:37:21,031 - MNIST_Training - INFO -        BatchNorm2d-9           [-1, 12, 28, 28]              24
2025-09-27 01:37:21,031 - MNIST_Training - INFO -              ReLU-10           [-1, 12, 28, 28]               0
2025-09-27 01:37:21,031 - MNIST_Training - INFO -           Dropout-11           [-1, 12, 28, 28]               0
2025-09-27 01:37:21,031 - MNIST_Training - INFO -         MaxPool2d-12           [-1, 12, 14, 14]               0
2025-09-27 01:37:21,031 - MNIST_Training - INFO -            Conv2d-13           [-1, 10, 14, 14]           1,080
2025-09-27 01:37:21,031 - MNIST_Training - INFO -       BatchNorm2d-14           [-1, 10, 14, 14]              20
2025-09-27 01:37:21,031 - MNIST_Training - INFO -              ReLU-15           [-1, 10, 14, 14]               0
2025-09-27 01:37:21,031 - MNIST_Training - INFO -           Dropout-16           [-1, 10, 14, 14]               0
2025-09-27 01:37:21,031 - MNIST_Training - INFO -            Conv2d-17           [-1, 10, 14, 14]             900
2025-09-27 01:37:21,031 - MNIST_Training - INFO -       BatchNorm2d-18           [-1, 10, 14, 14]              20
2025-09-27 01:37:21,031 - MNIST_Training - INFO -              ReLU-19           [-1, 10, 14, 14]               0
2025-09-27 01:37:21,039 - MNIST_Training - INFO -           Dropout-20           [-1, 10, 14, 14]               0
2025-09-27 01:37:21,039 - MNIST_Training - INFO -         MaxPool2d-21             [-1, 10, 7, 7]               0
2025-09-27 01:37:21,039 - MNIST_Training - INFO -            Conv2d-22             [-1, 16, 5, 5]           1,440
2025-09-27 01:37:21,039 - MNIST_Training - INFO -       BatchNorm2d-23             [-1, 16, 5, 5]              32
2025-09-27 01:37:21,040 - MNIST_Training - INFO -              ReLU-24             [-1, 16, 5, 5]               0
2025-09-27 01:37:21,040 - MNIST_Training - INFO -           Dropout-25             [-1, 16, 5, 5]               0
2025-09-27 01:37:21,040 - MNIST_Training - INFO -            Conv2d-26              [-1, 8, 3, 3]           1,152
2025-09-27 01:37:21,040 - MNIST_Training - INFO -       BatchNorm2d-27              [-1, 8, 3, 3]              16
2025-09-27 01:37:21,040 - MNIST_Training - INFO -              ReLU-28              [-1, 8, 3, 3]               0
2025-09-27 01:37:21,040 - MNIST_Training - INFO -           Dropout-29              [-1, 8, 3, 3]               0
2025-09-27 01:37:21,040 - MNIST_Training - INFO -         AvgPool2d-30              [-1, 8, 1, 1]               0
2025-09-27 01:37:21,041 - MNIST_Training - INFO -            Linear-31                   [-1, 10]              90
2025-09-27 01:37:21,041 - MNIST_Training - INFO - ================================================================
2025-09-27 01:37:21,041 - MNIST_Training - INFO - Total params: 7,522
2025-09-27 01:37:21,041 - MNIST_Training - INFO - Trainable params: 7,522
2025-09-27 01:37:21,041 - MNIST_Training - INFO - Non-trainable params: 0
2025-09-27 01:37:21,041 - MNIST_Training - INFO - ----------------------------------------------------------------
2025-09-27 01:37:21,041 - MNIST_Training - INFO - Input size (MB): 0.00
2025-09-27 01:37:21,042 - MNIST_Training - INFO - Forward/backward pass size (MB): 0.95
2025-09-27 01:37:21,042 - MNIST_Training - INFO - Params size (MB): 0.03
2025-09-27 01:37:21,042 - MNIST_Training - INFO - Estimated Total Size (MB): 0.98
2025-09-27 01:37:21,042 - MNIST_Training - INFO - ----------------------------------------------------------------
2025-09-27 01:37:21,042 - MNIST_Training - INFO - ==================================================
2025-09-27 01:37:21,042 - MNIST_Training - INFO - Setting up trainer...
2025-09-27 01:37:21,044 - MNIST_Training - INFO - Using device: cuda
2025-09-27 01:37:21,044 - MNIST_Training - INFO - Starting training process...
2025-09-27 01:37:21,044 - MNIST_Training - INFO - Starting training process...
2025-09-27 01:37:21,045 - MNIST_Training - INFO - Starting Epoch 1/20
2025-09-27 01:37:39,263 - MNIST_Training - INFO - Epoch  1: Train Loss: 0.4334, Train Acc: 88.34%, Test Loss: 0.0670, Test Acc: 98.24%
2025-09-27 01:37:39,263 - MNIST_Training - INFO - Starting Epoch 2/20
2025-09-27 01:37:57,455 - MNIST_Training - INFO - Epoch  2: Train Loss: 0.0954, Train Acc: 97.32%, Test Loss: 0.1020, Test Acc: 97.05%
2025-09-27 01:37:57,455 - MNIST_Training - INFO - Starting Epoch 3/20
2025-09-27 01:38:16,049 - MNIST_Training - INFO - Epoch  3: Train Loss: 0.0724, Train Acc: 97.86%, Test Loss: 0.0365, Test Acc: 98.98%
2025-09-27 01:38:16,049 - MNIST_Training - INFO - Starting Epoch 4/20
2025-09-27 01:38:34,092 - MNIST_Training - INFO - Epoch  4: Train Loss: 0.0640, Train Acc: 98.10%, Test Loss: 0.0428, Test Acc: 98.76%
2025-09-27 01:38:34,092 - MNIST_Training - INFO - Starting Epoch 5/20
2025-09-27 01:38:52,217 - MNIST_Training - INFO - Epoch  5: Train Loss: 0.0574, Train Acc: 98.27%, Test Loss: 0.0322, Test Acc: 99.04%
2025-09-27 01:38:52,217 - MNIST_Training - INFO - Starting Epoch 6/20
2025-09-27 01:39:10,691 - MNIST_Training - INFO - Epoch  6: Train Loss: 0.0542, Train Acc: 98.40%, Test Loss: 0.0309, Test Acc: 99.11%
2025-09-27 01:39:10,691 - MNIST_Training - INFO - Starting Epoch 7/20
2025-09-27 01:39:29,439 - MNIST_Training - INFO - Epoch  7: Train Loss: 0.0489, Train Acc: 98.52%, Test Loss: 0.0322, Test Acc: 99.02%
2025-09-27 01:39:29,439 - MNIST_Training - INFO - Starting Epoch 8/20
2025-09-27 01:39:47,622 - MNIST_Training - INFO - Epoch  8: Train Loss: 0.0444, Train Acc: 98.65%, Test Loss: 0.0262, Test Acc: 99.29%
2025-09-27 01:39:47,622 - MNIST_Training - INFO - Starting Epoch 9/20
2025-09-27 01:40:06,319 - MNIST_Training - INFO - Epoch  9: Train Loss: 0.0442, Train Acc: 98.67%, Test Loss: 0.0261, Test Acc: 99.21%
2025-09-27 01:40:06,320 - MNIST_Training - INFO - Starting Epoch 10/20
2025-09-27 01:41:55,142 - MNIST_Training - INFO - Epoch 10: Train Loss: 0.0439, Train Acc: 98.62%, Test Loss: 0.0249, Test Acc: 99.19%
2025-09-27 01:41:55,142 - MNIST_Training - INFO - Starting Epoch 11/20
2025-09-27 01:42:12,690 - MNIST_Training - INFO - Epoch 11: Train Loss: 0.0345, Train Acc: 98.96%, Test Loss: 0.0214, Test Acc: 99.38%
2025-09-27 01:42:12,690 - MNIST_Training - INFO - Starting Epoch 12/20
2025-09-27 01:42:30,984 - MNIST_Training - INFO - Epoch 12: Train Loss: 0.0322, Train Acc: 99.02%, Test Loss: 0.0228, Test Acc: 99.27%
2025-09-27 01:42:30,993 - MNIST_Training - INFO - Starting Epoch 13/20
2025-09-27 01:42:48,900 - MNIST_Training - INFO - Epoch 13: Train Loss: 0.0310, Train Acc: 99.03%, Test Loss: 0.0213, Test Acc: 99.36%
2025-09-27 01:42:48,900 - MNIST_Training - INFO - Starting Epoch 14/20
2025-09-27 01:43:07,771 - MNIST_Training - INFO - Epoch 14: Train Loss: 0.0318, Train Acc: 99.08%, Test Loss: 0.0221, Test Acc: 99.37%
2025-09-27 01:43:07,771 - MNIST_Training - INFO - Starting Epoch 15/20
2025-09-27 01:43:25,680 - MNIST_Training - INFO - Epoch 15: Train Loss: 0.0315, Train Acc: 99.03%, Test Loss: 0.0223, Test Acc: 99.33%
2025-09-27 01:43:25,680 - MNIST_Training - INFO - Starting Epoch 16/20
2025-09-27 01:43:43,799 - MNIST_Training - INFO - Epoch 16: Train Loss: 0.0309, Train Acc: 99.08%, Test Loss: 0.0218, Test Acc: 99.35%
2025-09-27 01:43:43,799 - MNIST_Training - INFO - Starting Epoch 17/20
2025-09-27 01:44:02,818 - MNIST_Training - INFO - Epoch 17: Train Loss: 0.0307, Train Acc: 99.08%, Test Loss: 0.0211, Test Acc: 99.38%
2025-09-27 01:44:02,818 - MNIST_Training - INFO - Starting Epoch 18/20
2025-09-27 01:44:20,685 - MNIST_Training - INFO - Epoch 18: Train Loss: 0.0300, Train Acc: 99.10%, Test Loss: 0.0210, Test Acc: 99.38%
2025-09-27 01:44:20,689 - MNIST_Training - INFO - Starting Epoch 19/20
2025-09-27 01:44:39,199 - MNIST_Training - INFO - Epoch 19: Train Loss: 0.0294, Train Acc: 99.12%, Test Loss: 0.0206, Test Acc: 99.41%
2025-09-27 01:44:39,199 - MNIST_Training - INFO - Starting Epoch 20/20
2025-09-27 01:44:58,492 - MNIST_Training - INFO - Epoch 20: Train Loss: 0.0300, Train Acc: 99.05%, Test Loss: 0.0216, Test Acc: 99.33%
2025-09-27 01:44:58,492 - MNIST_Training - INFO - Training completed!
2025-09-27 01:44:58,492 - MNIST_Training - INFO - Final Results: {'final_train_loss': 0.030002634533852744, 'final_test_loss': 0.02164956358023919, 'final_train_accuracy': 99.05, 'final_test_accuracy': 99.33, 'best_test_accuracy': 99.41}
2025-09-27 01:44:58,997 - MNIST_Training - INFO - Training curves saved to: C:\Users\krish\Documents\Krishnakanth\Learnings\Learnings\MNIST_Model\Reference\ERAS6\Model_Evolution\Optimize\logs\training_curves_20250927_014458.png
2025-09-27 01:45:02,975 - MNIST_Training - INFO - Model saved to: C:\Users\krish\Documents\Krishnakanth\Learnings\Learnings\MNIST_Model\Reference\ERAS6\Model_Evolution\Optimize\models\mnist_model_20250927_014502.pth
2025-09-27 01:45:02,976 - MNIST_Training - INFO - ==================================================
2025-09-27 01:45:02,976 - MNIST_Training - INFO - TRAINING PIPELINE COMPLETED SUCCESSFULLY
2025-09-27 01:45:02,976 - MNIST_Training - INFO - ==================================================
2025-09-27 01:45:02,977 - MNIST_Training - INFO - Final Metrics: {'final_train_loss': 0.030002634533852744, 'final_test_loss': 0.02164956358023919, 'final_train_accuracy': 99.05, 'final_test_accuracy': 99.33, 'best_test_accuracy': 99.41}
