2025-09-27 01:50:13,055 - MNIST_Training - INFO - Logger initialized. Log file: C:\Users\krish\Documents\Krishnakanth\Learnings\Learnings\MNIST_Model\Reference\ERAS6\Model_Evolution\Optimize\logs\20250927_015013_mnist_training.log
2025-09-27 01:50:13,055 - MNIST_Training - INFO - ==================================================
2025-09-27 01:50:13,057 - MNIST_Training - INFO - MNIST TRAINING EXPERIMENT STARTED
2025-09-27 01:50:13,057 - MNIST_Training - INFO - ==================================================
2025-09-27 01:50:13,057 - MNIST_Training - INFO - Data Config: DataConfig(data_dir='./data', batch_size=64, num_workers=4, pin_memory=True, shuffle=True, mean=(0.1307,), std=(0.3081,), rotation_range=(-7.0, 7.0), fill_value=1)
2025-09-27 01:50:13,057 - MNIST_Training - INFO - Model Config: ModelConfig(input_channels=1, input_size=(28, 28), num_classes=10, dropout_rate=0.05)
2025-09-27 01:50:13,057 - MNIST_Training - INFO - Training Config: TrainingConfig(epochs=20, learning_rate=0.01, momentum=0.9, weight_decay=0.0, scheduler_step_size=10, scheduler_gamma=0.1, seed=1)
2025-09-27 01:50:13,057 - MNIST_Training - INFO - ==================================================
2025-09-27 01:50:13,057 - MNIST_Training - INFO - Setting up data...
2025-09-27 01:50:13,057 - MNIST_Training - INFO - Loading MNIST dataset...
2025-09-27 01:50:13,109 - MNIST_Training - INFO - Dataset loaded successfully!
2025-09-27 01:50:13,110 - MNIST_Training - INFO - Train samples: 60000
2025-09-27 01:50:13,110 - MNIST_Training - INFO - Test samples: 10000
2025-09-27 01:50:13,110 - MNIST_Training - INFO - Computing data statistics...
2025-09-27 01:50:13,241 - MNIST_Training - INFO - Data Statistics:
2025-09-27 01:50:13,242 - MNIST_Training - INFO -   - Shape: torch.Size([60000, 28, 28])
2025-09-27 01:50:13,242 - MNIST_Training - INFO -   - Size: 47,040,000
2025-09-27 01:50:13,242 - MNIST_Training - INFO -   - Min: 0.0000
2025-09-27 01:50:13,242 - MNIST_Training - INFO -   - Max: 1.0000
2025-09-27 01:50:13,242 - MNIST_Training - INFO -   - Mean: 0.1307
2025-09-27 01:50:13,242 - MNIST_Training - INFO -   - Std: 0.3081
2025-09-27 01:50:13,242 - MNIST_Training - INFO -   - Variance: 0.0949
2025-09-27 01:50:16,810 - MNIST_Training - INFO - Batch Information:
2025-09-27 01:50:16,810 - MNIST_Training - INFO -   - Batch size: 64
2025-09-27 01:50:16,812 - MNIST_Training - INFO -   - Image shape: torch.Size([1, 28, 28])
2025-09-27 01:50:16,812 - MNIST_Training - INFO -   - Label shape: torch.Size([64])
2025-09-27 01:50:16,812 - MNIST_Training - INFO -   - Data type: torch.float32
2025-09-27 01:50:17,865 - MNIST_Training - INFO - Getting input size from data loader...
2025-09-27 01:50:20,903 - MNIST_Training - INFO - Input size from data loader: (1, 28, 28)
2025-09-27 01:50:21,945 - MNIST_Training - INFO - Setting up model...
2025-09-27 01:50:21,961 - MNIST_Training - INFO - Generating model summary...
2025-09-27 01:50:22,142 - MNIST_Training - INFO - Model Architecture Summary:
2025-09-27 01:50:22,142 - MNIST_Training - INFO -   - Total Parameters: 7,974
2025-09-27 01:50:22,142 - MNIST_Training - INFO -   - Batch Normalization: Yes
2025-09-27 01:50:22,142 - MNIST_Training - INFO -   - Dropout: Yes
2025-09-27 01:50:22,142 - MNIST_Training - INFO -   - GAP Layers: Yes
2025-09-27 01:50:22,142 - MNIST_Training - INFO -   - FC Layers: Yes
2025-09-27 01:50:22,142 - MNIST_Training - INFO - ==================================================
2025-09-27 01:50:22,142 - MNIST_Training - INFO - DETAILED MODEL ARCHITECTURE SUMMARY
2025-09-27 01:50:22,142 - MNIST_Training - INFO - ==================================================
2025-09-27 01:50:22,142 - MNIST_Training - INFO - ----------------------------------------------------------------
2025-09-27 01:50:22,142 - MNIST_Training - INFO -         Layer (type)               Output Shape         Param #
2025-09-27 01:50:22,142 - MNIST_Training - INFO - ================================================================
2025-09-27 01:50:22,142 - MNIST_Training - INFO -             Conv2d-1           [-1, 12, 28, 28]             108
2025-09-27 01:50:22,142 - MNIST_Training - INFO -        BatchNorm2d-2           [-1, 12, 28, 28]              24
2025-09-27 01:50:22,142 - MNIST_Training - INFO -               ReLU-3           [-1, 12, 28, 28]               0
2025-09-27 01:50:22,142 - MNIST_Training - INFO -             Conv2d-4           [-1, 12, 28, 28]           1,296
2025-09-27 01:50:22,142 - MNIST_Training - INFO -        BatchNorm2d-5           [-1, 12, 28, 28]              24
2025-09-27 01:50:22,142 - MNIST_Training - INFO -               ReLU-6           [-1, 12, 28, 28]               0
2025-09-27 01:50:22,142 - MNIST_Training - INFO -            Dropout-7           [-1, 12, 28, 28]               0
2025-09-27 01:50:22,142 - MNIST_Training - INFO -             Conv2d-8           [-1, 12, 28, 28]           1,296
2025-09-27 01:50:22,142 - MNIST_Training - INFO -        BatchNorm2d-9           [-1, 12, 28, 28]              24
2025-09-27 01:50:22,142 - MNIST_Training - INFO -              ReLU-10           [-1, 12, 28, 28]               0
2025-09-27 01:50:22,142 - MNIST_Training - INFO -           Dropout-11           [-1, 12, 28, 28]               0
2025-09-27 01:50:22,142 - MNIST_Training - INFO -         MaxPool2d-12           [-1, 12, 14, 14]               0
2025-09-27 01:50:22,142 - MNIST_Training - INFO -            Conv2d-13           [-1, 10, 14, 14]           1,080
2025-09-27 01:50:22,142 - MNIST_Training - INFO -       BatchNorm2d-14           [-1, 10, 14, 14]              20
2025-09-27 01:50:22,142 - MNIST_Training - INFO -              ReLU-15           [-1, 10, 14, 14]               0
2025-09-27 01:50:22,142 - MNIST_Training - INFO -           Dropout-16           [-1, 10, 14, 14]               0
2025-09-27 01:50:22,142 - MNIST_Training - INFO -            Conv2d-17           [-1, 10, 14, 14]             900
2025-09-27 01:50:22,142 - MNIST_Training - INFO -       BatchNorm2d-18           [-1, 10, 14, 14]              20
2025-09-27 01:50:22,142 - MNIST_Training - INFO -              ReLU-19           [-1, 10, 14, 14]               0
2025-09-27 01:50:22,142 - MNIST_Training - INFO -           Dropout-20           [-1, 10, 14, 14]               0
2025-09-27 01:50:22,142 - MNIST_Training - INFO -         MaxPool2d-21             [-1, 10, 7, 7]               0
2025-09-27 01:50:22,142 - MNIST_Training - INFO -            Conv2d-22             [-1, 16, 5, 5]           1,440
2025-09-27 01:50:22,142 - MNIST_Training - INFO -       BatchNorm2d-23             [-1, 16, 5, 5]              32
2025-09-27 01:50:22,142 - MNIST_Training - INFO -              ReLU-24             [-1, 16, 5, 5]               0
2025-09-27 01:50:22,142 - MNIST_Training - INFO -           Dropout-25             [-1, 16, 5, 5]               0
2025-09-27 01:50:22,142 - MNIST_Training - INFO -            Conv2d-26              [-1, 8, 3, 3]           1,152
2025-09-27 01:50:22,142 - MNIST_Training - INFO -       BatchNorm2d-27              [-1, 8, 3, 3]              16
2025-09-27 01:50:22,142 - MNIST_Training - INFO -              ReLU-28              [-1, 8, 3, 3]               0
2025-09-27 01:50:22,157 - MNIST_Training - INFO -           Dropout-29              [-1, 8, 3, 3]               0
2025-09-27 01:50:22,157 - MNIST_Training - INFO -         AvgPool2d-30              [-1, 8, 1, 1]               0
2025-09-27 01:50:22,157 - MNIST_Training - INFO -            Linear-31                   [-1, 28]             252
2025-09-27 01:50:22,157 - MNIST_Training - INFO -            Linear-32                   [-1, 10]             290
2025-09-27 01:50:22,157 - MNIST_Training - INFO - ================================================================
2025-09-27 01:50:22,157 - MNIST_Training - INFO - Total params: 7,974
2025-09-27 01:50:22,157 - MNIST_Training - INFO - Trainable params: 7,974
2025-09-27 01:50:22,157 - MNIST_Training - INFO - Non-trainable params: 0
2025-09-27 01:50:22,157 - MNIST_Training - INFO - ----------------------------------------------------------------
2025-09-27 01:50:22,157 - MNIST_Training - INFO - Input size (MB): 0.00
2025-09-27 01:50:22,157 - MNIST_Training - INFO - Forward/backward pass size (MB): 0.95
2025-09-27 01:50:22,157 - MNIST_Training - INFO - Params size (MB): 0.03
2025-09-27 01:50:22,157 - MNIST_Training - INFO - Estimated Total Size (MB): 0.98
2025-09-27 01:50:22,157 - MNIST_Training - INFO - ----------------------------------------------------------------
2025-09-27 01:50:22,157 - MNIST_Training - INFO - ==================================================
2025-09-27 01:50:22,157 - MNIST_Training - INFO - Setting up trainer...
2025-09-27 01:50:22,160 - MNIST_Training - INFO - Using device: cuda
2025-09-27 01:50:22,160 - MNIST_Training - INFO - Starting training process...
2025-09-27 01:50:22,160 - MNIST_Training - INFO - Starting training process...
2025-09-27 01:50:22,160 - MNIST_Training - INFO - Starting Epoch 1/20
2025-09-27 01:50:40,364 - MNIST_Training - INFO - Epoch  1: Train Loss: 0.5602, Train Acc: 81.79%, Test Loss: 0.0654, Test Acc: 98.30%
2025-09-27 01:50:40,364 - MNIST_Training - INFO - Starting Epoch 2/20
2025-09-27 01:50:57,529 - MNIST_Training - INFO - Epoch  2: Train Loss: 0.0916, Train Acc: 97.29%, Test Loss: 0.0721, Test Acc: 97.93%
2025-09-27 01:50:57,529 - MNIST_Training - INFO - Starting Epoch 3/20
2025-09-27 01:51:16,206 - MNIST_Training - INFO - Epoch  3: Train Loss: 0.0673, Train Acc: 98.03%, Test Loss: 0.0300, Test Acc: 99.00%
2025-09-27 01:51:16,206 - MNIST_Training - INFO - Starting Epoch 4/20
2025-09-27 01:51:33,958 - MNIST_Training - INFO - Epoch  4: Train Loss: 0.0596, Train Acc: 98.12%, Test Loss: 0.0279, Test Acc: 99.17%
2025-09-27 01:51:33,958 - MNIST_Training - INFO - Starting Epoch 5/20
2025-09-27 01:51:52,433 - MNIST_Training - INFO - Epoch  5: Train Loss: 0.0538, Train Acc: 98.34%, Test Loss: 0.0405, Test Acc: 98.69%
2025-09-27 01:51:52,433 - MNIST_Training - INFO - Starting Epoch 6/20
2025-09-27 01:52:11,404 - MNIST_Training - INFO - Epoch  6: Train Loss: 0.0514, Train Acc: 98.38%, Test Loss: 0.0296, Test Acc: 99.05%
2025-09-27 01:52:11,404 - MNIST_Training - INFO - Starting Epoch 7/20
2025-09-27 01:52:30,325 - MNIST_Training - INFO - Epoch  7: Train Loss: 0.0479, Train Acc: 98.52%, Test Loss: 0.0282, Test Acc: 99.03%
2025-09-27 01:52:30,325 - MNIST_Training - INFO - Starting Epoch 8/20
2025-09-27 01:52:48,859 - MNIST_Training - INFO - Epoch  8: Train Loss: 0.0440, Train Acc: 98.65%, Test Loss: 0.0260, Test Acc: 99.25%
2025-09-27 01:52:48,861 - MNIST_Training - INFO - Starting Epoch 9/20
2025-09-27 01:53:07,011 - MNIST_Training - INFO - Epoch  9: Train Loss: 0.0427, Train Acc: 98.67%, Test Loss: 0.0285, Test Acc: 99.14%
2025-09-27 01:53:07,011 - MNIST_Training - INFO - Starting Epoch 10/20
2025-09-27 01:53:25,231 - MNIST_Training - INFO - Epoch 10: Train Loss: 0.0409, Train Acc: 98.69%, Test Loss: 0.0263, Test Acc: 99.21%
2025-09-27 01:53:25,231 - MNIST_Training - INFO - Starting Epoch 11/20
2025-09-27 01:53:44,343 - MNIST_Training - INFO - Epoch 11: Train Loss: 0.0327, Train Acc: 98.97%, Test Loss: 0.0213, Test Acc: 99.37%
2025-09-27 01:53:44,343 - MNIST_Training - INFO - Starting Epoch 12/20
2025-09-27 01:54:03,370 - MNIST_Training - INFO - Epoch 12: Train Loss: 0.0296, Train Acc: 99.06%, Test Loss: 0.0218, Test Acc: 99.36%
2025-09-27 01:54:03,370 - MNIST_Training - INFO - Starting Epoch 13/20
2025-09-27 01:54:21,756 - MNIST_Training - INFO - Epoch 13: Train Loss: 0.0293, Train Acc: 99.07%, Test Loss: 0.0204, Test Acc: 99.41%
2025-09-27 01:54:21,756 - MNIST_Training - INFO - Starting Epoch 14/20
2025-09-27 01:54:40,606 - MNIST_Training - INFO - Epoch 14: Train Loss: 0.0294, Train Acc: 99.09%, Test Loss: 0.0215, Test Acc: 99.37%
2025-09-27 01:54:40,606 - MNIST_Training - INFO - Starting Epoch 15/20
2025-09-27 01:55:01,720 - MNIST_Training - INFO - Epoch 15: Train Loss: 0.0275, Train Acc: 99.14%, Test Loss: 0.0210, Test Acc: 99.35%
2025-09-27 01:55:01,720 - MNIST_Training - INFO - Starting Epoch 16/20
2025-09-27 01:55:20,176 - MNIST_Training - INFO - Epoch 16: Train Loss: 0.0279, Train Acc: 99.14%, Test Loss: 0.0218, Test Acc: 99.37%
2025-09-27 01:55:20,176 - MNIST_Training - INFO - Starting Epoch 17/20
2025-09-27 01:55:38,738 - MNIST_Training - INFO - Epoch 17: Train Loss: 0.0283, Train Acc: 99.15%, Test Loss: 0.0206, Test Acc: 99.39%
2025-09-27 01:55:38,738 - MNIST_Training - INFO - Starting Epoch 18/20
2025-09-27 01:55:57,151 - MNIST_Training - INFO - Epoch 18: Train Loss: 0.0271, Train Acc: 99.16%, Test Loss: 0.0204, Test Acc: 99.37%
2025-09-27 01:55:57,151 - MNIST_Training - INFO - Starting Epoch 19/20
2025-09-27 01:56:16,732 - MNIST_Training - INFO - Epoch 19: Train Loss: 0.0286, Train Acc: 99.12%, Test Loss: 0.0193, Test Acc: 99.41%
2025-09-27 01:56:16,732 - MNIST_Training - INFO - Starting Epoch 20/20
2025-09-27 01:56:35,653 - MNIST_Training - INFO - Epoch 20: Train Loss: 0.0300, Train Acc: 99.06%, Test Loss: 0.0209, Test Acc: 99.35%
2025-09-27 01:56:35,653 - MNIST_Training - INFO - Training completed!
2025-09-27 01:56:35,653 - MNIST_Training - INFO - Final Results: {'final_train_loss': 0.03002136036425259, 'final_test_loss': 0.02087900995821692, 'final_train_accuracy': 99.05833333333334, 'final_test_accuracy': 99.35, 'best_test_accuracy': 99.41}
2025-09-27 01:56:36,171 - MNIST_Training - INFO - Training curves saved to: C:\Users\krish\Documents\Krishnakanth\Learnings\Learnings\MNIST_Model\Reference\ERAS6\Model_Evolution\Optimize\logs\training_curves_20250927_015635.png
2025-09-27 01:56:41,756 - MNIST_Training - INFO - Model saved to: C:\Users\krish\Documents\Krishnakanth\Learnings\Learnings\MNIST_Model\Reference\ERAS6\Model_Evolution\Optimize\models\mnist_model_20250927_015641.pth
2025-09-27 01:56:41,757 - MNIST_Training - INFO - ==================================================
2025-09-27 01:56:41,757 - MNIST_Training - INFO - TRAINING PIPELINE COMPLETED SUCCESSFULLY
2025-09-27 01:56:41,758 - MNIST_Training - INFO - ==================================================
2025-09-27 01:56:41,758 - MNIST_Training - INFO - Final Metrics: {'final_train_loss': 0.03002136036425259, 'final_test_loss': 0.02087900995821692, 'final_train_accuracy': 99.05833333333334, 'final_test_accuracy': 99.35, 'best_test_accuracy': 99.41}
